[0.009s] Invoking command in '/home/stoair/ros2CV/cv_ws/build/topic2': CMAKE_PREFIX_PATH=${CMAKE_PREFIX_PATH}:/home/stoair/dev_ws/install/learning_urdf:/home/stoair/dev_ws/install/learning_topic:/home/stoair/dev_ws/install/learning_tf:/home/stoair/dev_ws/install/learning_service:/home/stoair/dev_ws/install/learning_qos:/home/stoair/dev_ws/install/learning_pkg_python:/home/stoair/dev_ws/install/learning_parameter:/home/stoair/dev_ws/install/learning_node:/home/stoair/dev_ws/install/learning_launch:/home/stoair/dev_ws/install/learning_action:/home/stoair/dev_ws/install/learning_gazebo_fortress:/home/stoair/dev_ws/install/learning_gazebo:/home/stoair/dev_ws/install/learning_cv:/opt/ros/humble /usr/bin/cmake --build /home/stoair/ros2CV/cv_ws/build/topic2 -- -j16 -l16
[0.026s] -- Found ament_cmake: 1.3.8 (/opt/ros/humble/share/ament_cmake/cmake)
[0.125s] -- Found rclcpp: 16.0.8 (/opt/ros/humble/share/rclcpp/cmake)
[0.141s] -- Found rosidl_generator_c: 3.1.5 (/opt/ros/humble/share/rosidl_generator_c/cmake)
[0.143s] -- Found rosidl_adapter: 3.1.5 (/opt/ros/humble/share/rosidl_adapter/cmake)
[0.147s] -- Found rosidl_generator_cpp: 3.1.5 (/opt/ros/humble/share/rosidl_generator_cpp/cmake)
[0.154s] -- Using all available rosidl_typesupport_c: rosidl_typesupport_fastrtps_c;rosidl_typesupport_introspection_c
[0.165s] -- Using all available rosidl_typesupport_cpp: rosidl_typesupport_fastrtps_cpp;rosidl_typesupport_introspection_cpp
[0.203s] -- Found rmw_implementation_cmake: 6.1.1 (/opt/ros/humble/share/rmw_implementation_cmake/cmake)
[0.204s] -- Found rmw_fastrtps_cpp: 6.2.6 (/opt/ros/humble/share/rmw_fastrtps_cpp/cmake)
[0.303s] -- Using RMW implementation 'rmw_fastrtps_cpp' as default
[0.412s] -- Found cv_bridge: 3.2.1 (/opt/ros/humble/share/cv_bridge/cmake)
[0.503s] -- Found ros2_interfaces: 0.0.0 (/home/stoair/ros2CV/cv_ws/install/ros2_interfaces/share/ros2_interfaces/cmake)
[0.523s] [31mCMake Error at CMakeLists.txt:23 (target_include_directories):
[0.524s]   Cannot specify include directories for target "image_pub" which is not
[0.524s]   built by this project.
[0.524s] 
[0.524s] [0m
[0.524s] [31mCMake Error at CMakeLists.txt:26 (target_compile_features):
[0.524s]   Cannot specify compile features for target "image_pub" which is not built
[0.524s]   by this project.
[0.524s] 
[0.524s] [0m
[0.524s] [31mCMake Error at CMakeLists.txt:27 (target_include_directories):
[0.524s]   Cannot specify include directories for target "image_sub" which is not
[0.524s]   built by this project.
[0.525s] 
[0.525s] [0m
[0.525s] [31mCMake Error at CMakeLists.txt:30 (target_compile_features):
[0.525s]   Cannot specify compile features for target "image_sub" which is not built
[0.525s]   by this project.
[0.525s] 
[0.525s] [0m
[0.531s] -- Found ament_lint_auto: 0.12.10 (/opt/ros/humble/share/ament_lint_auto/cmake)
[0.593s] -- Added test 'cppcheck' to perform static code analysis on C / C++ code
[0.593s] -- Configured cppcheck include dirs: /home/stoair/ros2CV/cv_ws/src/topic2/include/topic2
[0.593s] -- Configured cppcheck exclude dirs and/or files: 
[0.593s] -- Added test 'lint_cmake' to check CMake code style
[0.594s] -- Added test 'uncrustify' to check C / C++ code style
[0.594s] -- Configured uncrustify additional arguments: 
[0.594s] -- Added test 'xmllint' to check XML markup files
[0.594s] -- Configuring incomplete, errors occurred!
[0.594s] See also "/home/stoair/ros2CV/cv_ws/build/topic2/CMakeFiles/CMakeOutput.log".
[0.599s] gmake: *** [Makefile:335：cmake_check_build_system] 错误 1
[0.602s] Invoked command in '/home/stoair/ros2CV/cv_ws/build/topic2' returned '2': CMAKE_PREFIX_PATH=${CMAKE_PREFIX_PATH}:/home/stoair/dev_ws/install/learning_urdf:/home/stoair/dev_ws/install/learning_topic:/home/stoair/dev_ws/install/learning_tf:/home/stoair/dev_ws/install/learning_service:/home/stoair/dev_ws/install/learning_qos:/home/stoair/dev_ws/install/learning_pkg_python:/home/stoair/dev_ws/install/learning_parameter:/home/stoair/dev_ws/install/learning_node:/home/stoair/dev_ws/install/learning_launch:/home/stoair/dev_ws/install/learning_action:/home/stoair/dev_ws/install/learning_gazebo_fortress:/home/stoair/dev_ws/install/learning_gazebo:/home/stoair/dev_ws/install/learning_cv:/opt/ros/humble /usr/bin/cmake --build /home/stoair/ros2CV/cv_ws/build/topic2 -- -j16 -l16
