[01m[K/home/stoair/ros2CV/cv_ws/src/topic2/src/image_pub.cpp:[m[K In member function ‘[01m[Kvoid imagePub::timer_callback()[m[K’:
[01m[K/home/stoair/ros2CV/cv_ws/src/topic2/src/image_pub.cpp:52:108:[m[K [01;31m[Kerror: [m[K‘[01m[Kjpg[m[K’ is not a member of ‘[01m[Kcv_bridge[m[K’
   52 |             sensor_msgs::msg::CompressedImage img_msg_compressed = img_msg.toCompressedImageMsg(cv_bridge::[01;31m[Kjpg[m[K);
      |                                                                                                            [01;31m[K^~~[m[K
[01m[K/home/stoair/ros2CV/cv_ws/src/topic2/src/image_pub.cpp:58:18:[m[K [01;31m[Kerror: [m[Kconflicting declaration ‘[01m[Kauto img_msg[m[K’
   58 |             auto [01;31m[Kimg_msg[m[K = cv_image.toImageMsg();
      |                  [01;31m[K^~~~~~~[m[K
[01m[K/home/stoair/ros2CV/cv_ws/src/topic2/src/image_pub.cpp:51:18:[m[K [01;36m[Knote: [m[Kprevious declaration as ‘[01m[Kcv_bridge::CvImage img_msg[m[K’
   51 |             auto [01;36m[Kimg_msg[m[K = cv_bridge::CvImage(std_msgs::msg::Header(), "bgr8", frame);
      |                  [01;36m[K^~~~~~~[m[K
[01m[K/home/stoair/ros2CV/cv_ws/src/topic2/src/image_pub.cpp:59:32:[m[K [01;31m[Kerror: [m[Kno matching function for call to ‘[01m[Krclcpp::Publisher<sensor_msgs::msg::CompressedImage_<std::allocator<void> > >::publish(cv_bridge::CvImage&)[m[K’
   59 |             [01;31m[Kpublisher_->publish(img_msg)[m[K;
      |             [01;31m[K~~~~~~~~~~~~~~~~~~~^~~~~~~~~[m[K
In file included from [01m[K/opt/ros/humble/include/rclcpp/rclcpp/topic_statistics/subscription_topic_statistics.hpp:31[m[K,
                 from [01m[K/opt/ros/humble/include/rclcpp/rclcpp/subscription.hpp:50[m[K,
                 from [01m[K/opt/ros/humble/include/rclcpp/rclcpp/any_executable.hpp:25[m[K,
                 from [01m[K/opt/ros/humble/include/rclcpp/rclcpp/memory_strategy.hpp:25[m[K,
                 from [01m[K/opt/ros/humble/include/rclcpp/rclcpp/memory_strategies.hpp:18[m[K,
                 from [01m[K/opt/ros/humble/include/rclcpp/rclcpp/executor_options.hpp:20[m[K,
                 from [01m[K/opt/ros/humble/include/rclcpp/rclcpp/executor.hpp:37[m[K,
                 from [01m[K/opt/ros/humble/include/rclcpp/rclcpp/executors/multi_threaded_executor.hpp:25[m[K,
                 from [01m[K/opt/ros/humble/include/rclcpp/rclcpp/executors.hpp:21[m[K,
                 from [01m[K/opt/ros/humble/include/rclcpp/rclcpp/rclcpp.hpp:155[m[K,
                 from [01m[K/home/stoair/ros2CV/cv_ws/src/topic2/src/image_pub.cpp:6[m[K:
[01m[K/opt/ros/humble/include/rclcpp/rclcpp/publisher.hpp:251:3:[m[K [01;36m[Knote: [m[Kcandidate: ‘[01m[Ktemplate<class T> std::enable_if_t<(rosidl_generator_traits::is_message<T>::value && std::is_same<T, typename rclcpp::TypeAdapter<MessageT>::ros_message_type>::value)> rclcpp::Publisher<MessageT, AllocatorT>::publish(std::unique_ptr<T, typename std::conditional<std::is_same<typename std::allocator_traits<typename std::allocator_traits<_Allocator>::rebind_traits<typename rclcpp::TypeAdapter<MessageT, void, void>::ros_message_type>::allocator_type>::rebind_alloc<typename rclcpp::TypeAdapter<MessageT, void, void>::ros_message_type>, std::allocator<typename rclcpp::TypeAdapter<MessageT>::ros_message_type> >::value, std::default_delete<typename rclcpp::TypeAdapter<MessageT>::ros_message_type>, rclcpp::allocator::AllocatorDeleter<typename std::allocator_traits<_Allocator>::rebind_traits<typename rclcpp::TypeAdapter<MessageT, void, void>::ros_message_type>::allocator_type> >::type>) [with T = T; MessageT = sensor_msgs::msg::CompressedImage_<std::allocator<void> >; AllocatorT = std::allocator<void>][m[K’
  251 |   [01;36m[Kpublish[m[K(std::unique_ptr<T, ROSMessageTypeDeleter> msg)
      |   [01;36m[K^~~~~~~[m[K
[01m[K/opt/ros/humble/include/rclcpp/rclcpp/publisher.hpp:251:3:[m[K [01;36m[Knote: [m[K  template argument deduction/substitution failed:
[01m[K/home/stoair/ros2CV/cv_ws/src/topic2/src/image_pub.cpp:59:32:[m[K [01;36m[Knote: [m[K  ‘[01m[Kcv_bridge::CvImage[m[K’ is not derived from ‘[01m[Kstd::unique_ptr<T, std::default_delete<sensor_msgs::msg::CompressedImage_<std::allocator<void> > > >[m[K’
   59 |             [01;36m[Kpublisher_->publish(img_msg)[m[K;
      |             [01;36m[K~~~~~~~~~~~~~~~~~~~^~~~~~~~~[m[K
In file included from [01m[K/opt/ros/humble/include/rclcpp/rclcpp/topic_statistics/subscription_topic_statistics.hpp:31[m[K,
                 from [01m[K/opt/ros/humble/include/rclcpp/rclcpp/subscription.hpp:50[m[K,
                 from [01m[K/opt/ros/humble/include/rclcpp/rclcpp/any_executable.hpp:25[m[K,
                 from [01m[K/opt/ros/humble/include/rclcpp/rclcpp/memory_strategy.hpp:25[m[K,
                 from [01m[K/opt/ros/humble/include/rclcpp/rclcpp/memory_strategies.hpp:18[m[K,
                 from [01m[K/opt/ros/humble/include/rclcpp/rclcpp/executor_options.hpp:20[m[K,
                 from [01m[K/opt/ros/humble/include/rclcpp/rclcpp/executor.hpp:37[m[K,
                 from [01m[K/opt/ros/humble/include/rclcpp/rclcpp/executors/multi_threaded_executor.hpp:25[m[K,
                 from [01m[K/opt/ros/humble/include/rclcpp/rclcpp/executors.hpp:21[m[K,
                 from [01m[K/opt/ros/humble/include/rclcpp/rclcpp/rclcpp.hpp:155[m[K,
                 from [01m[K/home/stoair/ros2CV/cv_ws/src/topic2/src/image_pub.cpp:6[m[K:
[01m[K/opt/ros/humble/include/rclcpp/rclcpp/publisher.hpp:292:3:[m[K [01;36m[Knote: [m[Kcandidate: ‘[01m[Ktemplate<class T> std::enable_if_t<(rosidl_generator_traits::is_message<T>::value && std::is_same<T, typename rclcpp::TypeAdapter<MessageT>::ros_message_type>::value)> rclcpp::Publisher<MessageT, AllocatorT>::publish(const T&) [with T = T; MessageT = sensor_msgs::msg::CompressedImage_<std::allocator<void> >; AllocatorT = std::allocator<void>][m[K’
  292 |   [01;36m[Kpublish[m[K(const T & msg)
      |   [01;36m[K^~~~~~~[m[K
[01m[K/opt/ros/humble/include/rclcpp/rclcpp/publisher.hpp:292:3:[m[K [01;36m[Knote: [m[K  template argument deduction/substitution failed:
In file included from [01m[K/usr/include/c++/11/bits/move.h:57[m[K,
                 from [01m[K/usr/include/c++/11/bits/stl_pair.h:59[m[K,
                 from [01m[K/usr/include/c++/11/bits/stl_algobase.h:64[m[K,
                 from [01m[K/usr/include/c++/11/bits/specfun.h:45[m[K,
                 from [01m[K/usr/include/c++/11/cmath:1935[m[K,
                 from [01m[K/usr/include/eigen3/Eigen/src/Core/util/Macros.h:679[m[K,
                 from [01m[K/usr/include/eigen3/Eigen/Core:19[m[K,
                 from [01m[K/home/stoair/ros2CV/cv_ws/src/topic2/src/global.hpp:4[m[K,
                 from [01m[K/home/stoair/ros2CV/cv_ws/src/topic2/src/image_pub.cpp:1[m[K:
/usr/include/c++/11/type_traits: In substitution of ‘[01m[Ktemplate<bool _Cond, class _Tp> using enable_if_t = typename std::enable_if::type [with bool _Cond = false; _Tp = void][m[K’:
[01m[K/opt/ros/humble/include/rclcpp/rclcpp/publisher.hpp:292:3:[m[K   required by substitution of ‘[01m[Ktemplate<class T> std::enable_if_t<(rosidl_generator_traits::is_message<T>::value && std::is_same<T, sensor_msgs::msg::CompressedImage_<std::allocator<void> > >::value), void> rclcpp::Publisher<sensor_msgs::msg::CompressedImage_<std::allocator<void> > >::publish<T>(const T&) [with T = cv_bridge::CvImage][m[K’
[01m[K/home/stoair/ros2CV/cv_ws/src/topic2/src/image_pub.cpp:59:32:[m[K   required from here
[01m[K/usr/include/c++/11/type_traits:2579:11:[m[K [01;31m[Kerror: [m[Kno type named ‘[01m[Ktype[m[K’ in ‘[01m[Kstruct std::enable_if<false, void>[m[K’
 2579 |     using [01;31m[Kenable_if_t[m[K = typename enable_if<_Cond, _Tp>::type;
      |           [01;31m[K^~~~~~~~~~~[m[K
In file included from [01m[K/opt/ros/humble/include/rclcpp/rclcpp/topic_statistics/subscription_topic_statistics.hpp:31[m[K,
                 from [01m[K/opt/ros/humble/include/rclcpp/rclcpp/subscription.hpp:50[m[K,
                 from [01m[K/opt/ros/humble/include/rclcpp/rclcpp/any_executable.hpp:25[m[K,
                 from [01m[K/opt/ros/humble/include/rclcpp/rclcpp/memory_strategy.hpp:25[m[K,
                 from [01m[K/opt/ros/humble/include/rclcpp/rclcpp/memory_strategies.hpp:18[m[K,
                 from [01m[K/opt/ros/humble/include/rclcpp/rclcpp/executor_options.hpp:20[m[K,
                 from [01m[K/opt/ros/humble/include/rclcpp/rclcpp/executor.hpp:37[m[K,
                 from [01m[K/opt/ros/humble/include/rclcpp/rclcpp/executors/multi_threaded_executor.hpp:25[m[K,
                 from [01m[K/opt/ros/humble/include/rclcpp/rclcpp/executors.hpp:21[m[K,
                 from [01m[K/opt/ros/humble/include/rclcpp/rclcpp/rclcpp.hpp:155[m[K,
                 from [01m[K/home/stoair/ros2CV/cv_ws/src/topic2/src/image_pub.cpp:6[m[K:
[01m[K/opt/ros/humble/include/rclcpp/rclcpp/publisher.hpp:322:3:[m[K [01;36m[Knote: [m[Kcandidate: ‘[01m[Ktemplate<class T> std::enable_if_t<(typename rclcpp::TypeAdapter<MessageT>::is_specialized::value && std::is_same<T, typename rclcpp::TypeAdapter<MessageT>::custom_type>::value)> rclcpp::Publisher<MessageT, AllocatorT>::publish(std::unique_ptr<T, typename std::conditional<std::is_same<typename std::allocator_traits<typename std::allocator_traits<_Allocator>::rebind_traits<typename rclcpp::TypeAdapter<MessageT, void, void>::custom_type>::allocator_type>::rebind_alloc<typename rclcpp::TypeAdapter<MessageT, void, void>::custom_type>, std::allocator<typename rclcpp::TypeAdapter<MessageT>::custom_type> >::value, std::default_delete<typename rclcpp::TypeAdapter<MessageT>::custom_type>, rclcpp::allocator::AllocatorDeleter<typename std::allocator_traits<_Allocator>::rebind_traits<typename rclcpp::TypeAdapter<MessageT, void, void>::custom_type>::allocator_type> >::type>) [with T = T; MessageT = sensor_msgs::msg::CompressedImage_<std::allocator<void> >; AllocatorT = std::allocator<void>][m[K’
  322 |   [01;36m[Kpublish[m[K(std::unique_ptr<T, PublishedTypeDeleter> msg)
      |   [01;36m[K^~~~~~~[m[K
[01m[K/opt/ros/humble/include/rclcpp/rclcpp/publisher.hpp:322:3:[m[K [01;36m[Knote: [m[K  template argument deduction/substitution failed:
[01m[K/home/stoair/ros2CV/cv_ws/src/topic2/src/image_pub.cpp:59:32:[m[K [01;36m[Knote: [m[K  ‘[01m[Kcv_bridge::CvImage[m[K’ is not derived from ‘[01m[Kstd::unique_ptr<T, std::default_delete<sensor_msgs::msg::CompressedImage_<std::allocator<void> > > >[m[K’
   59 |             [01;36m[Kpublisher_->publish(img_msg)[m[K;
      |             [01;36m[K~~~~~~~~~~~~~~~~~~~^~~~~~~~~[m[K
In file included from [01m[K/opt/ros/humble/include/rclcpp/rclcpp/topic_statistics/subscription_topic_statistics.hpp:31[m[K,
                 from [01m[K/opt/ros/humble/include/rclcpp/rclcpp/subscription.hpp:50[m[K,
                 from [01m[K/opt/ros/humble/include/rclcpp/rclcpp/any_executable.hpp:25[m[K,
                 from [01m[K/opt/ros/humble/include/rclcpp/rclcpp/memory_strategy.hpp:25[m[K,
                 from [01m[K/opt/ros/humble/include/rclcpp/rclcpp/memory_strategies.hpp:18[m[K,
                 from [01m[K/opt/ros/humble/include/rclcpp/rclcpp/executor_options.hpp:20[m[K,
                 from [01m[K/opt/ros/humble/include/rclcpp/rclcpp/executor.hpp:37[m[K,
                 from [01m[K/opt/ros/humble/include/rclcpp/rclcpp/executors/multi_threaded_executor.hpp:25[m[K,
                 from [01m[K/opt/ros/humble/include/rclcpp/rclcpp/executors.hpp:21[m[K,
                 from [01m[K/opt/ros/humble/include/rclcpp/rclcpp/rclcpp.hpp:155[m[K,
                 from [01m[K/home/stoair/ros2CV/cv_ws/src/topic2/src/image_pub.cpp:6[m[K:
[01m[K/opt/ros/humble/include/rclcpp/rclcpp/publisher.hpp:364:3:[m[K [01;36m[Knote: [m[Kcandidate: ‘[01m[Ktemplate<class T> std::enable_if_t<(typename rclcpp::TypeAdapter<MessageT>::is_specialized::value && std::is_same<T, typename rclcpp::TypeAdapter<MessageT>::custom_type>::value)> rclcpp::Publisher<MessageT, AllocatorT>::publish(const T&) [with T = T; MessageT = sensor_msgs::msg::CompressedImage_<std::allocator<void> >; AllocatorT = std::allocator<void>][m[K’
  364 |   [01;36m[Kpublish[m[K(const T & msg)
      |   [01;36m[K^~~~~~~[m[K
[01m[K/opt/ros/humble/include/rclcpp/rclcpp/publisher.hpp:364:3:[m[K [01;36m[Knote: [m[K  template argument deduction/substitution failed:
[01m[K/opt/ros/humble/include/rclcpp/rclcpp/publisher.hpp:383:3:[m[K [01;36m[Knote: [m[Kcandidate: ‘[01m[Kvoid rclcpp::Publisher<MessageT, AllocatorT>::publish(const rcl_serialized_message_t&) [with MessageT = sensor_msgs::msg::CompressedImage_<std::allocator<void> >; AllocatorT = std::allocator<void>; rcl_serialized_message_t = rcutils_uint8_array_s][m[K’
  383 |   [01;36m[Kpublish[m[K(const rcl_serialized_message_t & serialized_msg)
      |   [01;36m[K^~~~~~~[m[K
[01m[K/opt/ros/humble/include/rclcpp/rclcpp/publisher.hpp:383:44:[m[K [01;36m[Knote: [m[K  no known conversion for argument 1 from ‘[01m[Kcv_bridge::CvImage[m[K’ to ‘[01m[Kconst rcl_serialized_message_t&[m[K’ {aka ‘[01m[Kconst rcutils_uint8_array_s&[m[K’}
  383 |   publish([01;36m[Kconst rcl_serialized_message_t & serialized_msg[m[K)
      |           [01;36m[K~~~~~~~~~~~~~~~~~~~~~~~~~~~~~~~~~^~~~~~~~~~~~~~[m[K
[01m[K/opt/ros/humble/include/rclcpp/rclcpp/publisher.hpp:389:3:[m[K [01;36m[Knote: [m[Kcandidate: ‘[01m[Kvoid rclcpp::Publisher<MessageT, AllocatorT>::publish(const rclcpp::SerializedMessage&) [with MessageT = sensor_msgs::msg::CompressedImage_<std::allocator<void> >; AllocatorT = std::allocator<void>][m[K’
  389 |   [01;36m[Kpublish[m[K(const SerializedMessage & serialized_msg)
      |   [01;36m[K^~~~~~~[m[K
[01m[K/opt/ros/humble/include/rclcpp/rclcpp/publisher.hpp:389:37:[m[K [01;36m[Knote: [m[K  no known conversion for argument 1 from ‘[01m[Kcv_bridge::CvImage[m[K’ to ‘[01m[Kconst rclcpp::SerializedMessage&[m[K’
  389 |   publish([01;36m[Kconst SerializedMessage & serialized_msg[m[K)
      |           [01;36m[K~~~~~~~~~~~~~~~~~~~~~~~~~~^~~~~~~~~~~~~~[m[K
[01m[K/opt/ros/humble/include/rclcpp/rclcpp/publisher.hpp:403:3:[m[K [01;36m[Knote: [m[Kcandidate: ‘[01m[Kvoid rclcpp::Publisher<MessageT, AllocatorT>::publish(rclcpp::LoanedMessage<typename rclcpp::TypeAdapter<MessageT>::ros_message_type, AllocatorT>&&) [with MessageT = sensor_msgs::msg::CompressedImage_<std::allocator<void> >; AllocatorT = std::allocator<void>; typename rclcpp::TypeAdapter<MessageT>::ros_message_type = sensor_msgs::msg::CompressedImage_<std::allocator<void> >][m[K’
  403 |   [01;36m[Kpublish[m[K(rclcpp::LoanedMessage<ROSMessageType, AllocatorT> && loaned_msg)
      |   [01;36m[K^~~~~~~[m[K
[01m[K/opt/ros/humble/include/rclcpp/rclcpp/publisher.hpp:403:64:[m[K [01;36m[Knote: [m[K  no known conversion for argument 1 from ‘[01m[Kcv_bridge::CvImage[m[K’ to ‘[01m[Krclcpp::LoanedMessage<sensor_msgs::msg::CompressedImage_<std::allocator<void> >, std::allocator<void> >&&[m[K’
  403 |   publish([01;36m[Krclcpp::LoanedMessage<ROSMessageType, AllocatorT> && loaned_msg[m[K)
      |           [01;36m[K~~~~~~~~~~~~~~~~~~~~~~~~~~~~~~~~~~~~~~~~~~~~~~~~~~~~~^~~~~~~~~~[m[K
[01m[K/home/stoair/ros2CV/cv_ws/src/topic2/src/image_pub.cpp:62:47:[m[K [01;31m[Kerror: [m[Kredeclaration of ‘[01m[Ksensor_msgs::msg::CompressedImage img_msg_compressed[m[K’
   62 |             sensor_msgs::msg::CompressedImage [01;31m[Kimg_msg_compressed[m[K;
      |                                               [01;31m[K^~~~~~~~~~~~~~~~~~[m[K
[01m[K/home/stoair/ros2CV/cv_ws/src/topic2/src/image_pub.cpp:52:47:[m[K [01;36m[Knote: [m[K‘[01m[Ksensor_msgs::msg::CompressedImage img_msg_compressed[m[K’ previously declared here
   52 |             sensor_msgs::msg::CompressedImage [01;36m[Kimg_msg_compressed[m[K = img_msg.toCompressedImageMsg(cv_bridge::jpg);
      |                                               [01;36m[K^~~~~~~~~~~~~~~~~~[m[K
[01m[K/home/stoair/ros2CV/cv_ws/src/topic2/src/image_pub.cpp:64:74:[m[K [01;31m[Kerror: [m[K‘[01m[Kjpg[m[K’ is not a member of ‘[01m[Kcv_bridge[m[K’
   64 |             cv_image.toCompressedImageMsg(img_msg_compressed, cv_bridge::[01;31m[Kjpg[m[K);
      |                                                                          [01;31m[K^~~[m[K
[01m[K/home/stoair/ros2CV/cv_ws/src/topic2/src/image_pub.cpp:67:13:[m[K [01;31m[Kerror: [m[K‘[01m[Kpublisher_compressed_[m[K’ was not declared in this scope
   67 |             [01;31m[Kpublisher_compressed_[m[K->publish(img_msg_compressed);
      |             [01;31m[K^~~~~~~~~~~~~~~~~~~~~[m[K
gmake[2]: *** [CMakeFiles/image_pub.dir/build.make:76：CMakeFiles/image_pub.dir/src/image_pub.cpp.o] 错误 1
gmake[1]: *** [CMakeFiles/Makefile2:139：CMakeFiles/image_pub.dir/all] 错误 2
gmake: *** [Makefile:146：all] 错误 2
