-- Found ament_cmake: 1.3.8 (/opt/ros/humble/share/ament_cmake/cmake)
-- Found rclcpp: 16.0.8 (/opt/ros/humble/share/rclcpp/cmake)
-- Found rosidl_generator_c: 3.1.5 (/opt/ros/humble/share/rosidl_generator_c/cmake)
-- Found rosidl_adapter: 3.1.5 (/opt/ros/humble/share/rosidl_adapter/cmake)
-- Found rosidl_generator_cpp: 3.1.5 (/opt/ros/humble/share/rosidl_generator_cpp/cmake)
-- Using all available rosidl_typesupport_c: rosidl_typesupport_fastrtps_c;rosidl_typesupport_introspection_c
-- Using all available rosidl_typesupport_cpp: rosidl_typesupport_fastrtps_cpp;rosidl_typesupport_introspection_cpp
-- Found rmw_implementation_cmake: 6.1.1 (/opt/ros/humble/share/rmw_implementation_cmake/cmake)
-- Found rmw_fastrtps_cpp: 6.2.6 (/opt/ros/humble/share/rmw_fastrtps_cpp/cmake)
-- Using RMW implementation 'rmw_fastrtps_cpp' as default
-- Found cv_bridge: 3.2.1 (/opt/ros/humble/share/cv_bridge/cmake)
-- Found ros2_interfaces: 0.0.0 (/home/stoair/ros2CV/cv_ws/install/ros2_interfaces/share/ros2_interfaces/cmake)
-- Found ament_lint_auto: 0.12.10 (/opt/ros/humble/share/ament_lint_auto/cmake)
-- Added test 'cppcheck' to perform static code analysis on C / C++ code
-- Configured cppcheck include dirs: /home/stoair/ros2CV/cv_ws/src/topic2/include/topic2
-- Configured cppcheck exclude dirs and/or files: 
-- Added test 'lint_cmake' to check CMake code style
-- Added test 'uncrustify' to check C / C++ code style
-- Configured uncrustify additional arguments: 
-- Added test 'xmllint' to check XML markup files
-- Configuring done
-- Generating done
-- Build files have been written to: /home/stoair/ros2CV/cv_ws/build/topic2
[35m[1mConsolidate compiler generated dependencies of target image_pub[0m
[35m[1mConsolidate compiler generated dependencies of target image_sub[0m
[ 20%] [32mBuilding CXX object CMakeFiles/image_pub.dir/src/image_pub.cpp.o[0m
[ 40%] [32mBuilding CXX object CMakeFiles/image_sub.dir/src/image_sub.cpp.o[0m
[ 60%] [32mBuilding CXX object CMakeFiles/image_sub.dir/src/yolo.cpp.o[0m
[ 80%] [32m[1mLinking CXX executable image_pub[0m
[100%] [32m[1mLinking CXX executable image_sub[0m
/usr/bin/ld: CMakeFiles/image_pub.dir/src/image_pub.cpp.o: in function `imagePub::imagePub()':
image_pub.cpp:(.text._ZN8imagePubC2Ev[_ZN8imagePubC5Ev]+0x147): undefined reference to `cv::VideoCapture::VideoCapture()'
/usr/bin/ld: image_pub.cpp:(.text._ZN8imagePubC2Ev[_ZN8imagePubC5Ev]+0x494): undefined reference to `cv::VideoCapture::open(int, int)'
/usr/bin/ld: image_pub.cpp:(.text._ZN8imagePubC2Ev[_ZN8imagePubC5Ev]+0x4bb): undefined reference to `cv::VideoWriter::fourcc(char, char, char, char)'
/usr/bin/ld: image_pub.cpp:(.text._ZN8imagePubC2Ev[_ZN8imagePubC5Ev]+0x4da): undefined reference to `cv::VideoCapture::set(int, double)'
/usr/bin/ld: image_pub.cpp:(.text._ZN8imagePubC2Ev[_ZN8imagePubC5Ev]+0x501): undefined reference to `cv::VideoCapture::set(int, double)'
/usr/bin/ld: image_pub.cpp:(.text._ZN8imagePubC2Ev[_ZN8imagePubC5Ev]+0x528): undefined reference to `cv::VideoCapture::set(int, double)'
/usr/bin/ld: image_pub.cpp:(.text._ZN8imagePubC2Ev[_ZN8imagePubC5Ev]+0x651): undefined reference to `cv::VideoCapture::~VideoCapture()'
/usr/bin/ld: CMakeFiles/image_pub.dir/src/image_pub.cpp.o: in function `imagePub::timer_callback()':
image_pub.cpp:(.text._ZN8imagePub14timer_callbackEv[_ZN8imagePub14timer_callbackEv]+0x53): undefined reference to `cv::VideoCapture::operator>>(cv::Mat&)'
/usr/bin/ld: CMakeFiles/image_pub.dir/src/image_pub.cpp.o: in function `imagePub::~imagePub()':
image_pub.cpp:(.text._ZN8imagePubD2Ev[_ZN8imagePubD5Ev]+0x2c): undefined reference to `cv::VideoCapture::~VideoCapture()'
collect2: error: ld returned 1 exit status
gmake[2]: *** [CMakeFiles/image_pub.dir/build.make:187：image_pub] 错误 1
gmake[1]: *** [CMakeFiles/Makefile2:139：CMakeFiles/image_pub.dir/all] 错误 2
gmake[1]: *** 正在等待未完成的任务....
/usr/bin/ld: CMakeFiles/image_sub.dir/src/image_sub.cpp.o: in function `imageSub::imageSub()':
image_sub.cpp:(.text._ZN8imageSubC2Ev[_ZN8imageSubC5Ev]+0x147): undefined reference to `cv::VideoCapture::VideoCapture()'
/usr/bin/ld: image_sub.cpp:(.text._ZN8imageSubC2Ev[_ZN8imageSubC5Ev]+0x171): undefined reference to `cv::dnn::dnn4_v20211004::Net::Net()'
/usr/bin/ld: image_sub.cpp:(.text._ZN8imageSubC2Ev[_ZN8imageSubC5Ev]+0x186): undefined reference to `cv::dnn::dnn4_v20211004::Net::Net()'
/usr/bin/ld: image_sub.cpp:(.text._ZN8imageSubC2Ev[_ZN8imageSubC5Ev]+0x3fe): undefined reference to `cv::dnn::dnn4_v20211004::Net::~Net()'
/usr/bin/ld: image_sub.cpp:(.text._ZN8imageSubC2Ev[_ZN8imageSubC5Ev]+0x41c): undefined reference to `cv::dnn::dnn4_v20211004::Net::~Net()'
/usr/bin/ld: image_sub.cpp:(.text._ZN8imageSubC2Ev[_ZN8imageSubC5Ev]+0x458): undefined reference to `cv::VideoCapture::~VideoCapture()'
/usr/bin/ld: CMakeFiles/image_sub.dir/src/image_sub.cpp.o: in function `imageSub::image_callback(std::shared_ptr<sensor_msgs::msg::Image_<std::allocator<void> > >)':
image_sub.cpp:(.text._ZN8imageSub14image_callbackESt10shared_ptrIN11sensor_msgs3msg6Image_ISaIvEEEE[_ZN8imageSub14image_callbackESt10shared_ptrIN11sensor_msgs3msg6Image_ISaIvEEEE]+0x349): undefined reference to `cv::namedWindow(std::__cxx11::basic_string<char, std::char_traits<char>, std::allocator<char> > const&, int)'
/usr/bin/ld: image_sub.cpp:(.text._ZN8imageSub14image_callbackESt10shared_ptrIN11sensor_msgs3msg6Image_ISaIvEEEE[_ZN8imageSub14image_callbackESt10shared_ptrIN11sensor_msgs3msg6Image_ISaIvEEEE]+0x3c8): undefined reference to `cv::imshow(std::__cxx11::basic_string<char, std::char_traits<char>, std::allocator<char> > const&, cv::_InputArray const&)'
/usr/bin/ld: image_sub.cpp:(.text._ZN8imageSub14image_callbackESt10shared_ptrIN11sensor_msgs3msg6Image_ISaIvEEEE[_ZN8imageSub14image_callbackESt10shared_ptrIN11sensor_msgs3msg6Image_ISaIvEEEE]+0x43d): undefined reference to `cv::resizeWindow(std::__cxx11::basic_string<char, std::char_traits<char>, std::allocator<char> > const&, int, int)'
/usr/bin/ld: image_sub.cpp:(.text._ZN8imageSub14image_callbackESt10shared_ptrIN11sensor_msgs3msg6Image_ISaIvEEEE[_ZN8imageSub14image_callbackESt10shared_ptrIN11sensor_msgs3msg6Image_ISaIvEEEE]+0x4a3): undefined reference to `cv::moveWindow(std::__cxx11::basic_string<char, std::char_traits<char>, std::allocator<char> > const&, int, int)'
/usr/bin/ld: CMakeFiles/image_sub.dir/src/image_sub.cpp.o: in function `imageSub::handle_image(cv::Mat, Yolo)':
image_sub.cpp:(.text._ZN8imageSub12handle_imageEN2cv3MatE4Yolo[_ZN8imageSub12handle_imageEN2cv3MatE4Yolo]+0x396): undefined reference to `cv::undistort(cv::_InputArray const&, cv::_OutputArray const&, cv::_InputArray const&, cv::_InputArray const&, cv::_InputArray const&)'
/usr/bin/ld: CMakeFiles/image_sub.dir/src/image_sub.cpp.o: in function `imageSub::~imageSub()':
image_sub.cpp:(.text._ZN8imageSubD2Ev[_ZN8imageSubD5Ev]+0x3e): undefined reference to `cv::dnn::dnn4_v20211004::Net::~Net()'
/usr/bin/ld: image_sub.cpp:(.text._ZN8imageSubD2Ev[_ZN8imageSubD5Ev]+0x50): undefined reference to `cv::dnn::dnn4_v20211004::Net::~Net()'
/usr/bin/ld: image_sub.cpp:(.text._ZN8imageSubD2Ev[_ZN8imageSubD5Ev]+0x74): undefined reference to `cv::VideoCapture::~VideoCapture()'
/usr/bin/ld: CMakeFiles/image_sub.dir/src/yolo.cpp.o: in function `Yolo::readModel(cv::dnn::dnn4_v20211004::Net&, std::__cxx11::basic_string<char, std::char_traits<char>, std::allocator<char> >&, bool)':
yolo.cpp:(.text+0xa1): undefined reference to `cv::dnn::dnn4_v20211004::readNet(std::__cxx11::basic_string<char, std::char_traits<char>, std::allocator<char> > const&, std::__cxx11::basic_string<char, std::char_traits<char>, std::allocator<char> > const&, std::__cxx11::basic_string<char, std::char_traits<char>, std::allocator<char> > const&)'
/usr/bin/ld: yolo.cpp:(.text+0xc3): undefined reference to `cv::dnn::dnn4_v20211004::Net::~Net()'
/usr/bin/ld: yolo.cpp:(.text+0x110): undefined reference to `cv::dnn::dnn4_v20211004::Net::setPreferableBackend(int)'
/usr/bin/ld: yolo.cpp:(.text+0x124): undefined reference to `cv::dnn::dnn4_v20211004::Net::setPreferableTarget(int)'
/usr/bin/ld: yolo.cpp:(.text+0x13a): undefined reference to `cv::dnn::dnn4_v20211004::Net::setPreferableBackend(int)'
/usr/bin/ld: yolo.cpp:(.text+0x14e): undefined reference to `cv::dnn::dnn4_v20211004::Net::setPreferableTarget(int)'
/usr/bin/ld: CMakeFiles/image_sub.dir/src/yolo.cpp.o: in function `Yolo::Detect(cv::Mat&, cv::dnn::dnn4_v20211004::Net&, std::vector<Output, std::allocator<Output> >&, int)':
yolo.cpp:(.text+0x445): undefined reference to `cv::dnn::dnn4_v20211004::Net::getLayerNames[abi:cxx11]() const'
/usr/bin/ld: yolo.cpp:(.text+0x52d): undefined reference to `cv::dnn::dnn4_v20211004::blobFromImage(cv::_InputArray const&, cv::_OutputArray const&, double, cv::Size_<int> const&, cv::Scalar_<double> const&, bool, bool, int)'
/usr/bin/ld: yolo.cpp:(.text+0x5d6): undefined reference to `cv::dnn::dnn4_v20211004::Net::setInput(cv::_InputArray const&, std::__cxx11::basic_string<char, std::char_traits<char>, std::allocator<char> > const&, double, cv::Scalar_<double> const&)'
/usr/bin/ld: yolo.cpp:(.text+0x62b): undefined reference to `cv::dnn::dnn4_v20211004::Net::getUnconnectedOutLayersNames[abi:cxx11]() const'
/usr/bin/ld: yolo.cpp:(.text+0x664): undefined reference to `cv::dnn::dnn4_v20211004::Net::forward(cv::_OutputArray const&, std::vector<std::__cxx11::basic_string<char, std::char_traits<char>, std::allocator<char> >, std::allocator<std::__cxx11::basic_string<char, std::char_traits<char>, std::allocator<char> > > > const&)'
/usr/bin/ld: yolo.cpp:(.text+0xbd0): undefined reference to `cv::dnn::dnn4_v20211004::NMSBoxes(std::vector<cv::Rect_<int>, std::allocator<cv::Rect_<int> > > const&, std::vector<float, std::allocator<float> > const&, float, float, std::vector<int, std::allocator<int> >&, float, int)'
/usr/bin/ld: CMakeFiles/image_sub.dir/src/yolo.cpp.o: in function `Yolo::target(cv::Mat, std::vector<Output, std::allocator<Output> >, int)':
yolo.cpp:(.text+0x1ccc): undefined reference to `cv::imshow(std::__cxx11::basic_string<char, std::char_traits<char>, std::allocator<char> > const&, cv::_InputArray const&)'
/usr/bin/ld: yolo.cpp:(.text+0x1d03): undefined reference to `cv::moveWindow(std::__cxx11::basic_string<char, std::char_traits<char>, std::allocator<char> > const&, int, int)'
collect2: error: ld returned 1 exit status
gmake[2]: *** [CMakeFiles/image_sub.dir/build.make:203：image_sub] 错误 1
gmake[1]: *** [CMakeFiles/Makefile2:165：CMakeFiles/image_sub.dir/all] 错误 2
gmake: *** [Makefile:146：all] 错误 2
