[0.009s] Invoking command in '/home/stoair/ros2CV/cv_ws/build/topic2': CMAKE_PREFIX_PATH=${CMAKE_PREFIX_PATH}:/home/stoair/dev_ws/install/learning_urdf:/home/stoair/dev_ws/install/learning_topic:/home/stoair/dev_ws/install/learning_tf:/home/stoair/dev_ws/install/learning_service:/home/stoair/dev_ws/install/learning_qos:/home/stoair/dev_ws/install/learning_pkg_python:/home/stoair/dev_ws/install/learning_parameter:/home/stoair/dev_ws/install/learning_node:/home/stoair/dev_ws/install/learning_launch:/home/stoair/dev_ws/install/learning_action:/home/stoair/dev_ws/install/learning_gazebo_fortress:/home/stoair/dev_ws/install/learning_gazebo:/home/stoair/dev_ws/install/learning_cv:/opt/ros/humble CONDA_PROMPT_MODIFIER=(base) /usr/bin/cmake --build /home/stoair/ros2CV/cv_ws/build/topic2 -- -j16 -l16
[0.028s] -- Found ament_cmake: 1.3.8 (/opt/ros/humble/share/ament_cmake/cmake)
[0.139s] -- Found rclcpp: 16.0.8 (/opt/ros/humble/share/rclcpp/cmake)
[0.160s] -- Found rosidl_generator_c: 3.1.5 (/opt/ros/humble/share/rosidl_generator_c/cmake)
[0.163s] -- Found rosidl_adapter: 3.1.5 (/opt/ros/humble/share/rosidl_adapter/cmake)
[0.167s] -- Found rosidl_generator_cpp: 3.1.5 (/opt/ros/humble/share/rosidl_generator_cpp/cmake)
[0.175s] -- Using all available rosidl_typesupport_c: rosidl_typesupport_fastrtps_c;rosidl_typesupport_introspection_c
[0.187s] -- Using all available rosidl_typesupport_cpp: rosidl_typesupport_fastrtps_cpp;rosidl_typesupport_introspection_cpp
[0.226s] -- Found rmw_implementation_cmake: 6.1.1 (/opt/ros/humble/share/rmw_implementation_cmake/cmake)
[0.228s] -- Found rmw_fastrtps_cpp: 6.2.6 (/opt/ros/humble/share/rmw_fastrtps_cpp/cmake)
[0.324s] -- Using RMW implementation 'rmw_fastrtps_cpp' as default
[0.426s] -- Found cv_bridge: 3.2.1 (/opt/ros/humble/share/cv_bridge/cmake)
[0.521s] -- Found ros2_interfaces: 0.0.0 (/home/stoair/ros2CV/cv_ws/install/ros2_interfaces/share/ros2_interfaces/cmake)
[0.535s] -- Found ament_lint_auto: 0.12.10 (/opt/ros/humble/share/ament_lint_auto/cmake)
[0.598s] -- Added test 'cppcheck' to perform static code analysis on C / C++ code
[0.598s] -- Configured cppcheck include dirs: /home/stoair/ros2CV/cv_ws/src/topic2/include/topic2
[0.598s] -- Configured cppcheck exclude dirs and/or files: 
[0.599s] -- Added test 'lint_cmake' to check CMake code style
[0.599s] -- Added test 'uncrustify' to check C / C++ code style
[0.599s] -- Configured uncrustify additional arguments: 
[0.600s] -- Added test 'xmllint' to check XML markup files
[0.600s] -- Configuring done
[0.611s] -- Generating done
[0.612s] -- Build files have been written to: /home/stoair/ros2CV/cv_ws/build/topic2
[0.634s] [35m[1mConsolidate compiler generated dependencies of target image_pub[0m
[0.634s] [35m[1mConsolidate compiler generated dependencies of target image_sub[0m
[0.650s] [ 20%] [32mBuilding CXX object CMakeFiles/image_pub.dir/src/image_pub.cpp.o[0m
[0.651s] [ 40%] [32mBuilding CXX object CMakeFiles/image_sub.dir/src/image_sub.cpp.o[0m
[0.651s] [ 60%] [32mBuilding CXX object CMakeFiles/image_sub.dir/src/yolo.cpp.o[0m
[7.432s] [ 80%] [32m[1mLinking CXX executable image_pub[0m
[7.505s] [100%] [32m[1mLinking CXX executable image_sub[0m
[7.828s] /usr/bin/ld: CMakeFiles/image_pub.dir/src/image_pub.cpp.o: in function `imagePub::imagePub()':
[7.828s] image_pub.cpp:(.text._ZN8imagePubC2Ev[_ZN8imagePubC5Ev]+0x147): undefined reference to `cv::VideoCapture::VideoCapture()'
[7.828s] /usr/bin/ld: image_pub.cpp:(.text._ZN8imagePubC2Ev[_ZN8imagePubC5Ev]+0x494): undefined reference to `cv::VideoCapture::open(int, int)'
[7.828s] /usr/bin/ld: image_pub.cpp:(.text._ZN8imagePubC2Ev[_ZN8imagePubC5Ev]+0x4bb): undefined reference to `cv::VideoWriter::fourcc(char, char, char, char)'
[7.829s] /usr/bin/ld: image_pub.cpp:(.text._ZN8imagePubC2Ev[_ZN8imagePubC5Ev]+0x4da): undefined reference to `cv::VideoCapture::set(int, double)'
[7.829s] /usr/bin/ld: image_pub.cpp:(.text._ZN8imagePubC2Ev[_ZN8imagePubC5Ev]+0x501): undefined reference to `cv::VideoCapture::set(int, double)'
[7.829s] /usr/bin/ld: image_pub.cpp:(.text._ZN8imagePubC2Ev[_ZN8imagePubC5Ev]+0x528): undefined reference to `cv::VideoCapture::set(int, double)'
[7.829s] /usr/bin/ld: image_pub.cpp:(.text._ZN8imagePubC2Ev[_ZN8imagePubC5Ev]+0x651): undefined reference to `cv::VideoCapture::~VideoCapture()'
[7.829s] /usr/bin/ld: CMakeFiles/image_pub.dir/src/image_pub.cpp.o: in function `imagePub::timer_callback()':
[7.829s] image_pub.cpp:(.text._ZN8imagePub14timer_callbackEv[_ZN8imagePub14timer_callbackEv]+0x53): undefined reference to `cv::VideoCapture::operator>>(cv::Mat&)'
[7.835s] /usr/bin/ld: CMakeFiles/image_pub.dir/src/image_pub.cpp.o: in function `imagePub::~imagePub()':
[7.835s] image_pub.cpp:(.text._ZN8imagePubD2Ev[_ZN8imagePubD5Ev]+0x2c): undefined reference to `cv::VideoCapture::~VideoCapture()'
[7.875s] collect2: error: ld returned 1 exit status
[7.877s] gmake[2]: *** [CMakeFiles/image_pub.dir/build.make:187：image_pub] 错误 1
[7.877s] gmake[1]: *** [CMakeFiles/Makefile2:139：CMakeFiles/image_pub.dir/all] 错误 2
[7.877s] gmake[1]: *** 正在等待未完成的任务....
[7.911s] /usr/bin/ld: CMakeFiles/image_sub.dir/src/image_sub.cpp.o: in function `imageSub::imageSub()':
[7.911s] image_sub.cpp:(.text._ZN8imageSubC2Ev[_ZN8imageSubC5Ev]+0x147): undefined reference to `cv::VideoCapture::VideoCapture()'
[7.911s] /usr/bin/ld: image_sub.cpp:(.text._ZN8imageSubC2Ev[_ZN8imageSubC5Ev]+0x171): undefined reference to `cv::dnn::dnn4_v20211004::Net::Net()'
[7.911s] /usr/bin/ld: image_sub.cpp:(.text._ZN8imageSubC2Ev[_ZN8imageSubC5Ev]+0x186): undefined reference to `cv::dnn::dnn4_v20211004::Net::Net()'
[7.911s] /usr/bin/ld: image_sub.cpp:(.text._ZN8imageSubC2Ev[_ZN8imageSubC5Ev]+0x3fe): undefined reference to `cv::dnn::dnn4_v20211004::Net::~Net()'
[7.911s] /usr/bin/ld: image_sub.cpp:(.text._ZN8imageSubC2Ev[_ZN8imageSubC5Ev]+0x41c): undefined reference to `cv::dnn::dnn4_v20211004::Net::~Net()'
[7.911s] /usr/bin/ld: image_sub.cpp:(.text._ZN8imageSubC2Ev[_ZN8imageSubC5Ev]+0x458): undefined reference to `cv::VideoCapture::~VideoCapture()'
[7.912s] /usr/bin/ld: CMakeFiles/image_sub.dir/src/image_sub.cpp.o: in function `imageSub::image_callback(std::shared_ptr<sensor_msgs::msg::Image_<std::allocator<void> > >)':
[7.912s] image_sub.cpp:(.text._ZN8imageSub14image_callbackESt10shared_ptrIN11sensor_msgs3msg6Image_ISaIvEEEE[_ZN8imageSub14image_callbackESt10shared_ptrIN11sensor_msgs3msg6Image_ISaIvEEEE]+0x349): undefined reference to `cv::namedWindow(std::__cxx11::basic_string<char, std::char_traits<char>, std::allocator<char> > const&, int)'
[7.912s] /usr/bin/ld: image_sub.cpp:(.text._ZN8imageSub14image_callbackESt10shared_ptrIN11sensor_msgs3msg6Image_ISaIvEEEE[_ZN8imageSub14image_callbackESt10shared_ptrIN11sensor_msgs3msg6Image_ISaIvEEEE]+0x3c8): undefined reference to `cv::imshow(std::__cxx11::basic_string<char, std::char_traits<char>, std::allocator<char> > const&, cv::_InputArray const&)'
[7.912s] /usr/bin/ld: image_sub.cpp:(.text._ZN8imageSub14image_callbackESt10shared_ptrIN11sensor_msgs3msg6Image_ISaIvEEEE[_ZN8imageSub14image_callbackESt10shared_ptrIN11sensor_msgs3msg6Image_ISaIvEEEE]+0x43d): undefined reference to `cv::resizeWindow(std::__cxx11::basic_string<char, std::char_traits<char>, std::allocator<char> > const&, int, int)'
[7.912s] /usr/bin/ld: image_sub.cpp:(.text._ZN8imageSub14image_callbackESt10shared_ptrIN11sensor_msgs3msg6Image_ISaIvEEEE[_ZN8imageSub14image_callbackESt10shared_ptrIN11sensor_msgs3msg6Image_ISaIvEEEE]+0x4a3): undefined reference to `cv::moveWindow(std::__cxx11::basic_string<char, std::char_traits<char>, std::allocator<char> > const&, int, int)'
[7.913s] /usr/bin/ld: CMakeFiles/image_sub.dir/src/image_sub.cpp.o: in function `imageSub::handle_image(cv::Mat, Yolo)':
[7.913s] image_sub.cpp:(.text._ZN8imageSub12handle_imageEN2cv3MatE4Yolo[_ZN8imageSub12handle_imageEN2cv3MatE4Yolo]+0x396): undefined reference to `cv::undistort(cv::_InputArray const&, cv::_OutputArray const&, cv::_InputArray const&, cv::_InputArray const&, cv::_InputArray const&)'
[7.918s] /usr/bin/ld: CMakeFiles/image_sub.dir/src/image_sub.cpp.o: in function `imageSub::~imageSub()':
[7.918s] image_sub.cpp:(.text._ZN8imageSubD2Ev[_ZN8imageSubD5Ev]+0x3e): undefined reference to `cv::dnn::dnn4_v20211004::Net::~Net()'
[7.919s] /usr/bin/ld: image_sub.cpp:(.text._ZN8imageSubD2Ev[_ZN8imageSubD5Ev]+0x50): undefined reference to `cv::dnn::dnn4_v20211004::Net::~Net()'
[7.919s] /usr/bin/ld: image_sub.cpp:(.text._ZN8imageSubD2Ev[_ZN8imageSubD5Ev]+0x74): undefined reference to `cv::VideoCapture::~VideoCapture()'
[7.927s] /usr/bin/ld: CMakeFiles/image_sub.dir/src/yolo.cpp.o: in function `Yolo::readModel(cv::dnn::dnn4_v20211004::Net&, std::__cxx11::basic_string<char, std::char_traits<char>, std::allocator<char> >&, bool)':
[7.927s] yolo.cpp:(.text+0xa1): undefined reference to `cv::dnn::dnn4_v20211004::readNet(std::__cxx11::basic_string<char, std::char_traits<char>, std::allocator<char> > const&, std::__cxx11::basic_string<char, std::char_traits<char>, std::allocator<char> > const&, std::__cxx11::basic_string<char, std::char_traits<char>, std::allocator<char> > const&)'
[7.927s] /usr/bin/ld: yolo.cpp:(.text+0xc3): undefined reference to `cv::dnn::dnn4_v20211004::Net::~Net()'
[7.927s] /usr/bin/ld: yolo.cpp:(.text+0x110): undefined reference to `cv::dnn::dnn4_v20211004::Net::setPreferableBackend(int)'
[7.927s] /usr/bin/ld: yolo.cpp:(.text+0x124): undefined reference to `cv::dnn::dnn4_v20211004::Net::setPreferableTarget(int)'
[7.927s] /usr/bin/ld: yolo.cpp:(.text+0x13a): undefined reference to `cv::dnn::dnn4_v20211004::Net::setPreferableBackend(int)'
[7.927s] /usr/bin/ld: yolo.cpp:(.text+0x14e): undefined reference to `cv::dnn::dnn4_v20211004::Net::setPreferableTarget(int)'
[7.927s] /usr/bin/ld: CMakeFiles/image_sub.dir/src/yolo.cpp.o: in function `Yolo::Detect(cv::Mat&, cv::dnn::dnn4_v20211004::Net&, std::vector<Output, std::allocator<Output> >&, int)':
[7.927s] yolo.cpp:(.text+0x445): undefined reference to `cv::dnn::dnn4_v20211004::Net::getLayerNames[abi:cxx11]() const'
[7.927s] /usr/bin/ld: yolo.cpp:(.text+0x52d): undefined reference to `cv::dnn::dnn4_v20211004::blobFromImage(cv::_InputArray const&, cv::_OutputArray const&, double, cv::Size_<int> const&, cv::Scalar_<double> const&, bool, bool, int)'
[7.927s] /usr/bin/ld: yolo.cpp:(.text+0x5d6): undefined reference to `cv::dnn::dnn4_v20211004::Net::setInput(cv::_InputArray const&, std::__cxx11::basic_string<char, std::char_traits<char>, std::allocator<char> > const&, double, cv::Scalar_<double> const&)'
[7.927s] /usr/bin/ld: yolo.cpp:(.text+0x62b): undefined reference to `cv::dnn::dnn4_v20211004::Net::getUnconnectedOutLayersNames[abi:cxx11]() const'
[7.927s] /usr/bin/ld: yolo.cpp:(.text+0x664): undefined reference to `cv::dnn::dnn4_v20211004::Net::forward(cv::_OutputArray const&, std::vector<std::__cxx11::basic_string<char, std::char_traits<char>, std::allocator<char> >, std::allocator<std::__cxx11::basic_string<char, std::char_traits<char>, std::allocator<char> > > > const&)'
[7.927s] /usr/bin/ld: yolo.cpp:(.text+0xbd0): undefined reference to `cv::dnn::dnn4_v20211004::NMSBoxes(std::vector<cv::Rect_<int>, std::allocator<cv::Rect_<int> > > const&, std::vector<float, std::allocator<float> > const&, float, float, std::vector<int, std::allocator<int> >&, float, int)'
[7.927s] /usr/bin/ld: CMakeFiles/image_sub.dir/src/yolo.cpp.o: in function `Yolo::target(cv::Mat, std::vector<Output, std::allocator<Output> >, int)':
[7.928s] yolo.cpp:(.text+0x1ccc): undefined reference to `cv::imshow(std::__cxx11::basic_string<char, std::char_traits<char>, std::allocator<char> > const&, cv::_InputArray const&)'
[7.928s] /usr/bin/ld: yolo.cpp:(.text+0x1d03): undefined reference to `cv::moveWindow(std::__cxx11::basic_string<char, std::char_traits<char>, std::allocator<char> > const&, int, int)'
[7.961s] collect2: error: ld returned 1 exit status
[7.963s] gmake[2]: *** [CMakeFiles/image_sub.dir/build.make:203：image_sub] 错误 1
[7.963s] gmake[1]: *** [CMakeFiles/Makefile2:165：CMakeFiles/image_sub.dir/all] 错误 2
[7.964s] gmake: *** [Makefile:146：all] 错误 2
[7.965s] Invoked command in '/home/stoair/ros2CV/cv_ws/build/topic2' returned '2': CMAKE_PREFIX_PATH=${CMAKE_PREFIX_PATH}:/home/stoair/dev_ws/install/learning_urdf:/home/stoair/dev_ws/install/learning_topic:/home/stoair/dev_ws/install/learning_tf:/home/stoair/dev_ws/install/learning_service:/home/stoair/dev_ws/install/learning_qos:/home/stoair/dev_ws/install/learning_pkg_python:/home/stoair/dev_ws/install/learning_parameter:/home/stoair/dev_ws/install/learning_node:/home/stoair/dev_ws/install/learning_launch:/home/stoair/dev_ws/install/learning_action:/home/stoair/dev_ws/install/learning_gazebo_fortress:/home/stoair/dev_ws/install/learning_gazebo:/home/stoair/dev_ws/install/learning_cv:/opt/ros/humble CONDA_PROMPT_MODIFIER=(base) /usr/bin/cmake --build /home/stoair/ros2CV/cv_ws/build/topic2 -- -j16 -l16
