[0.009s] Invoking command in '/home/stoair/ros2CV/cv_ws/build/topic2': CMAKE_PREFIX_PATH=${CMAKE_PREFIX_PATH}:/home/stoair/dev_ws/install/learning_urdf:/home/stoair/dev_ws/install/learning_topic:/home/stoair/dev_ws/install/learning_tf:/home/stoair/dev_ws/install/learning_service:/home/stoair/dev_ws/install/learning_qos:/home/stoair/dev_ws/install/learning_pkg_python:/home/stoair/dev_ws/install/learning_parameter:/home/stoair/dev_ws/install/learning_node:/home/stoair/dev_ws/install/learning_launch:/home/stoair/dev_ws/install/learning_action:/home/stoair/dev_ws/install/learning_gazebo_fortress:/home/stoair/dev_ws/install/learning_gazebo:/home/stoair/dev_ws/install/learning_cv:/opt/ros/humble CONDA_PROMPT_MODIFIER=(base) /usr/bin/cmake --build /home/stoair/ros2CV/cv_ws/build/topic2 -- -j16 -l16
[0.043s] [35m[1mConsolidate compiler generated dependencies of target image_pub[0m
[0.044s] [35m[1mConsolidate compiler generated dependencies of target image_sub[0m
[0.060s] [ 14%] [32mBuilding CXX object CMakeFiles/image_pub.dir/src/image_pub.cpp.o[0m
[0.061s] [ 71%] Built target image_sub
[7.624s] [ 85%] [32m[1mLinking CXX executable image_pub[0m
[7.827s] /usr/bin/ld: warning: libopencv_imgcodecs.so.4.5d, needed by /opt/ros/humble/lib/libcv_bridge.so, may conflict with libopencv_imgcodecs.so.409
[7.828s] /usr/bin/ld: warning: libopencv_core.so.4.5d, needed by /opt/ros/humble/lib/libcv_bridge.so, may conflict with libopencv_core.so.409
[8.208s] [100%] Built target image_pub
[8.218s] Invoked command in '/home/stoair/ros2CV/cv_ws/build/topic2' returned '0': CMAKE_PREFIX_PATH=${CMAKE_PREFIX_PATH}:/home/stoair/dev_ws/install/learning_urdf:/home/stoair/dev_ws/install/learning_topic:/home/stoair/dev_ws/install/learning_tf:/home/stoair/dev_ws/install/learning_service:/home/stoair/dev_ws/install/learning_qos:/home/stoair/dev_ws/install/learning_pkg_python:/home/stoair/dev_ws/install/learning_parameter:/home/stoair/dev_ws/install/learning_node:/home/stoair/dev_ws/install/learning_launch:/home/stoair/dev_ws/install/learning_action:/home/stoair/dev_ws/install/learning_gazebo_fortress:/home/stoair/dev_ws/install/learning_gazebo:/home/stoair/dev_ws/install/learning_cv:/opt/ros/humble CONDA_PROMPT_MODIFIER=(base) /usr/bin/cmake --build /home/stoair/ros2CV/cv_ws/build/topic2 -- -j16 -l16
[8.267s] Invoking command in '/home/stoair/ros2CV/cv_ws/build/topic2': CMAKE_PREFIX_PATH=${CMAKE_PREFIX_PATH}:/home/stoair/dev_ws/install/learning_urdf:/home/stoair/dev_ws/install/learning_topic:/home/stoair/dev_ws/install/learning_tf:/home/stoair/dev_ws/install/learning_service:/home/stoair/dev_ws/install/learning_qos:/home/stoair/dev_ws/install/learning_pkg_python:/home/stoair/dev_ws/install/learning_parameter:/home/stoair/dev_ws/install/learning_node:/home/stoair/dev_ws/install/learning_launch:/home/stoair/dev_ws/install/learning_action:/home/stoair/dev_ws/install/learning_gazebo_fortress:/home/stoair/dev_ws/install/learning_gazebo:/home/stoair/dev_ws/install/learning_cv:/opt/ros/humble CONDA_PROMPT_MODIFIER=(base) /usr/bin/cmake --install /home/stoair/ros2CV/cv_ws/build/topic2
[8.276s] -- Install configuration: ""
[8.276s] -- Installing: /home/stoair/ros2CV/cv_ws/install/topic2/lib/topic2/image_pub
[8.288s] -- Set runtime path of "/home/stoair/ros2CV/cv_ws/install/topic2/lib/topic2/image_pub" to ""
[8.288s] -- Up-to-date: /home/stoair/ros2CV/cv_ws/install/topic2/lib/topic2/image_sub
[8.288s] -- Up-to-date: /home/stoair/ros2CV/cv_ws/install/topic2/share/ament_index/resource_index/package_run_dependencies/topic2
[8.288s] -- Up-to-date: /home/stoair/ros2CV/cv_ws/install/topic2/share/ament_index/resource_index/parent_prefix_path/topic2
[8.288s] -- Up-to-date: /home/stoair/ros2CV/cv_ws/install/topic2/share/topic2/environment/ament_prefix_path.sh
[8.289s] -- Up-to-date: /home/stoair/ros2CV/cv_ws/install/topic2/share/topic2/environment/ament_prefix_path.dsv
[8.289s] -- Up-to-date: /home/stoair/ros2CV/cv_ws/install/topic2/share/topic2/environment/path.sh
[8.289s] -- Up-to-date: /home/stoair/ros2CV/cv_ws/install/topic2/share/topic2/environment/path.dsv
[8.289s] -- Up-to-date: /home/stoair/ros2CV/cv_ws/install/topic2/share/topic2/local_setup.bash
[8.289s] -- Up-to-date: /home/stoair/ros2CV/cv_ws/install/topic2/share/topic2/local_setup.sh
[8.289s] -- Up-to-date: /home/stoair/ros2CV/cv_ws/install/topic2/share/topic2/local_setup.zsh
[8.289s] -- Up-to-date: /home/stoair/ros2CV/cv_ws/install/topic2/share/topic2/local_setup.dsv
[8.289s] -- Installing: /home/stoair/ros2CV/cv_ws/install/topic2/share/topic2/package.dsv
[8.289s] -- Up-to-date: /home/stoair/ros2CV/cv_ws/install/topic2/share/ament_index/resource_index/packages/topic2
[8.289s] -- Up-to-date: /home/stoair/ros2CV/cv_ws/install/topic2/share/topic2/cmake/topic2Config.cmake
[8.289s] -- Up-to-date: /home/stoair/ros2CV/cv_ws/install/topic2/share/topic2/cmake/topic2Config-version.cmake
[8.289s] -- Up-to-date: /home/stoair/ros2CV/cv_ws/install/topic2/share/topic2/package.xml
[8.292s] Invoked command in '/home/stoair/ros2CV/cv_ws/build/topic2' returned '0': CMAKE_PREFIX_PATH=${CMAKE_PREFIX_PATH}:/home/stoair/dev_ws/install/learning_urdf:/home/stoair/dev_ws/install/learning_topic:/home/stoair/dev_ws/install/learning_tf:/home/stoair/dev_ws/install/learning_service:/home/stoair/dev_ws/install/learning_qos:/home/stoair/dev_ws/install/learning_pkg_python:/home/stoair/dev_ws/install/learning_parameter:/home/stoair/dev_ws/install/learning_node:/home/stoair/dev_ws/install/learning_launch:/home/stoair/dev_ws/install/learning_action:/home/stoair/dev_ws/install/learning_gazebo_fortress:/home/stoair/dev_ws/install/learning_gazebo:/home/stoair/dev_ws/install/learning_cv:/opt/ros/humble CONDA_PROMPT_MODIFIER=(base) /usr/bin/cmake --install /home/stoair/ros2CV/cv_ws/build/topic2
