[0.086s] DEBUG:colcon:Command line arguments: ['/usr/bin/colcon', 'list', '-p', '--base-paths', '/home/stoair/ros2CV/cv_ws']
[0.086s] DEBUG:colcon:Parsed command line arguments: Namespace(log_base=None, log_level=None, verb_name='list', build_base='build', ignore_user_meta=False, metas=['./colcon.meta'], base_paths=['/home/stoair/ros2CV/cv_ws'], packages_ignore=None, packages_ignore_regex=None, paths=None, packages_up_to=None, packages_up_to_regex=None, packages_above=None, packages_above_and_dependencies=None, packages_above_depth=None, packages_select_by_dep=None, packages_skip_by_dep=None, packages_skip_up_to=None, packages_select_build_failed=False, packages_skip_build_finished=False, packages_select_test_failures=False, packages_skip_test_passed=False, packages_select=None, packages_skip=None, packages_select_regex=None, packages_skip_regex=None, packages_start=None, packages_end=None, allow_overriding=[], topological_order=False, names_only=False, paths_only=True, topological_graph=False, topological_graph_dot=False, topological_graph_density=False, topological_graph_legend=False, topological_graph_dot_cluster=False, topological_graph_dot_include_skipped=False, verb_parser=<colcon_defaults.argument_parser.defaults.DefaultArgumentsDecorator object at 0x7ab5724618a0>, verb_extension=<colcon_package_information.verb.list.ListVerb object at 0x7ab5725d74f0>, main=<bound method ListVerb.main of <colcon_package_information.verb.list.ListVerb object at 0x7ab5725d74f0>>)
[0.341s] Level 1:colcon.colcon_core.package_discovery:discover_packages(colcon_meta) check parameters
[0.341s] Level 1:colcon.colcon_core.package_discovery:discover_packages(recursive) check parameters
[0.341s] Level 1:colcon.colcon_core.package_discovery:discover_packages(ignore) check parameters
[0.341s] Level 1:colcon.colcon_core.package_discovery:discover_packages(path) check parameters
[0.341s] Level 1:colcon.colcon_core.package_discovery:discover_packages(recursive) discover
[0.341s] INFO:colcon.colcon_core.package_discovery:Crawling recursively for packages in '/home/stoair/ros2CV/cv_ws'
[0.341s] Level 1:colcon.colcon_core.package_identification:_identify(/home/stoair/ros2CV/cv_ws) by extensions ['ignore', 'ignore_ament_install']
[0.342s] Level 1:colcon.colcon_core.package_identification:_identify(/home/stoair/ros2CV/cv_ws) by extension 'ignore'
[0.342s] Level 1:colcon.colcon_core.package_identification:_identify(/home/stoair/ros2CV/cv_ws) by extension 'ignore_ament_install'
[0.342s] Level 1:colcon.colcon_core.package_identification:_identify(/home/stoair/ros2CV/cv_ws) by extensions ['colcon_pkg']
[0.342s] Level 1:colcon.colcon_core.package_identification:_identify(/home/stoair/ros2CV/cv_ws) by extension 'colcon_pkg'
[0.342s] Level 1:colcon.colcon_core.package_identification:_identify(/home/stoair/ros2CV/cv_ws) by extensions ['colcon_meta']
[0.342s] Level 1:colcon.colcon_core.package_identification:_identify(/home/stoair/ros2CV/cv_ws) by extension 'colcon_meta'
[0.342s] Level 1:colcon.colcon_core.package_identification:_identify(/home/stoair/ros2CV/cv_ws) by extensions ['ros']
[0.342s] Level 1:colcon.colcon_core.package_identification:_identify(/home/stoair/ros2CV/cv_ws) by extension 'ros'
[0.397s] Level 1:colcon.colcon_core.package_identification:_identify(/home/stoair/ros2CV/cv_ws) by extensions ['cmake', 'python']
[0.397s] Level 1:colcon.colcon_core.package_identification:_identify(/home/stoair/ros2CV/cv_ws) by extension 'cmake'
[0.397s] Level 1:colcon.colcon_core.package_identification:_identify(/home/stoair/ros2CV/cv_ws) by extension 'python'
[0.397s] Level 1:colcon.colcon_core.package_identification:_identify(/home/stoair/ros2CV/cv_ws) by extensions ['python_setup_py']
[0.397s] Level 1:colcon.colcon_core.package_identification:_identify(/home/stoair/ros2CV/cv_ws) by extension 'python_setup_py'
[0.397s] Level 1:colcon.colcon_core.package_identification:_identify(/home/stoair/ros2CV/cv_ws/build) by extensions ['ignore', 'ignore_ament_install']
[0.398s] Level 1:colcon.colcon_core.package_identification:_identify(/home/stoair/ros2CV/cv_ws/build) by extension 'ignore'
[0.398s] Level 1:colcon.colcon_core.package_identification:_identify(/home/stoair/ros2CV/cv_ws/build) ignored
[0.398s] Level 1:colcon.colcon_core.package_identification:_identify(/home/stoair/ros2CV/cv_ws/install) by extensions ['ignore', 'ignore_ament_install']
[0.398s] Level 1:colcon.colcon_core.package_identification:_identify(/home/stoair/ros2CV/cv_ws/install) by extension 'ignore'
[0.398s] Level 1:colcon.colcon_core.package_identification:_identify(/home/stoair/ros2CV/cv_ws/install) ignored
[0.398s] Level 1:colcon.colcon_core.package_identification:_identify(/home/stoair/ros2CV/cv_ws/log) by extensions ['ignore', 'ignore_ament_install']
[0.398s] Level 1:colcon.colcon_core.package_identification:_identify(/home/stoair/ros2CV/cv_ws/log) by extension 'ignore'
[0.399s] Level 1:colcon.colcon_core.package_identification:_identify(/home/stoair/ros2CV/cv_ws/log) ignored
[0.399s] Level 1:colcon.colcon_core.package_identification:_identify(/home/stoair/ros2CV/cv_ws/src) by extensions ['ignore', 'ignore_ament_install']
[0.399s] Level 1:colcon.colcon_core.package_identification:_identify(/home/stoair/ros2CV/cv_ws/src) by extension 'ignore'
[0.399s] Level 1:colcon.colcon_core.package_identification:_identify(/home/stoair/ros2CV/cv_ws/src) by extension 'ignore_ament_install'
[0.399s] Level 1:colcon.colcon_core.package_identification:_identify(/home/stoair/ros2CV/cv_ws/src) by extensions ['colcon_pkg']
[0.399s] Level 1:colcon.colcon_core.package_identification:_identify(/home/stoair/ros2CV/cv_ws/src) by extension 'colcon_pkg'
[0.399s] Level 1:colcon.colcon_core.package_identification:_identify(/home/stoair/ros2CV/cv_ws/src) by extensions ['colcon_meta']
[0.399s] Level 1:colcon.colcon_core.package_identification:_identify(/home/stoair/ros2CV/cv_ws/src) by extension 'colcon_meta'
[0.399s] Level 1:colcon.colcon_core.package_identification:_identify(/home/stoair/ros2CV/cv_ws/src) by extensions ['ros']
[0.399s] Level 1:colcon.colcon_core.package_identification:_identify(/home/stoair/ros2CV/cv_ws/src) by extension 'ros'
[0.399s] Level 1:colcon.colcon_core.package_identification:_identify(/home/stoair/ros2CV/cv_ws/src) by extensions ['cmake', 'python']
[0.399s] Level 1:colcon.colcon_core.package_identification:_identify(/home/stoair/ros2CV/cv_ws/src) by extension 'cmake'
[0.399s] Level 1:colcon.colcon_core.package_identification:_identify(/home/stoair/ros2CV/cv_ws/src) by extension 'python'
[0.399s] Level 1:colcon.colcon_core.package_identification:_identify(/home/stoair/ros2CV/cv_ws/src) by extensions ['python_setup_py']
[0.400s] Level 1:colcon.colcon_core.package_identification:_identify(/home/stoair/ros2CV/cv_ws/src) by extension 'python_setup_py'
[0.400s] Level 1:colcon.colcon_core.package_identification:_identify(/home/stoair/ros2CV/cv_ws/src/ros2_interfaces) by extensions ['ignore', 'ignore_ament_install']
[0.400s] Level 1:colcon.colcon_core.package_identification:_identify(/home/stoair/ros2CV/cv_ws/src/ros2_interfaces) by extension 'ignore'
[0.400s] Level 1:colcon.colcon_core.package_identification:_identify(/home/stoair/ros2CV/cv_ws/src/ros2_interfaces) by extension 'ignore_ament_install'
[0.400s] Level 1:colcon.colcon_core.package_identification:_identify(/home/stoair/ros2CV/cv_ws/src/ros2_interfaces) by extensions ['colcon_pkg']
[0.400s] Level 1:colcon.colcon_core.package_identification:_identify(/home/stoair/ros2CV/cv_ws/src/ros2_interfaces) by extension 'colcon_pkg'
[0.400s] Level 1:colcon.colcon_core.package_identification:_identify(/home/stoair/ros2CV/cv_ws/src/ros2_interfaces) by extensions ['colcon_meta']
[0.400s] Level 1:colcon.colcon_core.package_identification:_identify(/home/stoair/ros2CV/cv_ws/src/ros2_interfaces) by extension 'colcon_meta'
[0.400s] Level 1:colcon.colcon_core.package_identification:_identify(/home/stoair/ros2CV/cv_ws/src/ros2_interfaces) by extensions ['ros']
[0.400s] Level 1:colcon.colcon_core.package_identification:_identify(/home/stoair/ros2CV/cv_ws/src/ros2_interfaces) by extension 'ros'
[0.403s] DEBUG:colcon.colcon_core.package_identification:Package '/home/stoair/ros2CV/cv_ws/src/ros2_interfaces' with type 'ros.ament_cmake' and name 'ros2_interfaces'
[0.404s] Level 1:colcon.colcon_core.package_identification:_identify(/home/stoair/ros2CV/cv_ws/src/test_rclcpp) by extensions ['ignore', 'ignore_ament_install']
[0.404s] Level 1:colcon.colcon_core.package_identification:_identify(/home/stoair/ros2CV/cv_ws/src/test_rclcpp) by extension 'ignore'
[0.404s] Level 1:colcon.colcon_core.package_identification:_identify(/home/stoair/ros2CV/cv_ws/src/test_rclcpp) by extension 'ignore_ament_install'
[0.404s] Level 1:colcon.colcon_core.package_identification:_identify(/home/stoair/ros2CV/cv_ws/src/test_rclcpp) by extensions ['colcon_pkg']
[0.404s] Level 1:colcon.colcon_core.package_identification:_identify(/home/stoair/ros2CV/cv_ws/src/test_rclcpp) by extension 'colcon_pkg'
[0.404s] Level 1:colcon.colcon_core.package_identification:_identify(/home/stoair/ros2CV/cv_ws/src/test_rclcpp) by extensions ['colcon_meta']
[0.404s] Level 1:colcon.colcon_core.package_identification:_identify(/home/stoair/ros2CV/cv_ws/src/test_rclcpp) by extension 'colcon_meta'
[0.404s] Level 1:colcon.colcon_core.package_identification:_identify(/home/stoair/ros2CV/cv_ws/src/test_rclcpp) by extensions ['ros']
[0.404s] Level 1:colcon.colcon_core.package_identification:_identify(/home/stoair/ros2CV/cv_ws/src/test_rclcpp) by extension 'ros'
[0.405s] DEBUG:colcon.colcon_core.package_identification:Package '/home/stoair/ros2CV/cv_ws/src/test_rclcpp' with type 'ros.ament_cmake' and name 'test_rclcpp'
[0.406s] Level 1:colcon.colcon_core.package_identification:_identify(/home/stoair/ros2CV/cv_ws/src/topic2) by extensions ['ignore', 'ignore_ament_install']
[0.406s] Level 1:colcon.colcon_core.package_identification:_identify(/home/stoair/ros2CV/cv_ws/src/topic2) by extension 'ignore'
[0.406s] Level 1:colcon.colcon_core.package_identification:_identify(/home/stoair/ros2CV/cv_ws/src/topic2) by extension 'ignore_ament_install'
[0.406s] Level 1:colcon.colcon_core.package_identification:_identify(/home/stoair/ros2CV/cv_ws/src/topic2) by extensions ['colcon_pkg']
[0.406s] Level 1:colcon.colcon_core.package_identification:_identify(/home/stoair/ros2CV/cv_ws/src/topic2) by extension 'colcon_pkg'
[0.406s] Level 1:colcon.colcon_core.package_identification:_identify(/home/stoair/ros2CV/cv_ws/src/topic2) by extensions ['colcon_meta']
[0.406s] Level 1:colcon.colcon_core.package_identification:_identify(/home/stoair/ros2CV/cv_ws/src/topic2) by extension 'colcon_meta'
[0.406s] Level 1:colcon.colcon_core.package_identification:_identify(/home/stoair/ros2CV/cv_ws/src/topic2) by extensions ['ros']
[0.406s] Level 1:colcon.colcon_core.package_identification:_identify(/home/stoair/ros2CV/cv_ws/src/topic2) by extension 'ros'
[0.407s] DEBUG:colcon.colcon_core.package_identification:Package '/home/stoair/ros2CV/cv_ws/src/topic2' with type 'ros.ament_cmake' and name 'topic2'
[0.407s] Level 1:colcon.colcon_core.package_identification:_identify(/home/stoair/ros2CV/cv_ws/src/webcam_topic) by extensions ['ignore', 'ignore_ament_install']
[0.407s] Level 1:colcon.colcon_core.package_identification:_identify(/home/stoair/ros2CV/cv_ws/src/webcam_topic) by extension 'ignore'
[0.407s] Level 1:colcon.colcon_core.package_identification:_identify(/home/stoair/ros2CV/cv_ws/src/webcam_topic) by extension 'ignore_ament_install'
[0.407s] Level 1:colcon.colcon_core.package_identification:_identify(/home/stoair/ros2CV/cv_ws/src/webcam_topic) by extensions ['colcon_pkg']
[0.407s] Level 1:colcon.colcon_core.package_identification:_identify(/home/stoair/ros2CV/cv_ws/src/webcam_topic) by extension 'colcon_pkg'
[0.408s] Level 1:colcon.colcon_core.package_identification:_identify(/home/stoair/ros2CV/cv_ws/src/webcam_topic) by extensions ['colcon_meta']
[0.408s] Level 1:colcon.colcon_core.package_identification:_identify(/home/stoair/ros2CV/cv_ws/src/webcam_topic) by extension 'colcon_meta'
[0.408s] Level 1:colcon.colcon_core.package_identification:_identify(/home/stoair/ros2CV/cv_ws/src/webcam_topic) by extensions ['ros']
[0.408s] Level 1:colcon.colcon_core.package_identification:_identify(/home/stoair/ros2CV/cv_ws/src/webcam_topic) by extension 'ros'
[0.409s] DEBUG:colcon.colcon_core.package_identification:Package '/home/stoair/ros2CV/cv_ws/src/webcam_topic' with type 'ros.ament_cmake' and name 'webcam_topic'
[0.409s] Level 1:colcon.colcon_core.package_identification:_identify(/home/stoair/ros2CV/cv_ws/src/yolo_topic) by extensions ['ignore', 'ignore_ament_install']
[0.409s] Level 1:colcon.colcon_core.package_identification:_identify(/home/stoair/ros2CV/cv_ws/src/yolo_topic) by extension 'ignore'
[0.409s] Level 1:colcon.colcon_core.package_identification:_identify(/home/stoair/ros2CV/cv_ws/src/yolo_topic) by extension 'ignore_ament_install'
[0.409s] Level 1:colcon.colcon_core.package_identification:_identify(/home/stoair/ros2CV/cv_ws/src/yolo_topic) by extensions ['colcon_pkg']
[0.409s] Level 1:colcon.colcon_core.package_identification:_identify(/home/stoair/ros2CV/cv_ws/src/yolo_topic) by extension 'colcon_pkg'
[0.409s] Level 1:colcon.colcon_core.package_identification:_identify(/home/stoair/ros2CV/cv_ws/src/yolo_topic) by extensions ['colcon_meta']
[0.409s] Level 1:colcon.colcon_core.package_identification:_identify(/home/stoair/ros2CV/cv_ws/src/yolo_topic) by extension 'colcon_meta'
[0.409s] Level 1:colcon.colcon_core.package_identification:_identify(/home/stoair/ros2CV/cv_ws/src/yolo_topic) by extensions ['ros']
[0.409s] Level 1:colcon.colcon_core.package_identification:_identify(/home/stoair/ros2CV/cv_ws/src/yolo_topic) by extension 'ros'
[0.410s] DEBUG:colcon.colcon_core.package_identification:Package '/home/stoair/ros2CV/cv_ws/src/yolo_topic' with type 'ros.ament_cmake' and name 'yolo_topic'
[0.410s] Level 1:colcon.colcon_core.package_discovery:discover_packages(recursive) using defaults
