[0.071s] DEBUG:colcon:Command line arguments: ['/usr/bin/colcon', 'build']
[0.071s] DEBUG:colcon:Parsed command line arguments: Namespace(log_base=None, log_level=None, verb_name='build', build_base='build', install_base='install', merge_install=False, symlink_install=False, test_result_base=None, continue_on_error=False, executor='parallel', parallel_workers=16, event_handlers=None, ignore_user_meta=False, metas=['./colcon.meta'], base_paths=['.'], packages_ignore=None, packages_ignore_regex=None, paths=None, packages_up_to=None, packages_up_to_regex=None, packages_above=None, packages_above_and_dependencies=None, packages_above_depth=None, packages_select_by_dep=None, packages_skip_by_dep=None, packages_skip_up_to=None, packages_select_build_failed=False, packages_skip_build_finished=False, packages_select_test_failures=False, packages_skip_test_passed=False, packages_select=None, packages_skip=None, packages_select_regex=None, packages_skip_regex=None, packages_start=None, packages_end=None, allow_overriding=[], cmake_args=None, cmake_target=None, cmake_target_skip_unavailable=False, cmake_clean_cache=False, cmake_clean_first=False, cmake_force_configure=False, ament_cmake_args=None, catkin_cmake_args=None, catkin_skip_building_tests=False, verb_parser=<colcon_defaults.argument_parser.defaults.DefaultArgumentsDecorator object at 0x7ce533008cd0>, verb_extension=<colcon_core.verb.build.BuildVerb object at 0x7ce5330fd7b0>, main=<bound method BuildVerb.main of <colcon_core.verb.build.BuildVerb object at 0x7ce5330fd7b0>>)
[0.181s] Level 1:colcon.colcon_core.package_discovery:discover_packages(colcon_meta) check parameters
[0.181s] Level 1:colcon.colcon_core.package_discovery:discover_packages(recursive) check parameters
[0.181s] Level 1:colcon.colcon_core.package_discovery:discover_packages(ignore) check parameters
[0.181s] Level 1:colcon.colcon_core.package_discovery:discover_packages(path) check parameters
[0.181s] Level 1:colcon.colcon_core.package_discovery:discover_packages(colcon_meta) discover
[0.181s] Level 1:colcon.colcon_core.package_discovery:discover_packages(recursive) discover
[0.181s] INFO:colcon.colcon_core.package_discovery:Crawling recursively for packages in '/home/stoair/ros2CV/cv_ws'
[0.181s] Level 1:colcon.colcon_core.package_identification:_identify(.) by extensions ['ignore', 'ignore_ament_install']
[0.181s] Level 1:colcon.colcon_core.package_identification:_identify(.) by extension 'ignore'
[0.181s] Level 1:colcon.colcon_core.package_identification:_identify(.) by extension 'ignore_ament_install'
[0.181s] Level 1:colcon.colcon_core.package_identification:_identify(.) by extensions ['colcon_pkg']
[0.181s] Level 1:colcon.colcon_core.package_identification:_identify(.) by extension 'colcon_pkg'
[0.181s] Level 1:colcon.colcon_core.package_identification:_identify(.) by extensions ['colcon_meta']
[0.181s] Level 1:colcon.colcon_core.package_identification:_identify(.) by extension 'colcon_meta'
[0.181s] Level 1:colcon.colcon_core.package_identification:_identify(.) by extensions ['ros']
[0.181s] Level 1:colcon.colcon_core.package_identification:_identify(.) by extension 'ros'
[0.202s] Level 1:colcon.colcon_core.package_identification:_identify(.) by extensions ['cmake', 'python']
[0.202s] Level 1:colcon.colcon_core.package_identification:_identify(.) by extension 'cmake'
[0.202s] Level 1:colcon.colcon_core.package_identification:_identify(.) by extension 'python'
[0.202s] Level 1:colcon.colcon_core.package_identification:_identify(.) by extensions ['python_setup_py']
[0.202s] Level 1:colcon.colcon_core.package_identification:_identify(.) by extension 'python_setup_py'
[0.202s] Level 1:colcon.colcon_core.package_identification:_identify(build) by extensions ['ignore', 'ignore_ament_install']
[0.202s] Level 1:colcon.colcon_core.package_identification:_identify(build) by extension 'ignore'
[0.202s] Level 1:colcon.colcon_core.package_identification:_identify(build) ignored
[0.203s] Level 1:colcon.colcon_core.package_identification:_identify(install) by extensions ['ignore', 'ignore_ament_install']
[0.203s] Level 1:colcon.colcon_core.package_identification:_identify(install) by extension 'ignore'
[0.203s] Level 1:colcon.colcon_core.package_identification:_identify(install) ignored
[0.203s] Level 1:colcon.colcon_core.package_identification:_identify(log) by extensions ['ignore', 'ignore_ament_install']
[0.203s] Level 1:colcon.colcon_core.package_identification:_identify(log) by extension 'ignore'
[0.203s] Level 1:colcon.colcon_core.package_identification:_identify(log) ignored
[0.203s] Level 1:colcon.colcon_core.package_identification:_identify(src) by extensions ['ignore', 'ignore_ament_install']
[0.203s] Level 1:colcon.colcon_core.package_identification:_identify(src) by extension 'ignore'
[0.203s] Level 1:colcon.colcon_core.package_identification:_identify(src) by extension 'ignore_ament_install'
[0.203s] Level 1:colcon.colcon_core.package_identification:_identify(src) by extensions ['colcon_pkg']
[0.203s] Level 1:colcon.colcon_core.package_identification:_identify(src) by extension 'colcon_pkg'
[0.203s] Level 1:colcon.colcon_core.package_identification:_identify(src) by extensions ['colcon_meta']
[0.203s] Level 1:colcon.colcon_core.package_identification:_identify(src) by extension 'colcon_meta'
[0.203s] Level 1:colcon.colcon_core.package_identification:_identify(src) by extensions ['ros']
[0.203s] Level 1:colcon.colcon_core.package_identification:_identify(src) by extension 'ros'
[0.203s] Level 1:colcon.colcon_core.package_identification:_identify(src) by extensions ['cmake', 'python']
[0.203s] Level 1:colcon.colcon_core.package_identification:_identify(src) by extension 'cmake'
[0.203s] Level 1:colcon.colcon_core.package_identification:_identify(src) by extension 'python'
[0.203s] Level 1:colcon.colcon_core.package_identification:_identify(src) by extensions ['python_setup_py']
[0.203s] Level 1:colcon.colcon_core.package_identification:_identify(src) by extension 'python_setup_py'
[0.203s] Level 1:colcon.colcon_core.package_identification:_identify(src/topic) by extensions ['ignore', 'ignore_ament_install']
[0.203s] Level 1:colcon.colcon_core.package_identification:_identify(src/topic) by extension 'ignore'
[0.203s] Level 1:colcon.colcon_core.package_identification:_identify(src/topic) by extension 'ignore_ament_install'
[0.203s] Level 1:colcon.colcon_core.package_identification:_identify(src/topic) by extensions ['colcon_pkg']
[0.203s] Level 1:colcon.colcon_core.package_identification:_identify(src/topic) by extension 'colcon_pkg'
[0.203s] Level 1:colcon.colcon_core.package_identification:_identify(src/topic) by extensions ['colcon_meta']
[0.203s] Level 1:colcon.colcon_core.package_identification:_identify(src/topic) by extension 'colcon_meta'
[0.203s] Level 1:colcon.colcon_core.package_identification:_identify(src/topic) by extensions ['ros']
[0.203s] Level 1:colcon.colcon_core.package_identification:_identify(src/topic) by extension 'ros'
[0.205s] DEBUG:colcon.colcon_core.package_identification:Package 'src/topic' with type 'ros.ament_cmake' and name 'topic'
[0.205s] Level 1:colcon.colcon_core.package_identification:_identify(src/topic_interfaces) by extensions ['ignore', 'ignore_ament_install']
[0.205s] Level 1:colcon.colcon_core.package_identification:_identify(src/topic_interfaces) by extension 'ignore'
[0.205s] Level 1:colcon.colcon_core.package_identification:_identify(src/topic_interfaces) by extension 'ignore_ament_install'
[0.205s] Level 1:colcon.colcon_core.package_identification:_identify(src/topic_interfaces) by extensions ['colcon_pkg']
[0.205s] Level 1:colcon.colcon_core.package_identification:_identify(src/topic_interfaces) by extension 'colcon_pkg'
[0.205s] Level 1:colcon.colcon_core.package_identification:_identify(src/topic_interfaces) by extensions ['colcon_meta']
[0.205s] Level 1:colcon.colcon_core.package_identification:_identify(src/topic_interfaces) by extension 'colcon_meta'
[0.205s] Level 1:colcon.colcon_core.package_identification:_identify(src/topic_interfaces) by extensions ['ros']
[0.205s] Level 1:colcon.colcon_core.package_identification:_identify(src/topic_interfaces) by extension 'ros'
[0.206s] DEBUG:colcon.colcon_core.package_identification:Package 'src/topic_interfaces' with type 'ros.ament_cmake' and name 'topic_interfaces'
[0.206s] Level 1:colcon.colcon_core.package_identification:_identify(src/webcam_topic) by extensions ['ignore', 'ignore_ament_install']
[0.206s] Level 1:colcon.colcon_core.package_identification:_identify(src/webcam_topic) by extension 'ignore'
[0.206s] Level 1:colcon.colcon_core.package_identification:_identify(src/webcam_topic) by extension 'ignore_ament_install'
[0.206s] Level 1:colcon.colcon_core.package_identification:_identify(src/webcam_topic) by extensions ['colcon_pkg']
[0.206s] Level 1:colcon.colcon_core.package_identification:_identify(src/webcam_topic) by extension 'colcon_pkg'
[0.206s] Level 1:colcon.colcon_core.package_identification:_identify(src/webcam_topic) by extensions ['colcon_meta']
[0.206s] Level 1:colcon.colcon_core.package_identification:_identify(src/webcam_topic) by extension 'colcon_meta'
[0.206s] Level 1:colcon.colcon_core.package_identification:_identify(src/webcam_topic) by extensions ['ros']
[0.206s] Level 1:colcon.colcon_core.package_identification:_identify(src/webcam_topic) by extension 'ros'
[0.206s] DEBUG:colcon.colcon_core.package_identification:Package 'src/webcam_topic' with type 'ros.ament_cmake' and name 'webcam_topic'
[0.206s] Level 1:colcon.colcon_core.package_identification:_identify(src/yolo_topic) by extensions ['ignore', 'ignore_ament_install']
[0.206s] Level 1:colcon.colcon_core.package_identification:_identify(src/yolo_topic) by extension 'ignore'
[0.206s] Level 1:colcon.colcon_core.package_identification:_identify(src/yolo_topic) by extension 'ignore_ament_install'
[0.206s] Level 1:colcon.colcon_core.package_identification:_identify(src/yolo_topic) by extensions ['colcon_pkg']
[0.207s] Level 1:colcon.colcon_core.package_identification:_identify(src/yolo_topic) by extension 'colcon_pkg'
[0.207s] Level 1:colcon.colcon_core.package_identification:_identify(src/yolo_topic) by extensions ['colcon_meta']
[0.207s] Level 1:colcon.colcon_core.package_identification:_identify(src/yolo_topic) by extension 'colcon_meta'
[0.207s] Level 1:colcon.colcon_core.package_identification:_identify(src/yolo_topic) by extensions ['ros']
[0.207s] Level 1:colcon.colcon_core.package_identification:_identify(src/yolo_topic) by extension 'ros'
[0.207s] DEBUG:colcon.colcon_core.package_identification:Package 'src/yolo_topic' with type 'ros.ament_cmake' and name 'yolo_topic'
[0.207s] Level 1:colcon.colcon_core.package_discovery:discover_packages(recursive) using defaults
[0.207s] Level 1:colcon.colcon_core.package_discovery:discover_packages(ignore) discover
[0.207s] Level 1:colcon.colcon_core.package_discovery:discover_packages(ignore) using defaults
[0.207s] Level 1:colcon.colcon_core.package_discovery:discover_packages(path) discover
[0.207s] Level 1:colcon.colcon_core.package_discovery:discover_packages(path) using defaults
[0.220s] Level 1:colcon.colcon_core.package_discovery:discover_packages(prefix_path) check parameters
[0.220s] Level 1:colcon.colcon_core.package_discovery:discover_packages(prefix_path) discover
[0.222s] DEBUG:colcon.colcon_installed_package_information.package_discovery:Found 3 installed packages in /home/stoair/ros2CV/cv_ws/install
[0.222s] DEBUG:colcon.colcon_installed_package_information.package_discovery:Found 5 installed packages in /home/stoair/learn_ws/install
[0.222s] DEBUG:colcon.colcon_installed_package_information.package_discovery:Found 21 installed packages in /home/stoair/dev_ws/install
[0.223s] DEBUG:colcon.colcon_installed_package_information.package_discovery:Found 282 installed packages in /opt/ros/humble
[0.224s] Level 1:colcon.colcon_core.package_discovery:discover_packages(prefix_path) using defaults
[0.247s] Level 5:colcon.colcon_core.verb:set package 'topic_interfaces' build argument 'cmake_args' from command line to 'None'
[0.247s] Level 5:colcon.colcon_core.verb:set package 'topic_interfaces' build argument 'cmake_target' from command line to 'None'
[0.247s] Level 5:colcon.colcon_core.verb:set package 'topic_interfaces' build argument 'cmake_target_skip_unavailable' from command line to 'False'
[0.247s] Level 5:colcon.colcon_core.verb:set package 'topic_interfaces' build argument 'cmake_clean_cache' from command line to 'False'
[0.247s] Level 5:colcon.colcon_core.verb:set package 'topic_interfaces' build argument 'cmake_clean_first' from command line to 'False'
[0.247s] Level 5:colcon.colcon_core.verb:set package 'topic_interfaces' build argument 'cmake_force_configure' from command line to 'False'
[0.247s] Level 5:colcon.colcon_core.verb:set package 'topic_interfaces' build argument 'ament_cmake_args' from command line to 'None'
[0.247s] Level 5:colcon.colcon_core.verb:set package 'topic_interfaces' build argument 'catkin_cmake_args' from command line to 'None'
[0.247s] Level 5:colcon.colcon_core.verb:set package 'topic_interfaces' build argument 'catkin_skip_building_tests' from command line to 'False'
[0.247s] DEBUG:colcon.colcon_core.verb:Building package 'topic_interfaces' with the following arguments: {'ament_cmake_args': None, 'build_base': '/home/stoair/ros2CV/cv_ws/build/topic_interfaces', 'catkin_cmake_args': None, 'catkin_skip_building_tests': False, 'cmake_args': None, 'cmake_clean_cache': False, 'cmake_clean_first': False, 'cmake_force_configure': False, 'cmake_target': None, 'cmake_target_skip_unavailable': False, 'install_base': '/home/stoair/ros2CV/cv_ws/install/topic_interfaces', 'merge_install': False, 'path': '/home/stoair/ros2CV/cv_ws/src/topic_interfaces', 'symlink_install': False, 'test_result_base': None}
[0.247s] Level 5:colcon.colcon_core.verb:set package 'webcam_topic' build argument 'cmake_args' from command line to 'None'
[0.247s] Level 5:colcon.colcon_core.verb:set package 'webcam_topic' build argument 'cmake_target' from command line to 'None'
[0.247s] Level 5:colcon.colcon_core.verb:set package 'webcam_topic' build argument 'cmake_target_skip_unavailable' from command line to 'False'
[0.247s] Level 5:colcon.colcon_core.verb:set package 'webcam_topic' build argument 'cmake_clean_cache' from command line to 'False'
[0.247s] Level 5:colcon.colcon_core.verb:set package 'webcam_topic' build argument 'cmake_clean_first' from command line to 'False'
[0.247s] Level 5:colcon.colcon_core.verb:set package 'webcam_topic' build argument 'cmake_force_configure' from command line to 'False'
[0.247s] Level 5:colcon.colcon_core.verb:set package 'webcam_topic' build argument 'ament_cmake_args' from command line to 'None'
[0.247s] Level 5:colcon.colcon_core.verb:set package 'webcam_topic' build argument 'catkin_cmake_args' from command line to 'None'
[0.247s] Level 5:colcon.colcon_core.verb:set package 'webcam_topic' build argument 'catkin_skip_building_tests' from command line to 'False'
[0.247s] DEBUG:colcon.colcon_core.verb:Building package 'webcam_topic' with the following arguments: {'ament_cmake_args': None, 'build_base': '/home/stoair/ros2CV/cv_ws/build/webcam_topic', 'catkin_cmake_args': None, 'catkin_skip_building_tests': False, 'cmake_args': None, 'cmake_clean_cache': False, 'cmake_clean_first': False, 'cmake_force_configure': False, 'cmake_target': None, 'cmake_target_skip_unavailable': False, 'install_base': '/home/stoair/ros2CV/cv_ws/install/webcam_topic', 'merge_install': False, 'path': '/home/stoair/ros2CV/cv_ws/src/webcam_topic', 'symlink_install': False, 'test_result_base': None}
[0.247s] Level 5:colcon.colcon_core.verb:set package 'yolo_topic' build argument 'cmake_args' from command line to 'None'
[0.247s] Level 5:colcon.colcon_core.verb:set package 'yolo_topic' build argument 'cmake_target' from command line to 'None'
[0.248s] Level 5:colcon.colcon_core.verb:set package 'yolo_topic' build argument 'cmake_target_skip_unavailable' from command line to 'False'
[0.248s] Level 5:colcon.colcon_core.verb:set package 'yolo_topic' build argument 'cmake_clean_cache' from command line to 'False'
[0.248s] Level 5:colcon.colcon_core.verb:set package 'yolo_topic' build argument 'cmake_clean_first' from command line to 'False'
[0.248s] Level 5:colcon.colcon_core.verb:set package 'yolo_topic' build argument 'cmake_force_configure' from command line to 'False'
[0.248s] Level 5:colcon.colcon_core.verb:set package 'yolo_topic' build argument 'ament_cmake_args' from command line to 'None'
[0.248s] Level 5:colcon.colcon_core.verb:set package 'yolo_topic' build argument 'catkin_cmake_args' from command line to 'None'
[0.248s] Level 5:colcon.colcon_core.verb:set package 'yolo_topic' build argument 'catkin_skip_building_tests' from command line to 'False'
[0.248s] DEBUG:colcon.colcon_core.verb:Building package 'yolo_topic' with the following arguments: {'ament_cmake_args': None, 'build_base': '/home/stoair/ros2CV/cv_ws/build/yolo_topic', 'catkin_cmake_args': None, 'catkin_skip_building_tests': False, 'cmake_args': None, 'cmake_clean_cache': False, 'cmake_clean_first': False, 'cmake_force_configure': False, 'cmake_target': None, 'cmake_target_skip_unavailable': False, 'install_base': '/home/stoair/ros2CV/cv_ws/install/yolo_topic', 'merge_install': False, 'path': '/home/stoair/ros2CV/cv_ws/src/yolo_topic', 'symlink_install': False, 'test_result_base': None}
[0.248s] Level 5:colcon.colcon_core.verb:set package 'topic' build argument 'cmake_args' from command line to 'None'
[0.248s] Level 5:colcon.colcon_core.verb:set package 'topic' build argument 'cmake_target' from command line to 'None'
[0.248s] Level 5:colcon.colcon_core.verb:set package 'topic' build argument 'cmake_target_skip_unavailable' from command line to 'False'
[0.248s] Level 5:colcon.colcon_core.verb:set package 'topic' build argument 'cmake_clean_cache' from command line to 'False'
[0.248s] Level 5:colcon.colcon_core.verb:set package 'topic' build argument 'cmake_clean_first' from command line to 'False'
[0.248s] Level 5:colcon.colcon_core.verb:set package 'topic' build argument 'cmake_force_configure' from command line to 'False'
[0.248s] Level 5:colcon.colcon_core.verb:set package 'topic' build argument 'ament_cmake_args' from command line to 'None'
[0.248s] Level 5:colcon.colcon_core.verb:set package 'topic' build argument 'catkin_cmake_args' from command line to 'None'
[0.248s] Level 5:colcon.colcon_core.verb:set package 'topic' build argument 'catkin_skip_building_tests' from command line to 'False'
[0.248s] DEBUG:colcon.colcon_core.verb:Building package 'topic' with the following arguments: {'ament_cmake_args': None, 'build_base': '/home/stoair/ros2CV/cv_ws/build/topic', 'catkin_cmake_args': None, 'catkin_skip_building_tests': False, 'cmake_args': None, 'cmake_clean_cache': False, 'cmake_clean_first': False, 'cmake_force_configure': False, 'cmake_target': None, 'cmake_target_skip_unavailable': False, 'install_base': '/home/stoair/ros2CV/cv_ws/install/topic', 'merge_install': False, 'path': '/home/stoair/ros2CV/cv_ws/src/topic', 'symlink_install': False, 'test_result_base': None}
[0.248s] INFO:colcon.colcon_core.executor:Executing jobs using 'parallel' executor
[0.249s] DEBUG:colcon.colcon_parallel_executor.executor.parallel:run_until_complete
[0.249s] INFO:colcon.colcon_ros.task.ament_cmake.build:Building ROS package in '/home/stoair/ros2CV/cv_ws/src/topic_interfaces' with build type 'ament_cmake'
[0.249s] INFO:colcon.colcon_cmake.task.cmake.build:Building CMake package in '/home/stoair/ros2CV/cv_ws/src/topic_interfaces'
[0.250s] INFO:colcon.colcon_core.plugin_system:Skipping extension 'colcon_core.shell.bat': Not used on non-Windows systems
[0.251s] INFO:colcon.colcon_core.shell:Skip shell extension 'powershell' for command environment: Not usable outside of PowerShell
[0.251s] DEBUG:colcon.colcon_core.shell:Skip shell extension 'dsv' for command environment
[0.254s] INFO:colcon.colcon_ros.task.ament_cmake.build:Building ROS package in '/home/stoair/ros2CV/cv_ws/src/webcam_topic' with build type 'ament_cmake'
[0.254s] INFO:colcon.colcon_cmake.task.cmake.build:Building CMake package in '/home/stoair/ros2CV/cv_ws/src/webcam_topic'
[0.254s] INFO:colcon.colcon_core.shell:Skip shell extension 'powershell' for command environment: Not usable outside of PowerShell
[0.255s] DEBUG:colcon.colcon_core.shell:Skip shell extension 'dsv' for command environment
[0.257s] INFO:colcon.colcon_ros.task.ament_cmake.build:Building ROS package in '/home/stoair/ros2CV/cv_ws/src/yolo_topic' with build type 'ament_cmake'
[0.257s] INFO:colcon.colcon_cmake.task.cmake.build:Building CMake package in '/home/stoair/ros2CV/cv_ws/src/yolo_topic'
[0.258s] INFO:colcon.colcon_core.shell:Skip shell extension 'powershell' for command environment: Not usable outside of PowerShell
[0.258s] DEBUG:colcon.colcon_core.shell:Skip shell extension 'dsv' for command environment
[0.273s] DEBUG:colcon.colcon_core.event_handler.log_command:Invoking command in '/home/stoair/ros2CV/cv_ws/build/topic_interfaces': CMAKE_PREFIX_PATH=${CMAKE_PREFIX_PATH}:/home/stoair/dev_ws/install/learning_urdf:/home/stoair/dev_ws/install/learning_topic:/home/stoair/dev_ws/install/learning_tf:/home/stoair/dev_ws/install/learning_service:/home/stoair/dev_ws/install/learning_qos:/home/stoair/dev_ws/install/learning_pkg_python:/home/stoair/dev_ws/install/learning_parameter:/home/stoair/dev_ws/install/learning_node:/home/stoair/dev_ws/install/learning_launch:/home/stoair/dev_ws/install/learning_action:/home/stoair/dev_ws/install/learning_gazebo_fortress:/home/stoair/dev_ws/install/learning_gazebo:/home/stoair/dev_ws/install/learning_cv:/opt/ros/humble /usr/bin/cmake --build /home/stoair/ros2CV/cv_ws/build/topic_interfaces -- -j16 -l16
[0.280s] DEBUG:colcon.colcon_core.event_handler.log_command:Invoking command in '/home/stoair/ros2CV/cv_ws/build/webcam_topic': CMAKE_PREFIX_PATH=${CMAKE_PREFIX_PATH}:/home/stoair/dev_ws/install/learning_urdf:/home/stoair/dev_ws/install/learning_topic:/home/stoair/dev_ws/install/learning_tf:/home/stoair/dev_ws/install/learning_service:/home/stoair/dev_ws/install/learning_qos:/home/stoair/dev_ws/install/learning_pkg_python:/home/stoair/dev_ws/install/learning_parameter:/home/stoair/dev_ws/install/learning_node:/home/stoair/dev_ws/install/learning_launch:/home/stoair/dev_ws/install/learning_action:/home/stoair/dev_ws/install/learning_gazebo_fortress:/home/stoair/dev_ws/install/learning_gazebo:/home/stoair/dev_ws/install/learning_cv:/opt/ros/humble /usr/bin/cmake --build /home/stoair/ros2CV/cv_ws/build/webcam_topic -- -j16 -l16
[0.282s] DEBUG:colcon.colcon_core.event_handler.log_command:Invoking command in '/home/stoair/ros2CV/cv_ws/build/yolo_topic': CMAKE_PREFIX_PATH=${CMAKE_PREFIX_PATH}:/home/stoair/dev_ws/install/learning_urdf:/home/stoair/dev_ws/install/learning_topic:/home/stoair/dev_ws/install/learning_tf:/home/stoair/dev_ws/install/learning_service:/home/stoair/dev_ws/install/learning_qos:/home/stoair/dev_ws/install/learning_pkg_python:/home/stoair/dev_ws/install/learning_parameter:/home/stoair/dev_ws/install/learning_node:/home/stoair/dev_ws/install/learning_launch:/home/stoair/dev_ws/install/learning_action:/home/stoair/dev_ws/install/learning_gazebo_fortress:/home/stoair/dev_ws/install/learning_gazebo:/home/stoair/dev_ws/install/learning_cv:/opt/ros/humble /usr/bin/cmake /home/stoair/ros2CV/cv_ws/src/yolo_topic -DCMAKE_INSTALL_PREFIX=/home/stoair/ros2CV/cv_ws/install/yolo_topic
[0.552s] DEBUG:colcon.colcon_core.event_handler.log_command:Invoked command in '/home/stoair/ros2CV/cv_ws/build/topic_interfaces' returned '0': CMAKE_PREFIX_PATH=${CMAKE_PREFIX_PATH}:/home/stoair/dev_ws/install/learning_urdf:/home/stoair/dev_ws/install/learning_topic:/home/stoair/dev_ws/install/learning_tf:/home/stoair/dev_ws/install/learning_service:/home/stoair/dev_ws/install/learning_qos:/home/stoair/dev_ws/install/learning_pkg_python:/home/stoair/dev_ws/install/learning_parameter:/home/stoair/dev_ws/install/learning_node:/home/stoair/dev_ws/install/learning_launch:/home/stoair/dev_ws/install/learning_action:/home/stoair/dev_ws/install/learning_gazebo_fortress:/home/stoair/dev_ws/install/learning_gazebo:/home/stoair/dev_ws/install/learning_cv:/opt/ros/humble /usr/bin/cmake --build /home/stoair/ros2CV/cv_ws/build/topic_interfaces -- -j16 -l16
[0.595s] DEBUG:colcon.colcon_core.event_handler.log_command:Invoking command in '/home/stoair/ros2CV/cv_ws/build/topic_interfaces': CMAKE_PREFIX_PATH=${CMAKE_PREFIX_PATH}:/home/stoair/dev_ws/install/learning_urdf:/home/stoair/dev_ws/install/learning_topic:/home/stoair/dev_ws/install/learning_tf:/home/stoair/dev_ws/install/learning_service:/home/stoair/dev_ws/install/learning_qos:/home/stoair/dev_ws/install/learning_pkg_python:/home/stoair/dev_ws/install/learning_parameter:/home/stoair/dev_ws/install/learning_node:/home/stoair/dev_ws/install/learning_launch:/home/stoair/dev_ws/install/learning_action:/home/stoair/dev_ws/install/learning_gazebo_fortress:/home/stoair/dev_ws/install/learning_gazebo:/home/stoair/dev_ws/install/learning_cv:/opt/ros/humble /usr/bin/cmake --install /home/stoair/ros2CV/cv_ws/build/topic_interfaces
[0.640s] Level 1:colcon.colcon_core.environment:create_environment_scripts_only(topic_interfaces)
[0.640s] DEBUG:colcon.colcon_core.event_handler.log_command:Invoked command in '/home/stoair/ros2CV/cv_ws/build/topic_interfaces' returned '0': CMAKE_PREFIX_PATH=${CMAKE_PREFIX_PATH}:/home/stoair/dev_ws/install/learning_urdf:/home/stoair/dev_ws/install/learning_topic:/home/stoair/dev_ws/install/learning_tf:/home/stoair/dev_ws/install/learning_service:/home/stoair/dev_ws/install/learning_qos:/home/stoair/dev_ws/install/learning_pkg_python:/home/stoair/dev_ws/install/learning_parameter:/home/stoair/dev_ws/install/learning_node:/home/stoair/dev_ws/install/learning_launch:/home/stoair/dev_ws/install/learning_action:/home/stoair/dev_ws/install/learning_gazebo_fortress:/home/stoair/dev_ws/install/learning_gazebo:/home/stoair/dev_ws/install/learning_cv:/opt/ros/humble /usr/bin/cmake --install /home/stoair/ros2CV/cv_ws/build/topic_interfaces
[0.643s] Level 1:colcon.colcon_core.environment:checking '/home/stoair/ros2CV/cv_ws/install/topic_interfaces' for CMake module files
[0.644s] Level 1:colcon.colcon_core.environment:checking '/home/stoair/ros2CV/cv_ws/install/topic_interfaces' for CMake config files
[0.644s] Level 1:colcon.colcon_core.shell:create_environment_hook('topic_interfaces', 'cmake_prefix_path')
[0.645s] INFO:colcon.colcon_core.shell:Creating environment hook '/home/stoair/ros2CV/cv_ws/install/topic_interfaces/share/topic_interfaces/hook/cmake_prefix_path.ps1'
[0.646s] INFO:colcon.colcon_core.shell:Creating environment descriptor '/home/stoair/ros2CV/cv_ws/install/topic_interfaces/share/topic_interfaces/hook/cmake_prefix_path.dsv'
[0.646s] INFO:colcon.colcon_core.shell:Creating environment hook '/home/stoair/ros2CV/cv_ws/install/topic_interfaces/share/topic_interfaces/hook/cmake_prefix_path.sh'
[0.647s] Level 1:colcon.colcon_core.environment:checking '/home/stoair/ros2CV/cv_ws/install/topic_interfaces/lib'
[0.647s] Level 1:colcon.colcon_core.shell:create_environment_hook('topic_interfaces', 'ld_library_path_lib')
[0.647s] INFO:colcon.colcon_core.shell:Creating environment hook '/home/stoair/ros2CV/cv_ws/install/topic_interfaces/share/topic_interfaces/hook/ld_library_path_lib.ps1'
[0.647s] INFO:colcon.colcon_core.shell:Creating environment descriptor '/home/stoair/ros2CV/cv_ws/install/topic_interfaces/share/topic_interfaces/hook/ld_library_path_lib.dsv'
[0.648s] INFO:colcon.colcon_core.shell:Creating environment hook '/home/stoair/ros2CV/cv_ws/install/topic_interfaces/share/topic_interfaces/hook/ld_library_path_lib.sh'
[0.648s] Level 1:colcon.colcon_core.environment:checking '/home/stoair/ros2CV/cv_ws/install/topic_interfaces/bin'
[0.648s] Level 1:colcon.colcon_core.environment:checking '/home/stoair/ros2CV/cv_ws/install/topic_interfaces/lib/pkgconfig/topic_interfaces.pc'
[0.648s] Level 1:colcon.colcon_core.environment:checking '/home/stoair/ros2CV/cv_ws/install/topic_interfaces/lib/python3.10/site-packages'
[0.648s] Level 1:colcon.colcon_core.environment:checking '/home/stoair/ros2CV/cv_ws/install/topic_interfaces/bin'
[0.648s] INFO:colcon.colcon_core.shell:Creating package script '/home/stoair/ros2CV/cv_ws/install/topic_interfaces/share/topic_interfaces/package.ps1'
[0.649s] INFO:colcon.colcon_core.shell:Creating package descriptor '/home/stoair/ros2CV/cv_ws/install/topic_interfaces/share/topic_interfaces/package.dsv'
[0.649s] INFO:colcon.colcon_core.shell:Creating package script '/home/stoair/ros2CV/cv_ws/install/topic_interfaces/share/topic_interfaces/package.sh'
[0.650s] INFO:colcon.colcon_core.shell:Creating package script '/home/stoair/ros2CV/cv_ws/install/topic_interfaces/share/topic_interfaces/package.bash'
[0.650s] INFO:colcon.colcon_core.shell:Creating package script '/home/stoair/ros2CV/cv_ws/install/topic_interfaces/share/topic_interfaces/package.zsh'
[0.650s] Level 1:colcon.colcon_core.environment:create_file_with_runtime_dependencies(/home/stoair/ros2CV/cv_ws/install/topic_interfaces/share/colcon-core/packages/topic_interfaces)
[0.688s] Level 1:colcon.colcon_core.environment:create_environment_scripts_only(topic_interfaces)
[0.688s] Level 1:colcon.colcon_core.environment:checking '/home/stoair/ros2CV/cv_ws/install/topic_interfaces' for CMake module files
[0.689s] Level 1:colcon.colcon_core.environment:checking '/home/stoair/ros2CV/cv_ws/install/topic_interfaces' for CMake config files
[0.689s] Level 1:colcon.colcon_core.shell:create_environment_hook('topic_interfaces', 'cmake_prefix_path')
[0.690s] INFO:colcon.colcon_core.shell:Creating environment hook '/home/stoair/ros2CV/cv_ws/install/topic_interfaces/share/topic_interfaces/hook/cmake_prefix_path.ps1'
[0.690s] INFO:colcon.colcon_core.shell:Creating environment descriptor '/home/stoair/ros2CV/cv_ws/install/topic_interfaces/share/topic_interfaces/hook/cmake_prefix_path.dsv'
[0.691s] INFO:colcon.colcon_core.shell:Creating environment hook '/home/stoair/ros2CV/cv_ws/install/topic_interfaces/share/topic_interfaces/hook/cmake_prefix_path.sh'
[0.691s] Level 1:colcon.colcon_core.environment:checking '/home/stoair/ros2CV/cv_ws/install/topic_interfaces/lib'
[0.692s] Level 1:colcon.colcon_core.shell:create_environment_hook('topic_interfaces', 'ld_library_path_lib')
[0.692s] INFO:colcon.colcon_core.shell:Creating environment hook '/home/stoair/ros2CV/cv_ws/install/topic_interfaces/share/topic_interfaces/hook/ld_library_path_lib.ps1'
[0.692s] INFO:colcon.colcon_core.shell:Creating environment descriptor '/home/stoair/ros2CV/cv_ws/install/topic_interfaces/share/topic_interfaces/hook/ld_library_path_lib.dsv'
[0.692s] INFO:colcon.colcon_core.shell:Creating environment hook '/home/stoair/ros2CV/cv_ws/install/topic_interfaces/share/topic_interfaces/hook/ld_library_path_lib.sh'
[0.693s] Level 1:colcon.colcon_core.environment:checking '/home/stoair/ros2CV/cv_ws/install/topic_interfaces/bin'
[0.693s] Level 1:colcon.colcon_core.environment:checking '/home/stoair/ros2CV/cv_ws/install/topic_interfaces/lib/pkgconfig/topic_interfaces.pc'
[0.693s] Level 1:colcon.colcon_core.environment:checking '/home/stoair/ros2CV/cv_ws/install/topic_interfaces/lib/python3.10/site-packages'
[0.694s] Level 1:colcon.colcon_core.environment:checking '/home/stoair/ros2CV/cv_ws/install/topic_interfaces/bin'
[0.694s] INFO:colcon.colcon_core.shell:Creating package script '/home/stoair/ros2CV/cv_ws/install/topic_interfaces/share/topic_interfaces/package.ps1'
[0.695s] INFO:colcon.colcon_core.shell:Creating package descriptor '/home/stoair/ros2CV/cv_ws/install/topic_interfaces/share/topic_interfaces/package.dsv'
[0.695s] INFO:colcon.colcon_core.shell:Creating package script '/home/stoair/ros2CV/cv_ws/install/topic_interfaces/share/topic_interfaces/package.sh'
[0.696s] INFO:colcon.colcon_core.shell:Creating package script '/home/stoair/ros2CV/cv_ws/install/topic_interfaces/share/topic_interfaces/package.bash'
[0.696s] INFO:colcon.colcon_core.shell:Creating package script '/home/stoair/ros2CV/cv_ws/install/topic_interfaces/share/topic_interfaces/package.zsh'
[0.697s] Level 1:colcon.colcon_core.environment:create_file_with_runtime_dependencies(/home/stoair/ros2CV/cv_ws/install/topic_interfaces/share/colcon-core/packages/topic_interfaces)
[0.697s] INFO:colcon.colcon_ros.task.ament_cmake.build:Building ROS package in '/home/stoair/ros2CV/cv_ws/src/topic' with build type 'ament_cmake'
[0.697s] INFO:colcon.colcon_cmake.task.cmake.build:Building CMake package in '/home/stoair/ros2CV/cv_ws/src/topic'
[0.698s] INFO:colcon.colcon_core.shell:Skip shell extension 'powershell' for command environment: Not usable outside of PowerShell
[0.698s] DEBUG:colcon.colcon_core.shell:Skip shell extension 'dsv' for command environment
[0.709s] DEBUG:colcon.colcon_core.event_handler.log_command:Invoking command in '/home/stoair/ros2CV/cv_ws/build/topic': CMAKE_PREFIX_PATH=/home/stoair/ros2CV/cv_ws/install/topic_interfaces:/home/stoair/ros2CV/cv_ws/install/webcam_topic:/home/stoair/learn_ws/install/service:/home/stoair/learn_ws/install/own_service:/home/stoair/learn_ws/install/ros_interfaces:/home/stoair/learn_ws/install/helloworld:/home/stoair/learn_ws/install/hellotopic:/home/stoair/dev_ws/install/learning_topic_cpp:/home/stoair/dev_ws/install/learning_tf_cpp:/home/stoair/dev_ws/install/learning_service_cpp:/home/stoair/dev_ws/install/learning_pkg_c:/home/stoair/dev_ws/install/learning_parameter_cpp:/home/stoair/dev_ws/install/learning_node_cpp:/home/stoair/dev_ws/install/learning_action_cpp:/home/stoair/dev_ws/install/learning_interface:/home/stoair/dev_ws/install/learning_urdf:/home/stoair/dev_ws/install/learning_topic:/home/stoair/dev_ws/install/learning_tf:/home/stoair/dev_ws/install/learning_service:/home/stoair/dev_ws/install/learning_qos:/home/stoair/dev_ws/install/learning_pkg_python:/home/stoair/dev_ws/install/learning_parameter:/home/stoair/dev_ws/install/learning_node:/home/stoair/dev_ws/install/learning_launch:/home/stoair/dev_ws/install/learning_action:/home/stoair/dev_ws/install/learning_gazebo_fortress:/home/stoair/dev_ws/install/learning_gazebo:/home/stoair/dev_ws/install/learning_cv:/opt/ros/humble LD_LIBRARY_PATH=/home/stoair/ros2CV/cv_ws/install/topic_interfaces/lib:/usr/local/cuda-12.1/lib64:/home/stoair/learn_ws/install/ros_interfaces/lib:/home/stoair/dev_ws/install/learning_interface/lib:/opt/ros/humble/opt/rviz_ogre_vendor/lib:/opt/ros/humble/lib/x86_64-linux-gnu:/opt/ros/humble/lib:/usr/local/cuda-12.1/lib64:/usr/local/lib:/usr/local/lib /usr/bin/cmake --build /home/stoair/ros2CV/cv_ws/build/topic -- -j16 -l16
[0.913s] DEBUG:colcon.colcon_core.event_handler.log_command:Invoked command in '/home/stoair/ros2CV/cv_ws/build/webcam_topic' returned '0': CMAKE_PREFIX_PATH=${CMAKE_PREFIX_PATH}:/home/stoair/dev_ws/install/learning_urdf:/home/stoair/dev_ws/install/learning_topic:/home/stoair/dev_ws/install/learning_tf:/home/stoair/dev_ws/install/learning_service:/home/stoair/dev_ws/install/learning_qos:/home/stoair/dev_ws/install/learning_pkg_python:/home/stoair/dev_ws/install/learning_parameter:/home/stoair/dev_ws/install/learning_node:/home/stoair/dev_ws/install/learning_launch:/home/stoair/dev_ws/install/learning_action:/home/stoair/dev_ws/install/learning_gazebo_fortress:/home/stoair/dev_ws/install/learning_gazebo:/home/stoair/dev_ws/install/learning_cv:/opt/ros/humble /usr/bin/cmake --build /home/stoair/ros2CV/cv_ws/build/webcam_topic -- -j16 -l16
[0.933s] DEBUG:colcon.colcon_core.event_handler.log_command:Invoking command in '/home/stoair/ros2CV/cv_ws/build/webcam_topic': CMAKE_PREFIX_PATH=${CMAKE_PREFIX_PATH}:/home/stoair/dev_ws/install/learning_urdf:/home/stoair/dev_ws/install/learning_topic:/home/stoair/dev_ws/install/learning_tf:/home/stoair/dev_ws/install/learning_service:/home/stoair/dev_ws/install/learning_qos:/home/stoair/dev_ws/install/learning_pkg_python:/home/stoair/dev_ws/install/learning_parameter:/home/stoair/dev_ws/install/learning_node:/home/stoair/dev_ws/install/learning_launch:/home/stoair/dev_ws/install/learning_action:/home/stoair/dev_ws/install/learning_gazebo_fortress:/home/stoair/dev_ws/install/learning_gazebo:/home/stoair/dev_ws/install/learning_cv:/opt/ros/humble /usr/bin/cmake --install /home/stoair/ros2CV/cv_ws/build/webcam_topic
[0.940s] Level 1:colcon.colcon_core.environment:create_environment_scripts_only(webcam_topic)
[0.940s] Level 1:colcon.colcon_core.environment:checking '/home/stoair/ros2CV/cv_ws/install/webcam_topic' for CMake module files
[0.940s] DEBUG:colcon.colcon_core.event_handler.log_command:Invoked command in '/home/stoair/ros2CV/cv_ws/build/webcam_topic' returned '0': CMAKE_PREFIX_PATH=${CMAKE_PREFIX_PATH}:/home/stoair/dev_ws/install/learning_urdf:/home/stoair/dev_ws/install/learning_topic:/home/stoair/dev_ws/install/learning_tf:/home/stoair/dev_ws/install/learning_service:/home/stoair/dev_ws/install/learning_qos:/home/stoair/dev_ws/install/learning_pkg_python:/home/stoair/dev_ws/install/learning_parameter:/home/stoair/dev_ws/install/learning_node:/home/stoair/dev_ws/install/learning_launch:/home/stoair/dev_ws/install/learning_action:/home/stoair/dev_ws/install/learning_gazebo_fortress:/home/stoair/dev_ws/install/learning_gazebo:/home/stoair/dev_ws/install/learning_cv:/opt/ros/humble /usr/bin/cmake --install /home/stoair/ros2CV/cv_ws/build/webcam_topic
[0.941s] Level 1:colcon.colcon_core.environment:checking '/home/stoair/ros2CV/cv_ws/install/webcam_topic' for CMake config files
[0.941s] Level 1:colcon.colcon_core.shell:create_environment_hook('webcam_topic', 'cmake_prefix_path')
[0.941s] INFO:colcon.colcon_core.shell:Creating environment hook '/home/stoair/ros2CV/cv_ws/install/webcam_topic/share/webcam_topic/hook/cmake_prefix_path.ps1'
[0.942s] INFO:colcon.colcon_core.shell:Creating environment descriptor '/home/stoair/ros2CV/cv_ws/install/webcam_topic/share/webcam_topic/hook/cmake_prefix_path.dsv'
[0.942s] INFO:colcon.colcon_core.shell:Creating environment hook '/home/stoair/ros2CV/cv_ws/install/webcam_topic/share/webcam_topic/hook/cmake_prefix_path.sh'
[0.943s] Level 1:colcon.colcon_core.environment:checking '/home/stoair/ros2CV/cv_ws/install/webcam_topic/lib'
[0.943s] Level 1:colcon.colcon_core.environment:checking '/home/stoair/ros2CV/cv_ws/install/webcam_topic/bin'
[0.943s] Level 1:colcon.colcon_core.environment:checking '/home/stoair/ros2CV/cv_ws/install/webcam_topic/lib/pkgconfig/webcam_topic.pc'
[0.943s] Level 1:colcon.colcon_core.environment:checking '/home/stoair/ros2CV/cv_ws/install/webcam_topic/lib/python3.10/site-packages'
[0.944s] Level 1:colcon.colcon_core.environment:checking '/home/stoair/ros2CV/cv_ws/install/webcam_topic/bin'
[0.944s] INFO:colcon.colcon_core.shell:Creating package script '/home/stoair/ros2CV/cv_ws/install/webcam_topic/share/webcam_topic/package.ps1'
[0.944s] INFO:colcon.colcon_core.shell:Creating package descriptor '/home/stoair/ros2CV/cv_ws/install/webcam_topic/share/webcam_topic/package.dsv'
[0.944s] INFO:colcon.colcon_core.shell:Creating package script '/home/stoair/ros2CV/cv_ws/install/webcam_topic/share/webcam_topic/package.sh'
[0.944s] INFO:colcon.colcon_core.shell:Creating package script '/home/stoair/ros2CV/cv_ws/install/webcam_topic/share/webcam_topic/package.bash'
[0.945s] INFO:colcon.colcon_core.shell:Creating package script '/home/stoair/ros2CV/cv_ws/install/webcam_topic/share/webcam_topic/package.zsh'
[0.945s] Level 1:colcon.colcon_core.environment:create_file_with_runtime_dependencies(/home/stoair/ros2CV/cv_ws/install/webcam_topic/share/colcon-core/packages/webcam_topic)
[0.966s] Level 1:colcon.colcon_core.environment:create_environment_scripts_only(webcam_topic)
[0.966s] Level 1:colcon.colcon_core.environment:checking '/home/stoair/ros2CV/cv_ws/install/webcam_topic' for CMake module files
[0.967s] Level 1:colcon.colcon_core.environment:checking '/home/stoair/ros2CV/cv_ws/install/webcam_topic' for CMake config files
[0.967s] Level 1:colcon.colcon_core.shell:create_environment_hook('webcam_topic', 'cmake_prefix_path')
[0.967s] INFO:colcon.colcon_core.shell:Creating environment hook '/home/stoair/ros2CV/cv_ws/install/webcam_topic/share/webcam_topic/hook/cmake_prefix_path.ps1'
[0.968s] INFO:colcon.colcon_core.shell:Creating environment descriptor '/home/stoair/ros2CV/cv_ws/install/webcam_topic/share/webcam_topic/hook/cmake_prefix_path.dsv'
[0.968s] INFO:colcon.colcon_core.shell:Creating environment hook '/home/stoair/ros2CV/cv_ws/install/webcam_topic/share/webcam_topic/hook/cmake_prefix_path.sh'
[0.969s] Level 1:colcon.colcon_core.environment:checking '/home/stoair/ros2CV/cv_ws/install/webcam_topic/lib'
[0.969s] Level 1:colcon.colcon_core.environment:checking '/home/stoair/ros2CV/cv_ws/install/webcam_topic/bin'
[0.969s] Level 1:colcon.colcon_core.environment:checking '/home/stoair/ros2CV/cv_ws/install/webcam_topic/lib/pkgconfig/webcam_topic.pc'
[0.969s] Level 1:colcon.colcon_core.environment:checking '/home/stoair/ros2CV/cv_ws/install/webcam_topic/lib/python3.10/site-packages'
[0.969s] Level 1:colcon.colcon_core.environment:checking '/home/stoair/ros2CV/cv_ws/install/webcam_topic/bin'
[0.970s] INFO:colcon.colcon_core.shell:Creating package script '/home/stoair/ros2CV/cv_ws/install/webcam_topic/share/webcam_topic/package.ps1'
[0.970s] INFO:colcon.colcon_core.shell:Creating package descriptor '/home/stoair/ros2CV/cv_ws/install/webcam_topic/share/webcam_topic/package.dsv'
[0.971s] INFO:colcon.colcon_core.shell:Creating package script '/home/stoair/ros2CV/cv_ws/install/webcam_topic/share/webcam_topic/package.sh'
[0.971s] INFO:colcon.colcon_core.shell:Creating package script '/home/stoair/ros2CV/cv_ws/install/webcam_topic/share/webcam_topic/package.bash'
[0.972s] INFO:colcon.colcon_core.shell:Creating package script '/home/stoair/ros2CV/cv_ws/install/webcam_topic/share/webcam_topic/package.zsh'
[0.972s] Level 1:colcon.colcon_core.environment:create_file_with_runtime_dependencies(/home/stoair/ros2CV/cv_ws/install/webcam_topic/share/colcon-core/packages/webcam_topic)
[1.273s] DEBUG:colcon.colcon_core.event_handler.log_command:Invoked command in '/home/stoair/ros2CV/cv_ws/build/topic' returned '2': CMAKE_PREFIX_PATH=/home/stoair/ros2CV/cv_ws/install/topic_interfaces:/home/stoair/ros2CV/cv_ws/install/webcam_topic:/home/stoair/learn_ws/install/service:/home/stoair/learn_ws/install/own_service:/home/stoair/learn_ws/install/ros_interfaces:/home/stoair/learn_ws/install/helloworld:/home/stoair/learn_ws/install/hellotopic:/home/stoair/dev_ws/install/learning_topic_cpp:/home/stoair/dev_ws/install/learning_tf_cpp:/home/stoair/dev_ws/install/learning_service_cpp:/home/stoair/dev_ws/install/learning_pkg_c:/home/stoair/dev_ws/install/learning_parameter_cpp:/home/stoair/dev_ws/install/learning_node_cpp:/home/stoair/dev_ws/install/learning_action_cpp:/home/stoair/dev_ws/install/learning_interface:/home/stoair/dev_ws/install/learning_urdf:/home/stoair/dev_ws/install/learning_topic:/home/stoair/dev_ws/install/learning_tf:/home/stoair/dev_ws/install/learning_service:/home/stoair/dev_ws/install/learning_qos:/home/stoair/dev_ws/install/learning_pkg_python:/home/stoair/dev_ws/install/learning_parameter:/home/stoair/dev_ws/install/learning_node:/home/stoair/dev_ws/install/learning_launch:/home/stoair/dev_ws/install/learning_action:/home/stoair/dev_ws/install/learning_gazebo_fortress:/home/stoair/dev_ws/install/learning_gazebo:/home/stoair/dev_ws/install/learning_cv:/opt/ros/humble LD_LIBRARY_PATH=/home/stoair/ros2CV/cv_ws/install/topic_interfaces/lib:/usr/local/cuda-12.1/lib64:/home/stoair/learn_ws/install/ros_interfaces/lib:/home/stoair/dev_ws/install/learning_interface/lib:/opt/ros/humble/opt/rviz_ogre_vendor/lib:/opt/ros/humble/lib/x86_64-linux-gnu:/opt/ros/humble/lib:/usr/local/cuda-12.1/lib64:/usr/local/lib:/usr/local/lib /usr/bin/cmake --build /home/stoair/ros2CV/cv_ws/build/topic -- -j16 -l16
[1.292s] Level 1:colcon.colcon_core.environment:create_environment_scripts_only(topic)
[1.292s] Level 1:colcon.colcon_core.environment:checking '/home/stoair/ros2CV/cv_ws/install/topic' for CMake module files
[1.293s] Level 1:colcon.colcon_core.environment:checking '/home/stoair/ros2CV/cv_ws/install/topic' for CMake config files
[1.293s] Level 1:colcon.colcon_core.environment:checking '/home/stoair/ros2CV/cv_ws/install/topic/bin'
[1.293s] Level 1:colcon.colcon_core.environment:checking '/home/stoair/ros2CV/cv_ws/install/topic/lib/pkgconfig/topic.pc'
[1.293s] Level 1:colcon.colcon_core.environment:checking '/home/stoair/ros2CV/cv_ws/install/topic/lib/python3.10/site-packages'
[1.293s] Level 1:colcon.colcon_core.environment:checking '/home/stoair/ros2CV/cv_ws/install/topic/bin'
[1.293s] INFO:colcon.colcon_core.shell:Creating package script '/home/stoair/ros2CV/cv_ws/install/topic/share/topic/package.ps1'
[1.294s] INFO:colcon.colcon_core.shell:Creating package descriptor '/home/stoair/ros2CV/cv_ws/install/topic/share/topic/package.dsv'
[1.294s] INFO:colcon.colcon_core.shell:Creating package script '/home/stoair/ros2CV/cv_ws/install/topic/share/topic/package.sh'
[1.294s] INFO:colcon.colcon_core.shell:Creating package script '/home/stoair/ros2CV/cv_ws/install/topic/share/topic/package.bash'
[1.294s] INFO:colcon.colcon_core.shell:Creating package script '/home/stoair/ros2CV/cv_ws/install/topic/share/topic/package.zsh'
[1.295s] Level 1:colcon.colcon_core.environment:create_file_with_runtime_dependencies(/home/stoair/ros2CV/cv_ws/install/topic/share/colcon-core/packages/topic)
[1.325s] DEBUG:colcon.colcon_parallel_executor.executor.parallel:closing loop
[1.325s] DEBUG:colcon.colcon_parallel_executor.executor.parallel:loop closed
[1.325s] DEBUG:colcon.colcon_parallel_executor.executor.parallel:run_until_complete finished with '2'
[1.325s] DEBUG:colcon.colcon_core.event_reactor:joining thread
[1.332s] INFO:colcon.colcon_core.plugin_system:Skipping extension 'colcon_notification.desktop_notification.terminal_notifier': Not used on non-Darwin systems
[1.332s] INFO:colcon.colcon_core.plugin_system:Skipping extension 'colcon_notification.desktop_notification.win32': Not used on non-Windows systems
[1.332s] INFO:colcon.colcon_notification.desktop_notification:Sending desktop notification using 'notify2'
[1.345s] DEBUG:colcon.colcon_core.event_reactor:joined thread
[1.346s] INFO:colcon.colcon_core.shell:Creating prefix script '/home/stoair/ros2CV/cv_ws/install/local_setup.ps1'
[1.349s] INFO:colcon.colcon_core.shell:Creating prefix util module '/home/stoair/ros2CV/cv_ws/install/_local_setup_util_ps1.py'
[1.352s] INFO:colcon.colcon_core.shell:Creating prefix chain script '/home/stoair/ros2CV/cv_ws/install/setup.ps1'
[1.359s] INFO:colcon.colcon_core.shell:Creating prefix script '/home/stoair/ros2CV/cv_ws/install/local_setup.sh'
[1.361s] INFO:colcon.colcon_core.shell:Creating prefix util module '/home/stoair/ros2CV/cv_ws/install/_local_setup_util_sh.py'
[1.362s] INFO:colcon.colcon_core.shell:Creating prefix chain script '/home/stoair/ros2CV/cv_ws/install/setup.sh'
[1.368s] INFO:colcon.colcon_core.shell:Creating prefix script '/home/stoair/ros2CV/cv_ws/install/local_setup.bash'
[1.369s] INFO:colcon.colcon_core.shell:Creating prefix chain script '/home/stoair/ros2CV/cv_ws/install/setup.bash'
[1.373s] INFO:colcon.colcon_core.shell:Creating prefix script '/home/stoair/ros2CV/cv_ws/install/local_setup.zsh'
[1.374s] INFO:colcon.colcon_core.shell:Creating prefix chain script '/home/stoair/ros2CV/cv_ws/install/setup.zsh'
