[0.009s] Invoking command in '/home/stoair/ros2CV/cv_ws/build/topic': AMENT_PREFIX_PATH=/home/stoair/ros2CV/cv_ws/install/topic_interfaces:${AMENT_PREFIX_PATH} CMAKE_PREFIX_PATH=/home/stoair/ros2CV/cv_ws/install/topic_interfaces:/home/stoair/ros2CV/cv_ws/install/webcam_topic:/home/stoair/learn_ws/install/service:/home/stoair/learn_ws/install/own_service:/home/stoair/learn_ws/install/ros_interfaces:/home/stoair/learn_ws/install/helloworld:/home/stoair/learn_ws/install/hellotopic:/home/stoair/dev_ws/install/learning_topic_cpp:/home/stoair/dev_ws/install/learning_tf_cpp:/home/stoair/dev_ws/install/learning_service_cpp:/home/stoair/dev_ws/install/learning_pkg_c:/home/stoair/dev_ws/install/learning_parameter_cpp:/home/stoair/dev_ws/install/learning_node_cpp:/home/stoair/dev_ws/install/learning_action_cpp:/home/stoair/dev_ws/install/learning_interface:/home/stoair/dev_ws/install/learning_urdf:/home/stoair/dev_ws/install/learning_topic:/home/stoair/dev_ws/install/learning_tf:/home/stoair/dev_ws/install/learning_service:/home/stoair/dev_ws/install/learning_qos:/home/stoair/dev_ws/install/learning_pkg_python:/home/stoair/dev_ws/install/learning_parameter:/home/stoair/dev_ws/install/learning_node:/home/stoair/dev_ws/install/learning_launch:/home/stoair/dev_ws/install/learning_action:/home/stoair/dev_ws/install/learning_gazebo_fortress:/home/stoair/dev_ws/install/learning_gazebo:/home/stoair/dev_ws/install/learning_cv:/opt/ros/humble CONDA_PROMPT_MODIFIER=(base) LD_LIBRARY_PATH=/home/stoair/ros2CV/cv_ws/install/topic_interfaces/lib:/usr/local/cuda-12.1/lib64:/home/stoair/learn_ws/install/ros_interfaces/lib:/home/stoair/dev_ws/install/learning_interface/lib:/opt/ros/humble/opt/rviz_ogre_vendor/lib:/opt/ros/humble/lib/x86_64-linux-gnu:/opt/ros/humble/lib:/usr/local/cuda-12.1/lib64:/usr/local/lib:/usr/local/lib PYTHONPATH=/home/stoair/ros2CV/cv_ws/install/topic_interfaces/lib/python3.11/site-packages:${PYTHONPATH} /usr/bin/cmake --build /home/stoair/ros2CV/cv_ws/build/topic -- -j16 -l16
[0.046s] [35m[1mConsolidate compiler generated dependencies of target image_sub[0m
[0.056s] [ 25%] [32mBuilding CXX object CMakeFiles/image_pub.dir/src/image_pub.cpp.o[0m
[0.061s] [ 50%] [32mBuilding CXX object CMakeFiles/image_sub.dir/src/image_sub.cpp.o[0m
[2.631s] In file included from [01m[K/opt/ros/humble/include/rclcpp/rclcpp/logging.hpp:24[m[K,
[2.631s]                  from [01m[K/opt/ros/humble/include/rclcpp/rclcpp/client.hpp:40[m[K,
[2.631s]                  from [01m[K/opt/ros/humble/include/rclcpp/rclcpp/callback_group.hpp:24[m[K,
[2.631s]                  from [01m[K/opt/ros/humble/include/rclcpp/rclcpp/any_executable.hpp:20[m[K,
[2.631s]                  from [01m[K/opt/ros/humble/include/rclcpp/rclcpp/memory_strategy.hpp:25[m[K,
[2.631s]                  from [01m[K/opt/ros/humble/include/rclcpp/rclcpp/memory_strategies.hpp:18[m[K,
[2.631s]                  from [01m[K/opt/ros/humble/include/rclcpp/rclcpp/executor_options.hpp:20[m[K,
[2.631s]                  from [01m[K/opt/ros/humble/include/rclcpp/rclcpp/executor.hpp:37[m[K,
[2.631s]                  from [01m[K/opt/ros/humble/include/rclcpp/rclcpp/executors/multi_threaded_executor.hpp:25[m[K,
[2.631s]                  from [01m[K/opt/ros/humble/include/rclcpp/rclcpp/executors.hpp:21[m[K,
[2.631s]                  from [01m[K/opt/ros/humble/include/rclcpp/rclcpp/rclcpp.hpp:155[m[K,
[2.631s]                  from [01m[K/home/stoair/ros2CV/cv_ws/src/topic/include/global.h:14[m[K,
[2.631s]                  from [01m[K/home/stoair/ros2CV/cv_ws/src/topic/src/image_pub.cpp:1[m[K:
[2.632s] [01m[K/home/stoair/ros2CV/cv_ws/src/topic/src/image_pub.cpp:[m[K In member function ‘[01m[Kvoid imagePub::coord_callback(topic_interfaces::msg::Coord_<std::allocator<void> >::SharedPtr)[m[K’:
[2.632s] [01m[K/home/stoair/ros2CV/cv_ws/src/topic/src/image_pub.cpp:40:61:[m[K [01;31m[Kerror: [m[K‘[01m[Kx[m[K’ was not declared in this scope
[2.632s]    40 |         RCLCPP_INFO(this->get_logger(), "收到坐标(%d, %d)", [01;31m[Kx[m[K, y);
[2.632s]       |                                                             [01;31m[K^[m[K
[2.635s] [01m[K/home/stoair/ros2CV/cv_ws/src/topic/src/image_pub.cpp:40:64:[m[K [01;31m[Kerror: [m[K‘[01m[Ky[m[K’ was not declared in this scope; did you mean ‘[01m[Kyn[m[K’?
[2.635s]    40 |         RCLCPP_INFO(this->get_logger(), "收到坐标(%d, %d)", x, [01;31m[Ky[m[K);
[2.635s]       |                                                                [01;31m[K^[m[K
[2.733s] [01m[K/home/stoair/ros2CV/cv_ws/src/topic/src/image_sub.cpp:[m[K In member function ‘[01m[Kvoid imageSub::timer_callback()[m[K’:
[2.733s] [01m[K/home/stoair/ros2CV/cv_ws/src/topic/src/image_sub.cpp:116:21:[m[K [01;31m[Kerror: [m[Kno matching function for call to ‘[01m[Kgetline(std::string&, std::string&, char)[m[K’
[2.733s]   116 |         [01;31m[Kstd::getline(iss, x_str, ',')[m[K;
[2.733s]       |         [01;31m[K~~~~~~~~~~~~^~~~~~~~~~~~~~~~~[m[K
[2.733s] In file included from [01m[K/usr/include/c++/11/string:56[m[K,
[2.733s]                  from [01m[K/usr/include/c++/11/bits/locale_classes.h:40[m[K,
[2.733s]                  from [01m[K/usr/include/c++/11/bits/ios_base.h:41[m[K,
[2.734s]                  from [01m[K/usr/include/c++/11/ios:42[m[K,
[2.734s]                  from [01m[K/usr/include/c++/11/istream:38[m[K,
[2.735s]                  from [01m[K/usr/include/c++/11/sstream:38[m[K,
[2.735s]                  from [01m[K/usr/include/c++/11/complex:45[m[K,
[2.735s]                  from [01m[K/usr/include/eigen3/Eigen/Core:50[m[K,
[2.735s]                  from [01m[K/home/stoair/ros2CV/cv_ws/src/topic/include/global.h:4[m[K,
[2.735s]                  from [01m[K/home/stoair/ros2CV/cv_ws/src/topic/src/image_sub.cpp:1[m[K:
[2.735s] [01m[K/usr/include/c++/11/bits/basic_string.tcc:1557:5:[m[K [01;36m[Knote: [m[Kcandidate: ‘[01m[Ktemplate<class _CharT, class _Traits, class _Alloc> std::basic_istream<_CharT, _Traits>& std::getline(std::basic_istream<_CharT, _Traits>&, std::__cxx11::basic_string<_CharT, _Traits, _Allocator>&, _CharT)[m[K’
[2.735s]  1557 |     [01;36m[Kgetline[m[K(basic_istream<_CharT, _Traits>& __in,
[2.735s]       |     [01;36m[K^~~~~~~[m[K
[2.736s] [01m[K/usr/include/c++/11/bits/basic_string.tcc:1557:5:[m[K [01;36m[Knote: [m[K  template argument deduction/substitution failed:
[2.736s] [01m[K/home/stoair/ros2CV/cv_ws/src/topic/src/image_sub.cpp:116:21:[m[K [01;36m[Knote: [m[K  ‘[01m[Kstd::string[m[K’ {aka ‘[01m[Kstd::__cxx11::basic_string<char>[m[K’} is not derived from ‘[01m[Kstd::basic_istream<_CharT, _Traits>[m[K’
[2.736s]   116 |         [01;36m[Kstd::getline(iss, x_str, ',')[m[K;
[2.736s]       |         [01;36m[K~~~~~~~~~~~~^~~~~~~~~~~~~~~~~[m[K
[2.736s] In file included from [01m[K/usr/include/c++/11/string:55[m[K,
[2.736s]                  from [01m[K/usr/include/c++/11/bits/locale_classes.h:40[m[K,
[2.736s]                  from [01m[K/usr/include/c++/11/bits/ios_base.h:41[m[K,
[2.736s]                  from [01m[K/usr/include/c++/11/ios:42[m[K,
[2.736s]                  from [01m[K/usr/include/c++/11/istream:38[m[K,
[2.736s]                  from [01m[K/usr/include/c++/11/sstream:38[m[K,
[2.736s]                  from [01m[K/usr/include/c++/11/complex:45[m[K,
[2.736s]                  from [01m[K/usr/include/eigen3/Eigen/Core:50[m[K,
[2.736s]                  from [01m[K/home/stoair/ros2CV/cv_ws/src/topic/include/global.h:4[m[K,
[2.736s]                  from [01m[K/home/stoair/ros2CV/cv_ws/src/topic/src/image_sub.cpp:1[m[K:
[2.736s] [01m[K/usr/include/c++/11/bits/basic_string.h:6571:5:[m[K [01;36m[Knote: [m[Kcandidate: ‘[01m[Ktemplate<class _CharT, class _Traits, class _Alloc> std::basic_istream<_CharT, _Traits>& std::getline(std::basic_istream<_CharT, _Traits>&, std::__cxx11::basic_string<_CharT, _Traits, _Allocator>&)[m[K’
[2.736s]  6571 |     [01;36m[Kgetline[m[K(basic_istream<_CharT, _Traits>& __is,
[2.736s]       |     [01;36m[K^~~~~~~[m[K
[2.736s] [01m[K/usr/include/c++/11/bits/basic_string.h:6571:5:[m[K [01;36m[Knote: [m[K  template argument deduction/substitution failed:
[2.736s] [01m[K/home/stoair/ros2CV/cv_ws/src/topic/src/image_sub.cpp:116:21:[m[K [01;36m[Knote: [m[K  ‘[01m[Kstd::string[m[K’ {aka ‘[01m[Kstd::__cxx11::basic_string<char>[m[K’} is not derived from ‘[01m[Kstd::basic_istream<_CharT, _Traits>[m[K’
[2.736s]   116 |         [01;36m[Kstd::getline(iss, x_str, ',')[m[K;
[2.736s]       |         [01;36m[K~~~~~~~~~~~~^~~~~~~~~~~~~~~~~[m[K
[2.736s] In file included from [01m[K/usr/include/c++/11/string:55[m[K,
[2.736s]                  from [01m[K/usr/include/c++/11/bits/locale_classes.h:40[m[K,
[2.736s]                  from [01m[K/usr/include/c++/11/bits/ios_base.h:41[m[K,
[2.736s]                  from [01m[K/usr/include/c++/11/ios:42[m[K,
[2.737s]                  from [01m[K/usr/include/c++/11/istream:38[m[K,
[2.737s]                  from [01m[K/usr/include/c++/11/sstream:38[m[K,
[2.737s]                  from [01m[K/usr/include/c++/11/complex:45[m[K,
[2.737s]                  from [01m[K/usr/include/eigen3/Eigen/Core:50[m[K,
[2.737s]                  from [01m[K/home/stoair/ros2CV/cv_ws/src/topic/include/global.h:4[m[K,
[2.737s]                  from [01m[K/home/stoair/ros2CV/cv_ws/src/topic/src/image_sub.cpp:1[m[K:
[2.737s] [01m[K/usr/include/c++/11/bits/basic_string.h:6579:5:[m[K [01;36m[Knote: [m[Kcandidate: ‘[01m[Ktemplate<class _CharT, class _Traits, class _Alloc> std::basic_istream<_CharT, _Traits>& std::getline(std::basic_istream<_CharT, _Traits>&&, std::__cxx11::basic_string<_CharT, _Traits, _Allocator>&, _CharT)[m[K’
[2.737s]  6579 |     [01;36m[Kgetline[m[K(basic_istream<_CharT, _Traits>&& __is,
[2.737s]       |     [01;36m[K^~~~~~~[m[K
[2.737s] [01m[K/usr/include/c++/11/bits/basic_string.h:6579:5:[m[K [01;36m[Knote: [m[K  template argument deduction/substitution failed:
[2.737s] [01m[K/home/stoair/ros2CV/cv_ws/src/topic/src/image_sub.cpp:116:21:[m[K [01;36m[Knote: [m[K  ‘[01m[Kstd::string[m[K’ {aka ‘[01m[Kstd::__cxx11::basic_string<char>[m[K’} is not derived from ‘[01m[Kstd::basic_istream<_CharT, _Traits>[m[K’
[2.737s]   116 |         [01;36m[Kstd::getline(iss, x_str, ',')[m[K;
[2.737s]       |         [01;36m[K~~~~~~~~~~~~^~~~~~~~~~~~~~~~~[m[K
[2.737s] In file included from [01m[K/usr/include/c++/11/string:55[m[K,
[2.737s]                  from [01m[K/usr/include/c++/11/bits/locale_classes.h:40[m[K,
[2.737s]                  from [01m[K/usr/include/c++/11/bits/ios_base.h:41[m[K,
[2.737s]                  from [01m[K/usr/include/c++/11/ios:42[m[K,
[2.737s]                  from [01m[K/usr/include/c++/11/istream:38[m[K,
[2.737s]                  from [01m[K/usr/include/c++/11/sstream:38[m[K,
[2.737s]                  from [01m[K/usr/include/c++/11/complex:45[m[K,
[2.737s]                  from [01m[K/usr/include/eigen3/Eigen/Core:50[m[K,
[2.737s]                  from [01m[K/home/stoair/ros2CV/cv_ws/src/topic/include/global.h:4[m[K,
[2.737s]                  from [01m[K/home/stoair/ros2CV/cv_ws/src/topic/src/image_sub.cpp:1[m[K:
[2.737s] [01m[K/usr/include/c++/11/bits/basic_string.h:6586:5:[m[K [01;36m[Knote: [m[Kcandidate: ‘[01m[Ktemplate<class _CharT, class _Traits, class _Alloc> std::basic_istream<_CharT, _Traits>& std::getline(std::basic_istream<_CharT, _Traits>&&, std::__cxx11::basic_string<_CharT, _Traits, _Allocator>&)[m[K’
[2.737s]  6586 |     [01;36m[Kgetline[m[K(basic_istream<_CharT, _Traits>&& __is,
[2.737s]       |     [01;36m[K^~~~~~~[m[K
[2.737s] [01m[K/usr/include/c++/11/bits/basic_string.h:6586:5:[m[K [01;36m[Knote: [m[K  template argument deduction/substitution failed:
[2.737s] [01m[K/home/stoair/ros2CV/cv_ws/src/topic/src/image_sub.cpp:116:21:[m[K [01;36m[Knote: [m[K  ‘[01m[Kstd::string[m[K’ {aka ‘[01m[Kstd::__cxx11::basic_string<char>[m[K’} is not derived from ‘[01m[Kstd::basic_istream<_CharT, _Traits>[m[K’
[2.737s]   116 |         [01;36m[Kstd::getline(iss, x_str, ',')[m[K;
[2.737s]       |         [01;36m[K~~~~~~~~~~~~^~~~~~~~~~~~~~~~~[m[K
[2.737s] [01m[K/home/stoair/ros2CV/cv_ws/src/topic/src/image_sub.cpp:117:21:[m[K [01;31m[Kerror: [m[Kno matching function for call to ‘[01m[Kgetline(std::string&, std::string&, char)[m[K’
[2.737s]   117 |         [01;31m[Kstd::getline(iss, y_str, ',')[m[K;
[2.738s]       |         [01;31m[K~~~~~~~~~~~~^~~~~~~~~~~~~~~~~[m[K
[2.738s] In file included from [01m[K/usr/include/c++/11/string:56[m[K,
[2.738s]                  from [01m[K/usr/include/c++/11/bits/locale_classes.h:40[m[K,
[2.738s]                  from [01m[K/usr/include/c++/11/bits/ios_base.h:41[m[K,
[2.738s]                  from [01m[K/usr/include/c++/11/ios:42[m[K,
[2.738s]                  from [01m[K/usr/include/c++/11/istream:38[m[K,
[2.738s]                  from [01m[K/usr/include/c++/11/sstream:38[m[K,
[2.738s]                  from [01m[K/usr/include/c++/11/complex:45[m[K,
[2.738s]                  from [01m[K/usr/include/eigen3/Eigen/Core:50[m[K,
[2.738s]                  from [01m[K/home/stoair/ros2CV/cv_ws/src/topic/include/global.h:4[m[K,
[2.738s]                  from [01m[K/home/stoair/ros2CV/cv_ws/src/topic/src/image_sub.cpp:1[m[K:
[2.738s] [01m[K/usr/include/c++/11/bits/basic_string.tcc:1557:5:[m[K [01;36m[Knote: [m[Kcandidate: ‘[01m[Ktemplate<class _CharT, class _Traits, class _Alloc> std::basic_istream<_CharT, _Traits>& std::getline(std::basic_istream<_CharT, _Traits>&, std::__cxx11::basic_string<_CharT, _Traits, _Allocator>&, _CharT)[m[K’
[2.738s]  1557 |     [01;36m[Kgetline[m[K(basic_istream<_CharT, _Traits>& __in,
[2.738s]       |     [01;36m[K^~~~~~~[m[K
[2.738s] [01m[K/usr/include/c++/11/bits/basic_string.tcc:1557:5:[m[K [01;36m[Knote: [m[K  template argument deduction/substitution failed:
[2.738s] [01m[K/home/stoair/ros2CV/cv_ws/src/topic/src/image_sub.cpp:117:21:[m[K [01;36m[Knote: [m[K  ‘[01m[Kstd::string[m[K’ {aka ‘[01m[Kstd::__cxx11::basic_string<char>[m[K’} is not derived from ‘[01m[Kstd::basic_istream<_CharT, _Traits>[m[K’
[2.738s]   117 |         [01;36m[Kstd::getline(iss, y_str, ',')[m[K;
[2.738s]       |         [01;36m[K~~~~~~~~~~~~^~~~~~~~~~~~~~~~~[m[K
[2.738s] In file included from [01m[K/usr/include/c++/11/string:55[m[K,
[2.738s]                  from [01m[K/usr/include/c++/11/bits/locale_classes.h:40[m[K,
[2.738s]                  from [01m[K/usr/include/c++/11/bits/ios_base.h:41[m[K,
[2.738s]                  from [01m[K/usr/include/c++/11/ios:42[m[K,
[2.738s]                  from [01m[K/usr/include/c++/11/istream:38[m[K,
[2.738s]                  from [01m[K/usr/include/c++/11/sstream:38[m[K,
[2.738s]                  from [01m[K/usr/include/c++/11/complex:45[m[K,
[2.738s]                  from [01m[K/usr/include/eigen3/Eigen/Core:50[m[K,
[2.738s]                  from [01m[K/home/stoair/ros2CV/cv_ws/src/topic/include/global.h:4[m[K,
[2.738s]                  from [01m[K/home/stoair/ros2CV/cv_ws/src/topic/src/image_sub.cpp:1[m[K:
[2.738s] [01m[K/usr/include/c++/11/bits/basic_string.h:6571:5:[m[K [01;36m[Knote: [m[Kcandidate: ‘[01m[Ktemplate<class _CharT, class _Traits, class _Alloc> std::basic_istream<_CharT, _Traits>& std::getline(std::basic_istream<_CharT, _Traits>&, std::__cxx11::basic_string<_CharT, _Traits, _Allocator>&)[m[K’
[2.738s]  6571 |     [01;36m[Kgetline[m[K(basic_istream<_CharT, _Traits>& __is,
[2.738s]       |     [01;36m[K^~~~~~~[m[K
[2.738s] [01m[K/usr/include/c++/11/bits/basic_string.h:6571:5:[m[K [01;36m[Knote: [m[K  template argument deduction/substitution failed:
[2.739s] [01m[K/home/stoair/ros2CV/cv_ws/src/topic/src/image_sub.cpp:117:21:[m[K [01;36m[Knote: [m[K  ‘[01m[Kstd::string[m[K’ {aka ‘[01m[Kstd::__cxx11::basic_string<char>[m[K’} is not derived from ‘[01m[Kstd::basic_istream<_CharT, _Traits>[m[K’
[2.739s]   117 |         [01;36m[Kstd::getline(iss, y_str, ',')[m[K;
[2.739s]       |         [01;36m[K~~~~~~~~~~~~^~~~~~~~~~~~~~~~~[m[K
[2.739s] In file included from [01m[K/usr/include/c++/11/string:55[m[K,
[2.739s]                  from [01m[K/usr/include/c++/11/bits/locale_classes.h:40[m[K,
[2.739s]                  from [01m[K/usr/include/c++/11/bits/ios_base.h:41[m[K,
[2.739s]                  from [01m[K/usr/include/c++/11/ios:42[m[K,
[2.739s]                  from [01m[K/usr/include/c++/11/istream:38[m[K,
[2.739s]                  from [01m[K/usr/include/c++/11/sstream:38[m[K,
[2.739s]                  from [01m[K/usr/include/c++/11/complex:45[m[K,
[2.739s]                  from [01m[K/usr/include/eigen3/Eigen/Core:50[m[K,
[2.739s]                  from [01m[K/home/stoair/ros2CV/cv_ws/src/topic/include/global.h:4[m[K,
[2.739s]                  from [01m[K/home/stoair/ros2CV/cv_ws/src/topic/src/image_sub.cpp:1[m[K:
[2.739s] [01m[K/usr/include/c++/11/bits/basic_string.h:6579:5:[m[K [01;36m[Knote: [m[Kcandidate: ‘[01m[Ktemplate<class _CharT, class _Traits, class _Alloc> std::basic_istream<_CharT, _Traits>& std::getline(std::basic_istream<_CharT, _Traits>&&, std::__cxx11::basic_string<_CharT, _Traits, _Allocator>&, _CharT)[m[K’
[2.739s]  6579 |     [01;36m[Kgetline[m[K(basic_istream<_CharT, _Traits>&& __is,
[2.739s]       |     [01;36m[K^~~~~~~[m[K
[2.739s] [01m[K/usr/include/c++/11/bits/basic_string.h:6579:5:[m[K [01;36m[Knote: [m[K  template argument deduction/substitution failed:
[2.739s] [01m[K/home/stoair/ros2CV/cv_ws/src/topic/src/image_sub.cpp:117:21:[m[K [01;36m[Knote: [m[K  ‘[01m[Kstd::string[m[K’ {aka ‘[01m[Kstd::__cxx11::basic_string<char>[m[K’} is not derived from ‘[01m[Kstd::basic_istream<_CharT, _Traits>[m[K’
[2.739s]   117 |         [01;36m[Kstd::getline(iss, y_str, ',')[m[K;
[2.739s]       |         [01;36m[K~~~~~~~~~~~~^~~~~~~~~~~~~~~~~[m[K
[2.739s] In file included from [01m[K/usr/include/c++/11/string:55[m[K,
[2.739s]                  from [01m[K/usr/include/c++/11/bits/locale_classes.h:40[m[K,
[2.739s]                  from [01m[K/usr/include/c++/11/bits/ios_base.h:41[m[K,
[2.739s]                  from [01m[K/usr/include/c++/11/ios:42[m[K,
[2.739s]                  from [01m[K/usr/include/c++/11/istream:38[m[K,
[2.739s]                  from [01m[K/usr/include/c++/11/sstream:38[m[K,
[2.739s]                  from [01m[K/usr/include/c++/11/complex:45[m[K,
[2.739s]                  from [01m[K/usr/include/eigen3/Eigen/Core:50[m[K,
[2.739s]                  from [01m[K/home/stoair/ros2CV/cv_ws/src/topic/include/global.h:4[m[K,
[2.739s]                  from [01m[K/home/stoair/ros2CV/cv_ws/src/topic/src/image_sub.cpp:1[m[K:
[2.739s] [01m[K/usr/include/c++/11/bits/basic_string.h:6586:5:[m[K [01;36m[Knote: [m[Kcandidate: ‘[01m[Ktemplate<class _CharT, class _Traits, class _Alloc> std::basic_istream<_CharT, _Traits>& std::getline(std::basic_istream<_CharT, _Traits>&&, std::__cxx11::basic_string<_CharT, _Traits, _Allocator>&)[m[K’
[2.739s]  6586 |     [01;36m[Kgetline[m[K(basic_istream<_CharT, _Traits>&& __is,
[2.739s]       |     [01;36m[K^~~~~~~[m[K
[2.739s] [01m[K/usr/include/c++/11/bits/basic_string.h:6586:5:[m[K [01;36m[Knote: [m[K  template argument deduction/substitution failed:
[2.740s] [01m[K/home/stoair/ros2CV/cv_ws/src/topic/src/image_sub.cpp:117:21:[m[K [01;36m[Knote: [m[K  ‘[01m[Kstd::string[m[K’ {aka ‘[01m[Kstd::__cxx11::basic_string<char>[m[K’} is not derived from ‘[01m[Kstd::basic_istream<_CharT, _Traits>[m[K’
[2.740s]   117 |         [01;36m[Kstd::getline(iss, y_str, ',')[m[K;
[2.740s]       |         [01;36m[K~~~~~~~~~~~~^~~~~~~~~~~~~~~~~[m[K
[2.740s] [01m[K/home/stoair/ros2CV/cv_ws/src/topic/src/image_sub.cpp:118:21:[m[K [01;31m[Kerror: [m[Kno matching function for call to ‘[01m[Kgetline(std::string&, std::string&)[m[K’
[2.740s]   118 |         [01;31m[Kstd::getline(iss, flag_servo_str)[m[K;
[2.740s]       |         [01;31m[K~~~~~~~~~~~~^~~~~~~~~~~~~~~~~~~~~[m[K
[2.740s] In file included from [01m[K/usr/include/c++/11/string:56[m[K,
[2.740s]                  from [01m[K/usr/include/c++/11/bits/locale_classes.h:40[m[K,
[2.740s]                  from [01m[K/usr/include/c++/11/bits/ios_base.h:41[m[K,
[2.740s]                  from [01m[K/usr/include/c++/11/ios:42[m[K,
[2.740s]                  from [01m[K/usr/include/c++/11/istream:38[m[K,
[2.740s]                  from [01m[K/usr/include/c++/11/sstream:38[m[K,
[2.740s]                  from [01m[K/usr/include/c++/11/complex:45[m[K,
[2.740s]                  from [01m[K/usr/include/eigen3/Eigen/Core:50[m[K,
[2.740s]                  from [01m[K/home/stoair/ros2CV/cv_ws/src/topic/include/global.h:4[m[K,
[2.740s]                  from [01m[K/home/stoair/ros2CV/cv_ws/src/topic/src/image_sub.cpp:1[m[K:
[2.740s] [01m[K/usr/include/c++/11/bits/basic_string.tcc:1557:5:[m[K [01;36m[Knote: [m[Kcandidate: ‘[01m[Ktemplate<class _CharT, class _Traits, class _Alloc> std::basic_istream<_CharT, _Traits>& std::getline(std::basic_istream<_CharT, _Traits>&, std::__cxx11::basic_string<_CharT, _Traits, _Allocator>&, _CharT)[m[K’
[2.740s]  1557 |     [01;36m[Kgetline[m[K(basic_istream<_CharT, _Traits>& __in,
[2.740s]       |     [01;36m[K^~~~~~~[m[K
[2.740s] [01m[K/usr/include/c++/11/bits/basic_string.tcc:1557:5:[m[K [01;36m[Knote: [m[K  template argument deduction/substitution failed:
[2.740s] [01m[K/home/stoair/ros2CV/cv_ws/src/topic/src/image_sub.cpp:118:21:[m[K [01;36m[Knote: [m[K  ‘[01m[Kstd::string[m[K’ {aka ‘[01m[Kstd::__cxx11::basic_string<char>[m[K’} is not derived from ‘[01m[Kstd::basic_istream<_CharT, _Traits>[m[K’
[2.740s]   118 |         [01;36m[Kstd::getline(iss, flag_servo_str)[m[K;
[2.740s]       |         [01;36m[K~~~~~~~~~~~~^~~~~~~~~~~~~~~~~~~~~[m[K
[2.740s] In file included from [01m[K/usr/include/c++/11/string:55[m[K,
[2.740s]                  from [01m[K/usr/include/c++/11/bits/locale_classes.h:40[m[K,
[2.740s]                  from [01m[K/usr/include/c++/11/bits/ios_base.h:41[m[K,
[2.740s]                  from [01m[K/usr/include/c++/11/ios:42[m[K,
[2.740s]                  from [01m[K/usr/include/c++/11/istream:38[m[K,
[2.740s]                  from [01m[K/usr/include/c++/11/sstream:38[m[K,
[2.740s]                  from [01m[K/usr/include/c++/11/complex:45[m[K,
[2.740s]                  from [01m[K/usr/include/eigen3/Eigen/Core:50[m[K,
[2.740s]                  from [01m[K/home/stoair/ros2CV/cv_ws/src/topic/include/global.h:4[m[K,
[2.740s]                  from [01m[K/home/stoair/ros2CV/cv_ws/src/topic/src/image_sub.cpp:1[m[K:
[2.740s] [01m[K/usr/include/c++/11/bits/basic_string.h:6571:5:[m[K [01;36m[Knote: [m[Kcandidate: ‘[01m[Ktemplate<class _CharT, class _Traits, class _Alloc> std::basic_istream<_CharT, _Traits>& std::getline(std::basic_istream<_CharT, _Traits>&, std::__cxx11::basic_string<_CharT, _Traits, _Allocator>&)[m[K’
[2.740s]  6571 |     [01;36m[Kgetline[m[K(basic_istream<_CharT, _Traits>& __is,
[2.740s]       |     [01;36m[K^~~~~~~[m[K
[2.741s] [01m[K/usr/include/c++/11/bits/basic_string.h:6571:5:[m[K [01;36m[Knote: [m[K  template argument deduction/substitution failed:
[2.741s] [01m[K/home/stoair/ros2CV/cv_ws/src/topic/src/image_sub.cpp:118:21:[m[K [01;36m[Knote: [m[K  ‘[01m[Kstd::string[m[K’ {aka ‘[01m[Kstd::__cxx11::basic_string<char>[m[K’} is not derived from ‘[01m[Kstd::basic_istream<_CharT, _Traits>[m[K’
[2.741s]   118 |         [01;36m[Kstd::getline(iss, flag_servo_str)[m[K;
[2.741s]       |         [01;36m[K~~~~~~~~~~~~^~~~~~~~~~~~~~~~~~~~~[m[K
[2.741s] In file included from [01m[K/usr/include/c++/11/string:55[m[K,
[2.741s]                  from [01m[K/usr/include/c++/11/bits/locale_classes.h:40[m[K,
[2.741s]                  from [01m[K/usr/include/c++/11/bits/ios_base.h:41[m[K,
[2.741s]                  from [01m[K/usr/include/c++/11/ios:42[m[K,
[2.741s]                  from [01m[K/usr/include/c++/11/istream:38[m[K,
[2.741s]                  from [01m[K/usr/include/c++/11/sstream:38[m[K,
[2.741s]                  from [01m[K/usr/include/c++/11/complex:45[m[K,
[2.741s]                  from [01m[K/usr/include/eigen3/Eigen/Core:50[m[K,
[2.741s]                  from [01m[K/home/stoair/ros2CV/cv_ws/src/topic/include/global.h:4[m[K,
[2.741s]                  from [01m[K/home/stoair/ros2CV/cv_ws/src/topic/src/image_sub.cpp:1[m[K:
[2.741s] [01m[K/usr/include/c++/11/bits/basic_string.h:6579:5:[m[K [01;36m[Knote: [m[Kcandidate: ‘[01m[Ktemplate<class _CharT, class _Traits, class _Alloc> std::basic_istream<_CharT, _Traits>& std::getline(std::basic_istream<_CharT, _Traits>&&, std::__cxx11::basic_string<_CharT, _Traits, _Allocator>&, _CharT)[m[K’
[2.741s]  6579 |     [01;36m[Kgetline[m[K(basic_istream<_CharT, _Traits>&& __is,
[2.741s]       |     [01;36m[K^~~~~~~[m[K
[2.741s] [01m[K/usr/include/c++/11/bits/basic_string.h:6579:5:[m[K [01;36m[Knote: [m[K  template argument deduction/substitution failed:
[2.741s] [01m[K/home/stoair/ros2CV/cv_ws/src/topic/src/image_sub.cpp:118:21:[m[K [01;36m[Knote: [m[K  ‘[01m[Kstd::string[m[K’ {aka ‘[01m[Kstd::__cxx11::basic_string<char>[m[K’} is not derived from ‘[01m[Kstd::basic_istream<_CharT, _Traits>[m[K’
[2.741s]   118 |         [01;36m[Kstd::getline(iss, flag_servo_str)[m[K;
[2.741s]       |         [01;36m[K~~~~~~~~~~~~^~~~~~~~~~~~~~~~~~~~~[m[K
[2.741s] In file included from [01m[K/usr/include/c++/11/string:55[m[K,
[2.741s]                  from [01m[K/usr/include/c++/11/bits/locale_classes.h:40[m[K,
[2.741s]                  from [01m[K/usr/include/c++/11/bits/ios_base.h:41[m[K,
[2.741s]                  from [01m[K/usr/include/c++/11/ios:42[m[K,
[2.741s]                  from [01m[K/usr/include/c++/11/istream:38[m[K,
[2.741s]                  from [01m[K/usr/include/c++/11/sstream:38[m[K,
[2.741s]                  from [01m[K/usr/include/c++/11/complex:45[m[K,
[2.741s]                  from [01m[K/usr/include/eigen3/Eigen/Core:50[m[K,
[2.741s]                  from [01m[K/home/stoair/ros2CV/cv_ws/src/topic/include/global.h:4[m[K,
[2.741s]                  from [01m[K/home/stoair/ros2CV/cv_ws/src/topic/src/image_sub.cpp:1[m[K:
[2.742s] [01m[K/usr/include/c++/11/bits/basic_string.h:6586:5:[m[K [01;36m[Knote: [m[Kcandidate: ‘[01m[Ktemplate<class _CharT, class _Traits, class _Alloc> std::basic_istream<_CharT, _Traits>& std::getline(std::basic_istream<_CharT, _Traits>&&, std::__cxx11::basic_string<_CharT, _Traits, _Allocator>&)[m[K’
[2.742s]  6586 |     [01;36m[Kgetline[m[K(basic_istream<_CharT, _Traits>&& __is,
[2.742s]       |     [01;36m[K^~~~~~~[m[K
[2.742s] [01m[K/usr/include/c++/11/bits/basic_string.h:6586:5:[m[K [01;36m[Knote: [m[K  template argument deduction/substitution failed:
[2.742s] [01m[K/home/stoair/ros2CV/cv_ws/src/topic/src/image_sub.cpp:118:21:[m[K [01;36m[Knote: [m[K  ‘[01m[Kstd::string[m[K’ {aka ‘[01m[Kstd::__cxx11::basic_string<char>[m[K’} is not derived from ‘[01m[Kstd::basic_istream<_CharT, _Traits>[m[K’
[2.742s]   118 |         [01;36m[Kstd::getline(iss, flag_servo_str)[m[K;
[2.742s]       |         [01;36m[K~~~~~~~~~~~~^~~~~~~~~~~~~~~~~~~~~[m[K
[2.742s] [01m[K/home/stoair/ros2CV/cv_ws/src/topic/src/image_sub.cpp:123:28:[m[K [01;31m[Kerror: [m[Kno matching function for call to ‘[01m[Krclcpp::Publisher<topic_interfaces::msg::Coord_<std::allocator<void> > >::publish(int&)[m[K’
[2.742s]   123 |         [01;31m[Kpublisher_->publish(x)[m[K;
[2.742s]       |         [01;31m[K~~~~~~~~~~~~~~~~~~~^~~[m[K
[2.742s] In file included from [01m[K/opt/ros/humble/include/rclcpp/rclcpp/topic_statistics/subscription_topic_statistics.hpp:31[m[K,
[2.742s]                  from [01m[K/opt/ros/humble/include/rclcpp/rclcpp/subscription.hpp:50[m[K,
[2.742s]                  from [01m[K/opt/ros/humble/include/rclcpp/rclcpp/any_executable.hpp:25[m[K,
[2.742s]                  from [01m[K/opt/ros/humble/include/rclcpp/rclcpp/memory_strategy.hpp:25[m[K,
[2.742s]                  from [01m[K/opt/ros/humble/include/rclcpp/rclcpp/memory_strategies.hpp:18[m[K,
[2.742s]                  from [01m[K/opt/ros/humble/include/rclcpp/rclcpp/executor_options.hpp:20[m[K,
[2.742s]                  from [01m[K/opt/ros/humble/include/rclcpp/rclcpp/executor.hpp:37[m[K,
[2.742s]                  from [01m[K/opt/ros/humble/include/rclcpp/rclcpp/executors/multi_threaded_executor.hpp:25[m[K,
[2.742s]                  from [01m[K/opt/ros/humble/include/rclcpp/rclcpp/executors.hpp:21[m[K,
[2.742s]                  from [01m[K/opt/ros/humble/include/rclcpp/rclcpp/rclcpp.hpp:155[m[K,
[2.742s]                  from [01m[K/home/stoair/ros2CV/cv_ws/src/topic/include/global.h:14[m[K,
[2.742s]                  from [01m[K/home/stoair/ros2CV/cv_ws/src/topic/src/image_sub.cpp:1[m[K:
[2.742s] [01m[K/opt/ros/humble/include/rclcpp/rclcpp/publisher.hpp:251:3:[m[K [01;36m[Knote: [m[Kcandidate: ‘[01m[Ktemplate<class T> std::enable_if_t<(rosidl_generator_traits::is_message<T>::value && std::is_same<T, typename rclcpp::TypeAdapter<MessageT>::ros_message_type>::value)> rclcpp::Publisher<MessageT, AllocatorT>::publish(std::unique_ptr<T, typename std::conditional<std::is_same<typename std::allocator_traits<typename std::allocator_traits<_Allocator>::rebind_traits<typename rclcpp::TypeAdapter<MessageT, void, void>::ros_message_type>::allocator_type>::rebind_alloc<typename rclcpp::TypeAdapter<MessageT, void, void>::ros_message_type>, std::allocator<typename rclcpp::TypeAdapter<MessageT>::ros_message_type> >::value, std::default_delete<typename rclcpp::TypeAdapter<MessageT>::ros_message_type>, rclcpp::allocator::AllocatorDeleter<typename std::allocator_traits<_Allocator>::rebind_traits<typename rclcpp::TypeAdapter<MessageT, void, void>::ros_message_type>::allocator_type> >::type>) [with T = T; MessageT = topic_interfaces::msg::Coord_<std::allocator<void> >; AllocatorT = std::allocator<void>][m[K’
[2.742s]   251 |   [01;36m[Kpublish[m[K(std::unique_ptr<T, ROSMessageTypeDeleter> msg)
[2.742s]       |   [01;36m[K^~~~~~~[m[K
[2.742s] [01m[K/opt/ros/humble/include/rclcpp/rclcpp/publisher.hpp:251:3:[m[K [01;36m[Knote: [m[K  template argument deduction/substitution failed:
[2.742s] [01m[K/home/stoair/ros2CV/cv_ws/src/topic/src/image_sub.cpp:123:28:[m[K [01;36m[Knote: [m[K  mismatched types ‘[01m[Kstd::unique_ptr<T, std::default_delete<topic_interfaces::msg::Coord_<std::allocator<void> > > >[m[K’ and ‘[01m[Kint[m[K’
[2.742s]   123 |         [01;36m[Kpublisher_->publish(x)[m[K;
[2.742s]       |         [01;36m[K~~~~~~~~~~~~~~~~~~~^~~[m[K
[2.742s] In file included from [01m[K/opt/ros/humble/include/rclcpp/rclcpp/topic_statistics/subscription_topic_statistics.hpp:31[m[K,
[2.742s]                  from [01m[K/opt/ros/humble/include/rclcpp/rclcpp/subscription.hpp:50[m[K,
[2.742s]                  from [01m[K/opt/ros/humble/include/rclcpp/rclcpp/any_executable.hpp:25[m[K,
[2.742s]                  from [01m[K/opt/ros/humble/include/rclcpp/rclcpp/memory_strategy.hpp:25[m[K,
[2.742s]                  from [01m[K/opt/ros/humble/include/rclcpp/rclcpp/memory_strategies.hpp:18[m[K,
[2.743s]                  from [01m[K/opt/ros/humble/include/rclcpp/rclcpp/executor_options.hpp:20[m[K,
[2.743s]                  from [01m[K/opt/ros/humble/include/rclcpp/rclcpp/executor.hpp:37[m[K,
[2.743s]                  from [01m[K/opt/ros/humble/include/rclcpp/rclcpp/executors/multi_threaded_executor.hpp:25[m[K,
[2.743s]                  from [01m[K/opt/ros/humble/include/rclcpp/rclcpp/executors.hpp:21[m[K,
[2.743s]                  from [01m[K/opt/ros/humble/include/rclcpp/rclcpp/rclcpp.hpp:155[m[K,
[2.743s]                  from [01m[K/home/stoair/ros2CV/cv_ws/src/topic/include/global.h:14[m[K,
[2.743s]                  from [01m[K/home/stoair/ros2CV/cv_ws/src/topic/src/image_sub.cpp:1[m[K:
[2.743s] [01m[K/opt/ros/humble/include/rclcpp/rclcpp/publisher.hpp:292:3:[m[K [01;36m[Knote: [m[Kcandidate: ‘[01m[Ktemplate<class T> std::enable_if_t<(rosidl_generator_traits::is_message<T>::value && std::is_same<T, typename rclcpp::TypeAdapter<MessageT>::ros_message_type>::value)> rclcpp::Publisher<MessageT, AllocatorT>::publish(const T&) [with T = T; MessageT = topic_interfaces::msg::Coord_<std::allocator<void> >; AllocatorT = std::allocator<void>][m[K’
[2.743s]   292 |   [01;36m[Kpublish[m[K(const T & msg)
[2.743s]       |   [01;36m[K^~~~~~~[m[K
[2.743s] [01m[K/opt/ros/humble/include/rclcpp/rclcpp/publisher.hpp:292:3:[m[K [01;36m[Knote: [m[K  template argument deduction/substitution failed:
[2.743s] In file included from [01m[K/usr/include/c++/11/bits/move.h:57[m[K,
[2.743s]                  from [01m[K/usr/include/c++/11/bits/stl_pair.h:59[m[K,
[2.743s]                  from [01m[K/usr/include/c++/11/bits/stl_algobase.h:64[m[K,
[2.743s]                  from [01m[K/usr/include/c++/11/bits/specfun.h:45[m[K,
[2.743s]                  from [01m[K/usr/include/c++/11/cmath:1935[m[K,
[2.743s]                  from [01m[K/usr/include/eigen3/Eigen/src/Core/util/Macros.h:679[m[K,
[2.743s]                  from [01m[K/usr/include/eigen3/Eigen/Core:19[m[K,
[2.743s]                  from [01m[K/home/stoair/ros2CV/cv_ws/src/topic/include/global.h:4[m[K,
[2.743s]                  from [01m[K/home/stoair/ros2CV/cv_ws/src/topic/src/image_sub.cpp:1[m[K:
[2.743s] /usr/include/c++/11/type_traits: In substitution of ‘[01m[Ktemplate<bool _Cond, class _Tp> using enable_if_t = typename std::enable_if::type [with bool _Cond = false; _Tp = void][m[K’:
[2.743s] [01m[K/opt/ros/humble/include/rclcpp/rclcpp/publisher.hpp:292:3:[m[K   required by substitution of ‘[01m[Ktemplate<class T> std::enable_if_t<(rosidl_generator_traits::is_message<T>::value && std::is_same<T, topic_interfaces::msg::Coord_<std::allocator<void> > >::value), void> rclcpp::Publisher<topic_interfaces::msg::Coord_<std::allocator<void> > >::publish<T>(const T&) [with T = int][m[K’
[2.743s] [01m[K/home/stoair/ros2CV/cv_ws/src/topic/src/image_sub.cpp:123:28:[m[K   required from here
[2.743s] [01m[K/usr/include/c++/11/type_traits:2579:11:[m[K [01;31m[Kerror: [m[Kno type named ‘[01m[Ktype[m[K’ in ‘[01m[Kstruct std::enable_if<false, void>[m[K’
[2.743s]  2579 |     using [01;31m[Kenable_if_t[m[K = typename enable_if<_Cond, _Tp>::type;
[2.743s]       |           [01;31m[K^~~~~~~~~~~[m[K
[2.743s] In file included from [01m[K/opt/ros/humble/include/rclcpp/rclcpp/topic_statistics/subscription_topic_statistics.hpp:31[m[K,
[2.743s]                  from [01m[K/opt/ros/humble/include/rclcpp/rclcpp/subscription.hpp:50[m[K,
[2.743s]                  from [01m[K/opt/ros/humble/include/rclcpp/rclcpp/any_executable.hpp:25[m[K,
[2.743s]                  from [01m[K/opt/ros/humble/include/rclcpp/rclcpp/memory_strategy.hpp:25[m[K,
[2.743s]                  from [01m[K/opt/ros/humble/include/rclcpp/rclcpp/memory_strategies.hpp:18[m[K,
[2.743s]                  from [01m[K/opt/ros/humble/include/rclcpp/rclcpp/executor_options.hpp:20[m[K,
[2.743s]                  from [01m[K/opt/ros/humble/include/rclcpp/rclcpp/executor.hpp:37[m[K,
[2.743s]                  from [01m[K/opt/ros/humble/include/rclcpp/rclcpp/executors/multi_threaded_executor.hpp:25[m[K,
[2.743s]                  from [01m[K/opt/ros/humble/include/rclcpp/rclcpp/executors.hpp:21[m[K,
[2.744s]                  from [01m[K/opt/ros/humble/include/rclcpp/rclcpp/rclcpp.hpp:155[m[K,
[2.744s]                  from [01m[K/home/stoair/ros2CV/cv_ws/src/topic/include/global.h:14[m[K,
[2.744s]                  from [01m[K/home/stoair/ros2CV/cv_ws/src/topic/src/image_sub.cpp:1[m[K:
[2.744s] [01m[K/opt/ros/humble/include/rclcpp/rclcpp/publisher.hpp:322:3:[m[K [01;36m[Knote: [m[Kcandidate: ‘[01m[Ktemplate<class T> std::enable_if_t<(typename rclcpp::TypeAdapter<MessageT>::is_specialized::value && std::is_same<T, typename rclcpp::TypeAdapter<MessageT>::custom_type>::value)> rclcpp::Publisher<MessageT, AllocatorT>::publish(std::unique_ptr<T, typename std::conditional<std::is_same<typename std::allocator_traits<typename std::allocator_traits<_Allocator>::rebind_traits<typename rclcpp::TypeAdapter<MessageT, void, void>::custom_type>::allocator_type>::rebind_alloc<typename rclcpp::TypeAdapter<MessageT, void, void>::custom_type>, std::allocator<typename rclcpp::TypeAdapter<MessageT>::custom_type> >::value, std::default_delete<typename rclcpp::TypeAdapter<MessageT>::custom_type>, rclcpp::allocator::AllocatorDeleter<typename std::allocator_traits<_Allocator>::rebind_traits<typename rclcpp::TypeAdapter<MessageT, void, void>::custom_type>::allocator_type> >::type>) [with T = T; MessageT = topic_interfaces::msg::Coord_<std::allocator<void> >; AllocatorT = std::allocator<void>][m[K’
[2.744s]   322 |   [01;36m[Kpublish[m[K(std::unique_ptr<T, PublishedTypeDeleter> msg)
[2.744s]       |   [01;36m[K^~~~~~~[m[K
[2.744s] [01m[K/opt/ros/humble/include/rclcpp/rclcpp/publisher.hpp:322:3:[m[K [01;36m[Knote: [m[K  template argument deduction/substitution failed:
[2.744s] [01m[K/home/stoair/ros2CV/cv_ws/src/topic/src/image_sub.cpp:123:28:[m[K [01;36m[Knote: [m[K  mismatched types ‘[01m[Kstd::unique_ptr<T, std::default_delete<topic_interfaces::msg::Coord_<std::allocator<void> > > >[m[K’ and ‘[01m[Kint[m[K’
[2.744s]   123 |         [01;36m[Kpublisher_->publish(x)[m[K;
[2.744s]       |         [01;36m[K~~~~~~~~~~~~~~~~~~~^~~[m[K
[2.744s] In file included from [01m[K/opt/ros/humble/include/rclcpp/rclcpp/topic_statistics/subscription_topic_statistics.hpp:31[m[K,
[2.744s]                  from [01m[K/opt/ros/humble/include/rclcpp/rclcpp/subscription.hpp:50[m[K,
[2.744s]                  from [01m[K/opt/ros/humble/include/rclcpp/rclcpp/any_executable.hpp:25[m[K,
[2.744s]                  from [01m[K/opt/ros/humble/include/rclcpp/rclcpp/memory_strategy.hpp:25[m[K,
[2.744s]                  from [01m[K/opt/ros/humble/include/rclcpp/rclcpp/memory_strategies.hpp:18[m[K,
[2.744s]                  from [01m[K/opt/ros/humble/include/rclcpp/rclcpp/executor_options.hpp:20[m[K,
[2.744s]                  from [01m[K/opt/ros/humble/include/rclcpp/rclcpp/executor.hpp:37[m[K,
[2.744s]                  from [01m[K/opt/ros/humble/include/rclcpp/rclcpp/executors/multi_threaded_executor.hpp:25[m[K,
[2.744s]                  from [01m[K/opt/ros/humble/include/rclcpp/rclcpp/executors.hpp:21[m[K,
[2.744s]                  from [01m[K/opt/ros/humble/include/rclcpp/rclcpp/rclcpp.hpp:155[m[K,
[2.744s]                  from [01m[K/home/stoair/ros2CV/cv_ws/src/topic/include/global.h:14[m[K,
[2.744s]                  from [01m[K/home/stoair/ros2CV/cv_ws/src/topic/src/image_sub.cpp:1[m[K:
[2.744s] [01m[K/opt/ros/humble/include/rclcpp/rclcpp/publisher.hpp:364:3:[m[K [01;36m[Knote: [m[Kcandidate: ‘[01m[Ktemplate<class T> std::enable_if_t<(typename rclcpp::TypeAdapter<MessageT>::is_specialized::value && std::is_same<T, typename rclcpp::TypeAdapter<MessageT>::custom_type>::value)> rclcpp::Publisher<MessageT, AllocatorT>::publish(const T&) [with T = T; MessageT = topic_interfaces::msg::Coord_<std::allocator<void> >; AllocatorT = std::allocator<void>][m[K’
[2.744s]   364 |   [01;36m[Kpublish[m[K(const T & msg)
[2.744s]       |   [01;36m[K^~~~~~~[m[K
[2.744s] [01m[K/opt/ros/humble/include/rclcpp/rclcpp/publisher.hpp:364:3:[m[K [01;36m[Knote: [m[K  template argument deduction/substitution failed:
[2.744s] [01m[K/opt/ros/humble/include/rclcpp/rclcpp/publisher.hpp:383:3:[m[K [01;36m[Knote: [m[Kcandidate: ‘[01m[Kvoid rclcpp::Publisher<MessageT, AllocatorT>::publish(const rcl_serialized_message_t&) [with MessageT = topic_interfaces::msg::Coord_<std::allocator<void> >; AllocatorT = std::allocator<void>; rcl_serialized_message_t = rcutils_uint8_array_s][m[K’
[2.744s]   383 |   [01;36m[Kpublish[m[K(const rcl_serialized_message_t & serialized_msg)
[2.744s]       |   [01;36m[K^~~~~~~[m[K
[2.744s] [01m[K/opt/ros/humble/include/rclcpp/rclcpp/publisher.hpp:383:44:[m[K [01;36m[Knote: [m[K  no known conversion for argument 1 from ‘[01m[Kint[m[K’ to ‘[01m[Kconst rcl_serialized_message_t&[m[K’ {aka ‘[01m[Kconst rcutils_uint8_array_s&[m[K’}
[2.744s]   383 |   publish([01;36m[Kconst rcl_serialized_message_t & serialized_msg[m[K)
[2.744s]       |           [01;36m[K~~~~~~~~~~~~~~~~~~~~~~~~~~~~~~~~~^~~~~~~~~~~~~~[m[K
[2.744s] [01m[K/opt/ros/humble/include/rclcpp/rclcpp/publisher.hpp:389:3:[m[K [01;36m[Knote: [m[Kcandidate: ‘[01m[Kvoid rclcpp::Publisher<MessageT, AllocatorT>::publish(const rclcpp::SerializedMessage&) [with MessageT = topic_interfaces::msg::Coord_<std::allocator<void> >; AllocatorT = std::allocator<void>][m[K’
[2.744s]   389 |   [01;36m[Kpublish[m[K(const SerializedMessage & serialized_msg)
[2.744s]       |   [01;36m[K^~~~~~~[m[K
[2.744s] [01m[K/opt/ros/humble/include/rclcpp/rclcpp/publisher.hpp:389:37:[m[K [01;36m[Knote: [m[K  no known conversion for argument 1 from ‘[01m[Kint[m[K’ to ‘[01m[Kconst rclcpp::SerializedMessage&[m[K’
[2.745s]   389 |   publish([01;36m[Kconst SerializedMessage & serialized_msg[m[K)
[2.745s]       |           [01;36m[K~~~~~~~~~~~~~~~~~~~~~~~~~~^~~~~~~~~~~~~~[m[K
[2.745s] [01m[K/opt/ros/humble/include/rclcpp/rclcpp/publisher.hpp:403:3:[m[K [01;36m[Knote: [m[Kcandidate: ‘[01m[Kvoid rclcpp::Publisher<MessageT, AllocatorT>::publish(rclcpp::LoanedMessage<typename rclcpp::TypeAdapter<MessageT>::ros_message_type, AllocatorT>&&) [with MessageT = topic_interfaces::msg::Coord_<std::allocator<void> >; AllocatorT = std::allocator<void>; typename rclcpp::TypeAdapter<MessageT>::ros_message_type = topic_interfaces::msg::Coord_<std::allocator<void> >][m[K’
[2.745s]   403 |   [01;36m[Kpublish[m[K(rclcpp::LoanedMessage<ROSMessageType, AllocatorT> && loaned_msg)
[2.745s]       |   [01;36m[K^~~~~~~[m[K
[2.745s] [01m[K/opt/ros/humble/include/rclcpp/rclcpp/publisher.hpp:403:64:[m[K [01;36m[Knote: [m[K  no known conversion for argument 1 from ‘[01m[Kint[m[K’ to ‘[01m[Krclcpp::LoanedMessage<topic_interfaces::msg::Coord_<std::allocator<void> >, std::allocator<void> >&&[m[K’
[2.745s]   403 |   publish([01;36m[Krclcpp::LoanedMessage<ROSMessageType, AllocatorT> && loaned_msg[m[K)
[2.745s]       |           [01;36m[K~~~~~~~~~~~~~~~~~~~~~~~~~~~~~~~~~~~~~~~~~~~~~~~~~~~~~^~~~~~~~~~[m[K
[2.745s] [01m[K/home/stoair/ros2CV/cv_ws/src/topic/src/image_sub.cpp:124:28:[m[K [01;31m[Kerror: [m[Kno matching function for call to ‘[01m[Krclcpp::Publisher<topic_interfaces::msg::Coord_<std::allocator<void> > >::publish(int&)[m[K’
[2.745s]   124 |         [01;31m[Kpublisher_->publish(y)[m[K;
[2.745s]       |         [01;31m[K~~~~~~~~~~~~~~~~~~~^~~[m[K
[2.745s] In file included from [01m[K/opt/ros/humble/include/rclcpp/rclcpp/topic_statistics/subscription_topic_statistics.hpp:31[m[K,
[2.745s]                  from [01m[K/opt/ros/humble/include/rclcpp/rclcpp/subscription.hpp:50[m[K,
[2.745s]                  from [01m[K/opt/ros/humble/include/rclcpp/rclcpp/any_executable.hpp:25[m[K,
[2.745s]                  from [01m[K/opt/ros/humble/include/rclcpp/rclcpp/memory_strategy.hpp:25[m[K,
[2.745s]                  from [01m[K/opt/ros/humble/include/rclcpp/rclcpp/memory_strategies.hpp:18[m[K,
[2.745s]                  from [01m[K/opt/ros/humble/include/rclcpp/rclcpp/executor_options.hpp:20[m[K,
[2.745s]                  from [01m[K/opt/ros/humble/include/rclcpp/rclcpp/executor.hpp:37[m[K,
[2.745s]                  from [01m[K/opt/ros/humble/include/rclcpp/rclcpp/executors/multi_threaded_executor.hpp:25[m[K,
[2.745s]                  from [01m[K/opt/ros/humble/include/rclcpp/rclcpp/executors.hpp:21[m[K,
[2.745s]                  from [01m[K/opt/ros/humble/include/rclcpp/rclcpp/rclcpp.hpp:155[m[K,
[2.745s]                  from [01m[K/home/stoair/ros2CV/cv_ws/src/topic/include/global.h:14[m[K,
[2.745s]                  from [01m[K/home/stoair/ros2CV/cv_ws/src/topic/src/image_sub.cpp:1[m[K:
[2.745s] [01m[K/opt/ros/humble/include/rclcpp/rclcpp/publisher.hpp:251:3:[m[K [01;36m[Knote: [m[Kcandidate: ‘[01m[Ktemplate<class T> std::enable_if_t<(rosidl_generator_traits::is_message<T>::value && std::is_same<T, typename rclcpp::TypeAdapter<MessageT>::ros_message_type>::value)> rclcpp::Publisher<MessageT, AllocatorT>::publish(std::unique_ptr<T, typename std::conditional<std::is_same<typename std::allocator_traits<typename std::allocator_traits<_Allocator>::rebind_traits<typename rclcpp::TypeAdapter<MessageT, void, void>::ros_message_type>::allocator_type>::rebind_alloc<typename rclcpp::TypeAdapter<MessageT, void, void>::ros_message_type>, std::allocator<typename rclcpp::TypeAdapter<MessageT>::ros_message_type> >::value, std::default_delete<typename rclcpp::TypeAdapter<MessageT>::ros_message_type>, rclcpp::allocator::AllocatorDeleter<typename std::allocator_traits<_Allocator>::rebind_traits<typename rclcpp::TypeAdapter<MessageT, void, void>::ros_message_type>::allocator_type> >::type>) [with T = T; MessageT = topic_interfaces::msg::Coord_<std::allocator<void> >; AllocatorT = std::allocator<void>][m[K’
[2.745s]   251 |   [01;36m[Kpublish[m[K(std::unique_ptr<T, ROSMessageTypeDeleter> msg)
[2.745s]       |   [01;36m[K^~~~~~~[m[K
[2.745s] [01m[K/opt/ros/humble/include/rclcpp/rclcpp/publisher.hpp:251:3:[m[K [01;36m[Knote: [m[K  template argument deduction/substitution failed:
[2.745s] [01m[K/home/stoair/ros2CV/cv_ws/src/topic/src/image_sub.cpp:124:28:[m[K [01;36m[Knote: [m[K  mismatched types ‘[01m[Kstd::unique_ptr<T, std::default_delete<topic_interfaces::msg::Coord_<std::allocator<void> > > >[m[K’ and ‘[01m[Kint[m[K’
[2.745s]   124 |         [01;36m[Kpublisher_->publish(y)[m[K;
[2.745s]       |         [01;36m[K~~~~~~~~~~~~~~~~~~~^~~[m[K
[2.745s] In file included from [01m[K/opt/ros/humble/include/rclcpp/rclcpp/topic_statistics/subscription_topic_statistics.hpp:31[m[K,
[2.745s]                  from [01m[K/opt/ros/humble/include/rclcpp/rclcpp/subscription.hpp:50[m[K,
[2.745s]                  from [01m[K/opt/ros/humble/include/rclcpp/rclcpp/any_executable.hpp:25[m[K,
[2.745s]                  from [01m[K/opt/ros/humble/include/rclcpp/rclcpp/memory_strategy.hpp:25[m[K,
[2.745s]                  from [01m[K/opt/ros/humble/include/rclcpp/rclcpp/memory_strategies.hpp:18[m[K,
[2.745s]                  from [01m[K/opt/ros/humble/include/rclcpp/rclcpp/executor_options.hpp:20[m[K,
[2.746s]                  from [01m[K/opt/ros/humble/include/rclcpp/rclcpp/executor.hpp:37[m[K,
[2.746s]                  from [01m[K/opt/ros/humble/include/rclcpp/rclcpp/executors/multi_threaded_executor.hpp:25[m[K,
[2.746s]                  from [01m[K/opt/ros/humble/include/rclcpp/rclcpp/executors.hpp:21[m[K,
[2.746s]                  from [01m[K/opt/ros/humble/include/rclcpp/rclcpp/rclcpp.hpp:155[m[K,
[2.746s]                  from [01m[K/home/stoair/ros2CV/cv_ws/src/topic/include/global.h:14[m[K,
[2.746s]                  from [01m[K/home/stoair/ros2CV/cv_ws/src/topic/src/image_sub.cpp:1[m[K:
[2.746s] [01m[K/opt/ros/humble/include/rclcpp/rclcpp/publisher.hpp:292:3:[m[K [01;36m[Knote: [m[Kcandidate: ‘[01m[Ktemplate<class T> std::enable_if_t<(rosidl_generator_traits::is_message<T>::value && std::is_same<T, typename rclcpp::TypeAdapter<MessageT>::ros_message_type>::value)> rclcpp::Publisher<MessageT, AllocatorT>::publish(const T&) [with T = T; MessageT = topic_interfaces::msg::Coord_<std::allocator<void> >; AllocatorT = std::allocator<void>][m[K’
[2.746s]   292 |   [01;36m[Kpublish[m[K(const T & msg)
[2.746s]       |   [01;36m[K^~~~~~~[m[K
[2.746s] [01m[K/opt/ros/humble/include/rclcpp/rclcpp/publisher.hpp:292:3:[m[K [01;36m[Knote: [m[K  template argument deduction/substitution failed:
[2.746s] [01m[K/opt/ros/humble/include/rclcpp/rclcpp/publisher.hpp:322:3:[m[K [01;36m[Knote: [m[Kcandidate: ‘[01m[Ktemplate<class T> std::enable_if_t<(typename rclcpp::TypeAdapter<MessageT>::is_specialized::value && std::is_same<T, typename rclcpp::TypeAdapter<MessageT>::custom_type>::value)> rclcpp::Publisher<MessageT, AllocatorT>::publish(std::unique_ptr<T, typename std::conditional<std::is_same<typename std::allocator_traits<typename std::allocator_traits<_Allocator>::rebind_traits<typename rclcpp::TypeAdapter<MessageT, void, void>::custom_type>::allocator_type>::rebind_alloc<typename rclcpp::TypeAdapter<MessageT, void, void>::custom_type>, std::allocator<typename rclcpp::TypeAdapter<MessageT>::custom_type> >::value, std::default_delete<typename rclcpp::TypeAdapter<MessageT>::custom_type>, rclcpp::allocator::AllocatorDeleter<typename std::allocator_traits<_Allocator>::rebind_traits<typename rclcpp::TypeAdapter<MessageT, void, void>::custom_type>::allocator_type> >::type>) [with T = T; MessageT = topic_interfaces::msg::Coord_<std::allocator<void> >; AllocatorT = std::allocator<void>][m[K’
[2.746s]   322 |   [01;36m[Kpublish[m[K(std::unique_ptr<T, PublishedTypeDeleter> msg)
[2.746s]       |   [01;36m[K^~~~~~~[m[K
[2.746s] [01m[K/opt/ros/humble/include/rclcpp/rclcpp/publisher.hpp:322:3:[m[K [01;36m[Knote: [m[K  template argument deduction/substitution failed:
[2.746s] [01m[K/home/stoair/ros2CV/cv_ws/src/topic/src/image_sub.cpp:124:28:[m[K [01;36m[Knote: [m[K  mismatched types ‘[01m[Kstd::unique_ptr<T, std::default_delete<topic_interfaces::msg::Coord_<std::allocator<void> > > >[m[K’ and ‘[01m[Kint[m[K’
[2.746s]   124 |         [01;36m[Kpublisher_->publish(y)[m[K;
[2.746s]       |         [01;36m[K~~~~~~~~~~~~~~~~~~~^~~[m[K
[2.746s] In file included from [01m[K/opt/ros/humble/include/rclcpp/rclcpp/topic_statistics/subscription_topic_statistics.hpp:31[m[K,
[2.746s]                  from [01m[K/opt/ros/humble/include/rclcpp/rclcpp/subscription.hpp:50[m[K,
[2.746s]                  from [01m[K/opt/ros/humble/include/rclcpp/rclcpp/any_executable.hpp:25[m[K,
[2.746s]                  from [01m[K/opt/ros/humble/include/rclcpp/rclcpp/memory_strategy.hpp:25[m[K,
[2.746s]                  from [01m[K/opt/ros/humble/include/rclcpp/rclcpp/memory_strategies.hpp:18[m[K,
[2.746s]                  from [01m[K/opt/ros/humble/include/rclcpp/rclcpp/executor_options.hpp:20[m[K,
[2.746s]                  from [01m[K/opt/ros/humble/include/rclcpp/rclcpp/executor.hpp:37[m[K,
[2.746s]                  from [01m[K/opt/ros/humble/include/rclcpp/rclcpp/executors/multi_threaded_executor.hpp:25[m[K,
[2.746s]                  from [01m[K/opt/ros/humble/include/rclcpp/rclcpp/executors.hpp:21[m[K,
[2.746s]                  from [01m[K/opt/ros/humble/include/rclcpp/rclcpp/rclcpp.hpp:155[m[K,
[2.746s]                  from [01m[K/home/stoair/ros2CV/cv_ws/src/topic/include/global.h:14[m[K,
[2.746s]                  from [01m[K/home/stoair/ros2CV/cv_ws/src/topic/src/image_sub.cpp:1[m[K:
[2.746s] [01m[K/opt/ros/humble/include/rclcpp/rclcpp/publisher.hpp:364:3:[m[K [01;36m[Knote: [m[Kcandidate: ‘[01m[Ktemplate<class T> std::enable_if_t<(typename rclcpp::TypeAdapter<MessageT>::is_specialized::value && std::is_same<T, typename rclcpp::TypeAdapter<MessageT>::custom_type>::value)> rclcpp::Publisher<MessageT, AllocatorT>::publish(const T&) [with T = T; MessageT = topic_interfaces::msg::Coord_<std::allocator<void> >; AllocatorT = std::allocator<void>][m[K’
[2.746s]   364 |   [01;36m[Kpublish[m[K(const T & msg)
[2.746s]       |   [01;36m[K^~~~~~~[m[K
[2.746s] [01m[K/opt/ros/humble/include/rclcpp/rclcpp/publisher.hpp:364:3:[m[K [01;36m[Knote: [m[K  template argument deduction/substitution failed:
[2.746s] [01m[K/opt/ros/humble/include/rclcpp/rclcpp/publisher.hpp:383:3:[m[K [01;36m[Knote: [m[Kcandidate: ‘[01m[Kvoid rclcpp::Publisher<MessageT, AllocatorT>::publish(const rcl_serialized_message_t&) [with MessageT = topic_interfaces::msg::Coord_<std::allocator<void> >; AllocatorT = std::allocator<void>; rcl_serialized_message_t = rcutils_uint8_array_s][m[K’
[2.746s]   383 |   [01;36m[Kpublish[m[K(const rcl_serialized_message_t & serialized_msg)
[2.747s]       |   [01;36m[K^~~~~~~[m[K
[2.747s] [01m[K/opt/ros/humble/include/rclcpp/rclcpp/publisher.hpp:383:44:[m[K [01;36m[Knote: [m[K  no known conversion for argument 1 from ‘[01m[Kint[m[K’ to ‘[01m[Kconst rcl_serialized_message_t&[m[K’ {aka ‘[01m[Kconst rcutils_uint8_array_s&[m[K’}
[2.747s]   383 |   publish([01;36m[Kconst rcl_serialized_message_t & serialized_msg[m[K)
[2.747s]       |           [01;36m[K~~~~~~~~~~~~~~~~~~~~~~~~~~~~~~~~~^~~~~~~~~~~~~~[m[K
[2.747s] [01m[K/opt/ros/humble/include/rclcpp/rclcpp/publisher.hpp:389:3:[m[K [01;36m[Knote: [m[Kcandidate: ‘[01m[Kvoid rclcpp::Publisher<MessageT, AllocatorT>::publish(const rclcpp::SerializedMessage&) [with MessageT = topic_interfaces::msg::Coord_<std::allocator<void> >; AllocatorT = std::allocator<void>][m[K’
[2.747s]   389 |   [01;36m[Kpublish[m[K(const SerializedMessage & serialized_msg)
[2.747s]       |   [01;36m[K^~~~~~~[m[K
[2.747s] [01m[K/opt/ros/humble/include/rclcpp/rclcpp/publisher.hpp:389:37:[m[K [01;36m[Knote: [m[K  no known conversion for argument 1 from ‘[01m[Kint[m[K’ to ‘[01m[Kconst rclcpp::SerializedMessage&[m[K’
[2.747s]   389 |   publish([01;36m[Kconst SerializedMessage & serialized_msg[m[K)
[2.747s]       |           [01;36m[K~~~~~~~~~~~~~~~~~~~~~~~~~~^~~~~~~~~~~~~~[m[K
[2.747s] [01m[K/opt/ros/humble/include/rclcpp/rclcpp/publisher.hpp:403:3:[m[K [01;36m[Knote: [m[Kcandidate: ‘[01m[Kvoid rclcpp::Publisher<MessageT, AllocatorT>::publish(rclcpp::LoanedMessage<typename rclcpp::TypeAdapter<MessageT>::ros_message_type, AllocatorT>&&) [with MessageT = topic_interfaces::msg::Coord_<std::allocator<void> >; AllocatorT = std::allocator<void>; typename rclcpp::TypeAdapter<MessageT>::ros_message_type = topic_interfaces::msg::Coord_<std::allocator<void> >][m[K’
[2.747s]   403 |   [01;36m[Kpublish[m[K(rclcpp::LoanedMessage<ROSMessageType, AllocatorT> && loaned_msg)
[2.747s]       |   [01;36m[K^~~~~~~[m[K
[2.748s] [01m[K/opt/ros/humble/include/rclcpp/rclcpp/publisher.hpp:403:64:[m[K [01;36m[Knote: [m[K  no known conversion for argument 1 from ‘[01m[Kint[m[K’ to ‘[01m[Krclcpp::LoanedMessage<topic_interfaces::msg::Coord_<std::allocator<void> >, std::allocator<void> >&&[m[K’
[2.748s]   403 |   publish([01;36m[Krclcpp::LoanedMessage<ROSMessageType, AllocatorT> && loaned_msg[m[K)
[2.748s]       |           [01;36m[K~~~~~~~~~~~~~~~~~~~~~~~~~~~~~~~~~~~~~~~~~~~~~~~~~~~~~^~~~~~~~~~[m[K
[2.748s] [01m[K/home/stoair/ros2CV/cv_ws/src/topic/src/image_sub.cpp:125:28:[m[K [01;31m[Kerror: [m[Kno matching function for call to ‘[01m[Krclcpp::Publisher<topic_interfaces::msg::Coord_<std::allocator<void> > >::publish(int&)[m[K’
[2.748s]   125 |         [01;31m[Kpublisher_->publish(flagservo)[m[K
[2.748s]       |         [01;31m[K~~~~~~~~~~~~~~~~~~~^~~~~~~~~~~[m[K
[2.748s] In file included from [01m[K/opt/ros/humble/include/rclcpp/rclcpp/topic_statistics/subscription_topic_statistics.hpp:31[m[K,
[2.748s]                  from [01m[K/opt/ros/humble/include/rclcpp/rclcpp/subscription.hpp:50[m[K,
[2.748s]                  from [01m[K/opt/ros/humble/include/rclcpp/rclcpp/any_executable.hpp:25[m[K,
[2.748s]                  from [01m[K/opt/ros/humble/include/rclcpp/rclcpp/memory_strategy.hpp:25[m[K,
[2.749s]                  from [01m[K/opt/ros/humble/include/rclcpp/rclcpp/memory_strategies.hpp:18[m[K,
[2.749s]                  from [01m[K/opt/ros/humble/include/rclcpp/rclcpp/executor_options.hpp:20[m[K,
[2.749s]                  from [01m[K/opt/ros/humble/include/rclcpp/rclcpp/executor.hpp:37[m[K,
[2.749s]                  from [01m[K/opt/ros/humble/include/rclcpp/rclcpp/executors/multi_threaded_executor.hpp:25[m[K,
[2.749s]                  from [01m[K/opt/ros/humble/include/rclcpp/rclcpp/executors.hpp:21[m[K,
[2.749s]                  from [01m[K/opt/ros/humble/include/rclcpp/rclcpp/rclcpp.hpp:155[m[K,
[2.749s]                  from [01m[K/home/stoair/ros2CV/cv_ws/src/topic/include/global.h:14[m[K,
[2.749s]                  from [01m[K/home/stoair/ros2CV/cv_ws/src/topic/src/image_sub.cpp:1[m[K:
[2.749s] [01m[K/opt/ros/humble/include/rclcpp/rclcpp/publisher.hpp:251:3:[m[K [01;36m[Knote: [m[Kcandidate: ‘[01m[Ktemplate<class T> std::enable_if_t<(rosidl_generator_traits::is_message<T>::value && std::is_same<T, typename rclcpp::TypeAdapter<MessageT>::ros_message_type>::value)> rclcpp::Publisher<MessageT, AllocatorT>::publish(std::unique_ptr<T, typename std::conditional<std::is_same<typename std::allocator_traits<typename std::allocator_traits<_Allocator>::rebind_traits<typename rclcpp::TypeAdapter<MessageT, void, void>::ros_message_type>::allocator_type>::rebind_alloc<typename rclcpp::TypeAdapter<MessageT, void, void>::ros_message_type>, std::allocator<typename rclcpp::TypeAdapter<MessageT>::ros_message_type> >::value, std::default_delete<typename rclcpp::TypeAdapter<MessageT>::ros_message_type>, rclcpp::allocator::AllocatorDeleter<typename std::allocator_traits<_Allocator>::rebind_traits<typename rclcpp::TypeAdapter<MessageT, void, void>::ros_message_type>::allocator_type> >::type>) [with T = T; MessageT = topic_interfaces::msg::Coord_<std::allocator<void> >; AllocatorT = std::allocator<void>][m[K’
[2.749s]   251 |   [01;36m[Kpublish[m[K(std::unique_ptr<T, ROSMessageTypeDeleter> msg)
[2.749s]       |   [01;36m[K^~~~~~~[m[K
[2.750s] [01m[K/opt/ros/humble/include/rclcpp/rclcpp/publisher.hpp:251:3:[m[K [01;36m[Knote: [m[K  template argument deduction/substitution failed:
[2.750s] [01m[K/home/stoair/ros2CV/cv_ws/src/topic/src/image_sub.cpp:125:28:[m[K [01;36m[Knote: [m[K  mismatched types ‘[01m[Kstd::unique_ptr<T, std::default_delete<topic_interfaces::msg::Coord_<std::allocator<void> > > >[m[K’ and ‘[01m[Kint[m[K’
[2.750s]   125 |         [01;36m[Kpublisher_->publish(flagservo)[m[K
[2.750s]       |         [01;36m[K~~~~~~~~~~~~~~~~~~~^~~~~~~~~~~[m[K
[2.750s] In file included from [01m[K/opt/ros/humble/include/rclcpp/rclcpp/topic_statistics/subscription_topic_statistics.hpp:31[m[K,
[2.750s]                  from [01m[K/opt/ros/humble/include/rclcpp/rclcpp/subscription.hpp:50[m[K,
[2.750s]                  from [01m[K/opt/ros/humble/include/rclcpp/rclcpp/any_executable.hpp:25[m[K,
[2.750s]                  from [01m[K/opt/ros/humble/include/rclcpp/rclcpp/memory_strategy.hpp:25[m[K,
[2.750s]                  from [01m[K/opt/ros/humble/include/rclcpp/rclcpp/memory_strategies.hpp:18[m[K,
[2.750s]                  from [01m[K/opt/ros/humble/include/rclcpp/rclcpp/executor_options.hpp:20[m[K,
[2.750s]                  from [01m[K/opt/ros/humble/include/rclcpp/rclcpp/executor.hpp:37[m[K,
[2.751s]                  from [01m[K/opt/ros/humble/include/rclcpp/rclcpp/executors/multi_threaded_executor.hpp:25[m[K,
[2.751s]                  from [01m[K/opt/ros/humble/include/rclcpp/rclcpp/executors.hpp:21[m[K,
[2.751s]                  from [01m[K/opt/ros/humble/include/rclcpp/rclcpp/rclcpp.hpp:155[m[K,
[2.751s]                  from [01m[K/home/stoair/ros2CV/cv_ws/src/topic/include/global.h:14[m[K,
[2.751s]                  from [01m[K/home/stoair/ros2CV/cv_ws/src/topic/src/image_sub.cpp:1[m[K:
[2.751s] [01m[K/opt/ros/humble/include/rclcpp/rclcpp/publisher.hpp:292:3:[m[K [01;36m[Knote: [m[Kcandidate: ‘[01m[Ktemplate<class T> std::enable_if_t<(rosidl_generator_traits::is_message<T>::value && std::is_same<T, typename rclcpp::TypeAdapter<MessageT>::ros_message_type>::value)> rclcpp::Publisher<MessageT, AllocatorT>::publish(const T&) [with T = T; MessageT = topic_interfaces::msg::Coord_<std::allocator<void> >; AllocatorT = std::allocator<void>][m[K’
[2.751s]   292 |   [01;36m[Kpublish[m[K(const T & msg)
[2.751s]       |   [01;36m[K^~~~~~~[m[K
[2.751s] [01m[K/opt/ros/humble/include/rclcpp/rclcpp/publisher.hpp:292:3:[m[K [01;36m[Knote: [m[K  template argument deduction/substitution failed:
[2.751s] [01m[K/opt/ros/humble/include/rclcpp/rclcpp/publisher.hpp:322:3:[m[K [01;36m[Knote: [m[Kcandidate: ‘[01m[Ktemplate<class T> std::enable_if_t<(typename rclcpp::TypeAdapter<MessageT>::is_specialized::value && std::is_same<T, typename rclcpp::TypeAdapter<MessageT>::custom_type>::value)> rclcpp::Publisher<MessageT, AllocatorT>::publish(std::unique_ptr<T, typename std::conditional<std::is_same<typename std::allocator_traits<typename std::allocator_traits<_Allocator>::rebind_traits<typename rclcpp::TypeAdapter<MessageT, void, void>::custom_type>::allocator_type>::rebind_alloc<typename rclcpp::TypeAdapter<MessageT, void, void>::custom_type>, std::allocator<typename rclcpp::TypeAdapter<MessageT>::custom_type> >::value, std::default_delete<typename rclcpp::TypeAdapter<MessageT>::custom_type>, rclcpp::allocator::AllocatorDeleter<typename std::allocator_traits<_Allocator>::rebind_traits<typename rclcpp::TypeAdapter<MessageT, void, void>::custom_type>::allocator_type> >::type>) [with T = T; MessageT = topic_interfaces::msg::Coord_<std::allocator<void> >; AllocatorT = std::allocator<void>][m[K’
[2.751s]   322 |   [01;36m[Kpublish[m[K(std::unique_ptr<T, PublishedTypeDeleter> msg)
[2.751s]       |   [01;36m[K^~~~~~~[m[K
[2.752s] [01m[K/opt/ros/humble/include/rclcpp/rclcpp/publisher.hpp:322:3:[m[K [01;36m[Knote: [m[K  template argument deduction/substitution failed:
[2.752s] [01m[K/home/stoair/ros2CV/cv_ws/src/topic/src/image_sub.cpp:125:28:[m[K [01;36m[Knote: [m[K  mismatched types ‘[01m[Kstd::unique_ptr<T, std::default_delete<topic_interfaces::msg::Coord_<std::allocator<void> > > >[m[K’ and ‘[01m[Kint[m[K’
[2.752s]   125 |         [01;36m[Kpublisher_->publish(flagservo)[m[K
[2.752s]       |         [01;36m[K~~~~~~~~~~~~~~~~~~~^~~~~~~~~~~[m[K
[2.752s] In file included from [01m[K/opt/ros/humble/include/rclcpp/rclcpp/topic_statistics/subscription_topic_statistics.hpp:31[m[K,
[2.752s]                  from [01m[K/opt/ros/humble/include/rclcpp/rclcpp/subscription.hpp:50[m[K,
[2.752s]                  from [01m[K/opt/ros/humble/include/rclcpp/rclcpp/any_executable.hpp:25[m[K,
[2.752s]                  from [01m[K/opt/ros/humble/include/rclcpp/rclcpp/memory_strategy.hpp:25[m[K,
[2.752s]                  from [01m[K/opt/ros/humble/include/rclcpp/rclcpp/memory_strategies.hpp:18[m[K,
[2.752s]                  from [01m[K/opt/ros/humble/include/rclcpp/rclcpp/executor_options.hpp:20[m[K,
[2.753s]                  from [01m[K/opt/ros/humble/include/rclcpp/rclcpp/executor.hpp:37[m[K,
[2.753s]                  from [01m[K/opt/ros/humble/include/rclcpp/rclcpp/executors/multi_threaded_executor.hpp:25[m[K,
[2.753s]                  from [01m[K/opt/ros/humble/include/rclcpp/rclcpp/executors.hpp:21[m[K,
[2.753s]                  from [01m[K/opt/ros/humble/include/rclcpp/rclcpp/rclcpp.hpp:155[m[K,
[2.753s]                  from [01m[K/home/stoair/ros2CV/cv_ws/src/topic/include/global.h:14[m[K,
[2.753s]                  from [01m[K/home/stoair/ros2CV/cv_ws/src/topic/src/image_sub.cpp:1[m[K:
[2.753s] [01m[K/opt/ros/humble/include/rclcpp/rclcpp/publisher.hpp:364:3:[m[K [01;36m[Knote: [m[Kcandidate: ‘[01m[Ktemplate<class T> std::enable_if_t<(typename rclcpp::TypeAdapter<MessageT>::is_specialized::value && std::is_same<T, typename rclcpp::TypeAdapter<MessageT>::custom_type>::value)> rclcpp::Publisher<MessageT, AllocatorT>::publish(const T&) [with T = T; MessageT = topic_interfaces::msg::Coord_<std::allocator<void> >; AllocatorT = std::allocator<void>][m[K’
[2.753s]   364 |   [01;36m[Kpublish[m[K(const T & msg)
[2.753s]       |   [01;36m[K^~~~~~~[m[K
[2.753s] [01m[K/opt/ros/humble/include/rclcpp/rclcpp/publisher.hpp:364:3:[m[K [01;36m[Knote: [m[K  template argument deduction/substitution failed:
[2.753s] [01m[K/opt/ros/humble/include/rclcpp/rclcpp/publisher.hpp:383:3:[m[K [01;36m[Knote: [m[Kcandidate: ‘[01m[Kvoid rclcpp::Publisher<MessageT, AllocatorT>::publish(const rcl_serialized_message_t&) [with MessageT = topic_interfaces::msg::Coord_<std::allocator<void> >; AllocatorT = std::allocator<void>; rcl_serialized_message_t = rcutils_uint8_array_s][m[K’
[2.753s]   383 |   [01;36m[Kpublish[m[K(const rcl_serialized_message_t & serialized_msg)
[2.754s]       |   [01;36m[K^~~~~~~[m[K
[2.754s] [01m[K/opt/ros/humble/include/rclcpp/rclcpp/publisher.hpp:383:44:[m[K [01;36m[Knote: [m[K  no known conversion for argument 1 from ‘[01m[Kint[m[K’ to ‘[01m[Kconst rcl_serialized_message_t&[m[K’ {aka ‘[01m[Kconst rcutils_uint8_array_s&[m[K’}
[2.754s]   383 |   publish([01;36m[Kconst rcl_serialized_message_t & serialized_msg[m[K)
[2.754s]       |           [01;36m[K~~~~~~~~~~~~~~~~~~~~~~~~~~~~~~~~~^~~~~~~~~~~~~~[m[K
[2.754s] [01m[K/opt/ros/humble/include/rclcpp/rclcpp/publisher.hpp:389:3:[m[K [01;36m[Knote: [m[Kcandidate: ‘[01m[Kvoid rclcpp::Publisher<MessageT, AllocatorT>::publish(const rclcpp::SerializedMessage&) [with MessageT = topic_interfaces::msg::Coord_<std::allocator<void> >; AllocatorT = std::allocator<void>][m[K’
[2.754s]   389 |   [01;36m[Kpublish[m[K(const SerializedMessage & serialized_msg)
[2.754s]       |   [01;36m[K^~~~~~~[m[K
[2.754s] [01m[K/opt/ros/humble/include/rclcpp/rclcpp/publisher.hpp:389:37:[m[K [01;36m[Knote: [m[K  no known conversion for argument 1 from ‘[01m[Kint[m[K’ to ‘[01m[Kconst rclcpp::SerializedMessage&[m[K’
[2.754s]   389 |   publish([01;36m[Kconst SerializedMessage & serialized_msg[m[K)
[2.754s]       |           [01;36m[K~~~~~~~~~~~~~~~~~~~~~~~~~~^~~~~~~~~~~~~~[m[K
[2.754s] [01m[K/opt/ros/humble/include/rclcpp/rclcpp/publisher.hpp:403:3:[m[K [01;36m[Knote: [m[Kcandidate: ‘[01m[Kvoid rclcpp::Publisher<MessageT, AllocatorT>::publish(rclcpp::LoanedMessage<typename rclcpp::TypeAdapter<MessageT>::ros_message_type, AllocatorT>&&) [with MessageT = topic_interfaces::msg::Coord_<std::allocator<void> >; AllocatorT = std::allocator<void>; typename rclcpp::TypeAdapter<MessageT>::ros_message_type = topic_interfaces::msg::Coord_<std::allocator<void> >][m[K’
[2.755s]   403 |   [01;36m[Kpublish[m[K(rclcpp::LoanedMessage<ROSMessageType, AllocatorT> && loaned_msg)
[2.755s]       |   [01;36m[K^~~~~~~[m[K
[2.755s] [01m[K/opt/ros/humble/include/rclcpp/rclcpp/publisher.hpp:403:64:[m[K [01;36m[Knote: [m[K  no known conversion for argument 1 from ‘[01m[Kint[m[K’ to ‘[01m[Krclcpp::LoanedMessage<topic_interfaces::msg::Coord_<std::allocator<void> >, std::allocator<void> >&&[m[K’
[2.755s]   403 |   publish([01;36m[Krclcpp::LoanedMessage<ROSMessageType, AllocatorT> && loaned_msg[m[K)
[2.755s]       |           [01;36m[K~~~~~~~~~~~~~~~~~~~~~~~~~~~~~~~~~~~~~~~~~~~~~~~~~~~~~^~~~~~~~~~[m[K
[4.298s] gmake[2]: *** [CMakeFiles/image_pub.dir/build.make:76：CMakeFiles/image_pub.dir/src/image_pub.cpp.o] 错误 1
[4.298s] gmake[1]: *** [CMakeFiles/Makefile2:139：CMakeFiles/image_pub.dir/all] 错误 2
[4.298s] gmake[1]: *** 正在等待未完成的任务....
[4.380s] gmake[2]: *** [CMakeFiles/image_sub.dir/build.make:76：CMakeFiles/image_sub.dir/src/image_sub.cpp.o] 错误 1
[4.380s] gmake[1]: *** [CMakeFiles/Makefile2:165：CMakeFiles/image_sub.dir/all] 错误 2
[4.380s] gmake: *** [Makefile:146：all] 错误 2
[4.382s] Invoked command in '/home/stoair/ros2CV/cv_ws/build/topic' returned '2': AMENT_PREFIX_PATH=/home/stoair/ros2CV/cv_ws/install/topic_interfaces:${AMENT_PREFIX_PATH} CMAKE_PREFIX_PATH=/home/stoair/ros2CV/cv_ws/install/topic_interfaces:/home/stoair/ros2CV/cv_ws/install/webcam_topic:/home/stoair/learn_ws/install/service:/home/stoair/learn_ws/install/own_service:/home/stoair/learn_ws/install/ros_interfaces:/home/stoair/learn_ws/install/helloworld:/home/stoair/learn_ws/install/hellotopic:/home/stoair/dev_ws/install/learning_topic_cpp:/home/stoair/dev_ws/install/learning_tf_cpp:/home/stoair/dev_ws/install/learning_service_cpp:/home/stoair/dev_ws/install/learning_pkg_c:/home/stoair/dev_ws/install/learning_parameter_cpp:/home/stoair/dev_ws/install/learning_node_cpp:/home/stoair/dev_ws/install/learning_action_cpp:/home/stoair/dev_ws/install/learning_interface:/home/stoair/dev_ws/install/learning_urdf:/home/stoair/dev_ws/install/learning_topic:/home/stoair/dev_ws/install/learning_tf:/home/stoair/dev_ws/install/learning_service:/home/stoair/dev_ws/install/learning_qos:/home/stoair/dev_ws/install/learning_pkg_python:/home/stoair/dev_ws/install/learning_parameter:/home/stoair/dev_ws/install/learning_node:/home/stoair/dev_ws/install/learning_launch:/home/stoair/dev_ws/install/learning_action:/home/stoair/dev_ws/install/learning_gazebo_fortress:/home/stoair/dev_ws/install/learning_gazebo:/home/stoair/dev_ws/install/learning_cv:/opt/ros/humble CONDA_PROMPT_MODIFIER=(base) LD_LIBRARY_PATH=/home/stoair/ros2CV/cv_ws/install/topic_interfaces/lib:/usr/local/cuda-12.1/lib64:/home/stoair/learn_ws/install/ros_interfaces/lib:/home/stoair/dev_ws/install/learning_interface/lib:/opt/ros/humble/opt/rviz_ogre_vendor/lib:/opt/ros/humble/lib/x86_64-linux-gnu:/opt/ros/humble/lib:/usr/local/cuda-12.1/lib64:/usr/local/lib:/usr/local/lib PYTHONPATH=/home/stoair/ros2CV/cv_ws/install/topic_interfaces/lib/python3.11/site-packages:${PYTHONPATH} /usr/bin/cmake --build /home/stoair/ros2CV/cv_ws/build/topic -- -j16 -l16
