[0.008s] Invoking command in '/home/stoair/ros2CV/cv_ws/build/topic_interfaces': CMAKE_PREFIX_PATH=${CMAKE_PREFIX_PATH}:/home/stoair/dev_ws/install/learning_urdf:/home/stoair/dev_ws/install/learning_topic:/home/stoair/dev_ws/install/learning_tf:/home/stoair/dev_ws/install/learning_service:/home/stoair/dev_ws/install/learning_qos:/home/stoair/dev_ws/install/learning_pkg_python:/home/stoair/dev_ws/install/learning_parameter:/home/stoair/dev_ws/install/learning_node:/home/stoair/dev_ws/install/learning_launch:/home/stoair/dev_ws/install/learning_action:/home/stoair/dev_ws/install/learning_gazebo_fortress:/home/stoair/dev_ws/install/learning_gazebo:/home/stoair/dev_ws/install/learning_cv:/opt/ros/humble CONDA_PROMPT_MODIFIER=(base) /usr/bin/cmake --build /home/stoair/ros2CV/cv_ws/build/topic_interfaces -- -j16 -l16
[0.033s] -- Found ament_cmake: 1.3.8 (/opt/ros/humble/share/ament_cmake/cmake)
[0.147s] -- Found rosidl_default_generators: 1.2.0 (/opt/ros/humble/share/rosidl_default_generators/cmake)
[0.151s] -- Using all available rosidl_typesupport_c: rosidl_typesupport_fastrtps_c;rosidl_typesupport_introspection_c
[0.153s] -- Found rosidl_adapter: 3.1.5 (/opt/ros/humble/share/rosidl_adapter/cmake)
[0.177s] -- Using all available rosidl_typesupport_cpp: rosidl_typesupport_fastrtps_cpp;rosidl_typesupport_introspection_cpp
[0.405s] -- Found ament_cmake_ros: 0.10.0 (/opt/ros/humble/share/ament_cmake_ros/cmake)
[0.556s] -- Using all available rosidl_typesupport_c: rosidl_typesupport_fastrtps_c;rosidl_typesupport_introspection_c
[0.740s] -- Using all available rosidl_typesupport_cpp: rosidl_typesupport_fastrtps_cpp;rosidl_typesupport_introspection_cpp
[0.762s] -- Found python_cmake_module: 0.10.0 (/opt/ros/humble/share/python_cmake_module/cmake)
[0.781s] -- Using PYTHON_EXECUTABLE: /home/stoair/anaconda3/bin/python3
[0.782s] -- Using PYTHON_INCLUDE_DIRS: /home/stoair/anaconda3/include/python3.11
[0.782s] -- Using PYTHON_LIBRARIES: /home/stoair/anaconda3/lib/libpython3.11.so
[0.894s] -- Using numpy include directory: /home/stoair/.local/lib/python3.11/site-packages/numpy/core/include
[0.904s] -- Found ament_lint_auto: 0.12.10 (/opt/ros/humble/share/ament_lint_auto/cmake)
[0.910s] -- Added test 'lint_cmake' to check CMake code style
[0.911s] -- Added test 'xmllint' to check XML markup files
[0.912s] -- Configuring done
[0.927s] -- Generating done
[0.929s] -- Build files have been written to: /home/stoair/ros2CV/cv_ws/build/topic_interfaces
[0.947s] [  3%] [34m[1mGenerating C code for ROS interfaces[0m
[0.954s] [  6%] [34m[1mGenerating C++ code for ROS interfaces[0m
[0.960s] [  6%] Built target ament_cmake_python_copy_topic_interfaces
[1.096s] [35m[1mConsolidate compiler generated dependencies of target topic_interfaces__rosidl_generator_c[0m
[1.100s] [  6%] Built target topic_interfaces__cpp
[1.102s] [  9%] [32mBuilding C object CMakeFiles/topic_interfaces__rosidl_generator_c.dir/rosidl_generator_c/topic_interfaces/msg/detail/coord__functions.c.o[0m
[1.106s] [ 16%] [34m[1mGenerating C++ type support dispatch for ROS interfaces[0m
[1.107s] [ 16%] [34m[1mGenerating C++ type support for eProsima Fast-RTPS[0m
[1.107s] [ 19%] [34m[1mGenerating C++ introspection for ROS interfaces[0m
[1.113s] running egg_info
[1.128s] writing topic_interfaces.egg-info/PKG-INFO
[1.128s] writing dependency_links to topic_interfaces.egg-info/dependency_links.txt
[1.128s] writing top-level names to topic_interfaces.egg-info/top_level.txt
[1.139s] [ 22%] [32m[1mLinking C shared library libtopic_interfaces__rosidl_generator_c.so[0m
[1.163s] [ 22%] Built target topic_interfaces__rosidl_generator_c
[1.164s] reading manifest file 'topic_interfaces.egg-info/SOURCES.txt'
[1.164s] writing manifest file 'topic_interfaces.egg-info/SOURCES.txt'
[1.170s] [ 25%] [34m[1mGenerating C type support for eProsima Fast-RTPS[0m
[1.176s] [ 32%] [34m[1mGenerating C introspection for ROS interfaces[0m
[1.176s] [ 32%] [34m[1mGenerating C type support dispatch for ROS interfaces[0m
[1.184s] [ 32%] Built target ament_cmake_python_build_topic_interfaces_egg
[1.251s] [35m[1mConsolidate compiler generated dependencies of target topic_interfaces__rosidl_typesupport_introspection_cpp[0m
[1.251s] [35m[1mConsolidate compiler generated dependencies of target topic_interfaces__rosidl_typesupport_fastrtps_cpp[0m
[1.260s] [ 38%] [32mBuilding CXX object CMakeFiles/topic_interfaces__rosidl_typesupport_fastrtps_cpp.dir/rosidl_typesupport_fastrtps_cpp/topic_interfaces/msg/detail/dds_fastrtps/coord__type_support.cpp.o[0m
[1.260s] [ 38%] [32mBuilding CXX object CMakeFiles/topic_interfaces__rosidl_typesupport_introspection_cpp.dir/rosidl_typesupport_introspection_cpp/topic_interfaces/msg/detail/coord__type_support.cpp.o[0m
[1.310s] [35m[1mConsolidate compiler generated dependencies of target topic_interfaces__rosidl_typesupport_fastrtps_c[0m
[1.312s] [35m[1mConsolidate compiler generated dependencies of target topic_interfaces__rosidl_typesupport_c[0m
[1.319s] [ 41%] [32mBuilding CXX object CMakeFiles/topic_interfaces__rosidl_typesupport_fastrtps_c.dir/rosidl_typesupport_fastrtps_c/topic_interfaces/msg/detail/coord__type_support_c.cpp.o[0m
[1.320s] [ 45%] [32mBuilding CXX object CMakeFiles/topic_interfaces__rosidl_typesupport_c.dir/rosidl_typesupport_c/topic_interfaces/msg/coord__type_support.cpp.o[0m
[1.339s] [ 48%] [32m[1mLinking CXX shared library libtopic_interfaces__rosidl_typesupport_c.so[0m
[1.344s] [35m[1mConsolidate compiler generated dependencies of target topic_interfaces__rosidl_typesupport_cpp[0m
[1.358s] [ 51%] [32mBuilding CXX object CMakeFiles/topic_interfaces__rosidl_typesupport_cpp.dir/rosidl_typesupport_cpp/topic_interfaces/msg/coord__type_support.cpp.o[0m
[1.371s] [ 51%] Built target topic_interfaces__rosidl_typesupport_c
[1.430s] [35m[1mConsolidate compiler generated dependencies of target topic_interfaces__rosidl_typesupport_introspection_c[0m
[1.448s] [ 54%] [32mBuilding C object CMakeFiles/topic_interfaces__rosidl_typesupport_introspection_c.dir/rosidl_typesupport_introspection_c/topic_interfaces/msg/detail/coord__type_support.c.o[0m
[1.493s] [ 58%] [32m[1mLinking C shared library libtopic_interfaces__rosidl_typesupport_introspection_c.so[0m
[1.497s] [ 61%] [32m[1mLinking CXX shared library libtopic_interfaces__rosidl_typesupport_introspection_cpp.so[0m
[1.499s] [ 64%] [32m[1mLinking CXX shared library libtopic_interfaces__rosidl_typesupport_fastrtps_cpp.so[0m
[1.523s] [ 67%] [32m[1mLinking CXX shared library libtopic_interfaces__rosidl_typesupport_fastrtps_c.so[0m
[1.525s] [ 67%] Built target topic_interfaces__rosidl_typesupport_introspection_c
[1.531s] [ 70%] [32m[1mLinking CXX shared library libtopic_interfaces__rosidl_typesupport_cpp.so[0m
[1.551s] [ 70%] Built target topic_interfaces__rosidl_typesupport_introspection_cpp
[1.552s] [ 70%] Built target topic_interfaces__rosidl_typesupport_fastrtps_cpp
[1.561s] [ 70%] Built target topic_interfaces__rosidl_typesupport_cpp
[1.578s] [ 70%] Built target topic_interfaces__rosidl_typesupport_fastrtps_c
[1.595s] [ 70%] Built target topic_interfaces
[1.618s] [ 74%] [34m[1mGenerating Python code for ROS interfaces[0m
[1.791s] [ 74%] Built target topic_interfaces__py
[1.798s] [35m[1mConsolidate compiler generated dependencies of target topic_interfaces__rosidl_generator_py[0m
[1.807s] [ 77%] [32mBuilding C object CMakeFiles/topic_interfaces__rosidl_generator_py.dir/rosidl_generator_py/topic_interfaces/msg/_coord_s.c.o[0m
[1.883s] [ 80%] [32m[1mLinking C shared library rosidl_generator_py/topic_interfaces/libtopic_interfaces__rosidl_generator_py.so[0m
[1.924s] [ 80%] Built target topic_interfaces__rosidl_generator_py
[1.937s] [35m[1mConsolidate compiler generated dependencies of target topic_interfaces__rosidl_typesupport_fastrtps_c__pyext[0m
[1.938s] [35m[1mConsolidate compiler generated dependencies of target topic_interfaces__rosidl_typesupport_introspection_c__pyext[0m
[1.938s] [35m[1mConsolidate compiler generated dependencies of target topic_interfaces__rosidl_typesupport_c__pyext[0m
[1.948s] [ 87%] [32mBuilding C object CMakeFiles/topic_interfaces__rosidl_typesupport_fastrtps_c__pyext.dir/rosidl_generator_py/topic_interfaces/_topic_interfaces_s.ep.rosidl_typesupport_fastrtps_c.c.o[0m
[1.948s] [ 87%] [32mBuilding C object CMakeFiles/topic_interfaces__rosidl_typesupport_c__pyext.dir/rosidl_generator_py/topic_interfaces/_topic_interfaces_s.ep.rosidl_typesupport_c.c.o[0m
[1.949s] [ 90%] [32mBuilding C object CMakeFiles/topic_interfaces__rosidl_typesupport_introspection_c__pyext.dir/rosidl_generator_py/topic_interfaces/_topic_interfaces_s.ep.rosidl_typesupport_introspection_c.c.o[0m
[2.010s] [ 96%] [32m[1mLinking C shared library rosidl_generator_py/topic_interfaces/topic_interfaces_s__rosidl_typesupport_introspection_c.cpython-311-x86_64-linux-gnu.so[0m
[2.010s] [ 96%] [32m[1mLinking C shared library rosidl_generator_py/topic_interfaces/topic_interfaces_s__rosidl_typesupport_c.cpython-311-x86_64-linux-gnu.so[0m
[2.010s] [100%] [32m[1mLinking C shared library rosidl_generator_py/topic_interfaces/topic_interfaces_s__rosidl_typesupport_fastrtps_c.cpython-311-x86_64-linux-gnu.so[0m
[2.033s] [100%] Built target topic_interfaces__rosidl_typesupport_c__pyext
[2.034s] [100%] Built target topic_interfaces__rosidl_typesupport_fastrtps_c__pyext
[2.041s] [100%] Built target topic_interfaces__rosidl_typesupport_introspection_c__pyext
[2.052s] Invoked command in '/home/stoair/ros2CV/cv_ws/build/topic_interfaces' returned '0': CMAKE_PREFIX_PATH=${CMAKE_PREFIX_PATH}:/home/stoair/dev_ws/install/learning_urdf:/home/stoair/dev_ws/install/learning_topic:/home/stoair/dev_ws/install/learning_tf:/home/stoair/dev_ws/install/learning_service:/home/stoair/dev_ws/install/learning_qos:/home/stoair/dev_ws/install/learning_pkg_python:/home/stoair/dev_ws/install/learning_parameter:/home/stoair/dev_ws/install/learning_node:/home/stoair/dev_ws/install/learning_launch:/home/stoair/dev_ws/install/learning_action:/home/stoair/dev_ws/install/learning_gazebo_fortress:/home/stoair/dev_ws/install/learning_gazebo:/home/stoair/dev_ws/install/learning_cv:/opt/ros/humble CONDA_PROMPT_MODIFIER=(base) /usr/bin/cmake --build /home/stoair/ros2CV/cv_ws/build/topic_interfaces -- -j16 -l16
[2.099s] Invoking command in '/home/stoair/ros2CV/cv_ws/build/topic_interfaces': CMAKE_PREFIX_PATH=${CMAKE_PREFIX_PATH}:/home/stoair/dev_ws/install/learning_urdf:/home/stoair/dev_ws/install/learning_topic:/home/stoair/dev_ws/install/learning_tf:/home/stoair/dev_ws/install/learning_service:/home/stoair/dev_ws/install/learning_qos:/home/stoair/dev_ws/install/learning_pkg_python:/home/stoair/dev_ws/install/learning_parameter:/home/stoair/dev_ws/install/learning_node:/home/stoair/dev_ws/install/learning_launch:/home/stoair/dev_ws/install/learning_action:/home/stoair/dev_ws/install/learning_gazebo_fortress:/home/stoair/dev_ws/install/learning_gazebo:/home/stoair/dev_ws/install/learning_cv:/opt/ros/humble CONDA_PROMPT_MODIFIER=(base) /usr/bin/cmake --install /home/stoair/ros2CV/cv_ws/build/topic_interfaces
[2.104s] -- Install configuration: ""
[2.104s] -- Up-to-date: /home/stoair/ros2CV/cv_ws/install/topic_interfaces/share/ament_index/resource_index/rosidl_interfaces/topic_interfaces
[2.104s] -- Up-to-date: /home/stoair/ros2CV/cv_ws/install/topic_interfaces/include/topic_interfaces/topic_interfaces
[2.104s] -- Up-to-date: /home/stoair/ros2CV/cv_ws/install/topic_interfaces/include/topic_interfaces/topic_interfaces/msg
[2.104s] -- Up-to-date: /home/stoair/ros2CV/cv_ws/install/topic_interfaces/include/topic_interfaces/topic_interfaces/msg/rosidl_generator_c__visibility_control.h
[2.104s] -- Installing: /home/stoair/ros2CV/cv_ws/install/topic_interfaces/include/topic_interfaces/topic_interfaces/msg/coord.h
[2.104s] -- Up-to-date: /home/stoair/ros2CV/cv_ws/install/topic_interfaces/include/topic_interfaces/topic_interfaces/msg/detail
[2.104s] -- Installing: /home/stoair/ros2CV/cv_ws/install/topic_interfaces/include/topic_interfaces/topic_interfaces/msg/detail/coord__functions.c
[2.104s] -- Installing: /home/stoair/ros2CV/cv_ws/install/topic_interfaces/include/topic_interfaces/topic_interfaces/msg/detail/coord__functions.h
[2.104s] -- Installing: /home/stoair/ros2CV/cv_ws/install/topic_interfaces/include/topic_interfaces/topic_interfaces/msg/detail/coord__struct.h
[2.104s] -- Installing: /home/stoair/ros2CV/cv_ws/install/topic_interfaces/include/topic_interfaces/topic_interfaces/msg/detail/coord__type_support.h
[2.105s] -- Up-to-date: /home/stoair/ros2CV/cv_ws/install/topic_interfaces/share/topic_interfaces/environment/library_path.sh
[2.105s] -- Installing: /home/stoair/ros2CV/cv_ws/install/topic_interfaces/share/topic_interfaces/environment/library_path.dsv
[2.105s] -- Installing: /home/stoair/ros2CV/cv_ws/install/topic_interfaces/lib/libtopic_interfaces__rosidl_generator_c.so
[2.110s] -- Set runtime path of "/home/stoair/ros2CV/cv_ws/install/topic_interfaces/lib/libtopic_interfaces__rosidl_generator_c.so" to ""
[2.110s] -- Up-to-date: /home/stoair/ros2CV/cv_ws/install/topic_interfaces/include/topic_interfaces/topic_interfaces
[2.110s] -- Up-to-date: /home/stoair/ros2CV/cv_ws/install/topic_interfaces/include/topic_interfaces/topic_interfaces/msg
[2.110s] -- Up-to-date: /home/stoair/ros2CV/cv_ws/install/topic_interfaces/include/topic_interfaces/topic_interfaces/msg/rosidl_typesupport_fastrtps_c__visibility_control.h
[2.110s] -- Up-to-date: /home/stoair/ros2CV/cv_ws/install/topic_interfaces/include/topic_interfaces/topic_interfaces/msg/detail
[2.111s] -- Installing: /home/stoair/ros2CV/cv_ws/install/topic_interfaces/include/topic_interfaces/topic_interfaces/msg/detail/coord__rosidl_typesupport_fastrtps_c.h
[2.111s] -- Installing: /home/stoair/ros2CV/cv_ws/install/topic_interfaces/lib/libtopic_interfaces__rosidl_typesupport_fastrtps_c.so
[2.112s] -- Set runtime path of "/home/stoair/ros2CV/cv_ws/install/topic_interfaces/lib/libtopic_interfaces__rosidl_typesupport_fastrtps_c.so" to ""
[2.112s] -- Up-to-date: /home/stoair/ros2CV/cv_ws/install/topic_interfaces/include/topic_interfaces/topic_interfaces
[2.112s] -- Up-to-date: /home/stoair/ros2CV/cv_ws/install/topic_interfaces/include/topic_interfaces/topic_interfaces/msg
[2.112s] -- Up-to-date: /home/stoair/ros2CV/cv_ws/install/topic_interfaces/include/topic_interfaces/topic_interfaces/msg/rosidl_typesupport_introspection_c__visibility_control.h
[2.112s] -- Up-to-date: /home/stoair/ros2CV/cv_ws/install/topic_interfaces/include/topic_interfaces/topic_interfaces/msg/detail
[2.113s] -- Installing: /home/stoair/ros2CV/cv_ws/install/topic_interfaces/include/topic_interfaces/topic_interfaces/msg/detail/coord__rosidl_typesupport_introspection_c.h
[2.113s] -- Installing: /home/stoair/ros2CV/cv_ws/install/topic_interfaces/include/topic_interfaces/topic_interfaces/msg/detail/coord__type_support.c
[2.113s] -- Installing: /home/stoair/ros2CV/cv_ws/install/topic_interfaces/lib/libtopic_interfaces__rosidl_typesupport_introspection_c.so
[2.114s] -- Set runtime path of "/home/stoair/ros2CV/cv_ws/install/topic_interfaces/lib/libtopic_interfaces__rosidl_typesupport_introspection_c.so" to ""
[2.114s] -- Installing: /home/stoair/ros2CV/cv_ws/install/topic_interfaces/lib/libtopic_interfaces__rosidl_typesupport_c.so
[2.116s] -- Set runtime path of "/home/stoair/ros2CV/cv_ws/install/topic_interfaces/lib/libtopic_interfaces__rosidl_typesupport_c.so" to ""
[2.116s] -- Up-to-date: /home/stoair/ros2CV/cv_ws/install/topic_interfaces/include/topic_interfaces/topic_interfaces
[2.117s] -- Up-to-date: /home/stoair/ros2CV/cv_ws/install/topic_interfaces/include/topic_interfaces/topic_interfaces/msg
[2.117s] -- Installing: /home/stoair/ros2CV/cv_ws/install/topic_interfaces/include/topic_interfaces/topic_interfaces/msg/coord.hpp
[2.117s] -- Up-to-date: /home/stoair/ros2CV/cv_ws/install/topic_interfaces/include/topic_interfaces/topic_interfaces/msg/detail
[2.117s] -- Installing: /home/stoair/ros2CV/cv_ws/install/topic_interfaces/include/topic_interfaces/topic_interfaces/msg/detail/coord__builder.hpp
[2.117s] -- Installing: /home/stoair/ros2CV/cv_ws/install/topic_interfaces/include/topic_interfaces/topic_interfaces/msg/detail/coord__struct.hpp
[2.117s] -- Installing: /home/stoair/ros2CV/cv_ws/install/topic_interfaces/include/topic_interfaces/topic_interfaces/msg/detail/coord__traits.hpp
[2.117s] -- Up-to-date: /home/stoair/ros2CV/cv_ws/install/topic_interfaces/include/topic_interfaces/topic_interfaces
[2.117s] -- Up-to-date: /home/stoair/ros2CV/cv_ws/install/topic_interfaces/include/topic_interfaces/topic_interfaces/msg
[2.117s] -- Up-to-date: /home/stoair/ros2CV/cv_ws/install/topic_interfaces/include/topic_interfaces/topic_interfaces/msg/rosidl_typesupport_fastrtps_cpp__visibility_control.h
[2.117s] -- Up-to-date: /home/stoair/ros2CV/cv_ws/install/topic_interfaces/include/topic_interfaces/topic_interfaces/msg/detail
[2.118s] -- Installing: /home/stoair/ros2CV/cv_ws/install/topic_interfaces/include/topic_interfaces/topic_interfaces/msg/detail/coord__rosidl_typesupport_fastrtps_cpp.hpp
[2.118s] -- Up-to-date: /home/stoair/ros2CV/cv_ws/install/topic_interfaces/include/topic_interfaces/topic_interfaces/msg/detail/dds_fastrtps
[2.118s] -- Installing: /home/stoair/ros2CV/cv_ws/install/topic_interfaces/lib/libtopic_interfaces__rosidl_typesupport_fastrtps_cpp.so
[2.120s] -- Set runtime path of "/home/stoair/ros2CV/cv_ws/install/topic_interfaces/lib/libtopic_interfaces__rosidl_typesupport_fastrtps_cpp.so" to ""
[2.120s] -- Up-to-date: /home/stoair/ros2CV/cv_ws/install/topic_interfaces/include/topic_interfaces/topic_interfaces
[2.121s] -- Up-to-date: /home/stoair/ros2CV/cv_ws/install/topic_interfaces/include/topic_interfaces/topic_interfaces/msg
[2.121s] -- Up-to-date: /home/stoair/ros2CV/cv_ws/install/topic_interfaces/include/topic_interfaces/topic_interfaces/msg/detail
[2.121s] -- Installing: /home/stoair/ros2CV/cv_ws/install/topic_interfaces/include/topic_interfaces/topic_interfaces/msg/detail/coord__rosidl_typesupport_introspection_cpp.hpp
[2.121s] -- Installing: /home/stoair/ros2CV/cv_ws/install/topic_interfaces/include/topic_interfaces/topic_interfaces/msg/detail/coord__type_support.cpp
[2.121s] -- Installing: /home/stoair/ros2CV/cv_ws/install/topic_interfaces/lib/libtopic_interfaces__rosidl_typesupport_introspection_cpp.so
[2.122s] -- Set runtime path of "/home/stoair/ros2CV/cv_ws/install/topic_interfaces/lib/libtopic_interfaces__rosidl_typesupport_introspection_cpp.so" to ""
[2.122s] -- Installing: /home/stoair/ros2CV/cv_ws/install/topic_interfaces/lib/libtopic_interfaces__rosidl_typesupport_cpp.so
[2.124s] -- Set runtime path of "/home/stoair/ros2CV/cv_ws/install/topic_interfaces/lib/libtopic_interfaces__rosidl_typesupport_cpp.so" to ""
[2.124s] -- Up-to-date: /home/stoair/ros2CV/cv_ws/install/topic_interfaces/share/topic_interfaces/environment/pythonpath.sh
[2.125s] -- Installing: /home/stoair/ros2CV/cv_ws/install/topic_interfaces/share/topic_interfaces/environment/pythonpath.dsv
[2.125s] -- Up-to-date: /home/stoair/ros2CV/cv_ws/install/topic_interfaces/lib/python3.11/site-packages/topic_interfaces-0.0.0-py3.11.egg-info
[2.125s] -- Installing: /home/stoair/ros2CV/cv_ws/install/topic_interfaces/lib/python3.11/site-packages/topic_interfaces-0.0.0-py3.11.egg-info/PKG-INFO
[2.125s] -- Installing: /home/stoair/ros2CV/cv_ws/install/topic_interfaces/lib/python3.11/site-packages/topic_interfaces-0.0.0-py3.11.egg-info/dependency_links.txt
[2.125s] -- Installing: /home/stoair/ros2CV/cv_ws/install/topic_interfaces/lib/python3.11/site-packages/topic_interfaces-0.0.0-py3.11.egg-info/top_level.txt
[2.125s] -- Installing: /home/stoair/ros2CV/cv_ws/install/topic_interfaces/lib/python3.11/site-packages/topic_interfaces-0.0.0-py3.11.egg-info/SOURCES.txt
[2.126s] -- Up-to-date: /home/stoair/ros2CV/cv_ws/install/topic_interfaces/lib/python3.11/site-packages/topic_interfaces
[2.126s] -- Installing: /home/stoair/ros2CV/cv_ws/install/topic_interfaces/lib/python3.11/site-packages/topic_interfaces/__init__.py
[2.126s] -- Up-to-date: /home/stoair/ros2CV/cv_ws/install/topic_interfaces/lib/python3.11/site-packages/topic_interfaces/msg
[2.126s] -- Installing: /home/stoair/ros2CV/cv_ws/install/topic_interfaces/lib/python3.11/site-packages/topic_interfaces/msg/_coord.py
[2.126s] -- Installing: /home/stoair/ros2CV/cv_ws/install/topic_interfaces/lib/python3.11/site-packages/topic_interfaces/msg/_coord_s.c
[2.127s] -- Installing: /home/stoair/ros2CV/cv_ws/install/topic_interfaces/lib/python3.11/site-packages/topic_interfaces/msg/__init__.py
[2.127s] -- Installing: /home/stoair/ros2CV/cv_ws/install/topic_interfaces/lib/python3.11/site-packages/topic_interfaces/_topic_interfaces_s.ep.rosidl_typesupport_fastrtps_c.c
[2.127s] -- Installing: /home/stoair/ros2CV/cv_ws/install/topic_interfaces/lib/python3.11/site-packages/topic_interfaces/_topic_interfaces_s.ep.rosidl_typesupport_introspection_c.c
[2.127s] -- Installing: /home/stoair/ros2CV/cv_ws/install/topic_interfaces/lib/python3.11/site-packages/topic_interfaces/_topic_interfaces_s.ep.rosidl_typesupport_c.c
[2.127s] -- Installing: /home/stoair/ros2CV/cv_ws/install/topic_interfaces/lib/python3.11/site-packages/topic_interfaces/libtopic_interfaces__rosidl_generator_py.so
[2.127s] -- Installing: /home/stoair/ros2CV/cv_ws/install/topic_interfaces/lib/python3.11/site-packages/topic_interfaces/topic_interfaces_s__rosidl_typesupport_c.cpython-311-x86_64-linux-gnu.so
[2.127s] -- Installing: /home/stoair/ros2CV/cv_ws/install/topic_interfaces/lib/python3.11/site-packages/topic_interfaces/topic_interfaces_s__rosidl_typesupport_fastrtps_c.cpython-311-x86_64-linux-gnu.so
[2.128s] -- Installing: /home/stoair/ros2CV/cv_ws/install/topic_interfaces/lib/python3.11/site-packages/topic_interfaces/topic_interfaces_s__rosidl_typesupport_introspection_c.cpython-311-x86_64-linux-gnu.so
[2.165s] Listing '/home/stoair/ros2CV/cv_ws/install/topic_interfaces/lib/python3.11/site-packages/topic_interfaces'...
[2.165s] Compiling '/home/stoair/ros2CV/cv_ws/install/topic_interfaces/lib/python3.11/site-packages/topic_interfaces/__init__.py'...
[2.165s] Listing '/home/stoair/ros2CV/cv_ws/install/topic_interfaces/lib/python3.11/site-packages/topic_interfaces/msg'...
[2.165s] Compiling '/home/stoair/ros2CV/cv_ws/install/topic_interfaces/lib/python3.11/site-packages/topic_interfaces/msg/__init__.py'...
[2.165s] Compiling '/home/stoair/ros2CV/cv_ws/install/topic_interfaces/lib/python3.11/site-packages/topic_interfaces/msg/_coord.py'...
[2.168s] -- Installing: /home/stoair/ros2CV/cv_ws/install/topic_interfaces/lib/python3.11/site-packages/topic_interfaces/topic_interfaces_s__rosidl_typesupport_fastrtps_c.cpython-311-x86_64-linux-gnu.so
[2.169s] -- Set runtime path of "/home/stoair/ros2CV/cv_ws/install/topic_interfaces/lib/python3.11/site-packages/topic_interfaces/topic_interfaces_s__rosidl_typesupport_fastrtps_c.cpython-311-x86_64-linux-gnu.so" to ""
[2.170s] -- Installing: /home/stoair/ros2CV/cv_ws/install/topic_interfaces/lib/python3.11/site-packages/topic_interfaces/topic_interfaces_s__rosidl_typesupport_introspection_c.cpython-311-x86_64-linux-gnu.so
[2.170s] -- Set runtime path of "/home/stoair/ros2CV/cv_ws/install/topic_interfaces/lib/python3.11/site-packages/topic_interfaces/topic_interfaces_s__rosidl_typesupport_introspection_c.cpython-311-x86_64-linux-gnu.so" to ""
[2.170s] -- Installing: /home/stoair/ros2CV/cv_ws/install/topic_interfaces/lib/python3.11/site-packages/topic_interfaces/topic_interfaces_s__rosidl_typesupport_c.cpython-311-x86_64-linux-gnu.so
[2.171s] -- Set runtime path of "/home/stoair/ros2CV/cv_ws/install/topic_interfaces/lib/python3.11/site-packages/topic_interfaces/topic_interfaces_s__rosidl_typesupport_c.cpython-311-x86_64-linux-gnu.so" to ""
[2.171s] -- Installing: /home/stoair/ros2CV/cv_ws/install/topic_interfaces/lib/libtopic_interfaces__rosidl_generator_py.so
[2.171s] -- Set runtime path of "/home/stoair/ros2CV/cv_ws/install/topic_interfaces/lib/libtopic_interfaces__rosidl_generator_py.so" to ""
[2.171s] -- Installing: /home/stoair/ros2CV/cv_ws/install/topic_interfaces/share/topic_interfaces/msg/Coord.idl
[2.171s] -- Installing: /home/stoair/ros2CV/cv_ws/install/topic_interfaces/share/topic_interfaces/msg/Coord.msg
[2.171s] -- Up-to-date: /home/stoair/ros2CV/cv_ws/install/topic_interfaces/share/ament_index/resource_index/package_run_dependencies/topic_interfaces
[2.171s] -- Up-to-date: /home/stoair/ros2CV/cv_ws/install/topic_interfaces/share/ament_index/resource_index/parent_prefix_path/topic_interfaces
[2.171s] -- Up-to-date: /home/stoair/ros2CV/cv_ws/install/topic_interfaces/share/topic_interfaces/environment/ament_prefix_path.sh
[2.171s] -- Installing: /home/stoair/ros2CV/cv_ws/install/topic_interfaces/share/topic_interfaces/environment/ament_prefix_path.dsv
[2.171s] -- Up-to-date: /home/stoair/ros2CV/cv_ws/install/topic_interfaces/share/topic_interfaces/environment/path.sh
[2.171s] -- Installing: /home/stoair/ros2CV/cv_ws/install/topic_interfaces/share/topic_interfaces/environment/path.dsv
[2.171s] -- Up-to-date: /home/stoair/ros2CV/cv_ws/install/topic_interfaces/share/topic_interfaces/local_setup.bash
[2.172s] -- Up-to-date: /home/stoair/ros2CV/cv_ws/install/topic_interfaces/share/topic_interfaces/local_setup.sh
[2.172s] -- Up-to-date: /home/stoair/ros2CV/cv_ws/install/topic_interfaces/share/topic_interfaces/local_setup.zsh
[2.172s] -- Installing: /home/stoair/ros2CV/cv_ws/install/topic_interfaces/share/topic_interfaces/local_setup.dsv
[2.172s] -- Installing: /home/stoair/ros2CV/cv_ws/install/topic_interfaces/share/topic_interfaces/package.dsv
[2.172s] -- Up-to-date: /home/stoair/ros2CV/cv_ws/install/topic_interfaces/share/ament_index/resource_index/packages/topic_interfaces
[2.172s] -- Up-to-date: /home/stoair/ros2CV/cv_ws/install/topic_interfaces/share/topic_interfaces/cmake/export_topic_interfaces__rosidl_generator_cExport.cmake
[2.172s] -- Up-to-date: /home/stoair/ros2CV/cv_ws/install/topic_interfaces/share/topic_interfaces/cmake/export_topic_interfaces__rosidl_generator_cExport-noconfig.cmake
[2.172s] -- Up-to-date: /home/stoair/ros2CV/cv_ws/install/topic_interfaces/share/topic_interfaces/cmake/export_topic_interfaces__rosidl_typesupport_fastrtps_cExport.cmake
[2.172s] -- Up-to-date: /home/stoair/ros2CV/cv_ws/install/topic_interfaces/share/topic_interfaces/cmake/export_topic_interfaces__rosidl_typesupport_fastrtps_cExport-noconfig.cmake
[2.172s] -- Up-to-date: /home/stoair/ros2CV/cv_ws/install/topic_interfaces/share/topic_interfaces/cmake/topic_interfaces__rosidl_typesupport_introspection_cExport.cmake
[2.172s] -- Up-to-date: /home/stoair/ros2CV/cv_ws/install/topic_interfaces/share/topic_interfaces/cmake/topic_interfaces__rosidl_typesupport_introspection_cExport-noconfig.cmake
[2.173s] -- Up-to-date: /home/stoair/ros2CV/cv_ws/install/topic_interfaces/share/topic_interfaces/cmake/topic_interfaces__rosidl_typesupport_cExport.cmake
[2.173s] -- Up-to-date: /home/stoair/ros2CV/cv_ws/install/topic_interfaces/share/topic_interfaces/cmake/topic_interfaces__rosidl_typesupport_cExport-noconfig.cmake
[2.173s] -- Up-to-date: /home/stoair/ros2CV/cv_ws/install/topic_interfaces/share/topic_interfaces/cmake/export_topic_interfaces__rosidl_generator_cppExport.cmake
[2.173s] -- Up-to-date: /home/stoair/ros2CV/cv_ws/install/topic_interfaces/share/topic_interfaces/cmake/export_topic_interfaces__rosidl_typesupport_fastrtps_cppExport.cmake
[2.173s] -- Up-to-date: /home/stoair/ros2CV/cv_ws/install/topic_interfaces/share/topic_interfaces/cmake/export_topic_interfaces__rosidl_typesupport_fastrtps_cppExport-noconfig.cmake
[2.173s] -- Up-to-date: /home/stoair/ros2CV/cv_ws/install/topic_interfaces/share/topic_interfaces/cmake/topic_interfaces__rosidl_typesupport_introspection_cppExport.cmake
[2.173s] -- Up-to-date: /home/stoair/ros2CV/cv_ws/install/topic_interfaces/share/topic_interfaces/cmake/topic_interfaces__rosidl_typesupport_introspection_cppExport-noconfig.cmake
[2.173s] -- Up-to-date: /home/stoair/ros2CV/cv_ws/install/topic_interfaces/share/topic_interfaces/cmake/topic_interfaces__rosidl_typesupport_cppExport.cmake
[2.173s] -- Up-to-date: /home/stoair/ros2CV/cv_ws/install/topic_interfaces/share/topic_interfaces/cmake/topic_interfaces__rosidl_typesupport_cppExport-noconfig.cmake
[2.173s] -- Up-to-date: /home/stoair/ros2CV/cv_ws/install/topic_interfaces/share/topic_interfaces/cmake/export_topic_interfaces__rosidl_generator_pyExport.cmake
[2.174s] -- Up-to-date: /home/stoair/ros2CV/cv_ws/install/topic_interfaces/share/topic_interfaces/cmake/export_topic_interfaces__rosidl_generator_pyExport-noconfig.cmake
[2.174s] -- Up-to-date: /home/stoair/ros2CV/cv_ws/install/topic_interfaces/share/topic_interfaces/cmake/rosidl_cmake-extras.cmake
[2.174s] -- Up-to-date: /home/stoair/ros2CV/cv_ws/install/topic_interfaces/share/topic_interfaces/cmake/ament_cmake_export_include_directories-extras.cmake
[2.174s] -- Up-to-date: /home/stoair/ros2CV/cv_ws/install/topic_interfaces/share/topic_interfaces/cmake/ament_cmake_export_libraries-extras.cmake
[2.174s] -- Up-to-date: /home/stoair/ros2CV/cv_ws/install/topic_interfaces/share/topic_interfaces/cmake/ament_cmake_export_targets-extras.cmake
[2.174s] -- Up-to-date: /home/stoair/ros2CV/cv_ws/install/topic_interfaces/share/topic_interfaces/cmake/rosidl_cmake_export_typesupport_targets-extras.cmake
[2.174s] -- Up-to-date: /home/stoair/ros2CV/cv_ws/install/topic_interfaces/share/topic_interfaces/cmake/ament_cmake_export_dependencies-extras.cmake
[2.174s] -- Up-to-date: /home/stoair/ros2CV/cv_ws/install/topic_interfaces/share/topic_interfaces/cmake/rosidl_cmake_export_typesupport_libraries-extras.cmake
[2.174s] -- Up-to-date: /home/stoair/ros2CV/cv_ws/install/topic_interfaces/share/topic_interfaces/cmake/topic_interfacesConfig.cmake
[2.174s] -- Up-to-date: /home/stoair/ros2CV/cv_ws/install/topic_interfaces/share/topic_interfaces/cmake/topic_interfacesConfig-version.cmake
[2.174s] -- Up-to-date: /home/stoair/ros2CV/cv_ws/install/topic_interfaces/share/topic_interfaces/package.xml
[2.176s] Invoked command in '/home/stoair/ros2CV/cv_ws/build/topic_interfaces' returned '0': CMAKE_PREFIX_PATH=${CMAKE_PREFIX_PATH}:/home/stoair/dev_ws/install/learning_urdf:/home/stoair/dev_ws/install/learning_topic:/home/stoair/dev_ws/install/learning_tf:/home/stoair/dev_ws/install/learning_service:/home/stoair/dev_ws/install/learning_qos:/home/stoair/dev_ws/install/learning_pkg_python:/home/stoair/dev_ws/install/learning_parameter:/home/stoair/dev_ws/install/learning_node:/home/stoair/dev_ws/install/learning_launch:/home/stoair/dev_ws/install/learning_action:/home/stoair/dev_ws/install/learning_gazebo_fortress:/home/stoair/dev_ws/install/learning_gazebo:/home/stoair/dev_ws/install/learning_cv:/opt/ros/humble CONDA_PROMPT_MODIFIER=(base) /usr/bin/cmake --install /home/stoair/ros2CV/cv_ws/build/topic_interfaces
