[0.008s] Invoking command in '/home/stoair/ros2CV/cv_ws/build/offboard': CMAKE_PREFIX_PATH=${CMAKE_PREFIX_PATH}:/home/stoair/ros2CV/cv_ws/install/pyPublish:/home/stoair/dev_ws/install/learning_urdf:/home/stoair/dev_ws/install/learning_topic:/home/stoair/dev_ws/install/learning_tf:/home/stoair/dev_ws/install/learning_service:/home/stoair/dev_ws/install/learning_qos:/home/stoair/dev_ws/install/learning_pkg_python:/home/stoair/dev_ws/install/learning_parameter:/home/stoair/dev_ws/install/learning_node:/home/stoair/dev_ws/install/learning_launch:/home/stoair/dev_ws/install/learning_action:/home/stoair/dev_ws/install/learning_gazebo_fortress:/home/stoair/dev_ws/install/learning_gazebo:/home/stoair/dev_ws/install/learning_cv:/opt/ros/humble CONDA_PROMPT_MODIFIER=(base) /usr/bin/cmake /home/stoair/ros2CV/cv_ws/src/offboard -DCMAKE_INSTALL_PREFIX=/home/stoair/ros2CV/cv_ws/install/offboard
[0.152s] -- The C compiler identification is GNU 12.3.0
[0.223s] -- The CXX compiler identification is GNU 11.4.0
[0.231s] -- Detecting C compiler ABI info
[0.292s] -- Detecting C compiler ABI info - done
[0.303s] -- Check for working C compiler: /usr/bin/cc - skipped
[0.303s] -- Detecting C compile features
[0.304s] -- Detecting C compile features - done
[0.309s] -- Detecting CXX compiler ABI info
[0.367s] -- Detecting CXX compiler ABI info - done
[0.372s] -- Check for working CXX compiler: /usr/bin/c++ - skipped
[0.372s] -- Detecting CXX compile features
[0.373s] -- Detecting CXX compile features - done
[0.378s] -- Found ament_cmake: 1.3.8 (/opt/ros/humble/share/ament_cmake/cmake)
[0.669s] -- Found Python3: /home/stoair/anaconda3/bin/python3 (found version "3.11.5") found components: Interpreter 
[0.765s] -- Found rclcpp: 16.0.8 (/opt/ros/humble/share/rclcpp/cmake)
[0.830s] -- Found rosidl_generator_c: 3.1.5 (/opt/ros/humble/share/rosidl_generator_c/cmake)
[0.839s] -- Found rosidl_adapter: 3.1.5 (/opt/ros/humble/share/rosidl_adapter/cmake)
[0.854s] -- Found rosidl_generator_cpp: 3.1.5 (/opt/ros/humble/share/rosidl_generator_cpp/cmake)
[0.868s] -- Using all available rosidl_typesupport_c: rosidl_typesupport_fastrtps_c;rosidl_typesupport_introspection_c
[0.888s] -- Using all available rosidl_typesupport_cpp: rosidl_typesupport_fastrtps_cpp;rosidl_typesupport_introspection_cpp
[0.955s] -- Found rmw_implementation_cmake: 6.1.1 (/opt/ros/humble/share/rmw_implementation_cmake/cmake)
[0.958s] -- Found rmw_fastrtps_cpp: 6.2.6 (/opt/ros/humble/share/rmw_fastrtps_cpp/cmake)
[1.051s] -- Found OpenSSL: /usr/lib/x86_64-linux-gnu/libcrypto.so (found version "3.0.2")  
[1.074s] -- Found FastRTPS: /opt/ros/humble/include  
[1.109s] -- Using RMW implementation 'rmw_fastrtps_cpp' as default
[1.125s] -- Looking for pthread.h
[1.188s] -- Looking for pthread.h - found
[1.189s] -- Performing Test CMAKE_HAVE_LIBC_PTHREAD
[1.255s] -- Performing Test CMAKE_HAVE_LIBC_PTHREAD - Success
[1.255s] -- Found Threads: TRUE  
[1.389s] -- Configuring incomplete, errors occurred!
[1.390s] See also "/home/stoair/ros2CV/cv_ws/build/offboard/CMakeFiles/CMakeOutput.log".
[1.390s] [31mCMake Error at CMakeLists.txt:10 (find_package):
[1.390s]   By not providing "Findmavros_msgs.cmake" in CMAKE_MODULE_PATH this project
[1.390s]   has asked CMake to find a package configuration file provided by
[1.390s]   "mavros_msgs", but CMake did not find one.
[1.390s] 
[1.390s]   Could not find a package configuration file provided by "mavros_msgs" with
[1.390s]   any of the following names:
[1.390s] 
[1.390s]     mavros_msgsConfig.cmake
[1.390s]     mavros_msgs-config.cmake
[1.390s] 
[1.390s]   Add the installation prefix of "mavros_msgs" to CMAKE_PREFIX_PATH or set
[1.390s]   "mavros_msgs_DIR" to a directory containing one of the above files.  If
[1.390s]   "mavros_msgs" provides a separate development package or SDK, be sure it
[1.390s]   has been installed.
[1.390s] 
[1.390s] [0m
[1.396s] Invoked command in '/home/stoair/ros2CV/cv_ws/build/offboard' returned '1': CMAKE_PREFIX_PATH=${CMAKE_PREFIX_PATH}:/home/stoair/ros2CV/cv_ws/install/pyPublish:/home/stoair/dev_ws/install/learning_urdf:/home/stoair/dev_ws/install/learning_topic:/home/stoair/dev_ws/install/learning_tf:/home/stoair/dev_ws/install/learning_service:/home/stoair/dev_ws/install/learning_qos:/home/stoair/dev_ws/install/learning_pkg_python:/home/stoair/dev_ws/install/learning_parameter:/home/stoair/dev_ws/install/learning_node:/home/stoair/dev_ws/install/learning_launch:/home/stoair/dev_ws/install/learning_action:/home/stoair/dev_ws/install/learning_gazebo_fortress:/home/stoair/dev_ws/install/learning_gazebo:/home/stoair/dev_ws/install/learning_cv:/opt/ros/humble CONDA_PROMPT_MODIFIER=(base) /usr/bin/cmake /home/stoair/ros2CV/cv_ws/src/offboard -DCMAKE_INSTALL_PREFIX=/home/stoair/ros2CV/cv_ws/install/offboard
