[0.014s] Invoking command in '/home/stoair/ros2CV/cv_ws/build/topic2': CMAKE_PREFIX_PATH=${CMAKE_PREFIX_PATH}:/home/stoair/dev_ws/install/learning_urdf:/home/stoair/dev_ws/install/learning_topic:/home/stoair/dev_ws/install/learning_tf:/home/stoair/dev_ws/install/learning_service:/home/stoair/dev_ws/install/learning_qos:/home/stoair/dev_ws/install/learning_pkg_python:/home/stoair/dev_ws/install/learning_parameter:/home/stoair/dev_ws/install/learning_node:/home/stoair/dev_ws/install/learning_launch:/home/stoair/dev_ws/install/learning_action:/home/stoair/dev_ws/install/learning_gazebo_fortress:/home/stoair/dev_ws/install/learning_gazebo:/home/stoair/dev_ws/install/learning_cv:/opt/ros/humble CONDA_PROMPT_MODIFIER=(base) /usr/bin/cmake --build /home/stoair/ros2CV/cv_ws/build/topic2 -- -j16 -l16
[0.107s] [35m[1mConsolidate compiler generated dependencies of target image_pub[0m
[0.128s] [ 60%] Built target image_sub
[0.134s] [ 80%] [32mBuilding CXX object CMakeFiles/image_pub.dir/src/image_pub.cpp.o[0m
[4.936s] [01m[K/home/stoair/ros2CV/cv_ws/src/topic2/src/image_pub.cpp:[m[K In member function ‘[01m[Kvoid imagePub::timer_callback()[m[K’:
[4.936s] [01m[K/home/stoair/ros2CV/cv_ws/src/topic2/src/image_pub.cpp:52:96:[m[K [01;31m[Kerror: [m[Kno matching function for call to ‘[01m[Kcv_bridge::CvImage::toCompressedImageMsg(const char [5])[m[K’
[4.936s]    52 |             sensor_msgs::msg::CompressedImage img_msg_compressed = [01;31m[Kimg_msg.toCompressedImageMsg("jpeg")[m[K;
[4.936s]       |                                                                    [01;31m[K~~~~~~~~~~~~~~~~~~~~~~~~~~~~^~~~~~~~[m[K
[4.936s] In file included from [01m[K/home/stoair/ros2CV/cv_ws/src/topic2/src/image_pub.cpp:7[m[K:
[4.936s] [01m[K/opt/ros/humble/include/cv_bridge/cv_bridge/cv_bridge.h:121:48:[m[K [01;36m[Knote: [m[Kcandidate: ‘[01m[Ksensor_msgs::msg::CompressedImage_<std::allocator<void> >::SharedPtr cv_bridge::CvImage::toCompressedImageMsg(cv_bridge::Format) const[m[K’
[4.936s]   121 |   sensor_msgs::msg::CompressedImage::SharedPtr [01;36m[KtoCompressedImageMsg[m[K(
[4.936s]       |                                                [01;36m[K^~~~~~~~~~~~~~~~~~~~[m[K
[4.936s] [01m[K/opt/ros/humble/include/cv_bridge/cv_bridge/cv_bridge.h:122:18:[m[K [01;36m[Knote: [m[K  no known conversion for argument 1 from ‘[01m[Kconst char [5][m[K’ to ‘[01m[Kcv_bridge::Format[m[K’
[4.936s]   122 |     [01;36m[Kconst Format dst_format =[m[K
[4.937s]       |     [01;36m[K~~~~~~~~~~~~~^~~~~~~~~~~~[m[K
[4.937s]   123 | [01;36m[K    JPG[m[K) const;
[4.937s]       |     [01;36m[K~~~[m[K           
[4.937s] [01m[K/opt/ros/humble/include/cv_bridge/cv_bridge/cv_bridge.h:140:8:[m[K [01;36m[Knote: [m[Kcandidate: ‘[01m[Kvoid cv_bridge::CvImage::toCompressedImageMsg(sensor_msgs::msg::CompressedImage&, cv_bridge::Format) const[m[K’
[4.937s]   140 |   void [01;36m[KtoCompressedImageMsg[m[K(
[4.937s]       |        [01;36m[K^~~~~~~~~~~~~~~~~~~~[m[K
[4.937s] [01m[K/opt/ros/humble/include/cv_bridge/cv_bridge/cv_bridge.h:141:41:[m[K [01;36m[Knote: [m[K  no known conversion for argument 1 from ‘[01m[Kconst char [5][m[K’ to ‘[01m[Ksensor_msgs::msg::CompressedImage&[m[K’ {aka ‘[01m[Ksensor_msgs::msg::CompressedImage_<std::allocator<void> >&[m[K’}
[4.937s]   141 |     [01;36m[Ksensor_msgs::msg::CompressedImage & ros_image[m[K,
[4.937s]       |     [01;36m[K~~~~~~~~~~~~~~~~~~~~~~~~~~~~~~~~~~~~^~~~~~~~~[m[K
[7.753s] gmake[2]: *** [CMakeFiles/image_pub.dir/build.make:76：CMakeFiles/image_pub.dir/src/image_pub.cpp.o] 错误 1
[7.753s] gmake[1]: *** [CMakeFiles/Makefile2:139：CMakeFiles/image_pub.dir/all] 错误 2
[7.753s] gmake: *** [Makefile:146：all] 错误 2
[7.756s] Invoked command in '/home/stoair/ros2CV/cv_ws/build/topic2' returned '2': CMAKE_PREFIX_PATH=${CMAKE_PREFIX_PATH}:/home/stoair/dev_ws/install/learning_urdf:/home/stoair/dev_ws/install/learning_topic:/home/stoair/dev_ws/install/learning_tf:/home/stoair/dev_ws/install/learning_service:/home/stoair/dev_ws/install/learning_qos:/home/stoair/dev_ws/install/learning_pkg_python:/home/stoair/dev_ws/install/learning_parameter:/home/stoair/dev_ws/install/learning_node:/home/stoair/dev_ws/install/learning_launch:/home/stoair/dev_ws/install/learning_action:/home/stoair/dev_ws/install/learning_gazebo_fortress:/home/stoair/dev_ws/install/learning_gazebo:/home/stoair/dev_ws/install/learning_cv:/opt/ros/humble CONDA_PROMPT_MODIFIER=(base) /usr/bin/cmake --build /home/stoair/ros2CV/cv_ws/build/topic2 -- -j16 -l16
