[ 50%] [32mBuilding CXX object CMakeFiles/webcam_sub.dir/src/webcam_sub.cpp.o[0m
[ 75%] Built target webcam_pub
[100%] [32m[1mLinking CXX executable webcam_sub[0m
[100%] Built target webcam_sub
-- Install configuration: ""
-- Up-to-date: /home/stoair/ros2CV/cv_ws/install/webcam_topic/lib/webcam_topic/webcam_pub
-- Installing: /home/stoair/ros2CV/cv_ws/install/webcam_topic/lib/webcam_topic/webcam_sub
-- Set runtime path of "/home/stoair/ros2CV/cv_ws/install/webcam_topic/lib/webcam_topic/webcam_sub" to ""
-- Up-to-date: /home/stoair/ros2CV/cv_ws/install/webcam_topic/share/ament_index/resource_index/package_run_dependencies/webcam_topic
-- Up-to-date: /home/stoair/ros2CV/cv_ws/install/webcam_topic/share/ament_index/resource_index/parent_prefix_path/webcam_topic
-- Up-to-date: /home/stoair/ros2CV/cv_ws/install/webcam_topic/share/webcam_topic/environment/ament_prefix_path.sh
-- Up-to-date: /home/stoair/ros2CV/cv_ws/install/webcam_topic/share/webcam_topic/environment/ament_prefix_path.dsv
-- Up-to-date: /home/stoair/ros2CV/cv_ws/install/webcam_topic/share/webcam_topic/environment/path.sh
-- Up-to-date: /home/stoair/ros2CV/cv_ws/install/webcam_topic/share/webcam_topic/environment/path.dsv
-- Up-to-date: /home/stoair/ros2CV/cv_ws/install/webcam_topic/share/webcam_topic/local_setup.bash
-- Up-to-date: /home/stoair/ros2CV/cv_ws/install/webcam_topic/share/webcam_topic/local_setup.sh
-- Up-to-date: /home/stoair/ros2CV/cv_ws/install/webcam_topic/share/webcam_topic/local_setup.zsh
-- Up-to-date: /home/stoair/ros2CV/cv_ws/install/webcam_topic/share/webcam_topic/local_setup.dsv
-- Up-to-date: /home/stoair/ros2CV/cv_ws/install/webcam_topic/share/webcam_topic/package.dsv
-- Up-to-date: /home/stoair/ros2CV/cv_ws/install/webcam_topic/share/ament_index/resource_index/packages/webcam_topic
-- Up-to-date: /home/stoair/ros2CV/cv_ws/install/webcam_topic/share/webcam_topic/cmake/webcam_topicConfig.cmake
-- Up-to-date: /home/stoair/ros2CV/cv_ws/install/webcam_topic/share/webcam_topic/cmake/webcam_topicConfig-version.cmake
-- Up-to-date: /home/stoair/ros2CV/cv_ws/install/webcam_topic/share/webcam_topic/package.xml
