[0.025s] Invoking command in '/home/stoair/ros2CV/cv_ws/build/webcam_topic': CMAKE_PREFIX_PATH=${CMAKE_PREFIX_PATH}:/home/stoair/dev_ws/install/learning_urdf:/home/stoair/dev_ws/install/learning_topic:/home/stoair/dev_ws/install/learning_tf:/home/stoair/dev_ws/install/learning_service:/home/stoair/dev_ws/install/learning_qos:/home/stoair/dev_ws/install/learning_pkg_python:/home/stoair/dev_ws/install/learning_parameter:/home/stoair/dev_ws/install/learning_node:/home/stoair/dev_ws/install/learning_launch:/home/stoair/dev_ws/install/learning_action:/home/stoair/dev_ws/install/learning_gazebo_fortress:/home/stoair/dev_ws/install/learning_gazebo:/home/stoair/dev_ws/install/learning_cv:/opt/ros/humble /usr/bin/cmake --build /home/stoair/ros2CV/cv_ws/build/webcam_topic -- -j16 -l16
[0.041s] -- Found ament_cmake: 1.3.8 (/opt/ros/humble/share/ament_cmake/cmake)
[0.141s] -- Found rclcpp: 16.0.8 (/opt/ros/humble/share/rclcpp/cmake)
[0.161s] -- Found rosidl_generator_c: 3.1.5 (/opt/ros/humble/share/rosidl_generator_c/cmake)
[0.162s] -- Found rosidl_adapter: 3.1.5 (/opt/ros/humble/share/rosidl_adapter/cmake)
[0.166s] -- Found rosidl_generator_cpp: 3.1.5 (/opt/ros/humble/share/rosidl_generator_cpp/cmake)
[0.174s] -- Using all available rosidl_typesupport_c: rosidl_typesupport_fastrtps_c;rosidl_typesupport_introspection_c
[0.184s] -- Using all available rosidl_typesupport_cpp: rosidl_typesupport_fastrtps_cpp;rosidl_typesupport_introspection_cpp
[0.225s] -- Found rmw_implementation_cmake: 6.1.1 (/opt/ros/humble/share/rmw_implementation_cmake/cmake)
[0.226s] -- Found rmw_fastrtps_cpp: 6.2.6 (/opt/ros/humble/share/rmw_fastrtps_cpp/cmake)
[0.311s] -- Using RMW implementation 'rmw_fastrtps_cpp' as default
[0.427s] -- Found cv_bridge: 3.2.1 (/opt/ros/humble/share/cv_bridge/cmake)
[0.524s] -- Found ament_lint_auto: 0.12.10 (/opt/ros/humble/share/ament_lint_auto/cmake)
[0.590s] -- Added test 'cppcheck' to perform static code analysis on C / C++ code
[0.590s] -- Configured cppcheck include dirs: 
[0.591s] -- Configured cppcheck exclude dirs and/or files: 
[0.591s] -- Added test 'lint_cmake' to check CMake code style
[0.591s] -- Added test 'uncrustify' to check C / C++ code style
[0.591s] -- Configured uncrustify additional arguments: 
[0.591s] -- Added test 'xmllint' to check XML markup files
[0.592s] -- Configuring done
[0.605s] -- Generating done
[0.606s] -- Build files have been written to: /home/stoair/ros2CV/cv_ws/build/webcam_topic
[0.625s] [35m[1mConsolidate compiler generated dependencies of target webcam_pub[0m
[0.631s] [35m[1mConsolidate compiler generated dependencies of target webcam_sub[0m
[0.639s] [ 50%] Built target webcam_pub
[0.650s] [100%] Built target webcam_sub
[0.659s] Invoked command in '/home/stoair/ros2CV/cv_ws/build/webcam_topic' returned '0': CMAKE_PREFIX_PATH=${CMAKE_PREFIX_PATH}:/home/stoair/dev_ws/install/learning_urdf:/home/stoair/dev_ws/install/learning_topic:/home/stoair/dev_ws/install/learning_tf:/home/stoair/dev_ws/install/learning_service:/home/stoair/dev_ws/install/learning_qos:/home/stoair/dev_ws/install/learning_pkg_python:/home/stoair/dev_ws/install/learning_parameter:/home/stoair/dev_ws/install/learning_node:/home/stoair/dev_ws/install/learning_launch:/home/stoair/dev_ws/install/learning_action:/home/stoair/dev_ws/install/learning_gazebo_fortress:/home/stoair/dev_ws/install/learning_gazebo:/home/stoair/dev_ws/install/learning_cv:/opt/ros/humble /usr/bin/cmake --build /home/stoair/ros2CV/cv_ws/build/webcam_topic -- -j16 -l16
[0.679s] Invoking command in '/home/stoair/ros2CV/cv_ws/build/webcam_topic': CMAKE_PREFIX_PATH=${CMAKE_PREFIX_PATH}:/home/stoair/dev_ws/install/learning_urdf:/home/stoair/dev_ws/install/learning_topic:/home/stoair/dev_ws/install/learning_tf:/home/stoair/dev_ws/install/learning_service:/home/stoair/dev_ws/install/learning_qos:/home/stoair/dev_ws/install/learning_pkg_python:/home/stoair/dev_ws/install/learning_parameter:/home/stoair/dev_ws/install/learning_node:/home/stoair/dev_ws/install/learning_launch:/home/stoair/dev_ws/install/learning_action:/home/stoair/dev_ws/install/learning_gazebo_fortress:/home/stoair/dev_ws/install/learning_gazebo:/home/stoair/dev_ws/install/learning_cv:/opt/ros/humble /usr/bin/cmake --install /home/stoair/ros2CV/cv_ws/build/webcam_topic
[0.684s] -- Install configuration: ""
[0.684s] -- Up-to-date: /home/stoair/ros2CV/cv_ws/install/webcam_topic/lib/webcam_topic/webcam_pub
[0.684s] -- Up-to-date: /home/stoair/ros2CV/cv_ws/install/webcam_topic/lib/webcam_topic/webcam_sub
[0.684s] -- Up-to-date: /home/stoair/ros2CV/cv_ws/install/webcam_topic/share/ament_index/resource_index/package_run_dependencies/webcam_topic
[0.684s] -- Up-to-date: /home/stoair/ros2CV/cv_ws/install/webcam_topic/share/ament_index/resource_index/parent_prefix_path/webcam_topic
[0.684s] -- Up-to-date: /home/stoair/ros2CV/cv_ws/install/webcam_topic/share/webcam_topic/environment/ament_prefix_path.sh
[0.684s] -- Installing: /home/stoair/ros2CV/cv_ws/install/webcam_topic/share/webcam_topic/environment/ament_prefix_path.dsv
[0.684s] -- Up-to-date: /home/stoair/ros2CV/cv_ws/install/webcam_topic/share/webcam_topic/environment/path.sh
[0.685s] -- Installing: /home/stoair/ros2CV/cv_ws/install/webcam_topic/share/webcam_topic/environment/path.dsv
[0.685s] -- Up-to-date: /home/stoair/ros2CV/cv_ws/install/webcam_topic/share/webcam_topic/local_setup.bash
[0.685s] -- Up-to-date: /home/stoair/ros2CV/cv_ws/install/webcam_topic/share/webcam_topic/local_setup.sh
[0.685s] -- Up-to-date: /home/stoair/ros2CV/cv_ws/install/webcam_topic/share/webcam_topic/local_setup.zsh
[0.685s] -- Installing: /home/stoair/ros2CV/cv_ws/install/webcam_topic/share/webcam_topic/local_setup.dsv
[0.685s] -- Installing: /home/stoair/ros2CV/cv_ws/install/webcam_topic/share/webcam_topic/package.dsv
[0.685s] -- Up-to-date: /home/stoair/ros2CV/cv_ws/install/webcam_topic/share/ament_index/resource_index/packages/webcam_topic
[0.685s] -- Up-to-date: /home/stoair/ros2CV/cv_ws/install/webcam_topic/share/webcam_topic/cmake/webcam_topicConfig.cmake
[0.685s] -- Up-to-date: /home/stoair/ros2CV/cv_ws/install/webcam_topic/share/webcam_topic/cmake/webcam_topicConfig-version.cmake
[0.685s] -- Up-to-date: /home/stoair/ros2CV/cv_ws/install/webcam_topic/share/webcam_topic/package.xml
[0.686s] Invoked command in '/home/stoair/ros2CV/cv_ws/build/webcam_topic' returned '0': CMAKE_PREFIX_PATH=${CMAKE_PREFIX_PATH}:/home/stoair/dev_ws/install/learning_urdf:/home/stoair/dev_ws/install/learning_topic:/home/stoair/dev_ws/install/learning_tf:/home/stoair/dev_ws/install/learning_service:/home/stoair/dev_ws/install/learning_qos:/home/stoair/dev_ws/install/learning_pkg_python:/home/stoair/dev_ws/install/learning_parameter:/home/stoair/dev_ws/install/learning_node:/home/stoair/dev_ws/install/learning_launch:/home/stoair/dev_ws/install/learning_action:/home/stoair/dev_ws/install/learning_gazebo_fortress:/home/stoair/dev_ws/install/learning_gazebo:/home/stoair/dev_ws/install/learning_cv:/opt/ros/humble /usr/bin/cmake --install /home/stoair/ros2CV/cv_ws/build/webcam_topic
