running egg_info
writing ../../build/pyPublish/pyPublish.egg-info/PKG-INFO
writing dependency_links to ../../build/pyPublish/pyPublish.egg-info/dependency_links.txt
writing entry points to ../../build/pyPublish/pyPublish.egg-info/entry_points.txt
writing requirements to ../../build/pyPublish/pyPublish.egg-info/requires.txt
writing top-level names to ../../build/pyPublish/pyPublish.egg-info/top_level.txt
reading manifest file '../../build/pyPublish/pyPublish.egg-info/SOURCES.txt'
writing manifest file '../../build/pyPublish/pyPublish.egg-info/SOURCES.txt'
running build
running build_py
copying pyPublish/cam2image.py -> /home/stoair/ros2CV/cv_ws/build/pyPublish/build/lib/pyPublish
running install
running install_lib
copying /home/stoair/ros2CV/cv_ws/build/pyPublish/build/lib/pyPublish/cam2image.py -> /home/stoair/ros2CV/cv_ws/install/pyPublish/lib/python3.10/site-packages/pyPublish
byte-compiling /home/stoair/ros2CV/cv_ws/install/pyPublish/lib/python3.10/site-packages/pyPublish/cam2image.py to cam2image.cpython-310.pyc
running install_data
running install_egg_info
removing '/home/stoair/ros2CV/cv_ws/install/pyPublish/lib/python3.10/site-packages/pyPublish-0.0.0-py3.10.egg-info' (and everything under it)
Copying ../../build/pyPublish/pyPublish.egg-info to /home/stoair/ros2CV/cv_ws/install/pyPublish/lib/python3.10/site-packages/pyPublish-0.0.0-py3.10.egg-info
running install_scripts
Installing cam2image script to /home/stoair/ros2CV/cv_ws/install/pyPublish/lib/pyPublish
writing list of installed files to '/home/stoair/ros2CV/cv_ws/build/pyPublish/install.log'
