[0.424s] Invoking command in '/home/stoair/ros2CV/cv_ws/src/pyPublish': CONDA_PROMPT_MODIFIER=(base) PYTHONPATH=/home/stoair/ros2CV/cv_ws/build/pyPublish/prefix_override:/home/stoair/ros2CV/cv_ws/install/pyPublish/lib/python3.10/site-packages:${PYTHONPATH} /usr/bin/python3 -W ignore:setup.py install is deprecated setup.py egg_info --egg-base ../../build/pyPublish build --build-base /home/stoair/ros2CV/cv_ws/build/pyPublish/build install --record /home/stoair/ros2CV/cv_ws/build/pyPublish/install.log --single-version-externally-managed install_data
[0.591s] running egg_info
[0.591s] writing ../../build/pyPublish/pyPublish.egg-info/PKG-INFO
[0.591s] writing dependency_links to ../../build/pyPublish/pyPublish.egg-info/dependency_links.txt
[0.591s] writing entry points to ../../build/pyPublish/pyPublish.egg-info/entry_points.txt
[0.591s] writing requirements to ../../build/pyPublish/pyPublish.egg-info/requires.txt
[0.592s] writing top-level names to ../../build/pyPublish/pyPublish.egg-info/top_level.txt
[0.593s] reading manifest file '../../build/pyPublish/pyPublish.egg-info/SOURCES.txt'
[0.593s] writing manifest file '../../build/pyPublish/pyPublish.egg-info/SOURCES.txt'
[0.593s] running build
[0.593s] running build_py
[0.593s] copying pyPublish/cam2image.py -> /home/stoair/ros2CV/cv_ws/build/pyPublish/build/lib/pyPublish
[0.593s] running install
[0.594s] running install_lib
[0.594s] copying /home/stoair/ros2CV/cv_ws/build/pyPublish/build/lib/pyPublish/cam2image.py -> /home/stoair/ros2CV/cv_ws/install/pyPublish/lib/python3.10/site-packages/pyPublish
[0.594s] byte-compiling /home/stoair/ros2CV/cv_ws/install/pyPublish/lib/python3.10/site-packages/pyPublish/cam2image.py to cam2image.cpython-310.pyc
[0.595s] running install_data
[0.595s] running install_egg_info
[0.596s] removing '/home/stoair/ros2CV/cv_ws/install/pyPublish/lib/python3.10/site-packages/pyPublish-0.0.0-py3.10.egg-info' (and everything under it)
[0.596s] Copying ../../build/pyPublish/pyPublish.egg-info to /home/stoair/ros2CV/cv_ws/install/pyPublish/lib/python3.10/site-packages/pyPublish-0.0.0-py3.10.egg-info
[0.597s] running install_scripts
[0.611s] Installing cam2image script to /home/stoair/ros2CV/cv_ws/install/pyPublish/lib/pyPublish
[0.611s] writing list of installed files to '/home/stoair/ros2CV/cv_ws/build/pyPublish/install.log'
[0.625s] Invoked command in '/home/stoair/ros2CV/cv_ws/src/pyPublish' returned '0': CONDA_PROMPT_MODIFIER=(base) PYTHONPATH=/home/stoair/ros2CV/cv_ws/build/pyPublish/prefix_override:/home/stoair/ros2CV/cv_ws/install/pyPublish/lib/python3.10/site-packages:${PYTHONPATH} /usr/bin/python3 -W ignore:setup.py install is deprecated setup.py egg_info --egg-base ../../build/pyPublish build --build-base /home/stoair/ros2CV/cv_ws/build/pyPublish/build install --record /home/stoair/ros2CV/cv_ws/build/pyPublish/install.log --single-version-externally-managed install_data
