[0.017s] Invoking command in '/home/stoair/ros2CV/cv_ws/build/webcam_topic': CMAKE_PREFIX_PATH=${CMAKE_PREFIX_PATH}:/home/stoair/dev_ws/install/learning_urdf:/home/stoair/dev_ws/install/learning_topic:/home/stoair/dev_ws/install/learning_tf:/home/stoair/dev_ws/install/learning_service:/home/stoair/dev_ws/install/learning_qos:/home/stoair/dev_ws/install/learning_pkg_python:/home/stoair/dev_ws/install/learning_parameter:/home/stoair/dev_ws/install/learning_node:/home/stoair/dev_ws/install/learning_launch:/home/stoair/dev_ws/install/learning_action:/home/stoair/dev_ws/install/learning_gazebo_fortress:/home/stoair/dev_ws/install/learning_gazebo:/home/stoair/dev_ws/install/learning_cv:/opt/ros/humble CONDA_PROMPT_MODIFIER=(base) /usr/bin/cmake --build /home/stoair/ros2CV/cv_ws/build/webcam_topic -- -j16 -l16
[0.053s] [35m[1mConsolidate compiler generated dependencies of target webcam_pub[0m
[0.063s] [ 50%] Built target webcam_sub
[0.067s] [100%] Built target webcam_pub
[0.075s] Invoked command in '/home/stoair/ros2CV/cv_ws/build/webcam_topic' returned '0': CMAKE_PREFIX_PATH=${CMAKE_PREFIX_PATH}:/home/stoair/dev_ws/install/learning_urdf:/home/stoair/dev_ws/install/learning_topic:/home/stoair/dev_ws/install/learning_tf:/home/stoair/dev_ws/install/learning_service:/home/stoair/dev_ws/install/learning_qos:/home/stoair/dev_ws/install/learning_pkg_python:/home/stoair/dev_ws/install/learning_parameter:/home/stoair/dev_ws/install/learning_node:/home/stoair/dev_ws/install/learning_launch:/home/stoair/dev_ws/install/learning_action:/home/stoair/dev_ws/install/learning_gazebo_fortress:/home/stoair/dev_ws/install/learning_gazebo:/home/stoair/dev_ws/install/learning_cv:/opt/ros/humble CONDA_PROMPT_MODIFIER=(base) /usr/bin/cmake --build /home/stoair/ros2CV/cv_ws/build/webcam_topic -- -j16 -l16
[0.119s] Invoking command in '/home/stoair/ros2CV/cv_ws/build/webcam_topic': CMAKE_PREFIX_PATH=${CMAKE_PREFIX_PATH}:/home/stoair/dev_ws/install/learning_urdf:/home/stoair/dev_ws/install/learning_topic:/home/stoair/dev_ws/install/learning_tf:/home/stoair/dev_ws/install/learning_service:/home/stoair/dev_ws/install/learning_qos:/home/stoair/dev_ws/install/learning_pkg_python:/home/stoair/dev_ws/install/learning_parameter:/home/stoair/dev_ws/install/learning_node:/home/stoair/dev_ws/install/learning_launch:/home/stoair/dev_ws/install/learning_action:/home/stoair/dev_ws/install/learning_gazebo_fortress:/home/stoair/dev_ws/install/learning_gazebo:/home/stoair/dev_ws/install/learning_cv:/opt/ros/humble CONDA_PROMPT_MODIFIER=(base) /usr/bin/cmake --install /home/stoair/ros2CV/cv_ws/build/webcam_topic
[0.131s] -- Install configuration: ""
[0.132s] -- Up-to-date: /home/stoair/ros2CV/cv_ws/install/webcam_topic/lib/webcam_topic/webcam_pub
[0.133s] -- Up-to-date: /home/stoair/ros2CV/cv_ws/install/webcam_topic/lib/webcam_topic/webcam_sub
[0.133s] -- Up-to-date: /home/stoair/ros2CV/cv_ws/install/webcam_topic/share/ament_index/resource_index/package_run_dependencies/webcam_topic
[0.133s] -- Up-to-date: /home/stoair/ros2CV/cv_ws/install/webcam_topic/share/ament_index/resource_index/parent_prefix_path/webcam_topic
[0.134s] -- Up-to-date: /home/stoair/ros2CV/cv_ws/install/webcam_topic/share/webcam_topic/environment/ament_prefix_path.sh
[0.134s] -- Up-to-date: /home/stoair/ros2CV/cv_ws/install/webcam_topic/share/webcam_topic/environment/ament_prefix_path.dsv
[0.134s] -- Up-to-date: /home/stoair/ros2CV/cv_ws/install/webcam_topic/share/webcam_topic/environment/path.sh
[0.134s] -- Up-to-date: /home/stoair/ros2CV/cv_ws/install/webcam_topic/share/webcam_topic/environment/path.dsv
[0.134s] -- Up-to-date: /home/stoair/ros2CV/cv_ws/install/webcam_topic/share/webcam_topic/local_setup.bash
[0.134s] -- Up-to-date: /home/stoair/ros2CV/cv_ws/install/webcam_topic/share/webcam_topic/local_setup.sh
[0.134s] -- Up-to-date: /home/stoair/ros2CV/cv_ws/install/webcam_topic/share/webcam_topic/local_setup.zsh
[0.134s] -- Up-to-date: /home/stoair/ros2CV/cv_ws/install/webcam_topic/share/webcam_topic/local_setup.dsv
[0.134s] -- Installing: /home/stoair/ros2CV/cv_ws/install/webcam_topic/share/webcam_topic/package.dsv
[0.135s] -- Up-to-date: /home/stoair/ros2CV/cv_ws/install/webcam_topic/share/ament_index/resource_index/packages/webcam_topic
[0.135s] -- Up-to-date: /home/stoair/ros2CV/cv_ws/install/webcam_topic/share/webcam_topic/cmake/webcam_topicConfig.cmake
[0.135s] -- Up-to-date: /home/stoair/ros2CV/cv_ws/install/webcam_topic/share/webcam_topic/cmake/webcam_topicConfig-version.cmake
[0.135s] -- Up-to-date: /home/stoair/ros2CV/cv_ws/install/webcam_topic/share/webcam_topic/package.xml
[0.138s] Invoked command in '/home/stoair/ros2CV/cv_ws/build/webcam_topic' returned '0': CMAKE_PREFIX_PATH=${CMAKE_PREFIX_PATH}:/home/stoair/dev_ws/install/learning_urdf:/home/stoair/dev_ws/install/learning_topic:/home/stoair/dev_ws/install/learning_tf:/home/stoair/dev_ws/install/learning_service:/home/stoair/dev_ws/install/learning_qos:/home/stoair/dev_ws/install/learning_pkg_python:/home/stoair/dev_ws/install/learning_parameter:/home/stoair/dev_ws/install/learning_node:/home/stoair/dev_ws/install/learning_launch:/home/stoair/dev_ws/install/learning_action:/home/stoair/dev_ws/install/learning_gazebo_fortress:/home/stoair/dev_ws/install/learning_gazebo:/home/stoair/dev_ws/install/learning_cv:/opt/ros/humble CONDA_PROMPT_MODIFIER=(base) /usr/bin/cmake --install /home/stoair/ros2CV/cv_ws/build/webcam_topic
