-- Found ament_cmake: 1.3.8 (/opt/ros/humble/share/ament_cmake/cmake)
-- Found rosidl_default_generators: 1.2.0 (/opt/ros/humble/share/rosidl_default_generators/cmake)
-- Using all available rosidl_typesupport_c: rosidl_typesupport_fastrtps_c;rosidl_typesupport_introspection_c
-- Found rosidl_adapter: 3.1.5 (/opt/ros/humble/share/rosidl_adapter/cmake)
-- Using all available rosidl_typesupport_cpp: rosidl_typesupport_fastrtps_cpp;rosidl_typesupport_introspection_cpp
-- Found ament_cmake_ros: 0.10.0 (/opt/ros/humble/share/ament_cmake_ros/cmake)
-- Using all available rosidl_typesupport_c: rosidl_typesupport_fastrtps_c;rosidl_typesupport_introspection_c
-- Using all available rosidl_typesupport_cpp: rosidl_typesupport_fastrtps_cpp;rosidl_typesupport_introspection_cpp
-- Found python_cmake_module: 0.10.0 (/opt/ros/humble/share/python_cmake_module/cmake)
-- Using PYTHON_EXECUTABLE: /home/stoair/anaconda3/bin/python3
-- Using PYTHON_INCLUDE_DIRS: /home/stoair/anaconda3/include/python3.11
-- Using PYTHON_LIBRARIES: /home/stoair/anaconda3/lib/libpython3.11.so
-- Using numpy include directory: /home/stoair/.local/lib/python3.11/site-packages/numpy/core/include
-- Found ament_lint_auto: 0.12.10 (/opt/ros/humble/share/ament_lint_auto/cmake)
-- Added test 'lint_cmake' to check CMake code style
-- Added test 'xmllint' to check XML markup files
-- Configuring done
-- Generating done
-- Build files have been written to: /home/stoair/ros2CV/cv_ws/build/topic_interfaces
[  3%] [34m[1mGenerating C code for ROS interfaces[0m
[  6%] [34m[1mGenerating C++ code for ROS interfaces[0m
[  6%] Built target ament_cmake_python_copy_topic_interfaces
[  6%] Built target topic_interfaces__cpp
running egg_info
[35m[1mConsolidate compiler generated dependencies of target topic_interfaces__rosidl_generator_c[0m
[  9%] [34m[1mGenerating C++ introspection for ROS interfaces[0m
[ 12%] [34m[1mGenerating C++ type support for eProsima Fast-RTPS[0m
[ 16%] [34m[1mGenerating C++ type support dispatch for ROS interfaces[0m
[ 19%] [32mBuilding C object CMakeFiles/topic_interfaces__rosidl_generator_c.dir/rosidl_generator_c/topic_interfaces/msg/detail/coord__functions.c.o[0m
writing topic_interfaces.egg-info/PKG-INFO
writing dependency_links to topic_interfaces.egg-info/dependency_links.txt
writing top-level names to topic_interfaces.egg-info/top_level.txt
[ 22%] [32m[1mLinking C shared library libtopic_interfaces__rosidl_generator_c.so[0m
reading manifest file 'topic_interfaces.egg-info/SOURCES.txt'
writing manifest file 'topic_interfaces.egg-info/SOURCES.txt'
[ 22%] Built target ament_cmake_python_build_topic_interfaces_egg
[ 22%] Built target topic_interfaces__rosidl_generator_c
[ 29%] [34m[1mGenerating C introspection for ROS interfaces[0m
[ 29%] [34m[1mGenerating C type support for eProsima Fast-RTPS[0m
[ 32%] [34m[1mGenerating C type support dispatch for ROS interfaces[0m
[35m[1mConsolidate compiler generated dependencies of target topic_interfaces__rosidl_typesupport_introspection_cpp[0m
[ 35%] [32mBuilding CXX object CMakeFiles/topic_interfaces__rosidl_typesupport_introspection_cpp.dir/rosidl_typesupport_introspection_cpp/topic_interfaces/msg/detail/coord__type_support.cpp.o[0m
[35m[1mConsolidate compiler generated dependencies of target topic_interfaces__rosidl_typesupport_fastrtps_cpp[0m
[ 38%] [32mBuilding CXX object CMakeFiles/topic_interfaces__rosidl_typesupport_fastrtps_cpp.dir/rosidl_typesupport_fastrtps_cpp/topic_interfaces/msg/detail/dds_fastrtps/coord__type_support.cpp.o[0m
[35m[1mConsolidate compiler generated dependencies of target topic_interfaces__rosidl_typesupport_introspection_c[0m
[35m[1mConsolidate compiler generated dependencies of target topic_interfaces__rosidl_typesupport_fastrtps_c[0m
[ 41%] [32mBuilding C object CMakeFiles/topic_interfaces__rosidl_typesupport_introspection_c.dir/rosidl_typesupport_introspection_c/topic_interfaces/msg/detail/coord__type_support.c.o[0m
[ 45%] [32mBuilding CXX object CMakeFiles/topic_interfaces__rosidl_typesupport_fastrtps_c.dir/rosidl_typesupport_fastrtps_c/topic_interfaces/msg/detail/coord__type_support_c.cpp.o[0m
[35m[1mConsolidate compiler generated dependencies of target topic_interfaces__rosidl_typesupport_cpp[0m
[ 48%] [32m[1mLinking C shared library libtopic_interfaces__rosidl_typesupport_introspection_c.so[0m
[ 51%] [32mBuilding CXX object CMakeFiles/topic_interfaces__rosidl_typesupport_cpp.dir/rosidl_typesupport_cpp/topic_interfaces/msg/coord__type_support.cpp.o[0m
[ 51%] Built target topic_interfaces__rosidl_typesupport_introspection_c
[35m[1mConsolidate compiler generated dependencies of target topic_interfaces__rosidl_typesupport_c[0m
[ 54%] [32mBuilding CXX object CMakeFiles/topic_interfaces__rosidl_typesupport_c.dir/rosidl_typesupport_c/topic_interfaces/msg/coord__type_support.cpp.o[0m
[ 58%] [32m[1mLinking CXX shared library libtopic_interfaces__rosidl_typesupport_c.so[0m
[ 58%] Built target topic_interfaces__rosidl_typesupport_c
[ 61%] [32m[1mLinking CXX shared library libtopic_interfaces__rosidl_typesupport_introspection_cpp.so[0m
[ 64%] [32m[1mLinking CXX shared library libtopic_interfaces__rosidl_typesupport_fastrtps_c.so[0m
[ 67%] [32m[1mLinking CXX shared library libtopic_interfaces__rosidl_typesupport_fastrtps_cpp.so[0m
[ 70%] [32m[1mLinking CXX shared library libtopic_interfaces__rosidl_typesupport_cpp.so[0m
[ 70%] Built target topic_interfaces__rosidl_typesupport_introspection_cpp
[ 70%] Built target topic_interfaces__rosidl_typesupport_cpp
[ 70%] Built target topic_interfaces__rosidl_typesupport_fastrtps_c
[ 70%] Built target topic_interfaces__rosidl_typesupport_fastrtps_cpp
[ 70%] Built target topic_interfaces
[ 74%] [34m[1mGenerating Python code for ROS interfaces[0m
[ 74%] Built target topic_interfaces__py
[35m[1mConsolidate compiler generated dependencies of target topic_interfaces__rosidl_generator_py[0m
[ 77%] [32mBuilding C object CMakeFiles/topic_interfaces__rosidl_generator_py.dir/rosidl_generator_py/topic_interfaces/msg/_coord_s.c.o[0m
[ 80%] [32m[1mLinking C shared library rosidl_generator_py/topic_interfaces/libtopic_interfaces__rosidl_generator_py.so[0m
[ 80%] Built target topic_interfaces__rosidl_generator_py
[35m[1mConsolidate compiler generated dependencies of target topic_interfaces__rosidl_typesupport_c__pyext[0m
[35m[1mConsolidate compiler generated dependencies of target topic_interfaces__rosidl_typesupport_fastrtps_c__pyext[0m
[35m[1mConsolidate compiler generated dependencies of target topic_interfaces__rosidl_typesupport_introspection_c__pyext[0m
[ 90%] [32mBuilding C object CMakeFiles/topic_interfaces__rosidl_typesupport_introspection_c__pyext.dir/rosidl_generator_py/topic_interfaces/_topic_interfaces_s.ep.rosidl_typesupport_introspection_c.c.o[0m
[ 90%] [32mBuilding C object CMakeFiles/topic_interfaces__rosidl_typesupport_c__pyext.dir/rosidl_generator_py/topic_interfaces/_topic_interfaces_s.ep.rosidl_typesupport_c.c.o[0m
[ 90%] [32mBuilding C object CMakeFiles/topic_interfaces__rosidl_typesupport_fastrtps_c__pyext.dir/rosidl_generator_py/topic_interfaces/_topic_interfaces_s.ep.rosidl_typesupport_fastrtps_c.c.o[0m
[100%] [32m[1mLinking C shared library rosidl_generator_py/topic_interfaces/topic_interfaces_s__rosidl_typesupport_introspection_c.cpython-311-x86_64-linux-gnu.so[0m
[100%] [32m[1mLinking C shared library rosidl_generator_py/topic_interfaces/topic_interfaces_s__rosidl_typesupport_c.cpython-311-x86_64-linux-gnu.so[0m
[100%] [32m[1mLinking C shared library rosidl_generator_py/topic_interfaces/topic_interfaces_s__rosidl_typesupport_fastrtps_c.cpython-311-x86_64-linux-gnu.so[0m
[100%] Built target topic_interfaces__rosidl_typesupport_c__pyext
[100%] Built target topic_interfaces__rosidl_typesupport_fastrtps_c__pyext
[100%] Built target topic_interfaces__rosidl_typesupport_introspection_c__pyext
-- Install configuration: ""
-- Up-to-date: /home/stoair/ros2CV/cv_ws/install/topic_interfaces/share/ament_index/resource_index/rosidl_interfaces/topic_interfaces
-- Up-to-date: /home/stoair/ros2CV/cv_ws/install/topic_interfaces/include/topic_interfaces/topic_interfaces
-- Up-to-date: /home/stoair/ros2CV/cv_ws/install/topic_interfaces/include/topic_interfaces/topic_interfaces/msg
-- Up-to-date: /home/stoair/ros2CV/cv_ws/install/topic_interfaces/include/topic_interfaces/topic_interfaces/msg/rosidl_generator_c__visibility_control.h
-- Installing: /home/stoair/ros2CV/cv_ws/install/topic_interfaces/include/topic_interfaces/topic_interfaces/msg/coord.h
-- Up-to-date: /home/stoair/ros2CV/cv_ws/install/topic_interfaces/include/topic_interfaces/topic_interfaces/msg/detail
-- Installing: /home/stoair/ros2CV/cv_ws/install/topic_interfaces/include/topic_interfaces/topic_interfaces/msg/detail/coord__functions.c
-- Installing: /home/stoair/ros2CV/cv_ws/install/topic_interfaces/include/topic_interfaces/topic_interfaces/msg/detail/coord__functions.h
-- Installing: /home/stoair/ros2CV/cv_ws/install/topic_interfaces/include/topic_interfaces/topic_interfaces/msg/detail/coord__struct.h
-- Installing: /home/stoair/ros2CV/cv_ws/install/topic_interfaces/include/topic_interfaces/topic_interfaces/msg/detail/coord__type_support.h
-- Up-to-date: /home/stoair/ros2CV/cv_ws/install/topic_interfaces/share/topic_interfaces/environment/library_path.sh
-- Installing: /home/stoair/ros2CV/cv_ws/install/topic_interfaces/share/topic_interfaces/environment/library_path.dsv
-- Installing: /home/stoair/ros2CV/cv_ws/install/topic_interfaces/lib/libtopic_interfaces__rosidl_generator_c.so
-- Set runtime path of "/home/stoair/ros2CV/cv_ws/install/topic_interfaces/lib/libtopic_interfaces__rosidl_generator_c.so" to ""
-- Up-to-date: /home/stoair/ros2CV/cv_ws/install/topic_interfaces/include/topic_interfaces/topic_interfaces
-- Up-to-date: /home/stoair/ros2CV/cv_ws/install/topic_interfaces/include/topic_interfaces/topic_interfaces/msg
-- Up-to-date: /home/stoair/ros2CV/cv_ws/install/topic_interfaces/include/topic_interfaces/topic_interfaces/msg/rosidl_typesupport_fastrtps_c__visibility_control.h
-- Up-to-date: /home/stoair/ros2CV/cv_ws/install/topic_interfaces/include/topic_interfaces/topic_interfaces/msg/detail
-- Installing: /home/stoair/ros2CV/cv_ws/install/topic_interfaces/include/topic_interfaces/topic_interfaces/msg/detail/coord__rosidl_typesupport_fastrtps_c.h
-- Installing: /home/stoair/ros2CV/cv_ws/install/topic_interfaces/lib/libtopic_interfaces__rosidl_typesupport_fastrtps_c.so
-- Set runtime path of "/home/stoair/ros2CV/cv_ws/install/topic_interfaces/lib/libtopic_interfaces__rosidl_typesupport_fastrtps_c.so" to ""
-- Up-to-date: /home/stoair/ros2CV/cv_ws/install/topic_interfaces/include/topic_interfaces/topic_interfaces
-- Up-to-date: /home/stoair/ros2CV/cv_ws/install/topic_interfaces/include/topic_interfaces/topic_interfaces/msg
-- Up-to-date: /home/stoair/ros2CV/cv_ws/install/topic_interfaces/include/topic_interfaces/topic_interfaces/msg/rosidl_typesupport_introspection_c__visibility_control.h
-- Up-to-date: /home/stoair/ros2CV/cv_ws/install/topic_interfaces/include/topic_interfaces/topic_interfaces/msg/detail
-- Installing: /home/stoair/ros2CV/cv_ws/install/topic_interfaces/include/topic_interfaces/topic_interfaces/msg/detail/coord__rosidl_typesupport_introspection_c.h
-- Installing: /home/stoair/ros2CV/cv_ws/install/topic_interfaces/include/topic_interfaces/topic_interfaces/msg/detail/coord__type_support.c
-- Installing: /home/stoair/ros2CV/cv_ws/install/topic_interfaces/lib/libtopic_interfaces__rosidl_typesupport_introspection_c.so
-- Set runtime path of "/home/stoair/ros2CV/cv_ws/install/topic_interfaces/lib/libtopic_interfaces__rosidl_typesupport_introspection_c.so" to ""
-- Installing: /home/stoair/ros2CV/cv_ws/install/topic_interfaces/lib/libtopic_interfaces__rosidl_typesupport_c.so
-- Set runtime path of "/home/stoair/ros2CV/cv_ws/install/topic_interfaces/lib/libtopic_interfaces__rosidl_typesupport_c.so" to ""
-- Up-to-date: /home/stoair/ros2CV/cv_ws/install/topic_interfaces/include/topic_interfaces/topic_interfaces
-- Up-to-date: /home/stoair/ros2CV/cv_ws/install/topic_interfaces/include/topic_interfaces/topic_interfaces/msg
-- Installing: /home/stoair/ros2CV/cv_ws/install/topic_interfaces/include/topic_interfaces/topic_interfaces/msg/coord.hpp
-- Up-to-date: /home/stoair/ros2CV/cv_ws/install/topic_interfaces/include/topic_interfaces/topic_interfaces/msg/detail
-- Installing: /home/stoair/ros2CV/cv_ws/install/topic_interfaces/include/topic_interfaces/topic_interfaces/msg/detail/coord__builder.hpp
-- Installing: /home/stoair/ros2CV/cv_ws/install/topic_interfaces/include/topic_interfaces/topic_interfaces/msg/detail/coord__struct.hpp
-- Installing: /home/stoair/ros2CV/cv_ws/install/topic_interfaces/include/topic_interfaces/topic_interfaces/msg/detail/coord__traits.hpp
-- Up-to-date: /home/stoair/ros2CV/cv_ws/install/topic_interfaces/include/topic_interfaces/topic_interfaces
-- Up-to-date: /home/stoair/ros2CV/cv_ws/install/topic_interfaces/include/topic_interfaces/topic_interfaces/msg
-- Up-to-date: /home/stoair/ros2CV/cv_ws/install/topic_interfaces/include/topic_interfaces/topic_interfaces/msg/rosidl_typesupport_fastrtps_cpp__visibility_control.h
-- Up-to-date: /home/stoair/ros2CV/cv_ws/install/topic_interfaces/include/topic_interfaces/topic_interfaces/msg/detail
-- Installing: /home/stoair/ros2CV/cv_ws/install/topic_interfaces/include/topic_interfaces/topic_interfaces/msg/detail/coord__rosidl_typesupport_fastrtps_cpp.hpp
-- Up-to-date: /home/stoair/ros2CV/cv_ws/install/topic_interfaces/include/topic_interfaces/topic_interfaces/msg/detail/dds_fastrtps
-- Installing: /home/stoair/ros2CV/cv_ws/install/topic_interfaces/lib/libtopic_interfaces__rosidl_typesupport_fastrtps_cpp.so
-- Set runtime path of "/home/stoair/ros2CV/cv_ws/install/topic_interfaces/lib/libtopic_interfaces__rosidl_typesupport_fastrtps_cpp.so" to ""
-- Up-to-date: /home/stoair/ros2CV/cv_ws/install/topic_interfaces/include/topic_interfaces/topic_interfaces
-- Up-to-date: /home/stoair/ros2CV/cv_ws/install/topic_interfaces/include/topic_interfaces/topic_interfaces/msg
-- Up-to-date: /home/stoair/ros2CV/cv_ws/install/topic_interfaces/include/topic_interfaces/topic_interfaces/msg/detail
-- Installing: /home/stoair/ros2CV/cv_ws/install/topic_interfaces/include/topic_interfaces/topic_interfaces/msg/detail/coord__rosidl_typesupport_introspection_cpp.hpp
-- Installing: /home/stoair/ros2CV/cv_ws/install/topic_interfaces/include/topic_interfaces/topic_interfaces/msg/detail/coord__type_support.cpp
-- Installing: /home/stoair/ros2CV/cv_ws/install/topic_interfaces/lib/libtopic_interfaces__rosidl_typesupport_introspection_cpp.so
-- Set runtime path of "/home/stoair/ros2CV/cv_ws/install/topic_interfaces/lib/libtopic_interfaces__rosidl_typesupport_introspection_cpp.so" to ""
-- Installing: /home/stoair/ros2CV/cv_ws/install/topic_interfaces/lib/libtopic_interfaces__rosidl_typesupport_cpp.so
-- Set runtime path of "/home/stoair/ros2CV/cv_ws/install/topic_interfaces/lib/libtopic_interfaces__rosidl_typesupport_cpp.so" to ""
-- Up-to-date: /home/stoair/ros2CV/cv_ws/install/topic_interfaces/share/topic_interfaces/environment/pythonpath.sh
-- Installing: /home/stoair/ros2CV/cv_ws/install/topic_interfaces/share/topic_interfaces/environment/pythonpath.dsv
-- Up-to-date: /home/stoair/ros2CV/cv_ws/install/topic_interfaces/lib/python3.11/site-packages/topic_interfaces-0.0.0-py3.11.egg-info
-- Installing: /home/stoair/ros2CV/cv_ws/install/topic_interfaces/lib/python3.11/site-packages/topic_interfaces-0.0.0-py3.11.egg-info/PKG-INFO
-- Installing: /home/stoair/ros2CV/cv_ws/install/topic_interfaces/lib/python3.11/site-packages/topic_interfaces-0.0.0-py3.11.egg-info/dependency_links.txt
-- Installing: /home/stoair/ros2CV/cv_ws/install/topic_interfaces/lib/python3.11/site-packages/topic_interfaces-0.0.0-py3.11.egg-info/top_level.txt
-- Installing: /home/stoair/ros2CV/cv_ws/install/topic_interfaces/lib/python3.11/site-packages/topic_interfaces-0.0.0-py3.11.egg-info/SOURCES.txt
-- Up-to-date: /home/stoair/ros2CV/cv_ws/install/topic_interfaces/lib/python3.11/site-packages/topic_interfaces
-- Installing: /home/stoair/ros2CV/cv_ws/install/topic_interfaces/lib/python3.11/site-packages/topic_interfaces/__init__.py
-- Up-to-date: /home/stoair/ros2CV/cv_ws/install/topic_interfaces/lib/python3.11/site-packages/topic_interfaces/msg
-- Installing: /home/stoair/ros2CV/cv_ws/install/topic_interfaces/lib/python3.11/site-packages/topic_interfaces/msg/_coord.py
-- Installing: /home/stoair/ros2CV/cv_ws/install/topic_interfaces/lib/python3.11/site-packages/topic_interfaces/msg/_coord_s.c
-- Installing: /home/stoair/ros2CV/cv_ws/install/topic_interfaces/lib/python3.11/site-packages/topic_interfaces/msg/__init__.py
-- Installing: /home/stoair/ros2CV/cv_ws/install/topic_interfaces/lib/python3.11/site-packages/topic_interfaces/_topic_interfaces_s.ep.rosidl_typesupport_fastrtps_c.c
-- Installing: /home/stoair/ros2CV/cv_ws/install/topic_interfaces/lib/python3.11/site-packages/topic_interfaces/_topic_interfaces_s.ep.rosidl_typesupport_introspection_c.c
-- Installing: /home/stoair/ros2CV/cv_ws/install/topic_interfaces/lib/python3.11/site-packages/topic_interfaces/_topic_interfaces_s.ep.rosidl_typesupport_c.c
-- Installing: /home/stoair/ros2CV/cv_ws/install/topic_interfaces/lib/python3.11/site-packages/topic_interfaces/libtopic_interfaces__rosidl_generator_py.so
-- Installing: /home/stoair/ros2CV/cv_ws/install/topic_interfaces/lib/python3.11/site-packages/topic_interfaces/topic_interfaces_s__rosidl_typesupport_c.cpython-311-x86_64-linux-gnu.so
-- Installing: /home/stoair/ros2CV/cv_ws/install/topic_interfaces/lib/python3.11/site-packages/topic_interfaces/topic_interfaces_s__rosidl_typesupport_fastrtps_c.cpython-311-x86_64-linux-gnu.so
-- Installing: /home/stoair/ros2CV/cv_ws/install/topic_interfaces/lib/python3.11/site-packages/topic_interfaces/topic_interfaces_s__rosidl_typesupport_introspection_c.cpython-311-x86_64-linux-gnu.so
Listing '/home/stoair/ros2CV/cv_ws/install/topic_interfaces/lib/python3.11/site-packages/topic_interfaces'...
Compiling '/home/stoair/ros2CV/cv_ws/install/topic_interfaces/lib/python3.11/site-packages/topic_interfaces/__init__.py'...
Listing '/home/stoair/ros2CV/cv_ws/install/topic_interfaces/lib/python3.11/site-packages/topic_interfaces/msg'...
Compiling '/home/stoair/ros2CV/cv_ws/install/topic_interfaces/lib/python3.11/site-packages/topic_interfaces/msg/__init__.py'...
Compiling '/home/stoair/ros2CV/cv_ws/install/topic_interfaces/lib/python3.11/site-packages/topic_interfaces/msg/_coord.py'...
-- Installing: /home/stoair/ros2CV/cv_ws/install/topic_interfaces/lib/python3.11/site-packages/topic_interfaces/topic_interfaces_s__rosidl_typesupport_fastrtps_c.cpython-311-x86_64-linux-gnu.so
-- Set runtime path of "/home/stoair/ros2CV/cv_ws/install/topic_interfaces/lib/python3.11/site-packages/topic_interfaces/topic_interfaces_s__rosidl_typesupport_fastrtps_c.cpython-311-x86_64-linux-gnu.so" to ""
-- Installing: /home/stoair/ros2CV/cv_ws/install/topic_interfaces/lib/python3.11/site-packages/topic_interfaces/topic_interfaces_s__rosidl_typesupport_introspection_c.cpython-311-x86_64-linux-gnu.so
-- Set runtime path of "/home/stoair/ros2CV/cv_ws/install/topic_interfaces/lib/python3.11/site-packages/topic_interfaces/topic_interfaces_s__rosidl_typesupport_introspection_c.cpython-311-x86_64-linux-gnu.so" to ""
-- Installing: /home/stoair/ros2CV/cv_ws/install/topic_interfaces/lib/python3.11/site-packages/topic_interfaces/topic_interfaces_s__rosidl_typesupport_c.cpython-311-x86_64-linux-gnu.so
-- Set runtime path of "/home/stoair/ros2CV/cv_ws/install/topic_interfaces/lib/python3.11/site-packages/topic_interfaces/topic_interfaces_s__rosidl_typesupport_c.cpython-311-x86_64-linux-gnu.so" to ""
-- Installing: /home/stoair/ros2CV/cv_ws/install/topic_interfaces/lib/libtopic_interfaces__rosidl_generator_py.so
-- Set runtime path of "/home/stoair/ros2CV/cv_ws/install/topic_interfaces/lib/libtopic_interfaces__rosidl_generator_py.so" to ""
-- Installing: /home/stoair/ros2CV/cv_ws/install/topic_interfaces/share/topic_interfaces/msg/Coord.idl
-- Installing: /home/stoair/ros2CV/cv_ws/install/topic_interfaces/share/topic_interfaces/msg/Coord.msg
-- Up-to-date: /home/stoair/ros2CV/cv_ws/install/topic_interfaces/share/ament_index/resource_index/package_run_dependencies/topic_interfaces
-- Up-to-date: /home/stoair/ros2CV/cv_ws/install/topic_interfaces/share/ament_index/resource_index/parent_prefix_path/topic_interfaces
-- Up-to-date: /home/stoair/ros2CV/cv_ws/install/topic_interfaces/share/topic_interfaces/environment/ament_prefix_path.sh
-- Installing: /home/stoair/ros2CV/cv_ws/install/topic_interfaces/share/topic_interfaces/environment/ament_prefix_path.dsv
-- Up-to-date: /home/stoair/ros2CV/cv_ws/install/topic_interfaces/share/topic_interfaces/environment/path.sh
-- Installing: /home/stoair/ros2CV/cv_ws/install/topic_interfaces/share/topic_interfaces/environment/path.dsv
-- Up-to-date: /home/stoair/ros2CV/cv_ws/install/topic_interfaces/share/topic_interfaces/local_setup.bash
-- Up-to-date: /home/stoair/ros2CV/cv_ws/install/topic_interfaces/share/topic_interfaces/local_setup.sh
-- Up-to-date: /home/stoair/ros2CV/cv_ws/install/topic_interfaces/share/topic_interfaces/local_setup.zsh
-- Installing: /home/stoair/ros2CV/cv_ws/install/topic_interfaces/share/topic_interfaces/local_setup.dsv
-- Installing: /home/stoair/ros2CV/cv_ws/install/topic_interfaces/share/topic_interfaces/package.dsv
-- Up-to-date: /home/stoair/ros2CV/cv_ws/install/topic_interfaces/share/ament_index/resource_index/packages/topic_interfaces
-- Up-to-date: /home/stoair/ros2CV/cv_ws/install/topic_interfaces/share/topic_interfaces/cmake/export_topic_interfaces__rosidl_generator_cExport.cmake
-- Up-to-date: /home/stoair/ros2CV/cv_ws/install/topic_interfaces/share/topic_interfaces/cmake/export_topic_interfaces__rosidl_generator_cExport-noconfig.cmake
-- Up-to-date: /home/stoair/ros2CV/cv_ws/install/topic_interfaces/share/topic_interfaces/cmake/export_topic_interfaces__rosidl_typesupport_fastrtps_cExport.cmake
-- Up-to-date: /home/stoair/ros2CV/cv_ws/install/topic_interfaces/share/topic_interfaces/cmake/export_topic_interfaces__rosidl_typesupport_fastrtps_cExport-noconfig.cmake
-- Up-to-date: /home/stoair/ros2CV/cv_ws/install/topic_interfaces/share/topic_interfaces/cmake/topic_interfaces__rosidl_typesupport_introspection_cExport.cmake
-- Up-to-date: /home/stoair/ros2CV/cv_ws/install/topic_interfaces/share/topic_interfaces/cmake/topic_interfaces__rosidl_typesupport_introspection_cExport-noconfig.cmake
-- Up-to-date: /home/stoair/ros2CV/cv_ws/install/topic_interfaces/share/topic_interfaces/cmake/topic_interfaces__rosidl_typesupport_cExport.cmake
-- Up-to-date: /home/stoair/ros2CV/cv_ws/install/topic_interfaces/share/topic_interfaces/cmake/topic_interfaces__rosidl_typesupport_cExport-noconfig.cmake
-- Up-to-date: /home/stoair/ros2CV/cv_ws/install/topic_interfaces/share/topic_interfaces/cmake/export_topic_interfaces__rosidl_generator_cppExport.cmake
-- Up-to-date: /home/stoair/ros2CV/cv_ws/install/topic_interfaces/share/topic_interfaces/cmake/export_topic_interfaces__rosidl_typesupport_fastrtps_cppExport.cmake
-- Up-to-date: /home/stoair/ros2CV/cv_ws/install/topic_interfaces/share/topic_interfaces/cmake/export_topic_interfaces__rosidl_typesupport_fastrtps_cppExport-noconfig.cmake
-- Up-to-date: /home/stoair/ros2CV/cv_ws/install/topic_interfaces/share/topic_interfaces/cmake/topic_interfaces__rosidl_typesupport_introspection_cppExport.cmake
-- Up-to-date: /home/stoair/ros2CV/cv_ws/install/topic_interfaces/share/topic_interfaces/cmake/topic_interfaces__rosidl_typesupport_introspection_cppExport-noconfig.cmake
-- Up-to-date: /home/stoair/ros2CV/cv_ws/install/topic_interfaces/share/topic_interfaces/cmake/topic_interfaces__rosidl_typesupport_cppExport.cmake
-- Up-to-date: /home/stoair/ros2CV/cv_ws/install/topic_interfaces/share/topic_interfaces/cmake/topic_interfaces__rosidl_typesupport_cppExport-noconfig.cmake
-- Up-to-date: /home/stoair/ros2CV/cv_ws/install/topic_interfaces/share/topic_interfaces/cmake/export_topic_interfaces__rosidl_generator_pyExport.cmake
-- Up-to-date: /home/stoair/ros2CV/cv_ws/install/topic_interfaces/share/topic_interfaces/cmake/export_topic_interfaces__rosidl_generator_pyExport-noconfig.cmake
-- Up-to-date: /home/stoair/ros2CV/cv_ws/install/topic_interfaces/share/topic_interfaces/cmake/rosidl_cmake-extras.cmake
-- Up-to-date: /home/stoair/ros2CV/cv_ws/install/topic_interfaces/share/topic_interfaces/cmake/ament_cmake_export_include_directories-extras.cmake
-- Up-to-date: /home/stoair/ros2CV/cv_ws/install/topic_interfaces/share/topic_interfaces/cmake/ament_cmake_export_libraries-extras.cmake
-- Up-to-date: /home/stoair/ros2CV/cv_ws/install/topic_interfaces/share/topic_interfaces/cmake/ament_cmake_export_targets-extras.cmake
-- Up-to-date: /home/stoair/ros2CV/cv_ws/install/topic_interfaces/share/topic_interfaces/cmake/rosidl_cmake_export_typesupport_targets-extras.cmake
-- Up-to-date: /home/stoair/ros2CV/cv_ws/install/topic_interfaces/share/topic_interfaces/cmake/ament_cmake_export_dependencies-extras.cmake
-- Up-to-date: /home/stoair/ros2CV/cv_ws/install/topic_interfaces/share/topic_interfaces/cmake/rosidl_cmake_export_typesupport_libraries-extras.cmake
-- Up-to-date: /home/stoair/ros2CV/cv_ws/install/topic_interfaces/share/topic_interfaces/cmake/topic_interfacesConfig.cmake
-- Up-to-date: /home/stoair/ros2CV/cv_ws/install/topic_interfaces/share/topic_interfaces/cmake/topic_interfacesConfig-version.cmake
-- Up-to-date: /home/stoair/ros2CV/cv_ws/install/topic_interfaces/share/topic_interfaces/package.xml
