[0.008s] Invoking command in '/home/stoair/ros2CV/cv_ws/build/topic_interfaces': CMAKE_PREFIX_PATH=${CMAKE_PREFIX_PATH}:/home/stoair/dev_ws/install/learning_urdf:/home/stoair/dev_ws/install/learning_topic:/home/stoair/dev_ws/install/learning_tf:/home/stoair/dev_ws/install/learning_service:/home/stoair/dev_ws/install/learning_qos:/home/stoair/dev_ws/install/learning_pkg_python:/home/stoair/dev_ws/install/learning_parameter:/home/stoair/dev_ws/install/learning_node:/home/stoair/dev_ws/install/learning_launch:/home/stoair/dev_ws/install/learning_action:/home/stoair/dev_ws/install/learning_gazebo_fortress:/home/stoair/dev_ws/install/learning_gazebo:/home/stoair/dev_ws/install/learning_cv:/opt/ros/humble CONDA_PROMPT_MODIFIER=(base) /usr/bin/cmake --build /home/stoair/ros2CV/cv_ws/build/topic_interfaces -- -j16 -l16
[0.028s] -- Found ament_cmake: 1.3.8 (/opt/ros/humble/share/ament_cmake/cmake)
[0.135s] -- Found rosidl_default_generators: 1.2.0 (/opt/ros/humble/share/rosidl_default_generators/cmake)
[0.139s] -- Using all available rosidl_typesupport_c: rosidl_typesupport_fastrtps_c;rosidl_typesupport_introspection_c
[0.141s] -- Found rosidl_adapter: 3.1.5 (/opt/ros/humble/share/rosidl_adapter/cmake)
[0.164s] -- Using all available rosidl_typesupport_cpp: rosidl_typesupport_fastrtps_cpp;rosidl_typesupport_introspection_cpp
[0.411s] -- Found ament_cmake_ros: 0.10.0 (/opt/ros/humble/share/ament_cmake_ros/cmake)
[0.605s] -- Using all available rosidl_typesupport_c: rosidl_typesupport_fastrtps_c;rosidl_typesupport_introspection_c
[0.816s] -- Using all available rosidl_typesupport_cpp: rosidl_typesupport_fastrtps_cpp;rosidl_typesupport_introspection_cpp
[0.834s] -- Found python_cmake_module: 0.10.0 (/opt/ros/humble/share/python_cmake_module/cmake)
[0.853s] -- Using PYTHON_EXECUTABLE: /home/stoair/anaconda3/bin/python3
[0.853s] -- Using PYTHON_INCLUDE_DIRS: /home/stoair/anaconda3/include/python3.11
[0.853s] -- Using PYTHON_LIBRARIES: /home/stoair/anaconda3/lib/libpython3.11.so
[1.006s] -- Using numpy include directory: /home/stoair/.local/lib/python3.11/site-packages/numpy/core/include
[1.016s] -- Found ament_lint_auto: 0.12.10 (/opt/ros/humble/share/ament_lint_auto/cmake)
[1.022s] -- Added test 'lint_cmake' to check CMake code style
[1.022s] -- Added test 'xmllint' to check XML markup files
[1.023s] -- Configuring done
[1.043s] -- Generating done
[1.045s] -- Build files have been written to: /home/stoair/ros2CV/cv_ws/build/topic_interfaces
[1.063s] [  3%] [34m[1mGenerating C code for ROS interfaces[0m
[1.070s] [  6%] [34m[1mGenerating C++ code for ROS interfaces[0m
[1.076s] [  6%] Built target ament_cmake_python_copy_topic_interfaces
[1.218s] [  6%] Built target topic_interfaces__cpp
[1.219s] running egg_info
[1.220s] [35m[1mConsolidate compiler generated dependencies of target topic_interfaces__rosidl_generator_c[0m
[1.225s] [  9%] [34m[1mGenerating C++ introspection for ROS interfaces[0m
[1.226s] [ 12%] [34m[1mGenerating C++ type support for eProsima Fast-RTPS[0m
[1.227s] [ 16%] [34m[1mGenerating C++ type support dispatch for ROS interfaces[0m
[1.228s] [ 19%] [32mBuilding C object CMakeFiles/topic_interfaces__rosidl_generator_c.dir/rosidl_generator_c/topic_interfaces/msg/detail/coord__functions.c.o[0m
[1.231s] writing topic_interfaces.egg-info/PKG-INFO
[1.232s] writing dependency_links to topic_interfaces.egg-info/dependency_links.txt
[1.232s] writing top-level names to topic_interfaces.egg-info/top_level.txt
[1.262s] [ 22%] [32m[1mLinking C shared library libtopic_interfaces__rosidl_generator_c.so[0m
[1.264s] reading manifest file 'topic_interfaces.egg-info/SOURCES.txt'
[1.265s] writing manifest file 'topic_interfaces.egg-info/SOURCES.txt'
[1.285s] [ 22%] Built target ament_cmake_python_build_topic_interfaces_egg
[1.286s] [ 22%] Built target topic_interfaces__rosidl_generator_c
[1.293s] [ 29%] [34m[1mGenerating C introspection for ROS interfaces[0m
[1.294s] [ 29%] [34m[1mGenerating C type support for eProsima Fast-RTPS[0m
[1.298s] [ 32%] [34m[1mGenerating C type support dispatch for ROS interfaces[0m
[1.373s] [35m[1mConsolidate compiler generated dependencies of target topic_interfaces__rosidl_typesupport_introspection_cpp[0m
[1.382s] [ 35%] [32mBuilding CXX object CMakeFiles/topic_interfaces__rosidl_typesupport_introspection_cpp.dir/rosidl_typesupport_introspection_cpp/topic_interfaces/msg/detail/coord__type_support.cpp.o[0m
[1.389s] [35m[1mConsolidate compiler generated dependencies of target topic_interfaces__rosidl_typesupport_fastrtps_cpp[0m
[1.398s] [ 38%] [32mBuilding CXX object CMakeFiles/topic_interfaces__rosidl_typesupport_fastrtps_cpp.dir/rosidl_typesupport_fastrtps_cpp/topic_interfaces/msg/detail/dds_fastrtps/coord__type_support.cpp.o[0m
[1.437s] [35m[1mConsolidate compiler generated dependencies of target topic_interfaces__rosidl_typesupport_introspection_c[0m
[1.437s] [35m[1mConsolidate compiler generated dependencies of target topic_interfaces__rosidl_typesupport_fastrtps_c[0m
[1.446s] [ 41%] [32mBuilding C object CMakeFiles/topic_interfaces__rosidl_typesupport_introspection_c.dir/rosidl_typesupport_introspection_c/topic_interfaces/msg/detail/coord__type_support.c.o[0m
[1.446s] [ 45%] [32mBuilding CXX object CMakeFiles/topic_interfaces__rosidl_typesupport_fastrtps_c.dir/rosidl_typesupport_fastrtps_c/topic_interfaces/msg/detail/coord__type_support_c.cpp.o[0m
[1.459s] [35m[1mConsolidate compiler generated dependencies of target topic_interfaces__rosidl_typesupport_cpp[0m
[1.469s] [ 48%] [32m[1mLinking C shared library libtopic_interfaces__rosidl_typesupport_introspection_c.so[0m
[1.475s] [ 51%] [32mBuilding CXX object CMakeFiles/topic_interfaces__rosidl_typesupport_cpp.dir/rosidl_typesupport_cpp/topic_interfaces/msg/coord__type_support.cpp.o[0m
[1.490s] [ 51%] Built target topic_interfaces__rosidl_typesupport_introspection_c
[1.498s] [35m[1mConsolidate compiler generated dependencies of target topic_interfaces__rosidl_typesupport_c[0m
[1.506s] [ 54%] [32mBuilding CXX object CMakeFiles/topic_interfaces__rosidl_typesupport_c.dir/rosidl_typesupport_c/topic_interfaces/msg/coord__type_support.cpp.o[0m
[1.526s] [ 58%] [32m[1mLinking CXX shared library libtopic_interfaces__rosidl_typesupport_c.so[0m
[1.554s] [ 58%] Built target topic_interfaces__rosidl_typesupport_c
[1.609s] [ 61%] [32m[1mLinking CXX shared library libtopic_interfaces__rosidl_typesupport_introspection_cpp.so[0m
[1.649s] [ 64%] [32m[1mLinking CXX shared library libtopic_interfaces__rosidl_typesupport_fastrtps_c.so[0m
[1.649s] [ 67%] [32m[1mLinking CXX shared library libtopic_interfaces__rosidl_typesupport_fastrtps_cpp.so[0m
[1.663s] [ 70%] [32m[1mLinking CXX shared library libtopic_interfaces__rosidl_typesupport_cpp.so[0m
[1.667s] [ 70%] Built target topic_interfaces__rosidl_typesupport_introspection_cpp
[1.692s] [ 70%] Built target topic_interfaces__rosidl_typesupport_cpp
[1.700s] [ 70%] Built target topic_interfaces__rosidl_typesupport_fastrtps_c
[1.700s] [ 70%] Built target topic_interfaces__rosidl_typesupport_fastrtps_cpp
[1.715s] [ 70%] Built target topic_interfaces
[1.731s] [ 74%] [34m[1mGenerating Python code for ROS interfaces[0m
[1.900s] [ 74%] Built target topic_interfaces__py
[1.907s] [35m[1mConsolidate compiler generated dependencies of target topic_interfaces__rosidl_generator_py[0m
[1.917s] [ 77%] [32mBuilding C object CMakeFiles/topic_interfaces__rosidl_generator_py.dir/rosidl_generator_py/topic_interfaces/msg/_coord_s.c.o[0m
[2.001s] [ 80%] [32m[1mLinking C shared library rosidl_generator_py/topic_interfaces/libtopic_interfaces__rosidl_generator_py.so[0m
[2.038s] [ 80%] Built target topic_interfaces__rosidl_generator_py
[2.047s] [35m[1mConsolidate compiler generated dependencies of target topic_interfaces__rosidl_typesupport_c__pyext[0m
[2.047s] [35m[1mConsolidate compiler generated dependencies of target topic_interfaces__rosidl_typesupport_fastrtps_c__pyext[0m
[2.047s] [35m[1mConsolidate compiler generated dependencies of target topic_interfaces__rosidl_typesupport_introspection_c__pyext[0m
[2.056s] [ 90%] [32mBuilding C object CMakeFiles/topic_interfaces__rosidl_typesupport_introspection_c__pyext.dir/rosidl_generator_py/topic_interfaces/_topic_interfaces_s.ep.rosidl_typesupport_introspection_c.c.o[0m
[2.056s] [ 90%] [32mBuilding C object CMakeFiles/topic_interfaces__rosidl_typesupport_c__pyext.dir/rosidl_generator_py/topic_interfaces/_topic_interfaces_s.ep.rosidl_typesupport_c.c.o[0m
[2.056s] [ 90%] [32mBuilding C object CMakeFiles/topic_interfaces__rosidl_typesupport_fastrtps_c__pyext.dir/rosidl_generator_py/topic_interfaces/_topic_interfaces_s.ep.rosidl_typesupport_fastrtps_c.c.o[0m
[2.121s] [100%] [32m[1mLinking C shared library rosidl_generator_py/topic_interfaces/topic_interfaces_s__rosidl_typesupport_introspection_c.cpython-311-x86_64-linux-gnu.so[0m
[2.121s] [100%] [32m[1mLinking C shared library rosidl_generator_py/topic_interfaces/topic_interfaces_s__rosidl_typesupport_c.cpython-311-x86_64-linux-gnu.so[0m
[2.121s] [100%] [32m[1mLinking C shared library rosidl_generator_py/topic_interfaces/topic_interfaces_s__rosidl_typesupport_fastrtps_c.cpython-311-x86_64-linux-gnu.so[0m
[2.144s] [100%] Built target topic_interfaces__rosidl_typesupport_c__pyext
[2.145s] [100%] Built target topic_interfaces__rosidl_typesupport_fastrtps_c__pyext
[2.145s] [100%] Built target topic_interfaces__rosidl_typesupport_introspection_c__pyext
[2.155s] Invoked command in '/home/stoair/ros2CV/cv_ws/build/topic_interfaces' returned '0': CMAKE_PREFIX_PATH=${CMAKE_PREFIX_PATH}:/home/stoair/dev_ws/install/learning_urdf:/home/stoair/dev_ws/install/learning_topic:/home/stoair/dev_ws/install/learning_tf:/home/stoair/dev_ws/install/learning_service:/home/stoair/dev_ws/install/learning_qos:/home/stoair/dev_ws/install/learning_pkg_python:/home/stoair/dev_ws/install/learning_parameter:/home/stoair/dev_ws/install/learning_node:/home/stoair/dev_ws/install/learning_launch:/home/stoair/dev_ws/install/learning_action:/home/stoair/dev_ws/install/learning_gazebo_fortress:/home/stoair/dev_ws/install/learning_gazebo:/home/stoair/dev_ws/install/learning_cv:/opt/ros/humble CONDA_PROMPT_MODIFIER=(base) /usr/bin/cmake --build /home/stoair/ros2CV/cv_ws/build/topic_interfaces -- -j16 -l16
[2.204s] Invoking command in '/home/stoair/ros2CV/cv_ws/build/topic_interfaces': CMAKE_PREFIX_PATH=${CMAKE_PREFIX_PATH}:/home/stoair/dev_ws/install/learning_urdf:/home/stoair/dev_ws/install/learning_topic:/home/stoair/dev_ws/install/learning_tf:/home/stoair/dev_ws/install/learning_service:/home/stoair/dev_ws/install/learning_qos:/home/stoair/dev_ws/install/learning_pkg_python:/home/stoair/dev_ws/install/learning_parameter:/home/stoair/dev_ws/install/learning_node:/home/stoair/dev_ws/install/learning_launch:/home/stoair/dev_ws/install/learning_action:/home/stoair/dev_ws/install/learning_gazebo_fortress:/home/stoair/dev_ws/install/learning_gazebo:/home/stoair/dev_ws/install/learning_cv:/opt/ros/humble CONDA_PROMPT_MODIFIER=(base) /usr/bin/cmake --install /home/stoair/ros2CV/cv_ws/build/topic_interfaces
[2.211s] -- Install configuration: ""
[2.211s] -- Up-to-date: /home/stoair/ros2CV/cv_ws/install/topic_interfaces/share/ament_index/resource_index/rosidl_interfaces/topic_interfaces
[2.211s] -- Up-to-date: /home/stoair/ros2CV/cv_ws/install/topic_interfaces/include/topic_interfaces/topic_interfaces
[2.211s] -- Up-to-date: /home/stoair/ros2CV/cv_ws/install/topic_interfaces/include/topic_interfaces/topic_interfaces/msg
[2.211s] -- Up-to-date: /home/stoair/ros2CV/cv_ws/install/topic_interfaces/include/topic_interfaces/topic_interfaces/msg/rosidl_generator_c__visibility_control.h
[2.211s] -- Installing: /home/stoair/ros2CV/cv_ws/install/topic_interfaces/include/topic_interfaces/topic_interfaces/msg/coord.h
[2.211s] -- Up-to-date: /home/stoair/ros2CV/cv_ws/install/topic_interfaces/include/topic_interfaces/topic_interfaces/msg/detail
[2.211s] -- Installing: /home/stoair/ros2CV/cv_ws/install/topic_interfaces/include/topic_interfaces/topic_interfaces/msg/detail/coord__functions.c
[2.211s] -- Installing: /home/stoair/ros2CV/cv_ws/install/topic_interfaces/include/topic_interfaces/topic_interfaces/msg/detail/coord__functions.h
[2.211s] -- Installing: /home/stoair/ros2CV/cv_ws/install/topic_interfaces/include/topic_interfaces/topic_interfaces/msg/detail/coord__struct.h
[2.212s] -- Installing: /home/stoair/ros2CV/cv_ws/install/topic_interfaces/include/topic_interfaces/topic_interfaces/msg/detail/coord__type_support.h
[2.212s] -- Up-to-date: /home/stoair/ros2CV/cv_ws/install/topic_interfaces/share/topic_interfaces/environment/library_path.sh
[2.212s] -- Installing: /home/stoair/ros2CV/cv_ws/install/topic_interfaces/share/topic_interfaces/environment/library_path.dsv
[2.212s] -- Installing: /home/stoair/ros2CV/cv_ws/install/topic_interfaces/lib/libtopic_interfaces__rosidl_generator_c.so
[2.215s] -- Set runtime path of "/home/stoair/ros2CV/cv_ws/install/topic_interfaces/lib/libtopic_interfaces__rosidl_generator_c.so" to ""
[2.215s] -- Up-to-date: /home/stoair/ros2CV/cv_ws/install/topic_interfaces/include/topic_interfaces/topic_interfaces
[2.215s] -- Up-to-date: /home/stoair/ros2CV/cv_ws/install/topic_interfaces/include/topic_interfaces/topic_interfaces/msg
[2.215s] -- Up-to-date: /home/stoair/ros2CV/cv_ws/install/topic_interfaces/include/topic_interfaces/topic_interfaces/msg/rosidl_typesupport_fastrtps_c__visibility_control.h
[2.215s] -- Up-to-date: /home/stoair/ros2CV/cv_ws/install/topic_interfaces/include/topic_interfaces/topic_interfaces/msg/detail
[2.215s] -- Installing: /home/stoair/ros2CV/cv_ws/install/topic_interfaces/include/topic_interfaces/topic_interfaces/msg/detail/coord__rosidl_typesupport_fastrtps_c.h
[2.215s] -- Installing: /home/stoair/ros2CV/cv_ws/install/topic_interfaces/lib/libtopic_interfaces__rosidl_typesupport_fastrtps_c.so
[2.216s] -- Set runtime path of "/home/stoair/ros2CV/cv_ws/install/topic_interfaces/lib/libtopic_interfaces__rosidl_typesupport_fastrtps_c.so" to ""
[2.216s] -- Up-to-date: /home/stoair/ros2CV/cv_ws/install/topic_interfaces/include/topic_interfaces/topic_interfaces
[2.216s] -- Up-to-date: /home/stoair/ros2CV/cv_ws/install/topic_interfaces/include/topic_interfaces/topic_interfaces/msg
[2.216s] -- Up-to-date: /home/stoair/ros2CV/cv_ws/install/topic_interfaces/include/topic_interfaces/topic_interfaces/msg/rosidl_typesupport_introspection_c__visibility_control.h
[2.217s] -- Up-to-date: /home/stoair/ros2CV/cv_ws/install/topic_interfaces/include/topic_interfaces/topic_interfaces/msg/detail
[2.217s] -- Installing: /home/stoair/ros2CV/cv_ws/install/topic_interfaces/include/topic_interfaces/topic_interfaces/msg/detail/coord__rosidl_typesupport_introspection_c.h
[2.217s] -- Installing: /home/stoair/ros2CV/cv_ws/install/topic_interfaces/include/topic_interfaces/topic_interfaces/msg/detail/coord__type_support.c
[2.217s] -- Installing: /home/stoair/ros2CV/cv_ws/install/topic_interfaces/lib/libtopic_interfaces__rosidl_typesupport_introspection_c.so
[2.218s] -- Set runtime path of "/home/stoair/ros2CV/cv_ws/install/topic_interfaces/lib/libtopic_interfaces__rosidl_typesupport_introspection_c.so" to ""
[2.219s] -- Installing: /home/stoair/ros2CV/cv_ws/install/topic_interfaces/lib/libtopic_interfaces__rosidl_typesupport_c.so
[2.220s] -- Set runtime path of "/home/stoair/ros2CV/cv_ws/install/topic_interfaces/lib/libtopic_interfaces__rosidl_typesupport_c.so" to ""
[2.221s] -- Up-to-date: /home/stoair/ros2CV/cv_ws/install/topic_interfaces/include/topic_interfaces/topic_interfaces
[2.221s] -- Up-to-date: /home/stoair/ros2CV/cv_ws/install/topic_interfaces/include/topic_interfaces/topic_interfaces/msg
[2.221s] -- Installing: /home/stoair/ros2CV/cv_ws/install/topic_interfaces/include/topic_interfaces/topic_interfaces/msg/coord.hpp
[2.221s] -- Up-to-date: /home/stoair/ros2CV/cv_ws/install/topic_interfaces/include/topic_interfaces/topic_interfaces/msg/detail
[2.221s] -- Installing: /home/stoair/ros2CV/cv_ws/install/topic_interfaces/include/topic_interfaces/topic_interfaces/msg/detail/coord__builder.hpp
[2.221s] -- Installing: /home/stoair/ros2CV/cv_ws/install/topic_interfaces/include/topic_interfaces/topic_interfaces/msg/detail/coord__struct.hpp
[2.221s] -- Installing: /home/stoair/ros2CV/cv_ws/install/topic_interfaces/include/topic_interfaces/topic_interfaces/msg/detail/coord__traits.hpp
[2.222s] -- Up-to-date: /home/stoair/ros2CV/cv_ws/install/topic_interfaces/include/topic_interfaces/topic_interfaces
[2.222s] -- Up-to-date: /home/stoair/ros2CV/cv_ws/install/topic_interfaces/include/topic_interfaces/topic_interfaces/msg
[2.222s] -- Up-to-date: /home/stoair/ros2CV/cv_ws/install/topic_interfaces/include/topic_interfaces/topic_interfaces/msg/rosidl_typesupport_fastrtps_cpp__visibility_control.h
[2.222s] -- Up-to-date: /home/stoair/ros2CV/cv_ws/install/topic_interfaces/include/topic_interfaces/topic_interfaces/msg/detail
[2.222s] -- Installing: /home/stoair/ros2CV/cv_ws/install/topic_interfaces/include/topic_interfaces/topic_interfaces/msg/detail/coord__rosidl_typesupport_fastrtps_cpp.hpp
[2.222s] -- Up-to-date: /home/stoair/ros2CV/cv_ws/install/topic_interfaces/include/topic_interfaces/topic_interfaces/msg/detail/dds_fastrtps
[2.223s] -- Installing: /home/stoair/ros2CV/cv_ws/install/topic_interfaces/lib/libtopic_interfaces__rosidl_typesupport_fastrtps_cpp.so
[2.223s] -- Set runtime path of "/home/stoair/ros2CV/cv_ws/install/topic_interfaces/lib/libtopic_interfaces__rosidl_typesupport_fastrtps_cpp.so" to ""
[2.223s] -- Up-to-date: /home/stoair/ros2CV/cv_ws/install/topic_interfaces/include/topic_interfaces/topic_interfaces
[2.223s] -- Up-to-date: /home/stoair/ros2CV/cv_ws/install/topic_interfaces/include/topic_interfaces/topic_interfaces/msg
[2.223s] -- Up-to-date: /home/stoair/ros2CV/cv_ws/install/topic_interfaces/include/topic_interfaces/topic_interfaces/msg/detail
[2.223s] -- Installing: /home/stoair/ros2CV/cv_ws/install/topic_interfaces/include/topic_interfaces/topic_interfaces/msg/detail/coord__rosidl_typesupport_introspection_cpp.hpp
[2.223s] -- Installing: /home/stoair/ros2CV/cv_ws/install/topic_interfaces/include/topic_interfaces/topic_interfaces/msg/detail/coord__type_support.cpp
[2.224s] -- Installing: /home/stoair/ros2CV/cv_ws/install/topic_interfaces/lib/libtopic_interfaces__rosidl_typesupport_introspection_cpp.so
[2.225s] -- Set runtime path of "/home/stoair/ros2CV/cv_ws/install/topic_interfaces/lib/libtopic_interfaces__rosidl_typesupport_introspection_cpp.so" to ""
[2.225s] -- Installing: /home/stoair/ros2CV/cv_ws/install/topic_interfaces/lib/libtopic_interfaces__rosidl_typesupport_cpp.so
[2.227s] -- Set runtime path of "/home/stoair/ros2CV/cv_ws/install/topic_interfaces/lib/libtopic_interfaces__rosidl_typesupport_cpp.so" to ""
[2.227s] -- Up-to-date: /home/stoair/ros2CV/cv_ws/install/topic_interfaces/share/topic_interfaces/environment/pythonpath.sh
[2.227s] -- Installing: /home/stoair/ros2CV/cv_ws/install/topic_interfaces/share/topic_interfaces/environment/pythonpath.dsv
[2.227s] -- Up-to-date: /home/stoair/ros2CV/cv_ws/install/topic_interfaces/lib/python3.11/site-packages/topic_interfaces-0.0.0-py3.11.egg-info
[2.228s] -- Installing: /home/stoair/ros2CV/cv_ws/install/topic_interfaces/lib/python3.11/site-packages/topic_interfaces-0.0.0-py3.11.egg-info/PKG-INFO
[2.228s] -- Installing: /home/stoair/ros2CV/cv_ws/install/topic_interfaces/lib/python3.11/site-packages/topic_interfaces-0.0.0-py3.11.egg-info/dependency_links.txt
[2.228s] -- Installing: /home/stoair/ros2CV/cv_ws/install/topic_interfaces/lib/python3.11/site-packages/topic_interfaces-0.0.0-py3.11.egg-info/top_level.txt
[2.228s] -- Installing: /home/stoair/ros2CV/cv_ws/install/topic_interfaces/lib/python3.11/site-packages/topic_interfaces-0.0.0-py3.11.egg-info/SOURCES.txt
[2.228s] -- Up-to-date: /home/stoair/ros2CV/cv_ws/install/topic_interfaces/lib/python3.11/site-packages/topic_interfaces
[2.228s] -- Installing: /home/stoair/ros2CV/cv_ws/install/topic_interfaces/lib/python3.11/site-packages/topic_interfaces/__init__.py
[2.228s] -- Up-to-date: /home/stoair/ros2CV/cv_ws/install/topic_interfaces/lib/python3.11/site-packages/topic_interfaces/msg
[2.228s] -- Installing: /home/stoair/ros2CV/cv_ws/install/topic_interfaces/lib/python3.11/site-packages/topic_interfaces/msg/_coord.py
[2.228s] -- Installing: /home/stoair/ros2CV/cv_ws/install/topic_interfaces/lib/python3.11/site-packages/topic_interfaces/msg/_coord_s.c
[2.228s] -- Installing: /home/stoair/ros2CV/cv_ws/install/topic_interfaces/lib/python3.11/site-packages/topic_interfaces/msg/__init__.py
[2.228s] -- Installing: /home/stoair/ros2CV/cv_ws/install/topic_interfaces/lib/python3.11/site-packages/topic_interfaces/_topic_interfaces_s.ep.rosidl_typesupport_fastrtps_c.c
[2.228s] -- Installing: /home/stoair/ros2CV/cv_ws/install/topic_interfaces/lib/python3.11/site-packages/topic_interfaces/_topic_interfaces_s.ep.rosidl_typesupport_introspection_c.c
[2.228s] -- Installing: /home/stoair/ros2CV/cv_ws/install/topic_interfaces/lib/python3.11/site-packages/topic_interfaces/_topic_interfaces_s.ep.rosidl_typesupport_c.c
[2.228s] -- Installing: /home/stoair/ros2CV/cv_ws/install/topic_interfaces/lib/python3.11/site-packages/topic_interfaces/libtopic_interfaces__rosidl_generator_py.so
[2.228s] -- Installing: /home/stoair/ros2CV/cv_ws/install/topic_interfaces/lib/python3.11/site-packages/topic_interfaces/topic_interfaces_s__rosidl_typesupport_c.cpython-311-x86_64-linux-gnu.so
[2.228s] -- Installing: /home/stoair/ros2CV/cv_ws/install/topic_interfaces/lib/python3.11/site-packages/topic_interfaces/topic_interfaces_s__rosidl_typesupport_fastrtps_c.cpython-311-x86_64-linux-gnu.so
[2.229s] -- Installing: /home/stoair/ros2CV/cv_ws/install/topic_interfaces/lib/python3.11/site-packages/topic_interfaces/topic_interfaces_s__rosidl_typesupport_introspection_c.cpython-311-x86_64-linux-gnu.so
[2.264s] Listing '/home/stoair/ros2CV/cv_ws/install/topic_interfaces/lib/python3.11/site-packages/topic_interfaces'...
[2.264s] Compiling '/home/stoair/ros2CV/cv_ws/install/topic_interfaces/lib/python3.11/site-packages/topic_interfaces/__init__.py'...
[2.264s] Listing '/home/stoair/ros2CV/cv_ws/install/topic_interfaces/lib/python3.11/site-packages/topic_interfaces/msg'...
[2.264s] Compiling '/home/stoair/ros2CV/cv_ws/install/topic_interfaces/lib/python3.11/site-packages/topic_interfaces/msg/__init__.py'...
[2.264s] Compiling '/home/stoair/ros2CV/cv_ws/install/topic_interfaces/lib/python3.11/site-packages/topic_interfaces/msg/_coord.py'...
[2.268s] -- Installing: /home/stoair/ros2CV/cv_ws/install/topic_interfaces/lib/python3.11/site-packages/topic_interfaces/topic_interfaces_s__rosidl_typesupport_fastrtps_c.cpython-311-x86_64-linux-gnu.so
[2.268s] -- Set runtime path of "/home/stoair/ros2CV/cv_ws/install/topic_interfaces/lib/python3.11/site-packages/topic_interfaces/topic_interfaces_s__rosidl_typesupport_fastrtps_c.cpython-311-x86_64-linux-gnu.so" to ""
[2.270s] -- Installing: /home/stoair/ros2CV/cv_ws/install/topic_interfaces/lib/python3.11/site-packages/topic_interfaces/topic_interfaces_s__rosidl_typesupport_introspection_c.cpython-311-x86_64-linux-gnu.so
[2.271s] -- Set runtime path of "/home/stoair/ros2CV/cv_ws/install/topic_interfaces/lib/python3.11/site-packages/topic_interfaces/topic_interfaces_s__rosidl_typesupport_introspection_c.cpython-311-x86_64-linux-gnu.so" to ""
[2.271s] -- Installing: /home/stoair/ros2CV/cv_ws/install/topic_interfaces/lib/python3.11/site-packages/topic_interfaces/topic_interfaces_s__rosidl_typesupport_c.cpython-311-x86_64-linux-gnu.so
[2.271s] -- Set runtime path of "/home/stoair/ros2CV/cv_ws/install/topic_interfaces/lib/python3.11/site-packages/topic_interfaces/topic_interfaces_s__rosidl_typesupport_c.cpython-311-x86_64-linux-gnu.so" to ""
[2.271s] -- Installing: /home/stoair/ros2CV/cv_ws/install/topic_interfaces/lib/libtopic_interfaces__rosidl_generator_py.so
[2.272s] -- Set runtime path of "/home/stoair/ros2CV/cv_ws/install/topic_interfaces/lib/libtopic_interfaces__rosidl_generator_py.so" to ""
[2.272s] -- Installing: /home/stoair/ros2CV/cv_ws/install/topic_interfaces/share/topic_interfaces/msg/Coord.idl
[2.272s] -- Installing: /home/stoair/ros2CV/cv_ws/install/topic_interfaces/share/topic_interfaces/msg/Coord.msg
[2.272s] -- Up-to-date: /home/stoair/ros2CV/cv_ws/install/topic_interfaces/share/ament_index/resource_index/package_run_dependencies/topic_interfaces
[2.272s] -- Up-to-date: /home/stoair/ros2CV/cv_ws/install/topic_interfaces/share/ament_index/resource_index/parent_prefix_path/topic_interfaces
[2.272s] -- Up-to-date: /home/stoair/ros2CV/cv_ws/install/topic_interfaces/share/topic_interfaces/environment/ament_prefix_path.sh
[2.272s] -- Installing: /home/stoair/ros2CV/cv_ws/install/topic_interfaces/share/topic_interfaces/environment/ament_prefix_path.dsv
[2.272s] -- Up-to-date: /home/stoair/ros2CV/cv_ws/install/topic_interfaces/share/topic_interfaces/environment/path.sh
[2.273s] -- Installing: /home/stoair/ros2CV/cv_ws/install/topic_interfaces/share/topic_interfaces/environment/path.dsv
[2.273s] -- Up-to-date: /home/stoair/ros2CV/cv_ws/install/topic_interfaces/share/topic_interfaces/local_setup.bash
[2.273s] -- Up-to-date: /home/stoair/ros2CV/cv_ws/install/topic_interfaces/share/topic_interfaces/local_setup.sh
[2.273s] -- Up-to-date: /home/stoair/ros2CV/cv_ws/install/topic_interfaces/share/topic_interfaces/local_setup.zsh
[2.273s] -- Installing: /home/stoair/ros2CV/cv_ws/install/topic_interfaces/share/topic_interfaces/local_setup.dsv
[2.273s] -- Installing: /home/stoair/ros2CV/cv_ws/install/topic_interfaces/share/topic_interfaces/package.dsv
[2.273s] -- Up-to-date: /home/stoair/ros2CV/cv_ws/install/topic_interfaces/share/ament_index/resource_index/packages/topic_interfaces
[2.273s] -- Up-to-date: /home/stoair/ros2CV/cv_ws/install/topic_interfaces/share/topic_interfaces/cmake/export_topic_interfaces__rosidl_generator_cExport.cmake
[2.273s] -- Up-to-date: /home/stoair/ros2CV/cv_ws/install/topic_interfaces/share/topic_interfaces/cmake/export_topic_interfaces__rosidl_generator_cExport-noconfig.cmake
[2.273s] -- Up-to-date: /home/stoair/ros2CV/cv_ws/install/topic_interfaces/share/topic_interfaces/cmake/export_topic_interfaces__rosidl_typesupport_fastrtps_cExport.cmake
[2.273s] -- Up-to-date: /home/stoair/ros2CV/cv_ws/install/topic_interfaces/share/topic_interfaces/cmake/export_topic_interfaces__rosidl_typesupport_fastrtps_cExport-noconfig.cmake
[2.274s] -- Up-to-date: /home/stoair/ros2CV/cv_ws/install/topic_interfaces/share/topic_interfaces/cmake/topic_interfaces__rosidl_typesupport_introspection_cExport.cmake
[2.274s] -- Up-to-date: /home/stoair/ros2CV/cv_ws/install/topic_interfaces/share/topic_interfaces/cmake/topic_interfaces__rosidl_typesupport_introspection_cExport-noconfig.cmake
[2.274s] -- Up-to-date: /home/stoair/ros2CV/cv_ws/install/topic_interfaces/share/topic_interfaces/cmake/topic_interfaces__rosidl_typesupport_cExport.cmake
[2.274s] -- Up-to-date: /home/stoair/ros2CV/cv_ws/install/topic_interfaces/share/topic_interfaces/cmake/topic_interfaces__rosidl_typesupport_cExport-noconfig.cmake
[2.274s] -- Up-to-date: /home/stoair/ros2CV/cv_ws/install/topic_interfaces/share/topic_interfaces/cmake/export_topic_interfaces__rosidl_generator_cppExport.cmake
[2.274s] -- Up-to-date: /home/stoair/ros2CV/cv_ws/install/topic_interfaces/share/topic_interfaces/cmake/export_topic_interfaces__rosidl_typesupport_fastrtps_cppExport.cmake
[2.274s] -- Up-to-date: /home/stoair/ros2CV/cv_ws/install/topic_interfaces/share/topic_interfaces/cmake/export_topic_interfaces__rosidl_typesupport_fastrtps_cppExport-noconfig.cmake
[2.274s] -- Up-to-date: /home/stoair/ros2CV/cv_ws/install/topic_interfaces/share/topic_interfaces/cmake/topic_interfaces__rosidl_typesupport_introspection_cppExport.cmake
[2.274s] -- Up-to-date: /home/stoair/ros2CV/cv_ws/install/topic_interfaces/share/topic_interfaces/cmake/topic_interfaces__rosidl_typesupport_introspection_cppExport-noconfig.cmake
[2.274s] -- Up-to-date: /home/stoair/ros2CV/cv_ws/install/topic_interfaces/share/topic_interfaces/cmake/topic_interfaces__rosidl_typesupport_cppExport.cmake
[2.274s] -- Up-to-date: /home/stoair/ros2CV/cv_ws/install/topic_interfaces/share/topic_interfaces/cmake/topic_interfaces__rosidl_typesupport_cppExport-noconfig.cmake
[2.274s] -- Up-to-date: /home/stoair/ros2CV/cv_ws/install/topic_interfaces/share/topic_interfaces/cmake/export_topic_interfaces__rosidl_generator_pyExport.cmake
[2.274s] -- Up-to-date: /home/stoair/ros2CV/cv_ws/install/topic_interfaces/share/topic_interfaces/cmake/export_topic_interfaces__rosidl_generator_pyExport-noconfig.cmake
[2.274s] -- Up-to-date: /home/stoair/ros2CV/cv_ws/install/topic_interfaces/share/topic_interfaces/cmake/rosidl_cmake-extras.cmake
[2.275s] -- Up-to-date: /home/stoair/ros2CV/cv_ws/install/topic_interfaces/share/topic_interfaces/cmake/ament_cmake_export_include_directories-extras.cmake
[2.275s] -- Up-to-date: /home/stoair/ros2CV/cv_ws/install/topic_interfaces/share/topic_interfaces/cmake/ament_cmake_export_libraries-extras.cmake
[2.275s] -- Up-to-date: /home/stoair/ros2CV/cv_ws/install/topic_interfaces/share/topic_interfaces/cmake/ament_cmake_export_targets-extras.cmake
[2.275s] -- Up-to-date: /home/stoair/ros2CV/cv_ws/install/topic_interfaces/share/topic_interfaces/cmake/rosidl_cmake_export_typesupport_targets-extras.cmake
[2.275s] -- Up-to-date: /home/stoair/ros2CV/cv_ws/install/topic_interfaces/share/topic_interfaces/cmake/ament_cmake_export_dependencies-extras.cmake
[2.275s] -- Up-to-date: /home/stoair/ros2CV/cv_ws/install/topic_interfaces/share/topic_interfaces/cmake/rosidl_cmake_export_typesupport_libraries-extras.cmake
[2.275s] -- Up-to-date: /home/stoair/ros2CV/cv_ws/install/topic_interfaces/share/topic_interfaces/cmake/topic_interfacesConfig.cmake
[2.275s] -- Up-to-date: /home/stoair/ros2CV/cv_ws/install/topic_interfaces/share/topic_interfaces/cmake/topic_interfacesConfig-version.cmake
[2.275s] -- Up-to-date: /home/stoair/ros2CV/cv_ws/install/topic_interfaces/share/topic_interfaces/package.xml
[2.277s] Invoked command in '/home/stoair/ros2CV/cv_ws/build/topic_interfaces' returned '0': CMAKE_PREFIX_PATH=${CMAKE_PREFIX_PATH}:/home/stoair/dev_ws/install/learning_urdf:/home/stoair/dev_ws/install/learning_topic:/home/stoair/dev_ws/install/learning_tf:/home/stoair/dev_ws/install/learning_service:/home/stoair/dev_ws/install/learning_qos:/home/stoair/dev_ws/install/learning_pkg_python:/home/stoair/dev_ws/install/learning_parameter:/home/stoair/dev_ws/install/learning_node:/home/stoair/dev_ws/install/learning_launch:/home/stoair/dev_ws/install/learning_action:/home/stoair/dev_ws/install/learning_gazebo_fortress:/home/stoair/dev_ws/install/learning_gazebo:/home/stoair/dev_ws/install/learning_cv:/opt/ros/humble CONDA_PROMPT_MODIFIER=(base) /usr/bin/cmake --install /home/stoair/ros2CV/cv_ws/build/topic_interfaces
