running egg_info
creating ../../build/pyPublish/pyPublish.egg-info
writing ../../build/pyPublish/pyPublish.egg-info/PKG-INFO
writing dependency_links to ../../build/pyPublish/pyPublish.egg-info/dependency_links.txt
writing entry points to ../../build/pyPublish/pyPublish.egg-info/entry_points.txt
writing requirements to ../../build/pyPublish/pyPublish.egg-info/requires.txt
writing top-level names to ../../build/pyPublish/pyPublish.egg-info/top_level.txt
writing manifest file '../../build/pyPublish/pyPublish.egg-info/SOURCES.txt'
reading manifest file '../../build/pyPublish/pyPublish.egg-info/SOURCES.txt'
writing manifest file '../../build/pyPublish/pyPublish.egg-info/SOURCES.txt'
running build
running build_py
creating /home/stoair/ros2CV/cv_ws/build/pyPublish/build
creating /home/stoair/ros2CV/cv_ws/build/pyPublish/build/lib
creating /home/stoair/ros2CV/cv_ws/build/pyPublish/build/lib/pyPublish
copying pyPublish/cam2image.py -> /home/stoair/ros2CV/cv_ws/build/pyPublish/build/lib/pyPublish
copying pyPublish/__init__.py -> /home/stoair/ros2CV/cv_ws/build/pyPublish/build/lib/pyPublish
running install
running install_lib
creating /home/stoair/ros2CV/cv_ws/install/pyPublish/lib/python3.10/site-packages/pyPublish
copying /home/stoair/ros2CV/cv_ws/build/pyPublish/build/lib/pyPublish/cam2image.py -> /home/stoair/ros2CV/cv_ws/install/pyPublish/lib/python3.10/site-packages/pyPublish
copying /home/stoair/ros2CV/cv_ws/build/pyPublish/build/lib/pyPublish/__init__.py -> /home/stoair/ros2CV/cv_ws/install/pyPublish/lib/python3.10/site-packages/pyPublish
byte-compiling /home/stoair/ros2CV/cv_ws/install/pyPublish/lib/python3.10/site-packages/pyPublish/cam2image.py to cam2image.cpython-310.pyc
byte-compiling /home/stoair/ros2CV/cv_ws/install/pyPublish/lib/python3.10/site-packages/pyPublish/__init__.py to __init__.cpython-310.pyc
running install_data
creating /home/stoair/ros2CV/cv_ws/install/pyPublish/share/ament_index
creating /home/stoair/ros2CV/cv_ws/install/pyPublish/share/ament_index/resource_index
creating /home/stoair/ros2CV/cv_ws/install/pyPublish/share/ament_index/resource_index/packages
copying resource/pyPublish -> /home/stoair/ros2CV/cv_ws/install/pyPublish/share/ament_index/resource_index/packages
copying package.xml -> /home/stoair/ros2CV/cv_ws/install/pyPublish/share/pyPublish
running install_egg_info
Copying ../../build/pyPublish/pyPublish.egg-info to /home/stoair/ros2CV/cv_ws/install/pyPublish/lib/python3.10/site-packages/pyPublish-0.0.0-py3.10.egg-info
running install_scripts
writing list of installed files to '/home/stoair/ros2CV/cv_ws/build/pyPublish/install.log'
