[0.479s] Invoking command in '/home/stoair/ros2CV/cv_ws/src/pyPublish': CONDA_PROMPT_MODIFIER=(base) PYTHONPATH=/home/stoair/ros2CV/cv_ws/build/pyPublish/prefix_override:/home/stoair/ros2CV/cv_ws/install/pyPublish/lib/python3.10/site-packages:${PYTHONPATH} /usr/bin/python3 -W ignore:setup.py install is deprecated setup.py egg_info --egg-base ../../build/pyPublish build --build-base /home/stoair/ros2CV/cv_ws/build/pyPublish/build install --record /home/stoair/ros2CV/cv_ws/build/pyPublish/install.log --single-version-externally-managed install_data
[0.645s] running egg_info
[0.645s] creating ../../build/pyPublish/pyPublish.egg-info
[0.646s] writing ../../build/pyPublish/pyPublish.egg-info/PKG-INFO
[0.646s] writing dependency_links to ../../build/pyPublish/pyPublish.egg-info/dependency_links.txt
[0.646s] writing entry points to ../../build/pyPublish/pyPublish.egg-info/entry_points.txt
[0.646s] writing requirements to ../../build/pyPublish/pyPublish.egg-info/requires.txt
[0.646s] writing top-level names to ../../build/pyPublish/pyPublish.egg-info/top_level.txt
[0.646s] writing manifest file '../../build/pyPublish/pyPublish.egg-info/SOURCES.txt'
[0.647s] reading manifest file '../../build/pyPublish/pyPublish.egg-info/SOURCES.txt'
[0.647s] writing manifest file '../../build/pyPublish/pyPublish.egg-info/SOURCES.txt'
[0.647s] running build
[0.647s] running build_py
[0.647s] creating /home/stoair/ros2CV/cv_ws/build/pyPublish/build
[0.647s] creating /home/stoair/ros2CV/cv_ws/build/pyPublish/build/lib
[0.647s] creating /home/stoair/ros2CV/cv_ws/build/pyPublish/build/lib/pyPublish
[0.648s] copying pyPublish/cam2image.py -> /home/stoair/ros2CV/cv_ws/build/pyPublish/build/lib/pyPublish
[0.648s] copying pyPublish/__init__.py -> /home/stoair/ros2CV/cv_ws/build/pyPublish/build/lib/pyPublish
[0.648s] running install
[0.648s] running install_lib
[0.648s] creating /home/stoair/ros2CV/cv_ws/install/pyPublish/lib/python3.10/site-packages/pyPublish
[0.648s] copying /home/stoair/ros2CV/cv_ws/build/pyPublish/build/lib/pyPublish/cam2image.py -> /home/stoair/ros2CV/cv_ws/install/pyPublish/lib/python3.10/site-packages/pyPublish
[0.648s] copying /home/stoair/ros2CV/cv_ws/build/pyPublish/build/lib/pyPublish/__init__.py -> /home/stoair/ros2CV/cv_ws/install/pyPublish/lib/python3.10/site-packages/pyPublish
[0.649s] byte-compiling /home/stoair/ros2CV/cv_ws/install/pyPublish/lib/python3.10/site-packages/pyPublish/cam2image.py to cam2image.cpython-310.pyc
[0.649s] byte-compiling /home/stoair/ros2CV/cv_ws/install/pyPublish/lib/python3.10/site-packages/pyPublish/__init__.py to __init__.cpython-310.pyc
[0.649s] running install_data
[0.650s] creating /home/stoair/ros2CV/cv_ws/install/pyPublish/share/ament_index
[0.650s] creating /home/stoair/ros2CV/cv_ws/install/pyPublish/share/ament_index/resource_index
[0.650s] creating /home/stoair/ros2CV/cv_ws/install/pyPublish/share/ament_index/resource_index/packages
[0.650s] copying resource/pyPublish -> /home/stoair/ros2CV/cv_ws/install/pyPublish/share/ament_index/resource_index/packages
[0.650s] copying package.xml -> /home/stoair/ros2CV/cv_ws/install/pyPublish/share/pyPublish
[0.650s] running install_egg_info
[0.651s] Copying ../../build/pyPublish/pyPublish.egg-info to /home/stoair/ros2CV/cv_ws/install/pyPublish/lib/python3.10/site-packages/pyPublish-0.0.0-py3.10.egg-info
[0.651s] running install_scripts
[0.666s] writing list of installed files to '/home/stoair/ros2CV/cv_ws/build/pyPublish/install.log'
[0.680s] Invoked command in '/home/stoair/ros2CV/cv_ws/src/pyPublish' returned '0': CONDA_PROMPT_MODIFIER=(base) PYTHONPATH=/home/stoair/ros2CV/cv_ws/build/pyPublish/prefix_override:/home/stoair/ros2CV/cv_ws/install/pyPublish/lib/python3.10/site-packages:${PYTHONPATH} /usr/bin/python3 -W ignore:setup.py install is deprecated setup.py egg_info --egg-base ../../build/pyPublish build --build-base /home/stoair/ros2CV/cv_ws/build/pyPublish/build install --record /home/stoair/ros2CV/cv_ws/build/pyPublish/install.log --single-version-externally-managed install_data
