[0.023s] Invoking command in '/home/stoair/ros2CV/cv_ws/build/topic2': CMAKE_PREFIX_PATH=${CMAKE_PREFIX_PATH}:/home/stoair/dev_ws/install/learning_urdf:/home/stoair/dev_ws/install/learning_topic:/home/stoair/dev_ws/install/learning_tf:/home/stoair/dev_ws/install/learning_service:/home/stoair/dev_ws/install/learning_qos:/home/stoair/dev_ws/install/learning_pkg_python:/home/stoair/dev_ws/install/learning_parameter:/home/stoair/dev_ws/install/learning_node:/home/stoair/dev_ws/install/learning_launch:/home/stoair/dev_ws/install/learning_action:/home/stoair/dev_ws/install/learning_gazebo_fortress:/home/stoair/dev_ws/install/learning_gazebo:/home/stoair/dev_ws/install/learning_cv:/opt/ros/humble CONDA_PROMPT_MODIFIER=(base) /usr/bin/cmake --build /home/stoair/ros2CV/cv_ws/build/topic2 -- -j16 -l16
[0.110s] [35m[1mConsolidate compiler generated dependencies of target image_sub[0m
[0.132s] [ 40%] Built target image_pub
[0.144s] [ 60%] [32mBuilding CXX object CMakeFiles/image_sub.dir/src/image_sub.cpp.o[0m
[13.673s] [ 80%] [32m[1mLinking CXX executable image_sub[0m
[14.123s] /usr/bin/ld: warning: libopencv_imgproc.so.4.5d, needed by /opt/ros/humble/lib/libcv_bridge.so, may conflict with libopencv_imgproc.so.409
[14.125s] /usr/bin/ld: warning: libopencv_core.so.4.5d, needed by /opt/ros/humble/lib/libcv_bridge.so, may conflict with libopencv_core.so.409
[14.944s] [100%] Built target image_sub
[14.957s] Invoked command in '/home/stoair/ros2CV/cv_ws/build/topic2' returned '0': CMAKE_PREFIX_PATH=${CMAKE_PREFIX_PATH}:/home/stoair/dev_ws/install/learning_urdf:/home/stoair/dev_ws/install/learning_topic:/home/stoair/dev_ws/install/learning_tf:/home/stoair/dev_ws/install/learning_service:/home/stoair/dev_ws/install/learning_qos:/home/stoair/dev_ws/install/learning_pkg_python:/home/stoair/dev_ws/install/learning_parameter:/home/stoair/dev_ws/install/learning_node:/home/stoair/dev_ws/install/learning_launch:/home/stoair/dev_ws/install/learning_action:/home/stoair/dev_ws/install/learning_gazebo_fortress:/home/stoair/dev_ws/install/learning_gazebo:/home/stoair/dev_ws/install/learning_cv:/opt/ros/humble CONDA_PROMPT_MODIFIER=(base) /usr/bin/cmake --build /home/stoair/ros2CV/cv_ws/build/topic2 -- -j16 -l16
[15.010s] Invoking command in '/home/stoair/ros2CV/cv_ws/build/topic2': CMAKE_PREFIX_PATH=${CMAKE_PREFIX_PATH}:/home/stoair/dev_ws/install/learning_urdf:/home/stoair/dev_ws/install/learning_topic:/home/stoair/dev_ws/install/learning_tf:/home/stoair/dev_ws/install/learning_service:/home/stoair/dev_ws/install/learning_qos:/home/stoair/dev_ws/install/learning_pkg_python:/home/stoair/dev_ws/install/learning_parameter:/home/stoair/dev_ws/install/learning_node:/home/stoair/dev_ws/install/learning_launch:/home/stoair/dev_ws/install/learning_action:/home/stoair/dev_ws/install/learning_gazebo_fortress:/home/stoair/dev_ws/install/learning_gazebo:/home/stoair/dev_ws/install/learning_cv:/opt/ros/humble CONDA_PROMPT_MODIFIER=(base) /usr/bin/cmake --install /home/stoair/ros2CV/cv_ws/build/topic2
[15.016s] -- Install configuration: ""
[15.016s] -- Up-to-date: /home/stoair/ros2CV/cv_ws/install/topic2/lib/topic2/image_pub
[15.017s] -- Installing: /home/stoair/ros2CV/cv_ws/install/topic2/lib/topic2/image_sub
[15.019s] -- Set runtime path of "/home/stoair/ros2CV/cv_ws/install/topic2/lib/topic2/image_sub" to ""
[15.019s] -- Up-to-date: /home/stoair/ros2CV/cv_ws/install/topic2/share/ament_index/resource_index/package_run_dependencies/topic2
[15.019s] -- Up-to-date: /home/stoair/ros2CV/cv_ws/install/topic2/share/ament_index/resource_index/parent_prefix_path/topic2
[15.019s] -- Up-to-date: /home/stoair/ros2CV/cv_ws/install/topic2/share/topic2/environment/ament_prefix_path.sh
[15.019s] -- Up-to-date: /home/stoair/ros2CV/cv_ws/install/topic2/share/topic2/environment/ament_prefix_path.dsv
[15.019s] -- Up-to-date: /home/stoair/ros2CV/cv_ws/install/topic2/share/topic2/environment/path.sh
[15.019s] -- Up-to-date: /home/stoair/ros2CV/cv_ws/install/topic2/share/topic2/environment/path.dsv
[15.019s] -- Up-to-date: /home/stoair/ros2CV/cv_ws/install/topic2/share/topic2/local_setup.bash
[15.019s] -- Up-to-date: /home/stoair/ros2CV/cv_ws/install/topic2/share/topic2/local_setup.sh
[15.019s] -- Up-to-date: /home/stoair/ros2CV/cv_ws/install/topic2/share/topic2/local_setup.zsh
[15.019s] -- Up-to-date: /home/stoair/ros2CV/cv_ws/install/topic2/share/topic2/local_setup.dsv
[15.019s] -- Installing: /home/stoair/ros2CV/cv_ws/install/topic2/share/topic2/package.dsv
[15.019s] -- Up-to-date: /home/stoair/ros2CV/cv_ws/install/topic2/share/ament_index/resource_index/packages/topic2
[15.019s] -- Up-to-date: /home/stoair/ros2CV/cv_ws/install/topic2/share/topic2/cmake/topic2Config.cmake
[15.019s] -- Up-to-date: /home/stoair/ros2CV/cv_ws/install/topic2/share/topic2/cmake/topic2Config-version.cmake
[15.019s] -- Up-to-date: /home/stoair/ros2CV/cv_ws/install/topic2/share/topic2/package.xml
[15.022s] Invoked command in '/home/stoair/ros2CV/cv_ws/build/topic2' returned '0': CMAKE_PREFIX_PATH=${CMAKE_PREFIX_PATH}:/home/stoair/dev_ws/install/learning_urdf:/home/stoair/dev_ws/install/learning_topic:/home/stoair/dev_ws/install/learning_tf:/home/stoair/dev_ws/install/learning_service:/home/stoair/dev_ws/install/learning_qos:/home/stoair/dev_ws/install/learning_pkg_python:/home/stoair/dev_ws/install/learning_parameter:/home/stoair/dev_ws/install/learning_node:/home/stoair/dev_ws/install/learning_launch:/home/stoair/dev_ws/install/learning_action:/home/stoair/dev_ws/install/learning_gazebo_fortress:/home/stoair/dev_ws/install/learning_gazebo:/home/stoair/dev_ws/install/learning_cv:/opt/ros/humble CONDA_PROMPT_MODIFIER=(base) /usr/bin/cmake --install /home/stoair/ros2CV/cv_ws/build/topic2
