-- Found ament_cmake: 1.3.8 (/opt/ros/humble/share/ament_cmake/cmake)
-- Found rclcpp: 16.0.8 (/opt/ros/humble/share/rclcpp/cmake)
-- Found rosidl_generator_c: 3.1.5 (/opt/ros/humble/share/rosidl_generator_c/cmake)
-- Found rosidl_adapter: 3.1.5 (/opt/ros/humble/share/rosidl_adapter/cmake)
-- Found rosidl_generator_cpp: 3.1.5 (/opt/ros/humble/share/rosidl_generator_cpp/cmake)
-- Using all available rosidl_typesupport_c: rosidl_typesupport_fastrtps_c;rosidl_typesupport_introspection_c
-- Using all available rosidl_typesupport_cpp: rosidl_typesupport_fastrtps_cpp;rosidl_typesupport_introspection_cpp
-- Found rmw_implementation_cmake: 6.1.1 (/opt/ros/humble/share/rmw_implementation_cmake/cmake)
-- Found rmw_fastrtps_cpp: 6.2.6 (/opt/ros/humble/share/rmw_fastrtps_cpp/cmake)
-- Using RMW implementation 'rmw_fastrtps_cpp' as default
-- Found cv_bridge: 3.2.1 (/opt/ros/humble/share/cv_bridge/cmake)
-- Configuring incomplete, errors occurred!
See also "/home/stoair/ros2CV/cv_ws/build/topic2/CMakeFiles/CMakeOutput.log".
[31mCMake Error at CMakeLists.txt:16 (find_package):
  By not providing "Findros2_interfaces.cmake" in CMAKE_MODULE_PATH this
  project has asked CMake to find a package configuration file provided by
  "ros2_interfaces", but CMake did not find one.

  Could not find a package configuration file provided by "ros2_interfaces"
  with any of the following names:

    ros2_interfacesConfig.cmake
    ros2_interfaces-config.cmake

  Add the installation prefix of "ros2_interfaces" to CMAKE_PREFIX_PATH or
  set "ros2_interfaces_DIR" to a directory containing one of the above files.
  If "ros2_interfaces" provides a separate development package or SDK, be
  sure it has been installed.

[0m
gmake: *** [Makefile:335：cmake_check_build_system] 错误 1
