[ 42%] Built target image_pub
[ 57%] [32mBuilding CXX object CMakeFiles/image_sub.dir/src/image_sub.cpp.o[0m
[01m[K/home/stoair/ros2CV/cv_ws/src/topic2/src/image_sub.cpp:[m[K In member function ‘[01m[Kcv::Mat imageSub::handle_image(cv::Mat, Yolo)[m[K’:
[01m[K/home/stoair/ros2CV/cv_ws/src/topic2/src/image_sub.cpp:101:38:[m[K [01;35m[Kwarning: [m[Kunused parameter ‘[01m[Ktest[m[K’ [[01;35m[K]8;;https://gcc.gnu.org/onlinedocs/gcc/Warning-Options.html#index-Wunused-parameter-Wunused-parameter]8;;[m[K]
  101 |     Mat handle_image(Mat frame, [01;35m[KYolo test[m[K)
      |                                 [01;35m[K~~~~~^~~~[m[K
[ 71%] [32m[1mLinking CXX executable image_sub[0m
[100%] Built target image_sub
-- Install configuration: ""
-- Up-to-date: /home/stoair/ros2CV/cv_ws/install/topic2/lib/topic2/image_pub
-- Installing: /home/stoair/ros2CV/cv_ws/install/topic2/lib/topic2/image_sub
-- Set runtime path of "/home/stoair/ros2CV/cv_ws/install/topic2/lib/topic2/image_sub" to ""
-- Up-to-date: /home/stoair/ros2CV/cv_ws/install/topic2/share/ament_index/resource_index/package_run_dependencies/topic2
-- Up-to-date: /home/stoair/ros2CV/cv_ws/install/topic2/share/ament_index/resource_index/parent_prefix_path/topic2
-- Up-to-date: /home/stoair/ros2CV/cv_ws/install/topic2/share/topic2/environment/ament_prefix_path.sh
-- Up-to-date: /home/stoair/ros2CV/cv_ws/install/topic2/share/topic2/environment/ament_prefix_path.dsv
-- Up-to-date: /home/stoair/ros2CV/cv_ws/install/topic2/share/topic2/environment/path.sh
-- Up-to-date: /home/stoair/ros2CV/cv_ws/install/topic2/share/topic2/environment/path.dsv
-- Up-to-date: /home/stoair/ros2CV/cv_ws/install/topic2/share/topic2/local_setup.bash
-- Up-to-date: /home/stoair/ros2CV/cv_ws/install/topic2/share/topic2/local_setup.sh
-- Up-to-date: /home/stoair/ros2CV/cv_ws/install/topic2/share/topic2/local_setup.zsh
-- Up-to-date: /home/stoair/ros2CV/cv_ws/install/topic2/share/topic2/local_setup.dsv
-- Installing: /home/stoair/ros2CV/cv_ws/install/topic2/share/topic2/package.dsv
-- Up-to-date: /home/stoair/ros2CV/cv_ws/install/topic2/share/ament_index/resource_index/packages/topic2
-- Up-to-date: /home/stoair/ros2CV/cv_ws/install/topic2/share/topic2/cmake/topic2Config.cmake
-- Up-to-date: /home/stoair/ros2CV/cv_ws/install/topic2/share/topic2/cmake/topic2Config-version.cmake
-- Up-to-date: /home/stoair/ros2CV/cv_ws/install/topic2/share/topic2/package.xml
