[0.007s] Invoking command in '/home/stoair/ros2CV/cv_ws/build/topic_interfaces': CMAKE_PREFIX_PATH=${CMAKE_PREFIX_PATH}:/home/stoair/dev_ws/install/learning_urdf:/home/stoair/dev_ws/install/learning_topic:/home/stoair/dev_ws/install/learning_tf:/home/stoair/dev_ws/install/learning_service:/home/stoair/dev_ws/install/learning_qos:/home/stoair/dev_ws/install/learning_pkg_python:/home/stoair/dev_ws/install/learning_parameter:/home/stoair/dev_ws/install/learning_node:/home/stoair/dev_ws/install/learning_launch:/home/stoair/dev_ws/install/learning_action:/home/stoair/dev_ws/install/learning_gazebo_fortress:/home/stoair/dev_ws/install/learning_gazebo:/home/stoair/dev_ws/install/learning_cv:/opt/ros/humble CONDA_PROMPT_MODIFIER=(base) /usr/bin/cmake /home/stoair/ros2CV/cv_ws/src/topic_interfaces -DCMAKE_INSTALL_PREFIX=/home/stoair/ros2CV/cv_ws/install/topic_interfaces
[0.065s] -- The C compiler identification is GNU 12.3.0
[0.112s] -- The CXX compiler identification is GNU 11.4.0
[0.118s] -- Detecting C compiler ABI info
[0.184s] -- Detecting C compiler ABI info - done
[0.194s] -- Check for working C compiler: /usr/bin/cc - skipped
[0.194s] -- Detecting C compile features
[0.194s] -- Detecting C compile features - done
[0.197s] -- Detecting CXX compiler ABI info
[0.264s] -- Detecting CXX compiler ABI info - done
[0.271s] -- Check for working CXX compiler: /usr/bin/c++ - skipped
[0.271s] -- Detecting CXX compile features
[0.271s] -- Detecting CXX compile features - done
[0.276s] -- Found ament_cmake: 1.3.8 (/opt/ros/humble/share/ament_cmake/cmake)
[0.558s] -- Found Python3: /home/stoair/anaconda3/bin/python3 (found version "3.11.5") found components: Interpreter 
[0.654s] -- Found rosidl_default_generators: 1.2.0 (/opt/ros/humble/share/rosidl_default_generators/cmake)
[0.661s] -- Using all available rosidl_typesupport_c: rosidl_typesupport_fastrtps_c;rosidl_typesupport_introspection_c
[0.669s] -- Found rosidl_adapter: 3.1.5 (/opt/ros/humble/share/rosidl_adapter/cmake)
[0.707s] -- Using all available rosidl_typesupport_cpp: rosidl_typesupport_fastrtps_cpp;rosidl_typesupport_introspection_cpp
[0.831s] [31mCMake Error at /opt/ros/humble/share/rosidl_adapter/cmake/rosidl_adapt_interfaces.cmake:59 (message):
[0.831s]   execute_process(/home/stoair/anaconda3/bin/python3 -m rosidl_adapter
[0.831s]   --package-name topic_interfaces --arguments-file
[0.832s]   /home/stoair/ros2CV/cv_ws/build/topic_interfaces/rosidl_adapter__arguments__topic_interfaces.json
[0.832s]   --output-dir
[0.832s]   /home/stoair/ros2CV/cv_ws/build/topic_interfaces/rosidl_adapter/topic_interfaces
[0.832s]   --output-file
[0.832s]   /home/stoair/ros2CV/cv_ws/build/topic_interfaces/rosidl_adapter/topic_interfaces.idls)
[0.832s]   returned error code 1:
[0.832s] 
[0.832s]   Error processing 'int x' of 'topic_interfaces/Coord': ''int' is an invalid
[0.832s]   message name.  It should have the pattern '^[A-Z][A-Za-z0-9]*$''
[0.832s] 
[0.832s]   Traceback (most recent call last):
[0.832s] 
[0.833s]     File "<frozen runpy>", line 198, in _run_module_as_main
[0.833s]     File "<frozen runpy>", line 88, in _run_code
[0.833s]     File "/opt/ros/humble/local/lib/python3.10/dist-packages/rosidl_adapter/__main__.py", line 19, in <module>
[0.833s]       sys.exit(main())
[0.833s]                ^^^^^^
[0.833s]     File "/opt/ros/humble/local/lib/python3.10/dist-packages/rosidl_adapter/main.py", line 53, in main
[0.833s]       abs_idl_file = convert_to_idl(
[0.833s]                      ^^^^^^^^^^^^^^^
[0.833s]     File "/opt/ros/humble/local/lib/python3.10/dist-packages/rosidl_adapter/__init__.py", line 19, in convert_to_idl
[0.833s]       return convert_msg_to_idl(
[0.833s]              ^^^^^^^^^^^^^^^^^^^
[0.833s]     File "/opt/ros/humble/local/lib/python3.10/dist-packages/rosidl_adapter/msg/__init__.py", line 28, in convert_msg_to_idl
[0.834s]       msg = parse_message_string(package_name, input_file.stem, content)
[0.834s]             ^^^^^^^^^^^^^^^^^^^^^^^^^^^^^^^^^^^^^^^^^^^^^^^^^^^^^^^^^^^^
[0.834s]     File "/opt/ros/humble/local/lib/python3.10/dist-packages/rosidl_adapter/parser.py", line 520, in parse_message_string
[0.834s]       Type(type_string, context_package_name=pkg_name),
[0.834s]       ^^^^^^^^^^^^^^^^^^^^^^^^^^^^^^^^^^^^^^^^^^^^^^^^
[0.834s]     File "/opt/ros/humble/local/lib/python3.10/dist-packages/rosidl_adapter/parser.py", line 277, in __init__
[0.834s]       super(Type, self).__init__(
[0.834s]     File "/opt/ros/humble/local/lib/python3.10/dist-packages/rosidl_adapter/parser.py", line 205, in __init__
[0.834s]       raise InvalidResourceName(
[0.834s] 
[0.834s]   rosidl_adapter.parser.InvalidResourceName: 'int' is an invalid message
[0.835s]   name.  It should have the pattern '^[A-Z][A-Za-z0-9]*$'
[0.835s] 
[0.835s] Call Stack (most recent call first):
[0.835s]   /opt/ros/humble/share/rosidl_cmake/cmake/rosidl_generate_interfaces.cmake:130 (rosidl_adapt_interfaces)
[0.835s]   CMakeLists.txt:12 (rosidl_generate_interfaces)
[0.835s] 
[0.835s] [0m
[0.835s] -- Configuring incomplete, errors occurred!
[0.835s] See also "/home/stoair/ros2CV/cv_ws/build/topic_interfaces/CMakeFiles/CMakeOutput.log".
[0.837s] Invoked command in '/home/stoair/ros2CV/cv_ws/build/topic_interfaces' returned '1': CMAKE_PREFIX_PATH=${CMAKE_PREFIX_PATH}:/home/stoair/dev_ws/install/learning_urdf:/home/stoair/dev_ws/install/learning_topic:/home/stoair/dev_ws/install/learning_tf:/home/stoair/dev_ws/install/learning_service:/home/stoair/dev_ws/install/learning_qos:/home/stoair/dev_ws/install/learning_pkg_python:/home/stoair/dev_ws/install/learning_parameter:/home/stoair/dev_ws/install/learning_node:/home/stoair/dev_ws/install/learning_launch:/home/stoair/dev_ws/install/learning_action:/home/stoair/dev_ws/install/learning_gazebo_fortress:/home/stoair/dev_ws/install/learning_gazebo:/home/stoair/dev_ws/install/learning_cv:/opt/ros/humble CONDA_PROMPT_MODIFIER=(base) /usr/bin/cmake /home/stoair/ros2CV/cv_ws/src/topic_interfaces -DCMAKE_INSTALL_PREFIX=/home/stoair/ros2CV/cv_ws/install/topic_interfaces
