[0.008s] Invoking command in '/home/stoair/ros2CV/cv_ws/build/ros2_interfaces': CMAKE_PREFIX_PATH=${CMAKE_PREFIX_PATH}:/home/stoair/dev_ws/install/learning_urdf:/home/stoair/dev_ws/install/learning_topic:/home/stoair/dev_ws/install/learning_tf:/home/stoair/dev_ws/install/learning_service:/home/stoair/dev_ws/install/learning_qos:/home/stoair/dev_ws/install/learning_pkg_python:/home/stoair/dev_ws/install/learning_parameter:/home/stoair/dev_ws/install/learning_node:/home/stoair/dev_ws/install/learning_launch:/home/stoair/dev_ws/install/learning_action:/home/stoair/dev_ws/install/learning_gazebo_fortress:/home/stoair/dev_ws/install/learning_gazebo:/home/stoair/dev_ws/install/learning_cv:/opt/ros/humble /usr/bin/cmake /home/stoair/ros2CV/cv_ws/src/ros2_interfaces -DCMAKE_INSTALL_PREFIX=/home/stoair/ros2CV/cv_ws/install/ros2_interfaces
[0.017s] -- Found ament_cmake: 1.3.8 (/opt/ros/humble/share/ament_cmake/cmake)
[0.117s] -- Found rosidl_default_generators: 1.2.0 (/opt/ros/humble/share/rosidl_default_generators/cmake)
[0.120s] -- Using all available rosidl_typesupport_c: rosidl_typesupport_fastrtps_c;rosidl_typesupport_introspection_c
[0.122s] -- Found rosidl_adapter: 3.1.5 (/opt/ros/humble/share/rosidl_adapter/cmake)
[0.143s] -- Using all available rosidl_typesupport_cpp: rosidl_typesupport_fastrtps_cpp;rosidl_typesupport_introspection_cpp
[0.360s] -- Found ament_cmake_ros: 0.10.0 (/opt/ros/humble/share/ament_cmake_ros/cmake)
[0.516s] -- Using all available rosidl_typesupport_c: rosidl_typesupport_fastrtps_c;rosidl_typesupport_introspection_c
[0.716s] -- Using all available rosidl_typesupport_cpp: rosidl_typesupport_fastrtps_cpp;rosidl_typesupport_introspection_cpp
[0.735s] -- Found PythonInterp: /usr/bin/python3 (found suitable version "3.10.12", minimum required is "3.6") 
[0.737s] -- Found python_cmake_module: 0.10.0 (/opt/ros/humble/share/python_cmake_module/cmake)
[0.759s] -- Found PythonLibs: /usr/lib/x86_64-linux-gnu/libpython3.10.so (found suitable version "3.10.12", minimum required is "3.5") 
[0.759s] -- Using PYTHON_EXECUTABLE: /usr/bin/python3
[0.759s] -- Using PYTHON_INCLUDE_DIRS: /usr/include/python3.10
[0.759s] -- Using PYTHON_LIBRARIES: /usr/lib/x86_64-linux-gnu/libpython3.10.so
[0.775s] -- Found PythonExtra: .so  
[0.807s] -- Found ament_lint_auto: 0.12.10 (/opt/ros/humble/share/ament_lint_auto/cmake)
[0.829s] -- Added test 'lint_cmake' to check CMake code style
[0.830s] -- Added test 'xmllint' to check XML markup files
[0.832s] -- Configuring done
[0.848s] -- Generating done
[0.851s] -- Build files have been written to: /home/stoair/ros2CV/cv_ws/build/ros2_interfaces
[0.858s] Invoked command in '/home/stoair/ros2CV/cv_ws/build/ros2_interfaces' returned '0': CMAKE_PREFIX_PATH=${CMAKE_PREFIX_PATH}:/home/stoair/dev_ws/install/learning_urdf:/home/stoair/dev_ws/install/learning_topic:/home/stoair/dev_ws/install/learning_tf:/home/stoair/dev_ws/install/learning_service:/home/stoair/dev_ws/install/learning_qos:/home/stoair/dev_ws/install/learning_pkg_python:/home/stoair/dev_ws/install/learning_parameter:/home/stoair/dev_ws/install/learning_node:/home/stoair/dev_ws/install/learning_launch:/home/stoair/dev_ws/install/learning_action:/home/stoair/dev_ws/install/learning_gazebo_fortress:/home/stoair/dev_ws/install/learning_gazebo:/home/stoair/dev_ws/install/learning_cv:/opt/ros/humble /usr/bin/cmake /home/stoair/ros2CV/cv_ws/src/ros2_interfaces -DCMAKE_INSTALL_PREFIX=/home/stoair/ros2CV/cv_ws/install/ros2_interfaces
[0.858s] Invoking command in '/home/stoair/ros2CV/cv_ws/build/ros2_interfaces': CMAKE_PREFIX_PATH=${CMAKE_PREFIX_PATH}:/home/stoair/dev_ws/install/learning_urdf:/home/stoair/dev_ws/install/learning_topic:/home/stoair/dev_ws/install/learning_tf:/home/stoair/dev_ws/install/learning_service:/home/stoair/dev_ws/install/learning_qos:/home/stoair/dev_ws/install/learning_pkg_python:/home/stoair/dev_ws/install/learning_parameter:/home/stoair/dev_ws/install/learning_node:/home/stoair/dev_ws/install/learning_launch:/home/stoair/dev_ws/install/learning_action:/home/stoair/dev_ws/install/learning_gazebo_fortress:/home/stoair/dev_ws/install/learning_gazebo:/home/stoair/dev_ws/install/learning_cv:/opt/ros/humble /usr/bin/cmake --build /home/stoair/ros2CV/cv_ws/build/ros2_interfaces -- -j16 -l16
[0.895s] [  3%] [34m[1mGenerating C code for ROS interfaces[0m
[0.902s] [  6%] [34m[1mGenerating C++ code for ROS interfaces[0m
[0.907s] [  6%] Built target ament_cmake_python_copy_ros2_interfaces
[1.055s] [  6%] Built target ros2_interfaces__cpp
[1.061s] [ 16%] [34m[1mGenerating C++ introspection for ROS interfaces[0m
[1.062s] [ 16%] [34m[1mGenerating C++ type support for eProsima Fast-RTPS[0m
[1.062s] [ 16%] [34m[1mGenerating C++ type support dispatch for ROS interfaces[0m
[1.071s] [ 19%] [32mBuilding C object CMakeFiles/ros2_interfaces__rosidl_generator_c.dir/rosidl_generator_c/ros2_interfaces/msg/detail/coord__functions.c.o[0m
[1.104s] [ 22%] [32m[1mLinking C shared library libros2_interfaces__rosidl_generator_c.so[0m
[1.120s] running egg_info
[1.120s] creating ros2_interfaces.egg-info
[1.121s] writing ros2_interfaces.egg-info/PKG-INFO
[1.121s] writing dependency_links to ros2_interfaces.egg-info/dependency_links.txt
[1.121s] writing top-level names to ros2_interfaces.egg-info/top_level.txt
[1.121s] writing manifest file 'ros2_interfaces.egg-info/SOURCES.txt'
[1.124s] reading manifest file 'ros2_interfaces.egg-info/SOURCES.txt'
[1.125s] writing manifest file 'ros2_interfaces.egg-info/SOURCES.txt'
[1.129s] [ 22%] Built target ros2_interfaces__rosidl_generator_c
[1.136s] [ 25%] [34m[1mGenerating C type support for eProsima Fast-RTPS[0m
[1.142s] [ 32%] [34m[1mGenerating C introspection for ROS interfaces[0m
[1.142s] [ 32%] [34m[1mGenerating C type support dispatch for ROS interfaces[0m
[1.157s] [ 32%] Built target ament_cmake_python_build_ros2_interfaces_egg
[1.205s] [ 35%] [32mBuilding CXX object CMakeFiles/ros2_interfaces__rosidl_typesupport_cpp.dir/rosidl_typesupport_cpp/ros2_interfaces/msg/coord__type_support.cpp.o[0m
[1.215s] [ 38%] [32mBuilding CXX object CMakeFiles/ros2_interfaces__rosidl_typesupport_introspection_cpp.dir/rosidl_typesupport_introspection_cpp/ros2_interfaces/msg/detail/coord__type_support.cpp.o[0m
[1.244s] [ 41%] [32mBuilding CXX object CMakeFiles/ros2_interfaces__rosidl_typesupport_fastrtps_cpp.dir/rosidl_typesupport_fastrtps_cpp/ros2_interfaces/msg/detail/dds_fastrtps/coord__type_support.cpp.o[0m
[1.326s] [ 45%] [32mBuilding CXX object CMakeFiles/ros2_interfaces__rosidl_typesupport_fastrtps_c.dir/rosidl_typesupport_fastrtps_c/ros2_interfaces/msg/detail/coord__type_support_c.cpp.o[0m
[1.355s] [ 48%] [32m[1mLinking CXX shared library libros2_interfaces__rosidl_typesupport_cpp.so[0m
[1.359s] [ 51%] [32mBuilding CXX object CMakeFiles/ros2_interfaces__rosidl_typesupport_c.dir/rosidl_typesupport_c/ros2_interfaces/msg/coord__type_support.cpp.o[0m
[1.378s] [ 54%] [32m[1mLinking CXX shared library libros2_interfaces__rosidl_typesupport_c.so[0m
[1.382s] [ 54%] Built target ros2_interfaces__rosidl_typesupport_cpp
[1.394s] [ 58%] [32mBuilding C object CMakeFiles/ros2_interfaces__rosidl_typesupport_introspection_c.dir/rosidl_typesupport_introspection_c/ros2_interfaces/msg/detail/coord__type_support.c.o[0m
[1.410s] [ 58%] Built target ros2_interfaces__rosidl_typesupport_c
[1.417s] [ 61%] [32m[1mLinking C shared library libros2_interfaces__rosidl_typesupport_introspection_c.so[0m
[1.434s] [ 64%] [32m[1mLinking CXX shared library libros2_interfaces__rosidl_typesupport_introspection_cpp.so[0m
[1.438s] [ 64%] Built target ros2_interfaces__rosidl_typesupport_introspection_c
[1.462s] [ 64%] Built target ros2_interfaces__rosidl_typesupport_introspection_cpp
[1.470s] [ 67%] [32m[1mLinking CXX shared library libros2_interfaces__rosidl_typesupport_fastrtps_cpp.so[0m
[1.520s] [ 67%] Built target ros2_interfaces__rosidl_typesupport_fastrtps_cpp
[1.542s] [ 70%] [32m[1mLinking CXX shared library libros2_interfaces__rosidl_typesupport_fastrtps_c.so[0m
[1.591s] [ 70%] Built target ros2_interfaces__rosidl_typesupport_fastrtps_c
[1.609s] [ 70%] Built target ros2_interfaces
[1.635s] [ 74%] [34m[1mGenerating Python code for ROS interfaces[0m
[1.841s] [ 74%] Built target ros2_interfaces__py
[1.855s] [ 77%] [32mBuilding C object CMakeFiles/ros2_interfaces__rosidl_generator_py.dir/rosidl_generator_py/ros2_interfaces/msg/_coord_s.c.o[0m
[1.937s] [ 80%] [32m[1mLinking C shared library rosidl_generator_py/ros2_interfaces/libros2_interfaces__rosidl_generator_py.so[0m
[1.964s] [ 80%] Built target ros2_interfaces__rosidl_generator_py
[1.978s] [ 83%] [32mBuilding C object CMakeFiles/ros2_interfaces__rosidl_typesupport_introspection_c__pyext.dir/rosidl_generator_py/ros2_interfaces/_ros2_interfaces_s.ep.rosidl_typesupport_introspection_c.c.o[0m
[1.978s] [ 87%] [32mBuilding C object CMakeFiles/ros2_interfaces__rosidl_typesupport_c__pyext.dir/rosidl_generator_py/ros2_interfaces/_ros2_interfaces_s.ep.rosidl_typesupport_c.c.o[0m
[1.978s] [ 90%] [32mBuilding C object CMakeFiles/ros2_interfaces__rosidl_typesupport_fastrtps_c__pyext.dir/rosidl_generator_py/ros2_interfaces/_ros2_interfaces_s.ep.rosidl_typesupport_fastrtps_c.c.o[0m
[2.038s] [ 96%] [32m[1mLinking C shared library rosidl_generator_py/ros2_interfaces/ros2_interfaces_s__rosidl_typesupport_c.cpython-310-x86_64-linux-gnu.so[0m
[2.038s] [ 96%] [32m[1mLinking C shared library rosidl_generator_py/ros2_interfaces/ros2_interfaces_s__rosidl_typesupport_fastrtps_c.cpython-310-x86_64-linux-gnu.so[0m
[2.039s] [100%] [32m[1mLinking C shared library rosidl_generator_py/ros2_interfaces/ros2_interfaces_s__rosidl_typesupport_introspection_c.cpython-310-x86_64-linux-gnu.so[0m
[2.060s] [100%] Built target ros2_interfaces__rosidl_typesupport_introspection_c__pyext
[2.060s] [100%] Built target ros2_interfaces__rosidl_typesupport_c__pyext
[2.061s] [100%] Built target ros2_interfaces__rosidl_typesupport_fastrtps_c__pyext
[2.068s] Invoked command in '/home/stoair/ros2CV/cv_ws/build/ros2_interfaces' returned '0': CMAKE_PREFIX_PATH=${CMAKE_PREFIX_PATH}:/home/stoair/dev_ws/install/learning_urdf:/home/stoair/dev_ws/install/learning_topic:/home/stoair/dev_ws/install/learning_tf:/home/stoair/dev_ws/install/learning_service:/home/stoair/dev_ws/install/learning_qos:/home/stoair/dev_ws/install/learning_pkg_python:/home/stoair/dev_ws/install/learning_parameter:/home/stoair/dev_ws/install/learning_node:/home/stoair/dev_ws/install/learning_launch:/home/stoair/dev_ws/install/learning_action:/home/stoair/dev_ws/install/learning_gazebo_fortress:/home/stoair/dev_ws/install/learning_gazebo:/home/stoair/dev_ws/install/learning_cv:/opt/ros/humble /usr/bin/cmake --build /home/stoair/ros2CV/cv_ws/build/ros2_interfaces -- -j16 -l16
[2.118s] Invoking command in '/home/stoair/ros2CV/cv_ws/build/ros2_interfaces': CMAKE_PREFIX_PATH=${CMAKE_PREFIX_PATH}:/home/stoair/dev_ws/install/learning_urdf:/home/stoair/dev_ws/install/learning_topic:/home/stoair/dev_ws/install/learning_tf:/home/stoair/dev_ws/install/learning_service:/home/stoair/dev_ws/install/learning_qos:/home/stoair/dev_ws/install/learning_pkg_python:/home/stoair/dev_ws/install/learning_parameter:/home/stoair/dev_ws/install/learning_node:/home/stoair/dev_ws/install/learning_launch:/home/stoair/dev_ws/install/learning_action:/home/stoair/dev_ws/install/learning_gazebo_fortress:/home/stoair/dev_ws/install/learning_gazebo:/home/stoair/dev_ws/install/learning_cv:/opt/ros/humble /usr/bin/cmake --install /home/stoair/ros2CV/cv_ws/build/ros2_interfaces
[2.128s] -- Install configuration: ""
[2.128s] -- Installing: /home/stoair/ros2CV/cv_ws/install/ros2_interfaces/share/ament_index/resource_index/rosidl_interfaces/ros2_interfaces
[2.128s] -- Installing: /home/stoair/ros2CV/cv_ws/install/ros2_interfaces/include/ros2_interfaces/ros2_interfaces
[2.128s] -- Installing: /home/stoair/ros2CV/cv_ws/install/ros2_interfaces/include/ros2_interfaces/ros2_interfaces/msg
[2.128s] -- Installing: /home/stoair/ros2CV/cv_ws/install/ros2_interfaces/include/ros2_interfaces/ros2_interfaces/msg/rosidl_generator_c__visibility_control.h
[2.128s] -- Installing: /home/stoair/ros2CV/cv_ws/install/ros2_interfaces/include/ros2_interfaces/ros2_interfaces/msg/coord.h
[2.128s] -- Installing: /home/stoair/ros2CV/cv_ws/install/ros2_interfaces/include/ros2_interfaces/ros2_interfaces/msg/detail
[2.128s] -- Installing: /home/stoair/ros2CV/cv_ws/install/ros2_interfaces/include/ros2_interfaces/ros2_interfaces/msg/detail/coord__functions.c
[2.130s] -- Installing: /home/stoair/ros2CV/cv_ws/install/ros2_interfaces/include/ros2_interfaces/ros2_interfaces/msg/detail/coord__functions.h
[2.130s] -- Installing: /home/stoair/ros2CV/cv_ws/install/ros2_interfaces/include/ros2_interfaces/ros2_interfaces/msg/detail/coord__struct.h
[2.130s] -- Installing: /home/stoair/ros2CV/cv_ws/install/ros2_interfaces/include/ros2_interfaces/ros2_interfaces/msg/detail/coord__type_support.h
[2.130s] -- Installing: /home/stoair/ros2CV/cv_ws/install/ros2_interfaces/share/ros2_interfaces/environment/library_path.sh
[2.130s] -- Installing: /home/stoair/ros2CV/cv_ws/install/ros2_interfaces/share/ros2_interfaces/environment/library_path.dsv
[2.130s] -- Installing: /home/stoair/ros2CV/cv_ws/install/ros2_interfaces/lib/libros2_interfaces__rosidl_generator_c.so
[2.132s] -- Set runtime path of "/home/stoair/ros2CV/cv_ws/install/ros2_interfaces/lib/libros2_interfaces__rosidl_generator_c.so" to ""
[2.132s] -- Up-to-date: /home/stoair/ros2CV/cv_ws/install/ros2_interfaces/include/ros2_interfaces/ros2_interfaces
[2.132s] -- Up-to-date: /home/stoair/ros2CV/cv_ws/install/ros2_interfaces/include/ros2_interfaces/ros2_interfaces/msg
[2.133s] -- Installing: /home/stoair/ros2CV/cv_ws/install/ros2_interfaces/include/ros2_interfaces/ros2_interfaces/msg/rosidl_typesupport_fastrtps_c__visibility_control.h
[2.133s] -- Up-to-date: /home/stoair/ros2CV/cv_ws/install/ros2_interfaces/include/ros2_interfaces/ros2_interfaces/msg/detail
[2.133s] -- Installing: /home/stoair/ros2CV/cv_ws/install/ros2_interfaces/include/ros2_interfaces/ros2_interfaces/msg/detail/coord__rosidl_typesupport_fastrtps_c.h
[2.133s] -- Installing: /home/stoair/ros2CV/cv_ws/install/ros2_interfaces/lib/libros2_interfaces__rosidl_typesupport_fastrtps_c.so
[2.134s] -- Set runtime path of "/home/stoair/ros2CV/cv_ws/install/ros2_interfaces/lib/libros2_interfaces__rosidl_typesupport_fastrtps_c.so" to ""
[2.134s] -- Up-to-date: /home/stoair/ros2CV/cv_ws/install/ros2_interfaces/include/ros2_interfaces/ros2_interfaces
[2.134s] -- Up-to-date: /home/stoair/ros2CV/cv_ws/install/ros2_interfaces/include/ros2_interfaces/ros2_interfaces/msg
[2.135s] -- Installing: /home/stoair/ros2CV/cv_ws/install/ros2_interfaces/include/ros2_interfaces/ros2_interfaces/msg/rosidl_typesupport_introspection_c__visibility_control.h
[2.135s] -- Up-to-date: /home/stoair/ros2CV/cv_ws/install/ros2_interfaces/include/ros2_interfaces/ros2_interfaces/msg/detail
[2.135s] -- Installing: /home/stoair/ros2CV/cv_ws/install/ros2_interfaces/include/ros2_interfaces/ros2_interfaces/msg/detail/coord__rosidl_typesupport_introspection_c.h
[2.135s] -- Installing: /home/stoair/ros2CV/cv_ws/install/ros2_interfaces/include/ros2_interfaces/ros2_interfaces/msg/detail/coord__type_support.c
[2.135s] -- Installing: /home/stoair/ros2CV/cv_ws/install/ros2_interfaces/lib/libros2_interfaces__rosidl_typesupport_introspection_c.so
[2.136s] -- Set runtime path of "/home/stoair/ros2CV/cv_ws/install/ros2_interfaces/lib/libros2_interfaces__rosidl_typesupport_introspection_c.so" to ""
[2.137s] -- Installing: /home/stoair/ros2CV/cv_ws/install/ros2_interfaces/lib/libros2_interfaces__rosidl_typesupport_c.so
[2.138s] -- Set runtime path of "/home/stoair/ros2CV/cv_ws/install/ros2_interfaces/lib/libros2_interfaces__rosidl_typesupport_c.so" to ""
[2.139s] -- Up-to-date: /home/stoair/ros2CV/cv_ws/install/ros2_interfaces/include/ros2_interfaces/ros2_interfaces
[2.139s] -- Up-to-date: /home/stoair/ros2CV/cv_ws/install/ros2_interfaces/include/ros2_interfaces/ros2_interfaces/msg
[2.139s] -- Installing: /home/stoair/ros2CV/cv_ws/install/ros2_interfaces/include/ros2_interfaces/ros2_interfaces/msg/coord.hpp
[2.139s] -- Up-to-date: /home/stoair/ros2CV/cv_ws/install/ros2_interfaces/include/ros2_interfaces/ros2_interfaces/msg/detail
[2.139s] -- Installing: /home/stoair/ros2CV/cv_ws/install/ros2_interfaces/include/ros2_interfaces/ros2_interfaces/msg/detail/coord__builder.hpp
[2.139s] -- Installing: /home/stoair/ros2CV/cv_ws/install/ros2_interfaces/include/ros2_interfaces/ros2_interfaces/msg/detail/coord__struct.hpp
[2.140s] -- Installing: /home/stoair/ros2CV/cv_ws/install/ros2_interfaces/include/ros2_interfaces/ros2_interfaces/msg/detail/coord__traits.hpp
[2.140s] -- Up-to-date: /home/stoair/ros2CV/cv_ws/install/ros2_interfaces/include/ros2_interfaces/ros2_interfaces
[2.140s] -- Up-to-date: /home/stoair/ros2CV/cv_ws/install/ros2_interfaces/include/ros2_interfaces/ros2_interfaces/msg
[2.140s] -- Installing: /home/stoair/ros2CV/cv_ws/install/ros2_interfaces/include/ros2_interfaces/ros2_interfaces/msg/rosidl_typesupport_fastrtps_cpp__visibility_control.h
[2.140s] -- Up-to-date: /home/stoair/ros2CV/cv_ws/install/ros2_interfaces/include/ros2_interfaces/ros2_interfaces/msg/detail
[2.140s] -- Installing: /home/stoair/ros2CV/cv_ws/install/ros2_interfaces/include/ros2_interfaces/ros2_interfaces/msg/detail/coord__rosidl_typesupport_fastrtps_cpp.hpp
[2.140s] -- Installing: /home/stoair/ros2CV/cv_ws/install/ros2_interfaces/include/ros2_interfaces/ros2_interfaces/msg/detail/dds_fastrtps
[2.140s] -- Installing: /home/stoair/ros2CV/cv_ws/install/ros2_interfaces/lib/libros2_interfaces__rosidl_typesupport_fastrtps_cpp.so
[2.140s] -- Set runtime path of "/home/stoair/ros2CV/cv_ws/install/ros2_interfaces/lib/libros2_interfaces__rosidl_typesupport_fastrtps_cpp.so" to ""
[2.140s] -- Up-to-date: /home/stoair/ros2CV/cv_ws/install/ros2_interfaces/include/ros2_interfaces/ros2_interfaces
[2.140s] -- Up-to-date: /home/stoair/ros2CV/cv_ws/install/ros2_interfaces/include/ros2_interfaces/ros2_interfaces/msg
[2.141s] -- Up-to-date: /home/stoair/ros2CV/cv_ws/install/ros2_interfaces/include/ros2_interfaces/ros2_interfaces/msg/detail
[2.141s] -- Installing: /home/stoair/ros2CV/cv_ws/install/ros2_interfaces/include/ros2_interfaces/ros2_interfaces/msg/detail/coord__rosidl_typesupport_introspection_cpp.hpp
[2.141s] -- Installing: /home/stoair/ros2CV/cv_ws/install/ros2_interfaces/include/ros2_interfaces/ros2_interfaces/msg/detail/coord__type_support.cpp
[2.141s] -- Installing: /home/stoair/ros2CV/cv_ws/install/ros2_interfaces/lib/libros2_interfaces__rosidl_typesupport_introspection_cpp.so
[2.142s] -- Set runtime path of "/home/stoair/ros2CV/cv_ws/install/ros2_interfaces/lib/libros2_interfaces__rosidl_typesupport_introspection_cpp.so" to ""
[2.142s] -- Installing: /home/stoair/ros2CV/cv_ws/install/ros2_interfaces/lib/libros2_interfaces__rosidl_typesupport_cpp.so
[2.144s] -- Set runtime path of "/home/stoair/ros2CV/cv_ws/install/ros2_interfaces/lib/libros2_interfaces__rosidl_typesupport_cpp.so" to ""
[2.144s] -- Installing: /home/stoair/ros2CV/cv_ws/install/ros2_interfaces/share/ros2_interfaces/environment/pythonpath.sh
[2.144s] -- Installing: /home/stoair/ros2CV/cv_ws/install/ros2_interfaces/share/ros2_interfaces/environment/pythonpath.dsv
[2.145s] -- Installing: /home/stoair/ros2CV/cv_ws/install/ros2_interfaces/local/lib/python3.10/dist-packages/ros2_interfaces-0.0.0-py3.10.egg-info
[2.145s] -- Installing: /home/stoair/ros2CV/cv_ws/install/ros2_interfaces/local/lib/python3.10/dist-packages/ros2_interfaces-0.0.0-py3.10.egg-info/PKG-INFO
[2.145s] -- Installing: /home/stoair/ros2CV/cv_ws/install/ros2_interfaces/local/lib/python3.10/dist-packages/ros2_interfaces-0.0.0-py3.10.egg-info/dependency_links.txt
[2.145s] -- Installing: /home/stoair/ros2CV/cv_ws/install/ros2_interfaces/local/lib/python3.10/dist-packages/ros2_interfaces-0.0.0-py3.10.egg-info/top_level.txt
[2.145s] -- Installing: /home/stoair/ros2CV/cv_ws/install/ros2_interfaces/local/lib/python3.10/dist-packages/ros2_interfaces-0.0.0-py3.10.egg-info/SOURCES.txt
[2.145s] -- Installing: /home/stoair/ros2CV/cv_ws/install/ros2_interfaces/local/lib/python3.10/dist-packages/ros2_interfaces
[2.146s] -- Installing: /home/stoair/ros2CV/cv_ws/install/ros2_interfaces/local/lib/python3.10/dist-packages/ros2_interfaces/__init__.py
[2.146s] -- Installing: /home/stoair/ros2CV/cv_ws/install/ros2_interfaces/local/lib/python3.10/dist-packages/ros2_interfaces/msg
[2.146s] -- Installing: /home/stoair/ros2CV/cv_ws/install/ros2_interfaces/local/lib/python3.10/dist-packages/ros2_interfaces/msg/_coord.py
[2.146s] -- Installing: /home/stoair/ros2CV/cv_ws/install/ros2_interfaces/local/lib/python3.10/dist-packages/ros2_interfaces/msg/_coord_s.c
[2.146s] -- Installing: /home/stoair/ros2CV/cv_ws/install/ros2_interfaces/local/lib/python3.10/dist-packages/ros2_interfaces/msg/__init__.py
[2.147s] -- Installing: /home/stoair/ros2CV/cv_ws/install/ros2_interfaces/local/lib/python3.10/dist-packages/ros2_interfaces/_ros2_interfaces_s.ep.rosidl_typesupport_fastrtps_c.c
[2.147s] -- Installing: /home/stoair/ros2CV/cv_ws/install/ros2_interfaces/local/lib/python3.10/dist-packages/ros2_interfaces/_ros2_interfaces_s.ep.rosidl_typesupport_introspection_c.c
[2.147s] -- Installing: /home/stoair/ros2CV/cv_ws/install/ros2_interfaces/local/lib/python3.10/dist-packages/ros2_interfaces/_ros2_interfaces_s.ep.rosidl_typesupport_c.c
[2.147s] -- Installing: /home/stoair/ros2CV/cv_ws/install/ros2_interfaces/local/lib/python3.10/dist-packages/ros2_interfaces/libros2_interfaces__rosidl_generator_py.so
[2.148s] -- Installing: /home/stoair/ros2CV/cv_ws/install/ros2_interfaces/local/lib/python3.10/dist-packages/ros2_interfaces/ros2_interfaces_s__rosidl_typesupport_introspection_c.cpython-310-x86_64-linux-gnu.so
[2.148s] -- Installing: /home/stoair/ros2CV/cv_ws/install/ros2_interfaces/local/lib/python3.10/dist-packages/ros2_interfaces/ros2_interfaces_s__rosidl_typesupport_c.cpython-310-x86_64-linux-gnu.so
[2.148s] -- Installing: /home/stoair/ros2CV/cv_ws/install/ros2_interfaces/local/lib/python3.10/dist-packages/ros2_interfaces/ros2_interfaces_s__rosidl_typesupport_fastrtps_c.cpython-310-x86_64-linux-gnu.so
[2.185s] Listing '/home/stoair/ros2CV/cv_ws/install/ros2_interfaces/local/lib/python3.10/dist-packages/ros2_interfaces'...
[2.185s] Compiling '/home/stoair/ros2CV/cv_ws/install/ros2_interfaces/local/lib/python3.10/dist-packages/ros2_interfaces/__init__.py'...
[2.185s] Listing '/home/stoair/ros2CV/cv_ws/install/ros2_interfaces/local/lib/python3.10/dist-packages/ros2_interfaces/msg'...
[2.185s] Compiling '/home/stoair/ros2CV/cv_ws/install/ros2_interfaces/local/lib/python3.10/dist-packages/ros2_interfaces/msg/__init__.py'...
[2.185s] Compiling '/home/stoair/ros2CV/cv_ws/install/ros2_interfaces/local/lib/python3.10/dist-packages/ros2_interfaces/msg/_coord.py'...
[2.188s] -- Installing: /home/stoair/ros2CV/cv_ws/install/ros2_interfaces/local/lib/python3.10/dist-packages/ros2_interfaces/ros2_interfaces_s__rosidl_typesupport_fastrtps_c.cpython-310-x86_64-linux-gnu.so
[2.189s] -- Set runtime path of "/home/stoair/ros2CV/cv_ws/install/ros2_interfaces/local/lib/python3.10/dist-packages/ros2_interfaces/ros2_interfaces_s__rosidl_typesupport_fastrtps_c.cpython-310-x86_64-linux-gnu.so" to ""
[2.189s] -- Installing: /home/stoair/ros2CV/cv_ws/install/ros2_interfaces/local/lib/python3.10/dist-packages/ros2_interfaces/ros2_interfaces_s__rosidl_typesupport_introspection_c.cpython-310-x86_64-linux-gnu.so
[2.189s] -- Set runtime path of "/home/stoair/ros2CV/cv_ws/install/ros2_interfaces/local/lib/python3.10/dist-packages/ros2_interfaces/ros2_interfaces_s__rosidl_typesupport_introspection_c.cpython-310-x86_64-linux-gnu.so" to ""
[2.189s] -- Installing: /home/stoair/ros2CV/cv_ws/install/ros2_interfaces/local/lib/python3.10/dist-packages/ros2_interfaces/ros2_interfaces_s__rosidl_typesupport_c.cpython-310-x86_64-linux-gnu.so
[2.189s] -- Set runtime path of "/home/stoair/ros2CV/cv_ws/install/ros2_interfaces/local/lib/python3.10/dist-packages/ros2_interfaces/ros2_interfaces_s__rosidl_typesupport_c.cpython-310-x86_64-linux-gnu.so" to ""
[2.189s] -- Installing: /home/stoair/ros2CV/cv_ws/install/ros2_interfaces/lib/libros2_interfaces__rosidl_generator_py.so
[2.189s] -- Set runtime path of "/home/stoair/ros2CV/cv_ws/install/ros2_interfaces/lib/libros2_interfaces__rosidl_generator_py.so" to ""
[2.189s] -- Installing: /home/stoair/ros2CV/cv_ws/install/ros2_interfaces/share/ros2_interfaces/msg/Coord.idl
[2.189s] -- Installing: /home/stoair/ros2CV/cv_ws/install/ros2_interfaces/share/ros2_interfaces/msg/Coord.msg
[2.189s] -- Installing: /home/stoair/ros2CV/cv_ws/install/ros2_interfaces/share/ament_index/resource_index/package_run_dependencies/ros2_interfaces
[2.189s] -- Installing: /home/stoair/ros2CV/cv_ws/install/ros2_interfaces/share/ament_index/resource_index/parent_prefix_path/ros2_interfaces
[2.189s] -- Installing: /home/stoair/ros2CV/cv_ws/install/ros2_interfaces/share/ros2_interfaces/environment/ament_prefix_path.sh
[2.189s] -- Installing: /home/stoair/ros2CV/cv_ws/install/ros2_interfaces/share/ros2_interfaces/environment/ament_prefix_path.dsv
[2.189s] -- Installing: /home/stoair/ros2CV/cv_ws/install/ros2_interfaces/share/ros2_interfaces/environment/path.sh
[2.190s] -- Installing: /home/stoair/ros2CV/cv_ws/install/ros2_interfaces/share/ros2_interfaces/environment/path.dsv
[2.190s] -- Installing: /home/stoair/ros2CV/cv_ws/install/ros2_interfaces/share/ros2_interfaces/local_setup.bash
[2.190s] -- Installing: /home/stoair/ros2CV/cv_ws/install/ros2_interfaces/share/ros2_interfaces/local_setup.sh
[2.190s] -- Installing: /home/stoair/ros2CV/cv_ws/install/ros2_interfaces/share/ros2_interfaces/local_setup.zsh
[2.190s] -- Installing: /home/stoair/ros2CV/cv_ws/install/ros2_interfaces/share/ros2_interfaces/local_setup.dsv
[2.190s] -- Installing: /home/stoair/ros2CV/cv_ws/install/ros2_interfaces/share/ros2_interfaces/package.dsv
[2.190s] -- Installing: /home/stoair/ros2CV/cv_ws/install/ros2_interfaces/share/ament_index/resource_index/packages/ros2_interfaces
[2.190s] -- Installing: /home/stoair/ros2CV/cv_ws/install/ros2_interfaces/share/ros2_interfaces/cmake/export_ros2_interfaces__rosidl_generator_cExport.cmake
[2.190s] -- Installing: /home/stoair/ros2CV/cv_ws/install/ros2_interfaces/share/ros2_interfaces/cmake/export_ros2_interfaces__rosidl_generator_cExport-noconfig.cmake
[2.190s] -- Installing: /home/stoair/ros2CV/cv_ws/install/ros2_interfaces/share/ros2_interfaces/cmake/export_ros2_interfaces__rosidl_typesupport_fastrtps_cExport.cmake
[2.190s] -- Installing: /home/stoair/ros2CV/cv_ws/install/ros2_interfaces/share/ros2_interfaces/cmake/export_ros2_interfaces__rosidl_typesupport_fastrtps_cExport-noconfig.cmake
[2.190s] -- Installing: /home/stoair/ros2CV/cv_ws/install/ros2_interfaces/share/ros2_interfaces/cmake/ros2_interfaces__rosidl_typesupport_introspection_cExport.cmake
[2.190s] -- Installing: /home/stoair/ros2CV/cv_ws/install/ros2_interfaces/share/ros2_interfaces/cmake/ros2_interfaces__rosidl_typesupport_introspection_cExport-noconfig.cmake
[2.190s] -- Installing: /home/stoair/ros2CV/cv_ws/install/ros2_interfaces/share/ros2_interfaces/cmake/ros2_interfaces__rosidl_typesupport_cExport.cmake
[2.190s] -- Installing: /home/stoair/ros2CV/cv_ws/install/ros2_interfaces/share/ros2_interfaces/cmake/ros2_interfaces__rosidl_typesupport_cExport-noconfig.cmake
[2.190s] -- Installing: /home/stoair/ros2CV/cv_ws/install/ros2_interfaces/share/ros2_interfaces/cmake/export_ros2_interfaces__rosidl_generator_cppExport.cmake
[2.191s] -- Installing: /home/stoair/ros2CV/cv_ws/install/ros2_interfaces/share/ros2_interfaces/cmake/export_ros2_interfaces__rosidl_typesupport_fastrtps_cppExport.cmake
[2.191s] -- Installing: /home/stoair/ros2CV/cv_ws/install/ros2_interfaces/share/ros2_interfaces/cmake/export_ros2_interfaces__rosidl_typesupport_fastrtps_cppExport-noconfig.cmake
[2.191s] -- Installing: /home/stoair/ros2CV/cv_ws/install/ros2_interfaces/share/ros2_interfaces/cmake/ros2_interfaces__rosidl_typesupport_introspection_cppExport.cmake
[2.191s] -- Installing: /home/stoair/ros2CV/cv_ws/install/ros2_interfaces/share/ros2_interfaces/cmake/ros2_interfaces__rosidl_typesupport_introspection_cppExport-noconfig.cmake
[2.191s] -- Installing: /home/stoair/ros2CV/cv_ws/install/ros2_interfaces/share/ros2_interfaces/cmake/ros2_interfaces__rosidl_typesupport_cppExport.cmake
[2.191s] -- Installing: /home/stoair/ros2CV/cv_ws/install/ros2_interfaces/share/ros2_interfaces/cmake/ros2_interfaces__rosidl_typesupport_cppExport-noconfig.cmake
[2.191s] -- Installing: /home/stoair/ros2CV/cv_ws/install/ros2_interfaces/share/ros2_interfaces/cmake/export_ros2_interfaces__rosidl_generator_pyExport.cmake
[2.191s] -- Installing: /home/stoair/ros2CV/cv_ws/install/ros2_interfaces/share/ros2_interfaces/cmake/export_ros2_interfaces__rosidl_generator_pyExport-noconfig.cmake
[2.191s] -- Installing: /home/stoair/ros2CV/cv_ws/install/ros2_interfaces/share/ros2_interfaces/cmake/rosidl_cmake-extras.cmake
[2.191s] -- Installing: /home/stoair/ros2CV/cv_ws/install/ros2_interfaces/share/ros2_interfaces/cmake/ament_cmake_export_include_directories-extras.cmake
[2.191s] -- Installing: /home/stoair/ros2CV/cv_ws/install/ros2_interfaces/share/ros2_interfaces/cmake/ament_cmake_export_libraries-extras.cmake
[2.191s] -- Installing: /home/stoair/ros2CV/cv_ws/install/ros2_interfaces/share/ros2_interfaces/cmake/ament_cmake_export_targets-extras.cmake
[2.191s] -- Installing: /home/stoair/ros2CV/cv_ws/install/ros2_interfaces/share/ros2_interfaces/cmake/rosidl_cmake_export_typesupport_targets-extras.cmake
[2.191s] -- Installing: /home/stoair/ros2CV/cv_ws/install/ros2_interfaces/share/ros2_interfaces/cmake/ament_cmake_export_dependencies-extras.cmake
[2.191s] -- Installing: /home/stoair/ros2CV/cv_ws/install/ros2_interfaces/share/ros2_interfaces/cmake/rosidl_cmake_export_typesupport_libraries-extras.cmake
[2.191s] -- Installing: /home/stoair/ros2CV/cv_ws/install/ros2_interfaces/share/ros2_interfaces/cmake/ros2_interfacesConfig.cmake
[2.191s] -- Installing: /home/stoair/ros2CV/cv_ws/install/ros2_interfaces/share/ros2_interfaces/cmake/ros2_interfacesConfig-version.cmake
[2.192s] -- Installing: /home/stoair/ros2CV/cv_ws/install/ros2_interfaces/share/ros2_interfaces/package.xml
[2.193s] Invoked command in '/home/stoair/ros2CV/cv_ws/build/ros2_interfaces' returned '0': CMAKE_PREFIX_PATH=${CMAKE_PREFIX_PATH}:/home/stoair/dev_ws/install/learning_urdf:/home/stoair/dev_ws/install/learning_topic:/home/stoair/dev_ws/install/learning_tf:/home/stoair/dev_ws/install/learning_service:/home/stoair/dev_ws/install/learning_qos:/home/stoair/dev_ws/install/learning_pkg_python:/home/stoair/dev_ws/install/learning_parameter:/home/stoair/dev_ws/install/learning_node:/home/stoair/dev_ws/install/learning_launch:/home/stoair/dev_ws/install/learning_action:/home/stoair/dev_ws/install/learning_gazebo_fortress:/home/stoair/dev_ws/install/learning_gazebo:/home/stoair/dev_ws/install/learning_cv:/opt/ros/humble /usr/bin/cmake --install /home/stoair/ros2CV/cv_ws/build/ros2_interfaces
