[0.011s] Invoking command in '/home/stoair/ros2CV/cv_ws/build/topic': AMENT_PREFIX_PATH=/home/stoair/ros2CV/cv_ws/install/topic_interfaces:${AMENT_PREFIX_PATH} CMAKE_PREFIX_PATH=/home/stoair/ros2CV/cv_ws/install/topic_interfaces:/home/stoair/ros2CV/cv_ws/install/webcam_topic:/home/stoair/learn_ws/install/service:/home/stoair/learn_ws/install/own_service:/home/stoair/learn_ws/install/ros_interfaces:/home/stoair/learn_ws/install/helloworld:/home/stoair/learn_ws/install/hellotopic:/home/stoair/dev_ws/install/learning_topic_cpp:/home/stoair/dev_ws/install/learning_tf_cpp:/home/stoair/dev_ws/install/learning_service_cpp:/home/stoair/dev_ws/install/learning_pkg_c:/home/stoair/dev_ws/install/learning_parameter_cpp:/home/stoair/dev_ws/install/learning_node_cpp:/home/stoair/dev_ws/install/learning_action_cpp:/home/stoair/dev_ws/install/learning_interface:/home/stoair/dev_ws/install/learning_urdf:/home/stoair/dev_ws/install/learning_topic:/home/stoair/dev_ws/install/learning_tf:/home/stoair/dev_ws/install/learning_service:/home/stoair/dev_ws/install/learning_qos:/home/stoair/dev_ws/install/learning_pkg_python:/home/stoair/dev_ws/install/learning_parameter:/home/stoair/dev_ws/install/learning_node:/home/stoair/dev_ws/install/learning_launch:/home/stoair/dev_ws/install/learning_action:/home/stoair/dev_ws/install/learning_gazebo_fortress:/home/stoair/dev_ws/install/learning_gazebo:/home/stoair/dev_ws/install/learning_cv:/opt/ros/humble CONDA_PROMPT_MODIFIER=(base) LD_LIBRARY_PATH=/home/stoair/ros2CV/cv_ws/install/topic_interfaces/lib:/usr/local/cuda-12.1/lib64:/home/stoair/learn_ws/install/ros_interfaces/lib:/home/stoair/dev_ws/install/learning_interface/lib:/opt/ros/humble/opt/rviz_ogre_vendor/lib:/opt/ros/humble/lib/x86_64-linux-gnu:/opt/ros/humble/lib:/usr/local/cuda-12.1/lib64:/usr/local/lib:/usr/local/lib PYTHONPATH=/home/stoair/ros2CV/cv_ws/install/topic_interfaces/lib/python3.11/site-packages:${PYTHONPATH} /usr/bin/cmake --build /home/stoair/ros2CV/cv_ws/build/topic -- -j16 -l16
[0.052s] [35m[1mConsolidate compiler generated dependencies of target image_sub[0m
[0.052s] [35m[1mConsolidate compiler generated dependencies of target image_pub[0m
[0.068s] [ 25%] [32mBuilding CXX object CMakeFiles/image_sub.dir/src/image_sub.cpp.o[0m
[0.068s] [ 50%] [32mBuilding CXX object CMakeFiles/image_pub.dir/src/image_pub.cpp.o[0m
[2.675s] [01m[K/home/stoair/ros2CV/cv_ws/src/topic/src/image_pub.cpp:[m[K In member function ‘[01m[Kvoid imagePub::coord_callback(topic_interfaces::msg::Coord_<std::allocator<void> >::SharedPtr)[m[K’:
[2.675s] [01m[K/home/stoair/ros2CV/cv_ws/src/topic/src/image_pub.cpp:38:42:[m[K [01;31m[Kerror: [m[Kno matching function for call to ‘[01m[Kstd::__cxx11::basic_istringstream<char>::basic_istringstream(topic_interfaces::msg::Coord_<std::allocator<void> >::_coord_type&)[m[K’
[2.675s]    38 |         std::istringstream iss(msg->coord[01;31m[K)[m[K;
[2.675s]       |                                          [01;31m[K^[m[K
[2.675s] In file included from [01m[K/usr/include/c++/11/complex:45[m[K,
[2.675s]                  from [01m[K/usr/include/eigen3/Eigen/Core:50[m[K,
[2.675s]                  from [01m[K/home/stoair/ros2CV/cv_ws/src/topic/include/global.h:4[m[K,
[2.675s]                  from [01m[K/home/stoair/ros2CV/cv_ws/src/topic/src/image_pub.cpp:1[m[K:
[2.675s] [01m[K/usr/include/c++/11/sstream:622:7:[m[K [01;36m[Knote: [m[Kcandidate: ‘[01m[Kstd::__cxx11::basic_istringstream<_CharT, _Traits, _Alloc>::basic_istringstream(std::__cxx11::basic_istringstream<_CharT, _Traits, _Alloc>&&) [with _CharT = char; _Traits = std::char_traits<char>; _Alloc = std::allocator<char>][m[K’
[2.675s]   622 |       [01;36m[Kbasic_istringstream[m[K(basic_istringstream&& __rhs)
[2.675s]       |       [01;36m[K^~~~~~~~~~~~~~~~~~~[m[K
[2.675s] [01m[K/usr/include/c++/11/sstream:622:49:[m[K [01;36m[Knote: [m[K  no known conversion for argument 1 from ‘[01m[Ktopic_interfaces::msg::Coord_<std::allocator<void> >::_coord_type[m[K’ {aka ‘[01m[Kstd::array<unsigned char, 50>[m[K’} to ‘[01m[Kstd::__cxx11::basic_istringstream<char>&&[m[K’
[2.675s]   622 |       basic_istringstream([01;36m[Kbasic_istringstream&& __rhs[m[K)
[2.676s]       |                           [01;36m[K~~~~~~~~~~~~~~~~~~~~~~^~~~~[m[K
[2.676s] [01m[K/usr/include/c++/11/sstream:605:7:[m[K [01;36m[Knote: [m[Kcandidate: ‘[01m[Kstd::__cxx11::basic_istringstream<_CharT, _Traits, _Alloc>::basic_istringstream(const __string_type&, std::ios_base::openmode) [with _CharT = char; _Traits = std::char_traits<char>; _Alloc = std::allocator<char>; std::__cxx11::basic_istringstream<_CharT, _Traits, _Alloc>::__string_type = std::__cxx11::basic_string<char>; std::ios_base::openmode = std::ios_base::openmode][m[K’
[2.676s]   605 |       [01;36m[Kbasic_istringstream[m[K(const __string_type& __str,
[2.676s]       |       [01;36m[K^~~~~~~~~~~~~~~~~~~[m[K
[2.676s] [01m[K/usr/include/c++/11/sstream:605:48:[m[K [01;36m[Knote: [m[K  no known conversion for argument 1 from ‘[01m[Ktopic_interfaces::msg::Coord_<std::allocator<void> >::_coord_type[m[K’ {aka ‘[01m[Kstd::array<unsigned char, 50>[m[K’} to ‘[01m[Kconst __string_type&[m[K’ {aka ‘[01m[Kconst std::__cxx11::basic_string<char>&[m[K’}
[2.676s]   605 |       basic_istringstream([01;36m[Kconst __string_type& __str[m[K,
[2.676s]       |                           [01;36m[K~~~~~~~~~~~~~~~~~~~~~^~~~~[m[K
[2.676s] [01m[K/usr/include/c++/11/sstream:587:7:[m[K [01;36m[Knote: [m[Kcandidate: ‘[01m[Kstd::__cxx11::basic_istringstream<_CharT, _Traits, _Alloc>::basic_istringstream(std::ios_base::openmode) [with _CharT = char; _Traits = std::char_traits<char>; _Alloc = std::allocator<char>; std::ios_base::openmode = std::ios_base::openmode][m[K’
[2.676s]   587 |       [01;36m[Kbasic_istringstream[m[K(ios_base::openmode __mode)
[2.676s]       |       [01;36m[K^~~~~~~~~~~~~~~~~~~[m[K
[2.676s] [01m[K/usr/include/c++/11/sstream:587:46:[m[K [01;36m[Knote: [m[K  no known conversion for argument 1 from ‘[01m[Ktopic_interfaces::msg::Coord_<std::allocator<void> >::_coord_type[m[K’ {aka ‘[01m[Kstd::array<unsigned char, 50>[m[K’} to ‘[01m[Kstd::ios_base::openmode[m[K’
[2.676s]   587 |       basic_istringstream([01;36m[Kios_base::openmode __mode[m[K)
[2.676s]       |                           [01;36m[K~~~~~~~~~~~~~~~~~~~^~~~~~[m[K
[2.676s] [01m[K/usr/include/c++/11/sstream:570:7:[m[K [01;36m[Knote: [m[Kcandidate: ‘[01m[Kstd::__cxx11::basic_istringstream<_CharT, _Traits, _Alloc>::basic_istringstream() [with _CharT = char; _Traits = std::char_traits<char>; _Alloc = std::allocator<char>][m[K’
[2.676s]   570 |       [01;36m[Kbasic_istringstream[m[K()
[2.676s]       |       [01;36m[K^~~~~~~~~~~~~~~~~~~[m[K
[2.676s] [01m[K/usr/include/c++/11/sstream:570:7:[m[K [01;36m[Knote: [m[K  candidate expects 0 arguments, 1 provided
[2.676s] [01m[K/home/stoair/ros2CV/cv_ws/src/topic/src/image_pub.cpp:46:13:[m[K [01;35m[Kwarning: [m[Kunused variable ‘[01m[Kflag_servo[m[K’ [[01;35m[K]8;;https://gcc.gnu.org/onlinedocs/gcc/Warning-Options.html#index-Wunused-variable-Wunused-variable]8;;[m[K]
[2.676s]    46 |         int [01;35m[Kflag_servo[m[K = std::stoi(flag_servo_str);
[2.676s]       |             [01;35m[K^~~~~~~~~~[m[K
[2.682s] [01m[K/home/stoair/ros2CV/cv_ws/src/topic/src/image_sub.cpp:[m[K In member function ‘[01m[Kvoid imageSub::timer_callback()[m[K’:
[2.682s] [01m[K/home/stoair/ros2CV/cv_ws/src/topic/src/image_sub.cpp:114:28:[m[K [01;31m[Kerror: [m[Kno matching function for call to ‘[01m[Krclcpp::Publisher<topic_interfaces::msg::Coord_<std::allocator<void> > >::publish(char [50])[m[K’
[2.682s]   114 |         [01;31m[Kpublisher_->publish(coord)[m[K;
[2.682s]       |         [01;31m[K~~~~~~~~~~~~~~~~~~~^~~~~~~[m[K
[2.682s] In file included from [01m[K/opt/ros/humble/include/rclcpp/rclcpp/topic_statistics/subscription_topic_statistics.hpp:31[m[K,
[2.682s]                  from [01m[K/opt/ros/humble/include/rclcpp/rclcpp/subscription.hpp:50[m[K,
[2.682s]                  from [01m[K/opt/ros/humble/include/rclcpp/rclcpp/any_executable.hpp:25[m[K,
[2.682s]                  from [01m[K/opt/ros/humble/include/rclcpp/rclcpp/memory_strategy.hpp:25[m[K,
[2.682s]                  from [01m[K/opt/ros/humble/include/rclcpp/rclcpp/memory_strategies.hpp:18[m[K,
[2.682s]                  from [01m[K/opt/ros/humble/include/rclcpp/rclcpp/executor_options.hpp:20[m[K,
[2.682s]                  from [01m[K/opt/ros/humble/include/rclcpp/rclcpp/executor.hpp:37[m[K,
[2.682s]                  from [01m[K/opt/ros/humble/include/rclcpp/rclcpp/executors/multi_threaded_executor.hpp:25[m[K,
[2.682s]                  from [01m[K/opt/ros/humble/include/rclcpp/rclcpp/executors.hpp:21[m[K,
[2.682s]                  from [01m[K/opt/ros/humble/include/rclcpp/rclcpp/rclcpp.hpp:155[m[K,
[2.682s]                  from [01m[K/home/stoair/ros2CV/cv_ws/src/topic/include/global.h:14[m[K,
[2.682s]                  from [01m[K/home/stoair/ros2CV/cv_ws/src/topic/src/image_sub.cpp:1[m[K:
[2.682s] [01m[K/opt/ros/humble/include/rclcpp/rclcpp/publisher.hpp:251:3:[m[K [01;36m[Knote: [m[Kcandidate: ‘[01m[Ktemplate<class T> std::enable_if_t<(rosidl_generator_traits::is_message<T>::value && std::is_same<T, typename rclcpp::TypeAdapter<MessageT>::ros_message_type>::value)> rclcpp::Publisher<MessageT, AllocatorT>::publish(std::unique_ptr<T, typename std::conditional<std::is_same<typename std::allocator_traits<typename std::allocator_traits<_Allocator>::rebind_traits<typename rclcpp::TypeAdapter<MessageT, void, void>::ros_message_type>::allocator_type>::rebind_alloc<typename rclcpp::TypeAdapter<MessageT, void, void>::ros_message_type>, std::allocator<typename rclcpp::TypeAdapter<MessageT>::ros_message_type> >::value, std::default_delete<typename rclcpp::TypeAdapter<MessageT>::ros_message_type>, rclcpp::allocator::AllocatorDeleter<typename std::allocator_traits<_Allocator>::rebind_traits<typename rclcpp::TypeAdapter<MessageT, void, void>::ros_message_type>::allocator_type> >::type>) [with T = T; MessageT = topic_interfaces::msg::Coord_<std::allocator<void> >; AllocatorT = std::allocator<void>][m[K’
[2.682s]   251 |   [01;36m[Kpublish[m[K(std::unique_ptr<T, ROSMessageTypeDeleter> msg)
[2.682s]       |   [01;36m[K^~~~~~~[m[K
[2.682s] [01m[K/opt/ros/humble/include/rclcpp/rclcpp/publisher.hpp:251:3:[m[K [01;36m[Knote: [m[K  template argument deduction/substitution failed:
[2.682s] [01m[K/home/stoair/ros2CV/cv_ws/src/topic/src/image_sub.cpp:114:28:[m[K [01;36m[Knote: [m[K  mismatched types ‘[01m[Kstd::unique_ptr<T, std::default_delete<topic_interfaces::msg::Coord_<std::allocator<void> > > >[m[K’ and ‘[01m[Kchar*[m[K’
[2.682s]   114 |         [01;36m[Kpublisher_->publish(coord)[m[K;
[2.682s]       |         [01;36m[K~~~~~~~~~~~~~~~~~~~^~~~~~~[m[K
[2.682s] In file included from [01m[K/opt/ros/humble/include/rclcpp/rclcpp/topic_statistics/subscription_topic_statistics.hpp:31[m[K,
[2.683s]                  from [01m[K/opt/ros/humble/include/rclcpp/rclcpp/subscription.hpp:50[m[K,
[2.683s]                  from [01m[K/opt/ros/humble/include/rclcpp/rclcpp/any_executable.hpp:25[m[K,
[2.683s]                  from [01m[K/opt/ros/humble/include/rclcpp/rclcpp/memory_strategy.hpp:25[m[K,
[2.683s]                  from [01m[K/opt/ros/humble/include/rclcpp/rclcpp/memory_strategies.hpp:18[m[K,
[2.683s]                  from [01m[K/opt/ros/humble/include/rclcpp/rclcpp/executor_options.hpp:20[m[K,
[2.683s]                  from [01m[K/opt/ros/humble/include/rclcpp/rclcpp/executor.hpp:37[m[K,
[2.683s]                  from [01m[K/opt/ros/humble/include/rclcpp/rclcpp/executors/multi_threaded_executor.hpp:25[m[K,
[2.683s]                  from [01m[K/opt/ros/humble/include/rclcpp/rclcpp/executors.hpp:21[m[K,
[2.683s]                  from [01m[K/opt/ros/humble/include/rclcpp/rclcpp/rclcpp.hpp:155[m[K,
[2.683s]                  from [01m[K/home/stoair/ros2CV/cv_ws/src/topic/include/global.h:14[m[K,
[2.683s]                  from [01m[K/home/stoair/ros2CV/cv_ws/src/topic/src/image_sub.cpp:1[m[K:
[2.683s] [01m[K/opt/ros/humble/include/rclcpp/rclcpp/publisher.hpp:292:3:[m[K [01;36m[Knote: [m[Kcandidate: ‘[01m[Ktemplate<class T> std::enable_if_t<(rosidl_generator_traits::is_message<T>::value && std::is_same<T, typename rclcpp::TypeAdapter<MessageT>::ros_message_type>::value)> rclcpp::Publisher<MessageT, AllocatorT>::publish(const T&) [with T = T; MessageT = topic_interfaces::msg::Coord_<std::allocator<void> >; AllocatorT = std::allocator<void>][m[K’
[2.683s]   292 |   [01;36m[Kpublish[m[K(const T & msg)
[2.683s]       |   [01;36m[K^~~~~~~[m[K
[2.683s] [01m[K/opt/ros/humble/include/rclcpp/rclcpp/publisher.hpp:292:3:[m[K [01;36m[Knote: [m[K  template argument deduction/substitution failed:
[2.683s] In file included from [01m[K/usr/include/c++/11/bits/move.h:57[m[K,
[2.683s]                  from [01m[K/usr/include/c++/11/bits/stl_pair.h:59[m[K,
[2.683s]                  from [01m[K/usr/include/c++/11/bits/stl_algobase.h:64[m[K,
[2.683s]                  from [01m[K/usr/include/c++/11/bits/specfun.h:45[m[K,
[2.683s]                  from [01m[K/usr/include/c++/11/cmath:1935[m[K,
[2.683s]                  from [01m[K/usr/include/eigen3/Eigen/src/Core/util/Macros.h:679[m[K,
[2.683s]                  from [01m[K/usr/include/eigen3/Eigen/Core:19[m[K,
[2.683s]                  from [01m[K/home/stoair/ros2CV/cv_ws/src/topic/include/global.h:4[m[K,
[2.683s]                  from [01m[K/home/stoair/ros2CV/cv_ws/src/topic/src/image_sub.cpp:1[m[K:
[2.683s] /usr/include/c++/11/type_traits: In substitution of ‘[01m[Ktemplate<bool _Cond, class _Tp> using enable_if_t = typename std::enable_if::type [with bool _Cond = false; _Tp = void][m[K’:
[2.683s] [01m[K/opt/ros/humble/include/rclcpp/rclcpp/publisher.hpp:292:3:[m[K   required by substitution of ‘[01m[Ktemplate<class T> std::enable_if_t<(rosidl_generator_traits::is_message<T>::value && std::is_same<T, topic_interfaces::msg::Coord_<std::allocator<void> > >::value), void> rclcpp::Publisher<topic_interfaces::msg::Coord_<std::allocator<void> > >::publish<T>(const T&) [with T = char [50]][m[K’
[2.683s] [01m[K/home/stoair/ros2CV/cv_ws/src/topic/src/image_sub.cpp:114:28:[m[K   required from here
[2.683s] [01m[K/usr/include/c++/11/type_traits:2579:11:[m[K [01;31m[Kerror: [m[Kno type named ‘[01m[Ktype[m[K’ in ‘[01m[Kstruct std::enable_if<false, void>[m[K’
[2.683s]  2579 |     using [01;31m[Kenable_if_t[m[K = typename enable_if<_Cond, _Tp>::type;
[2.683s]       |           [01;31m[K^~~~~~~~~~~[m[K
[2.683s] In file included from [01m[K/opt/ros/humble/include/rclcpp/rclcpp/topic_statistics/subscription_topic_statistics.hpp:31[m[K,
[2.683s]                  from [01m[K/opt/ros/humble/include/rclcpp/rclcpp/subscription.hpp:50[m[K,
[2.683s]                  from [01m[K/opt/ros/humble/include/rclcpp/rclcpp/any_executable.hpp:25[m[K,
[2.683s]                  from [01m[K/opt/ros/humble/include/rclcpp/rclcpp/memory_strategy.hpp:25[m[K,
[2.684s]                  from [01m[K/opt/ros/humble/include/rclcpp/rclcpp/memory_strategies.hpp:18[m[K,
[2.684s]                  from [01m[K/opt/ros/humble/include/rclcpp/rclcpp/executor_options.hpp:20[m[K,
[2.684s]                  from [01m[K/opt/ros/humble/include/rclcpp/rclcpp/executor.hpp:37[m[K,
[2.684s]                  from [01m[K/opt/ros/humble/include/rclcpp/rclcpp/executors/multi_threaded_executor.hpp:25[m[K,
[2.684s]                  from [01m[K/opt/ros/humble/include/rclcpp/rclcpp/executors.hpp:21[m[K,
[2.684s]                  from [01m[K/opt/ros/humble/include/rclcpp/rclcpp/rclcpp.hpp:155[m[K,
[2.684s]                  from [01m[K/home/stoair/ros2CV/cv_ws/src/topic/include/global.h:14[m[K,
[2.684s]                  from [01m[K/home/stoair/ros2CV/cv_ws/src/topic/src/image_sub.cpp:1[m[K:
[2.684s] [01m[K/opt/ros/humble/include/rclcpp/rclcpp/publisher.hpp:322:3:[m[K [01;36m[Knote: [m[Kcandidate: ‘[01m[Ktemplate<class T> std::enable_if_t<(typename rclcpp::TypeAdapter<MessageT>::is_specialized::value && std::is_same<T, typename rclcpp::TypeAdapter<MessageT>::custom_type>::value)> rclcpp::Publisher<MessageT, AllocatorT>::publish(std::unique_ptr<T, typename std::conditional<std::is_same<typename std::allocator_traits<typename std::allocator_traits<_Allocator>::rebind_traits<typename rclcpp::TypeAdapter<MessageT, void, void>::custom_type>::allocator_type>::rebind_alloc<typename rclcpp::TypeAdapter<MessageT, void, void>::custom_type>, std::allocator<typename rclcpp::TypeAdapter<MessageT>::custom_type> >::value, std::default_delete<typename rclcpp::TypeAdapter<MessageT>::custom_type>, rclcpp::allocator::AllocatorDeleter<typename std::allocator_traits<_Allocator>::rebind_traits<typename rclcpp::TypeAdapter<MessageT, void, void>::custom_type>::allocator_type> >::type>) [with T = T; MessageT = topic_interfaces::msg::Coord_<std::allocator<void> >; AllocatorT = std::allocator<void>][m[K’
[2.684s]   322 |   [01;36m[Kpublish[m[K(std::unique_ptr<T, PublishedTypeDeleter> msg)
[2.684s]       |   [01;36m[K^~~~~~~[m[K
[2.684s] [01m[K/opt/ros/humble/include/rclcpp/rclcpp/publisher.hpp:322:3:[m[K [01;36m[Knote: [m[K  template argument deduction/substitution failed:
[2.684s] [01m[K/home/stoair/ros2CV/cv_ws/src/topic/src/image_sub.cpp:114:28:[m[K [01;36m[Knote: [m[K  mismatched types ‘[01m[Kstd::unique_ptr<T, std::default_delete<topic_interfaces::msg::Coord_<std::allocator<void> > > >[m[K’ and ‘[01m[Kchar*[m[K’
[2.684s]   114 |         [01;36m[Kpublisher_->publish(coord)[m[K;
[2.684s]       |         [01;36m[K~~~~~~~~~~~~~~~~~~~^~~~~~~[m[K
[2.684s] In file included from [01m[K/opt/ros/humble/include/rclcpp/rclcpp/topic_statistics/subscription_topic_statistics.hpp:31[m[K,
[2.684s]                  from [01m[K/opt/ros/humble/include/rclcpp/rclcpp/subscription.hpp:50[m[K,
[2.684s]                  from [01m[K/opt/ros/humble/include/rclcpp/rclcpp/any_executable.hpp:25[m[K,
[2.684s]                  from [01m[K/opt/ros/humble/include/rclcpp/rclcpp/memory_strategy.hpp:25[m[K,
[2.684s]                  from [01m[K/opt/ros/humble/include/rclcpp/rclcpp/memory_strategies.hpp:18[m[K,
[2.684s]                  from [01m[K/opt/ros/humble/include/rclcpp/rclcpp/executor_options.hpp:20[m[K,
[2.684s]                  from [01m[K/opt/ros/humble/include/rclcpp/rclcpp/executor.hpp:37[m[K,
[2.684s]                  from [01m[K/opt/ros/humble/include/rclcpp/rclcpp/executors/multi_threaded_executor.hpp:25[m[K,
[2.684s]                  from [01m[K/opt/ros/humble/include/rclcpp/rclcpp/executors.hpp:21[m[K,
[2.684s]                  from [01m[K/opt/ros/humble/include/rclcpp/rclcpp/rclcpp.hpp:155[m[K,
[2.684s]                  from [01m[K/home/stoair/ros2CV/cv_ws/src/topic/include/global.h:14[m[K,
[2.684s]                  from [01m[K/home/stoair/ros2CV/cv_ws/src/topic/src/image_sub.cpp:1[m[K:
[2.684s] [01m[K/opt/ros/humble/include/rclcpp/rclcpp/publisher.hpp:364:3:[m[K [01;36m[Knote: [m[Kcandidate: ‘[01m[Ktemplate<class T> std::enable_if_t<(typename rclcpp::TypeAdapter<MessageT>::is_specialized::value && std::is_same<T, typename rclcpp::TypeAdapter<MessageT>::custom_type>::value)> rclcpp::Publisher<MessageT, AllocatorT>::publish(const T&) [with T = T; MessageT = topic_interfaces::msg::Coord_<std::allocator<void> >; AllocatorT = std::allocator<void>][m[K’
[2.684s]   364 |   [01;36m[Kpublish[m[K(const T & msg)
[2.684s]       |   [01;36m[K^~~~~~~[m[K
[2.684s] [01m[K/opt/ros/humble/include/rclcpp/rclcpp/publisher.hpp:364:3:[m[K [01;36m[Knote: [m[K  template argument deduction/substitution failed:
[2.684s] [01m[K/opt/ros/humble/include/rclcpp/rclcpp/publisher.hpp:383:3:[m[K [01;36m[Knote: [m[Kcandidate: ‘[01m[Kvoid rclcpp::Publisher<MessageT, AllocatorT>::publish(const rcl_serialized_message_t&) [with MessageT = topic_interfaces::msg::Coord_<std::allocator<void> >; AllocatorT = std::allocator<void>; rcl_serialized_message_t = rcutils_uint8_array_s][m[K’
[2.684s]   383 |   [01;36m[Kpublish[m[K(const rcl_serialized_message_t & serialized_msg)
[2.684s]       |   [01;36m[K^~~~~~~[m[K
[2.684s] [01m[K/opt/ros/humble/include/rclcpp/rclcpp/publisher.hpp:383:44:[m[K [01;36m[Knote: [m[K  no known conversion for argument 1 from ‘[01m[Kchar [50][m[K’ to ‘[01m[Kconst rcl_serialized_message_t&[m[K’ {aka ‘[01m[Kconst rcutils_uint8_array_s&[m[K’}
[2.685s]   383 |   publish([01;36m[Kconst rcl_serialized_message_t & serialized_msg[m[K)
[2.685s]       |           [01;36m[K~~~~~~~~~~~~~~~~~~~~~~~~~~~~~~~~~^~~~~~~~~~~~~~[m[K
[2.685s] [01m[K/opt/ros/humble/include/rclcpp/rclcpp/publisher.hpp:389:3:[m[K [01;36m[Knote: [m[Kcandidate: ‘[01m[Kvoid rclcpp::Publisher<MessageT, AllocatorT>::publish(const rclcpp::SerializedMessage&) [with MessageT = topic_interfaces::msg::Coord_<std::allocator<void> >; AllocatorT = std::allocator<void>][m[K’
[2.685s]   389 |   [01;36m[Kpublish[m[K(const SerializedMessage & serialized_msg)
[2.685s]       |   [01;36m[K^~~~~~~[m[K
[2.685s] [01m[K/opt/ros/humble/include/rclcpp/rclcpp/publisher.hpp:389:37:[m[K [01;36m[Knote: [m[K  no known conversion for argument 1 from ‘[01m[Kchar [50][m[K’ to ‘[01m[Kconst rclcpp::SerializedMessage&[m[K’
[2.685s]   389 |   publish([01;36m[Kconst SerializedMessage & serialized_msg[m[K)
[2.685s]       |           [01;36m[K~~~~~~~~~~~~~~~~~~~~~~~~~~^~~~~~~~~~~~~~[m[K
[2.685s] [01m[K/opt/ros/humble/include/rclcpp/rclcpp/publisher.hpp:403:3:[m[K [01;36m[Knote: [m[Kcandidate: ‘[01m[Kvoid rclcpp::Publisher<MessageT, AllocatorT>::publish(rclcpp::LoanedMessage<typename rclcpp::TypeAdapter<MessageT>::ros_message_type, AllocatorT>&&) [with MessageT = topic_interfaces::msg::Coord_<std::allocator<void> >; AllocatorT = std::allocator<void>; typename rclcpp::TypeAdapter<MessageT>::ros_message_type = topic_interfaces::msg::Coord_<std::allocator<void> >][m[K’
[2.685s]   403 |   [01;36m[Kpublish[m[K(rclcpp::LoanedMessage<ROSMessageType, AllocatorT> && loaned_msg)
[2.685s]       |   [01;36m[K^~~~~~~[m[K
[2.685s] [01m[K/opt/ros/humble/include/rclcpp/rclcpp/publisher.hpp:403:64:[m[K [01;36m[Knote: [m[K  no known conversion for argument 1 from ‘[01m[Kchar [50][m[K’ to ‘[01m[Krclcpp::LoanedMessage<topic_interfaces::msg::Coord_<std::allocator<void> >, std::allocator<void> >&&[m[K’
[2.685s]   403 |   publish([01;36m[Krclcpp::LoanedMessage<ROSMessageType, AllocatorT> && loaned_msg[m[K)
[2.685s]       |           [01;36m[K~~~~~~~~~~~~~~~~~~~~~~~~~~~~~~~~~~~~~~~~~~~~~~~~~~~~~^~~~~~~~~~[m[K
[2.685s] [01m[K/home/stoair/ros2CV/cv_ws/src/topic/src/image_sub.cpp:[m[K In member function ‘[01m[Kvoid imageSub::drive_servo(char*, int, int, int)[m[K’:
[2.685s] [01m[K/home/stoair/ros2CV/cv_ws/src/topic/src/image_sub.cpp:131:9:[m[K [01;35m[Kwarning: [m[Kthis ‘[01m[Kif[m[K’ clause does not guard... [[01;35m[K]8;;https://gcc.gnu.org/onlinedocs/gcc/Warning-Options.html#index-Wmisleading-indentation-Wmisleading-indentation]8;;[m[K]
[2.685s]   131 |         [01;35m[Kif[m[K (count_servo >= times)
[2.685s]       |         [01;35m[K^~[m[K
[2.685s] [01m[K/home/stoair/ros2CV/cv_ws/src/topic/src/image_sub.cpp:133:13:[m[K [01;36m[Knote: [m[K...this statement, but the latter is misleadingly indented as if it were guarded by the ‘[01m[Kif[m[K’
[2.685s]   133 |             [01;36m[Kmodel_flag[m[K = 1;
[2.685s]       |             [01;36m[K^~~~~~~~~~[m[K
[4.264s] gmake[2]: *** [CMakeFiles/image_sub.dir/build.make:76：CMakeFiles/image_sub.dir/src/image_sub.cpp.o] 错误 1
[4.264s] gmake[1]: *** [CMakeFiles/Makefile2:165：CMakeFiles/image_sub.dir/all] 错误 2
[4.264s] gmake[1]: *** 正在等待未完成的任务....
[4.273s] gmake[2]: *** [CMakeFiles/image_pub.dir/build.make:76：CMakeFiles/image_pub.dir/src/image_pub.cpp.o] 错误 1
[4.273s] gmake[1]: *** [CMakeFiles/Makefile2:139：CMakeFiles/image_pub.dir/all] 错误 2
[4.273s] gmake: *** [Makefile:146：all] 错误 2
[4.275s] Invoked command in '/home/stoair/ros2CV/cv_ws/build/topic' returned '2': AMENT_PREFIX_PATH=/home/stoair/ros2CV/cv_ws/install/topic_interfaces:${AMENT_PREFIX_PATH} CMAKE_PREFIX_PATH=/home/stoair/ros2CV/cv_ws/install/topic_interfaces:/home/stoair/ros2CV/cv_ws/install/webcam_topic:/home/stoair/learn_ws/install/service:/home/stoair/learn_ws/install/own_service:/home/stoair/learn_ws/install/ros_interfaces:/home/stoair/learn_ws/install/helloworld:/home/stoair/learn_ws/install/hellotopic:/home/stoair/dev_ws/install/learning_topic_cpp:/home/stoair/dev_ws/install/learning_tf_cpp:/home/stoair/dev_ws/install/learning_service_cpp:/home/stoair/dev_ws/install/learning_pkg_c:/home/stoair/dev_ws/install/learning_parameter_cpp:/home/stoair/dev_ws/install/learning_node_cpp:/home/stoair/dev_ws/install/learning_action_cpp:/home/stoair/dev_ws/install/learning_interface:/home/stoair/dev_ws/install/learning_urdf:/home/stoair/dev_ws/install/learning_topic:/home/stoair/dev_ws/install/learning_tf:/home/stoair/dev_ws/install/learning_service:/home/stoair/dev_ws/install/learning_qos:/home/stoair/dev_ws/install/learning_pkg_python:/home/stoair/dev_ws/install/learning_parameter:/home/stoair/dev_ws/install/learning_node:/home/stoair/dev_ws/install/learning_launch:/home/stoair/dev_ws/install/learning_action:/home/stoair/dev_ws/install/learning_gazebo_fortress:/home/stoair/dev_ws/install/learning_gazebo:/home/stoair/dev_ws/install/learning_cv:/opt/ros/humble CONDA_PROMPT_MODIFIER=(base) LD_LIBRARY_PATH=/home/stoair/ros2CV/cv_ws/install/topic_interfaces/lib:/usr/local/cuda-12.1/lib64:/home/stoair/learn_ws/install/ros_interfaces/lib:/home/stoair/dev_ws/install/learning_interface/lib:/opt/ros/humble/opt/rviz_ogre_vendor/lib:/opt/ros/humble/lib/x86_64-linux-gnu:/opt/ros/humble/lib:/usr/local/cuda-12.1/lib64:/usr/local/lib:/usr/local/lib PYTHONPATH=/home/stoair/ros2CV/cv_ws/install/topic_interfaces/lib/python3.11/site-packages:${PYTHONPATH} /usr/bin/cmake --build /home/stoair/ros2CV/cv_ws/build/topic -- -j16 -l16
