-- Found sensor_msgs: 4.2.3 (/opt/ros/humble/share/sensor_msgs/cmake)
-- Found rosidl_generator_c: 3.1.5 (/opt/ros/humble/share/rosidl_generator_c/cmake)
-- Found rosidl_adapter: 3.1.5 (/opt/ros/humble/share/rosidl_adapter/cmake)
-- Found rosidl_generator_cpp: 3.1.5 (/opt/ros/humble/share/rosidl_generator_cpp/cmake)
-- Using all available rosidl_typesupport_c: rosidl_typesupport_fastrtps_c;rosidl_typesupport_introspection_c
-- Using all available rosidl_typesupport_cpp: rosidl_typesupport_fastrtps_cpp;rosidl_typesupport_introspection_cpp
-- Found rclcpp: 16.0.8 (/opt/ros/humble/share/rclcpp/cmake)
-- Found rmw_implementation_cmake: 6.1.1 (/opt/ros/humble/share/rmw_implementation_cmake/cmake)
-- Found rmw_fastrtps_cpp: 6.2.6 (/opt/ros/humble/share/rmw_fastrtps_cpp/cmake)
-- Using RMW implementation 'rmw_fastrtps_cpp' as default
-- Found cv_bridge: 3.2.1 (/opt/ros/humble/share/cv_bridge/cmake)
-- Found topic_interfaces: 0.0.0 (/home/stoair/ros2CV/cv_ws/install/topic_interfaces/share/topic_interfaces/cmake)
[31mCMake Error at CMakeLists.txt:32 (add_library):
  add_library cannot create target "image_pub" because another target with
  the same name already exists.  The existing target is an executable created
  in source directory "/home/stoair/ros2CV/cv_ws/src/topic".  See
  documentation for policy CMP0002 for more details.
Call Stack (most recent call first):
  CMakeLists.txt:53 (set_up_dependencies)

[0m
-- Found rclcpp: 16.0.8 (/opt/ros/humble/share/rclcpp/cmake)
-- Found rmw_implementation_cmake: 6.1.1 (/opt/ros/humble/share/rmw_implementation_cmake/cmake)
-- Found rmw_fastrtps_cpp: 6.2.6 (/opt/ros/humble/share/rmw_fastrtps_cpp/cmake)
-- Using RMW implementation 'rmw_fastrtps_cpp' as default
-- Found cv_bridge: 3.2.1 (/opt/ros/humble/share/cv_bridge/cmake)
-- Found topic_interfaces: 0.0.0 (/home/stoair/ros2CV/cv_ws/install/topic_interfaces/share/topic_interfaces/cmake)
[31mCMake Error at CMakeLists.txt:32 (add_library):
  add_library cannot create target "image_sub" because another target with
  the same name already exists.  The existing target is an executable created
  in source directory "/home/stoair/ros2CV/cv_ws/src/topic".  See
  documentation for policy CMP0002 for more details.
Call Stack (most recent call first):
  CMakeLists.txt:57 (set_up_dependencies)

[0m
-- Found ament_lint_auto: 0.12.10 (/opt/ros/humble/share/ament_lint_auto/cmake)
-- Added test 'cppcheck' to perform static code analysis on C / C++ code
-- Configured cppcheck include dirs: /home/stoair/ros2CV/cv_ws/src/topic/./include
-- Configured cppcheck exclude dirs and/or files: 
-- Added test 'lint_cmake' to check CMake code style
-- Added test 'uncrustify' to check C / C++ code style
-- Configured uncrustify additional arguments: 
-- Added test 'xmllint' to check XML markup files
-- Configuring incomplete, errors occurred!
See also "/home/stoair/ros2CV/cv_ws/build/topic/CMakeFiles/CMakeOutput.log".
gmake: *** [Makefile:349：cmake_check_build_system] 错误 1
