-- Found ament_cmake: 1.3.8 (/opt/ros/humble/share/ament_cmake/cmake)
-- Found rclcpp: 16.0.8 (/opt/ros/humble/share/rclcpp/cmake)
-- Found rosidl_generator_c: 3.1.5 (/opt/ros/humble/share/rosidl_generator_c/cmake)
-- Found rosidl_adapter: 3.1.5 (/opt/ros/humble/share/rosidl_adapter/cmake)
-- Found rosidl_generator_cpp: 3.1.5 (/opt/ros/humble/share/rosidl_generator_cpp/cmake)
-- Using all available rosidl_typesupport_c: rosidl_typesupport_fastrtps_c;rosidl_typesupport_introspection_c
-- Using all available rosidl_typesupport_cpp: rosidl_typesupport_fastrtps_cpp;rosidl_typesupport_introspection_cpp
-- Found rmw_implementation_cmake: 6.1.1 (/opt/ros/humble/share/rmw_implementation_cmake/cmake)
-- Found rmw_fastrtps_cpp: 6.2.6 (/opt/ros/humble/share/rmw_fastrtps_cpp/cmake)
-- Using RMW implementation 'rmw_fastrtps_cpp' as default
-- Found cv_bridge: 3.2.1 (/opt/ros/humble/share/cv_bridge/cmake)
[31mCMake Error at /home/stoair/ros2CV/cv_ws/build/topic_interfaces/ament_cmake_core/topic_interfacesConfig.cmake:41 (include):
  include could not find requested file:

    /home/stoair/ros2CV/cv_ws/build/topic_interfaces/ament_cmake_core/rosidl_cmake-extras.cmake
Call Stack (most recent call first):
  CMakeLists.txt:26 (find_package)
  CMakeLists.txt:40 (set_up_dependencies)

[0m
[31mCMake Error at /home/stoair/ros2CV/cv_ws/build/topic_interfaces/ament_cmake_core/topic_interfacesConfig.cmake:41 (include):
  include could not find requested file:

    /home/stoair/ros2CV/cv_ws/build/topic_interfaces/ament_cmake_core/ament_cmake_export_include_directories-extras.cmake
Call Stack (most recent call first):
  CMakeLists.txt:26 (find_package)
  CMakeLists.txt:40 (set_up_dependencies)

[0m
[31mCMake Error at /home/stoair/ros2CV/cv_ws/build/topic_interfaces/ament_cmake_core/topic_interfacesConfig.cmake:41 (include):
  include could not find requested file:

    /home/stoair/ros2CV/cv_ws/build/topic_interfaces/ament_cmake_core/ament_cmake_export_libraries-extras.cmake
Call Stack (most recent call first):
  CMakeLists.txt:26 (find_package)
  CMakeLists.txt:40 (set_up_dependencies)

[0m
[31mCMake Error at /home/stoair/ros2CV/cv_ws/build/topic_interfaces/ament_cmake_core/topic_interfacesConfig.cmake:41 (include):
  include could not find requested file:

    /home/stoair/ros2CV/cv_ws/build/topic_interfaces/ament_cmake_core/ament_cmake_export_targets-extras.cmake
Call Stack (most recent call first):
  CMakeLists.txt:26 (find_package)
  CMakeLists.txt:40 (set_up_dependencies)

[0m
[31mCMake Error at /home/stoair/ros2CV/cv_ws/build/topic_interfaces/ament_cmake_core/topic_interfacesConfig.cmake:41 (include):
  include could not find requested file:

    /home/stoair/ros2CV/cv_ws/build/topic_interfaces/ament_cmake_core/rosidl_cmake_export_typesupport_targets-extras.cmake
Call Stack (most recent call first):
  CMakeLists.txt:26 (find_package)
  CMakeLists.txt:40 (set_up_dependencies)

[0m
[31mCMake Error at /home/stoair/ros2CV/cv_ws/build/topic_interfaces/ament_cmake_core/topic_interfacesConfig.cmake:41 (include):
  include could not find requested file:

    /home/stoair/ros2CV/cv_ws/build/topic_interfaces/ament_cmake_core/ament_cmake_export_dependencies-extras.cmake
Call Stack (most recent call first):
  CMakeLists.txt:26 (find_package)
  CMakeLists.txt:40 (set_up_dependencies)

[0m
[31mCMake Error at /home/stoair/ros2CV/cv_ws/build/topic_interfaces/ament_cmake_core/topic_interfacesConfig.cmake:41 (include):
  include could not find requested file:

    /home/stoair/ros2CV/cv_ws/build/topic_interfaces/ament_cmake_core/rosidl_cmake_export_typesupport_libraries-extras.cmake
Call Stack (most recent call first):
  CMakeLists.txt:26 (find_package)
  CMakeLists.txt:40 (set_up_dependencies)

[0m
-- Found topic_interfaces: 0.0.0 (/home/stoair/ros2CV/cv_ws/build/topic_interfaces/ament_cmake_core)
-- Found rclcpp: 16.0.8 (/opt/ros/humble/share/rclcpp/cmake)
-- Found rosidl_generator_c: 3.1.5 (/opt/ros/humble/share/rosidl_generator_c/cmake)
-- Found rosidl_adapter: 3.1.5 (/opt/ros/humble/share/rosidl_adapter/cmake)
-- Found rosidl_generator_cpp: 3.1.5 (/opt/ros/humble/share/rosidl_generator_cpp/cmake)
-- Using all available rosidl_typesupport_c: rosidl_typesupport_fastrtps_c;rosidl_typesupport_introspection_c
-- Using all available rosidl_typesupport_cpp: rosidl_typesupport_fastrtps_cpp;rosidl_typesupport_introspection_cpp
-- Found rmw_implementation_cmake: 6.1.1 (/opt/ros/humble/share/rmw_implementation_cmake/cmake)
-- Found rmw_fastrtps_cpp: 6.2.6 (/opt/ros/humble/share/rmw_fastrtps_cpp/cmake)
-- Using RMW implementation 'rmw_fastrtps_cpp' as default
-- Found cv_bridge: 3.2.1 (/opt/ros/humble/share/cv_bridge/cmake)
-- Found topic_interfaces: 0.0.0 (/home/stoair/ros2CV/cv_ws/build/topic_interfaces/ament_cmake_core)
[31mCMake Error at /home/stoair/ros2CV/cv_ws/build/topic_interfaces/ament_cmake_core/topic_interfacesConfig.cmake:41 (include):
  include could not find requested file:

    /home/stoair/ros2CV/cv_ws/build/topic_interfaces/ament_cmake_core/rosidl_cmake-extras.cmake
Call Stack (most recent call first):
  CMakeLists.txt:26 (find_package)
  CMakeLists.txt:43 (set_up_dependencies)

[0m
[31mCMake Error at /home/stoair/ros2CV/cv_ws/build/topic_interfaces/ament_cmake_core/topic_interfacesConfig.cmake:41 (include):
  include could not find requested file:

    /home/stoair/ros2CV/cv_ws/build/topic_interfaces/ament_cmake_core/ament_cmake_export_include_directories-extras.cmake
Call Stack (most recent call first):
  CMakeLists.txt:26 (find_package)
  CMakeLists.txt:43 (set_up_dependencies)

[0m
[31mCMake Error at /home/stoair/ros2CV/cv_ws/build/topic_interfaces/ament_cmake_core/topic_interfacesConfig.cmake:41 (include):
  include could not find requested file:

    /home/stoair/ros2CV/cv_ws/build/topic_interfaces/ament_cmake_core/ament_cmake_export_libraries-extras.cmake
Call Stack (most recent call first):
  CMakeLists.txt:26 (find_package)
  CMakeLists.txt:43 (set_up_dependencies)

[0m
[31mCMake Error at /home/stoair/ros2CV/cv_ws/build/topic_interfaces/ament_cmake_core/topic_interfacesConfig.cmake:41 (include):
  include could not find requested file:

    /home/stoair/ros2CV/cv_ws/build/topic_interfaces/ament_cmake_core/ament_cmake_export_targets-extras.cmake
Call Stack (most recent call first):
  CMakeLists.txt:26 (find_package)
  CMakeLists.txt:43 (set_up_dependencies)

[0m
[31mCMake Error at /home/stoair/ros2CV/cv_ws/build/topic_interfaces/ament_cmake_core/topic_interfacesConfig.cmake:41 (include):
  include could not find requested file:

    /home/stoair/ros2CV/cv_ws/build/topic_interfaces/ament_cmake_core/rosidl_cmake_export_typesupport_targets-extras.cmake
Call Stack (most recent call first):
  CMakeLists.txt:26 (find_package)
  CMakeLists.txt:43 (set_up_dependencies)

[0m
[31mCMake Error at /home/stoair/ros2CV/cv_ws/build/topic_interfaces/ament_cmake_core/topic_interfacesConfig.cmake:41 (include):
  include could not find requested file:

    /home/stoair/ros2CV/cv_ws/build/topic_interfaces/ament_cmake_core/ament_cmake_export_dependencies-extras.cmake
Call Stack (most recent call first):
  CMakeLists.txt:26 (find_package)
  CMakeLists.txt:43 (set_up_dependencies)

[0m
[31mCMake Error at /home/stoair/ros2CV/cv_ws/build/topic_interfaces/ament_cmake_core/topic_interfacesConfig.cmake:41 (include):
  include could not find requested file:

    /home/stoair/ros2CV/cv_ws/build/topic_interfaces/ament_cmake_core/rosidl_cmake_export_typesupport_libraries-extras.cmake
Call Stack (most recent call first):
  CMakeLists.txt:26 (find_package)
  CMakeLists.txt:43 (set_up_dependencies)

[0m
-- Found ament_lint_auto: 0.12.10 (/opt/ros/humble/share/ament_lint_auto/cmake)
-- Added test 'cppcheck' to perform static code analysis on C / C++ code
-- Configured cppcheck include dirs: /home/stoair/ros2CV/cv_ws/src/topic/include
-- Configured cppcheck exclude dirs and/or files: 
-- Added test 'lint_cmake' to check CMake code style
-- Added test 'uncrustify' to check C / C++ code style
-- Configured uncrustify additional arguments: 
-- Added test 'xmllint' to check XML markup files
-- Configuring incomplete, errors occurred!
See also "/home/stoair/ros2CV/cv_ws/build/topic/CMakeFiles/CMakeOutput.log".
gmake: *** [Makefile:308：cmake_check_build_system] 错误 1
