[0.072s] DEBUG:colcon:Command line arguments: ['/usr/bin/colcon', 'build', '--packages-select', 'test_rclcpp']
[0.072s] DEBUG:colcon:Parsed command line arguments: Namespace(log_base=None, log_level=None, verb_name='build', build_base='build', install_base='install', merge_install=False, symlink_install=False, test_result_base=None, continue_on_error=False, executor='parallel', parallel_workers=16, event_handlers=None, ignore_user_meta=False, metas=['./colcon.meta'], base_paths=['.'], packages_ignore=None, packages_ignore_regex=None, paths=None, packages_up_to=None, packages_up_to_regex=None, packages_above=None, packages_above_and_dependencies=None, packages_above_depth=None, packages_select_by_dep=None, packages_skip_by_dep=None, packages_skip_up_to=None, packages_select_build_failed=False, packages_skip_build_finished=False, packages_select_test_failures=False, packages_skip_test_passed=False, packages_select=['test_rclcpp'], packages_skip=None, packages_select_regex=None, packages_skip_regex=None, packages_start=None, packages_end=None, allow_overriding=[], cmake_args=None, cmake_target=None, cmake_target_skip_unavailable=False, cmake_clean_cache=False, cmake_clean_first=False, cmake_force_configure=False, ament_cmake_args=None, catkin_cmake_args=None, catkin_skip_building_tests=False, verb_parser=<colcon_defaults.argument_parser.defaults.DefaultArgumentsDecorator object at 0x796eee750fd0>, verb_extension=<colcon_core.verb.build.BuildVerb object at 0x796eee9f4ee0>, main=<bound method BuildVerb.main of <colcon_core.verb.build.BuildVerb object at 0x796eee9f4ee0>>)
[0.182s] Level 1:colcon.colcon_core.package_discovery:discover_packages(colcon_meta) check parameters
[0.182s] Level 1:colcon.colcon_core.package_discovery:discover_packages(recursive) check parameters
[0.182s] Level 1:colcon.colcon_core.package_discovery:discover_packages(ignore) check parameters
[0.182s] Level 1:colcon.colcon_core.package_discovery:discover_packages(path) check parameters
[0.182s] Level 1:colcon.colcon_core.package_discovery:discover_packages(colcon_meta) discover
[0.182s] Level 1:colcon.colcon_core.package_discovery:discover_packages(recursive) discover
[0.182s] INFO:colcon.colcon_core.package_discovery:Crawling recursively for packages in '/home/stoair/ros2CV/cv_ws'
[0.182s] Level 1:colcon.colcon_core.package_identification:_identify(.) by extensions ['ignore', 'ignore_ament_install']
[0.182s] Level 1:colcon.colcon_core.package_identification:_identify(.) by extension 'ignore'
[0.182s] Level 1:colcon.colcon_core.package_identification:_identify(.) by extension 'ignore_ament_install'
[0.182s] Level 1:colcon.colcon_core.package_identification:_identify(.) by extensions ['colcon_pkg']
[0.182s] Level 1:colcon.colcon_core.package_identification:_identify(.) by extension 'colcon_pkg'
[0.182s] Level 1:colcon.colcon_core.package_identification:_identify(.) by extensions ['colcon_meta']
[0.182s] Level 1:colcon.colcon_core.package_identification:_identify(.) by extension 'colcon_meta'
[0.182s] Level 1:colcon.colcon_core.package_identification:_identify(.) by extensions ['ros']
[0.182s] Level 1:colcon.colcon_core.package_identification:_identify(.) by extension 'ros'
[0.204s] Level 1:colcon.colcon_core.package_identification:_identify(.) by extensions ['cmake', 'python']
[0.204s] Level 1:colcon.colcon_core.package_identification:_identify(.) by extension 'cmake'
[0.204s] Level 1:colcon.colcon_core.package_identification:_identify(.) by extension 'python'
[0.204s] Level 1:colcon.colcon_core.package_identification:_identify(.) by extensions ['python_setup_py']
[0.204s] Level 1:colcon.colcon_core.package_identification:_identify(.) by extension 'python_setup_py'
[0.204s] Level 1:colcon.colcon_core.package_identification:_identify(build) by extensions ['ignore', 'ignore_ament_install']
[0.204s] Level 1:colcon.colcon_core.package_identification:_identify(build) by extension 'ignore'
[0.204s] Level 1:colcon.colcon_core.package_identification:_identify(build) ignored
[0.204s] Level 1:colcon.colcon_core.package_identification:_identify(install) by extensions ['ignore', 'ignore_ament_install']
[0.204s] Level 1:colcon.colcon_core.package_identification:_identify(install) by extension 'ignore'
[0.204s] Level 1:colcon.colcon_core.package_identification:_identify(install) ignored
[0.204s] Level 1:colcon.colcon_core.package_identification:_identify(log) by extensions ['ignore', 'ignore_ament_install']
[0.204s] Level 1:colcon.colcon_core.package_identification:_identify(log) by extension 'ignore'
[0.205s] Level 1:colcon.colcon_core.package_identification:_identify(log) ignored
[0.205s] Level 1:colcon.colcon_core.package_identification:_identify(src) by extensions ['ignore', 'ignore_ament_install']
[0.205s] Level 1:colcon.colcon_core.package_identification:_identify(src) by extension 'ignore'
[0.205s] Level 1:colcon.colcon_core.package_identification:_identify(src) by extension 'ignore_ament_install'
[0.205s] Level 1:colcon.colcon_core.package_identification:_identify(src) by extensions ['colcon_pkg']
[0.205s] Level 1:colcon.colcon_core.package_identification:_identify(src) by extension 'colcon_pkg'
[0.205s] Level 1:colcon.colcon_core.package_identification:_identify(src) by extensions ['colcon_meta']
[0.205s] Level 1:colcon.colcon_core.package_identification:_identify(src) by extension 'colcon_meta'
[0.205s] Level 1:colcon.colcon_core.package_identification:_identify(src) by extensions ['ros']
[0.205s] Level 1:colcon.colcon_core.package_identification:_identify(src) by extension 'ros'
[0.205s] Level 1:colcon.colcon_core.package_identification:_identify(src) by extensions ['cmake', 'python']
[0.205s] Level 1:colcon.colcon_core.package_identification:_identify(src) by extension 'cmake'
[0.205s] Level 1:colcon.colcon_core.package_identification:_identify(src) by extension 'python'
[0.205s] Level 1:colcon.colcon_core.package_identification:_identify(src) by extensions ['python_setup_py']
[0.205s] Level 1:colcon.colcon_core.package_identification:_identify(src) by extension 'python_setup_py'
[0.205s] Level 1:colcon.colcon_core.package_identification:_identify(src/ros2_interfaces) by extensions ['ignore', 'ignore_ament_install']
[0.205s] Level 1:colcon.colcon_core.package_identification:_identify(src/ros2_interfaces) by extension 'ignore'
[0.205s] Level 1:colcon.colcon_core.package_identification:_identify(src/ros2_interfaces) by extension 'ignore_ament_install'
[0.205s] Level 1:colcon.colcon_core.package_identification:_identify(src/ros2_interfaces) by extensions ['colcon_pkg']
[0.205s] Level 1:colcon.colcon_core.package_identification:_identify(src/ros2_interfaces) by extension 'colcon_pkg'
[0.205s] Level 1:colcon.colcon_core.package_identification:_identify(src/ros2_interfaces) by extensions ['colcon_meta']
[0.205s] Level 1:colcon.colcon_core.package_identification:_identify(src/ros2_interfaces) by extension 'colcon_meta'
[0.205s] Level 1:colcon.colcon_core.package_identification:_identify(src/ros2_interfaces) by extensions ['ros']
[0.205s] Level 1:colcon.colcon_core.package_identification:_identify(src/ros2_interfaces) by extension 'ros'
[0.207s] DEBUG:colcon.colcon_core.package_identification:Package 'src/ros2_interfaces' with type 'ros.ament_cmake' and name 'ros2_interfaces'
[0.207s] Level 1:colcon.colcon_core.package_identification:_identify(src/test_rclcpp) by extensions ['ignore', 'ignore_ament_install']
[0.207s] Level 1:colcon.colcon_core.package_identification:_identify(src/test_rclcpp) by extension 'ignore'
[0.207s] Level 1:colcon.colcon_core.package_identification:_identify(src/test_rclcpp) by extension 'ignore_ament_install'
[0.207s] Level 1:colcon.colcon_core.package_identification:_identify(src/test_rclcpp) by extensions ['colcon_pkg']
[0.207s] Level 1:colcon.colcon_core.package_identification:_identify(src/test_rclcpp) by extension 'colcon_pkg'
[0.207s] Level 1:colcon.colcon_core.package_identification:_identify(src/test_rclcpp) by extensions ['colcon_meta']
[0.207s] Level 1:colcon.colcon_core.package_identification:_identify(src/test_rclcpp) by extension 'colcon_meta'
[0.207s] Level 1:colcon.colcon_core.package_identification:_identify(src/test_rclcpp) by extensions ['ros']
[0.207s] Level 1:colcon.colcon_core.package_identification:_identify(src/test_rclcpp) by extension 'ros'
[0.207s] DEBUG:colcon.colcon_core.package_identification:Package 'src/test_rclcpp' with type 'ros.ament_cmake' and name 'test_rclcpp'
[0.208s] Level 1:colcon.colcon_core.package_identification:_identify(src/topic2) by extensions ['ignore', 'ignore_ament_install']
[0.208s] Level 1:colcon.colcon_core.package_identification:_identify(src/topic2) by extension 'ignore'
[0.208s] Level 1:colcon.colcon_core.package_identification:_identify(src/topic2) by extension 'ignore_ament_install'
[0.208s] Level 1:colcon.colcon_core.package_identification:_identify(src/topic2) by extensions ['colcon_pkg']
[0.208s] Level 1:colcon.colcon_core.package_identification:_identify(src/topic2) by extension 'colcon_pkg'
[0.208s] Level 1:colcon.colcon_core.package_identification:_identify(src/topic2) by extensions ['colcon_meta']
[0.208s] Level 1:colcon.colcon_core.package_identification:_identify(src/topic2) by extension 'colcon_meta'
[0.208s] Level 1:colcon.colcon_core.package_identification:_identify(src/topic2) by extensions ['ros']
[0.208s] Level 1:colcon.colcon_core.package_identification:_identify(src/topic2) by extension 'ros'
[0.208s] DEBUG:colcon.colcon_core.package_identification:Package 'src/topic2' with type 'ros.ament_cmake' and name 'topic2'
[0.208s] Level 1:colcon.colcon_core.package_identification:_identify(src/webcam_topic) by extensions ['ignore', 'ignore_ament_install']
[0.208s] Level 1:colcon.colcon_core.package_identification:_identify(src/webcam_topic) by extension 'ignore'
[0.208s] Level 1:colcon.colcon_core.package_identification:_identify(src/webcam_topic) by extension 'ignore_ament_install'
[0.208s] Level 1:colcon.colcon_core.package_identification:_identify(src/webcam_topic) by extensions ['colcon_pkg']
[0.208s] Level 1:colcon.colcon_core.package_identification:_identify(src/webcam_topic) by extension 'colcon_pkg'
[0.208s] Level 1:colcon.colcon_core.package_identification:_identify(src/webcam_topic) by extensions ['colcon_meta']
[0.208s] Level 1:colcon.colcon_core.package_identification:_identify(src/webcam_topic) by extension 'colcon_meta'
[0.209s] Level 1:colcon.colcon_core.package_identification:_identify(src/webcam_topic) by extensions ['ros']
[0.209s] Level 1:colcon.colcon_core.package_identification:_identify(src/webcam_topic) by extension 'ros'
[0.209s] DEBUG:colcon.colcon_core.package_identification:Package 'src/webcam_topic' with type 'ros.ament_cmake' and name 'webcam_topic'
[0.209s] Level 1:colcon.colcon_core.package_identification:_identify(src/yolo_topic) by extensions ['ignore', 'ignore_ament_install']
[0.209s] Level 1:colcon.colcon_core.package_identification:_identify(src/yolo_topic) by extension 'ignore'
[0.209s] Level 1:colcon.colcon_core.package_identification:_identify(src/yolo_topic) by extension 'ignore_ament_install'
[0.209s] Level 1:colcon.colcon_core.package_identification:_identify(src/yolo_topic) by extensions ['colcon_pkg']
[0.209s] Level 1:colcon.colcon_core.package_identification:_identify(src/yolo_topic) by extension 'colcon_pkg'
[0.209s] Level 1:colcon.colcon_core.package_identification:_identify(src/yolo_topic) by extensions ['colcon_meta']
[0.209s] Level 1:colcon.colcon_core.package_identification:_identify(src/yolo_topic) by extension 'colcon_meta'
[0.209s] Level 1:colcon.colcon_core.package_identification:_identify(src/yolo_topic) by extensions ['ros']
[0.209s] Level 1:colcon.colcon_core.package_identification:_identify(src/yolo_topic) by extension 'ros'
[0.210s] DEBUG:colcon.colcon_core.package_identification:Package 'src/yolo_topic' with type 'ros.ament_cmake' and name 'yolo_topic'
[0.210s] Level 1:colcon.colcon_core.package_discovery:discover_packages(recursive) using defaults
[0.210s] Level 1:colcon.colcon_core.package_discovery:discover_packages(ignore) discover
[0.210s] Level 1:colcon.colcon_core.package_discovery:discover_packages(ignore) using defaults
[0.210s] Level 1:colcon.colcon_core.package_discovery:discover_packages(path) discover
[0.210s] Level 1:colcon.colcon_core.package_discovery:discover_packages(path) using defaults
[0.223s] INFO:colcon.colcon_core.package_selection:Skipping not selected package 'ros2_interfaces' in 'src/ros2_interfaces'
[0.223s] INFO:colcon.colcon_core.package_selection:Skipping not selected package 'topic2' in 'src/topic2'
[0.223s] INFO:colcon.colcon_core.package_selection:Skipping not selected package 'webcam_topic' in 'src/webcam_topic'
[0.223s] INFO:colcon.colcon_core.package_selection:Skipping not selected package 'yolo_topic' in 'src/yolo_topic'
[0.223s] Level 1:colcon.colcon_core.package_discovery:discover_packages(prefix_path) check parameters
[0.223s] Level 1:colcon.colcon_core.package_discovery:discover_packages(prefix_path) discover
[0.225s] DEBUG:colcon.colcon_installed_package_information.package_discovery:Found 5 installed packages in /home/stoair/ros2CV/cv_ws/install
[0.225s] DEBUG:colcon.colcon_installed_package_information.package_discovery:Found 5 installed packages in /home/stoair/learn_ws/install
[0.225s] DEBUG:colcon.colcon_installed_package_information.package_discovery:Found 21 installed packages in /home/stoair/dev_ws/install
[0.226s] DEBUG:colcon.colcon_installed_package_information.package_discovery:Found 282 installed packages in /opt/ros/humble
[0.227s] Level 1:colcon.colcon_core.package_discovery:discover_packages(prefix_path) using defaults
[0.250s] Level 5:colcon.colcon_core.verb:set package 'test_rclcpp' build argument 'cmake_args' from command line to 'None'
[0.250s] Level 5:colcon.colcon_core.verb:set package 'test_rclcpp' build argument 'cmake_target' from command line to 'None'
[0.250s] Level 5:colcon.colcon_core.verb:set package 'test_rclcpp' build argument 'cmake_target_skip_unavailable' from command line to 'False'
[0.250s] Level 5:colcon.colcon_core.verb:set package 'test_rclcpp' build argument 'cmake_clean_cache' from command line to 'False'
[0.250s] Level 5:colcon.colcon_core.verb:set package 'test_rclcpp' build argument 'cmake_clean_first' from command line to 'False'
[0.250s] Level 5:colcon.colcon_core.verb:set package 'test_rclcpp' build argument 'cmake_force_configure' from command line to 'False'
[0.250s] Level 5:colcon.colcon_core.verb:set package 'test_rclcpp' build argument 'ament_cmake_args' from command line to 'None'
[0.250s] Level 5:colcon.colcon_core.verb:set package 'test_rclcpp' build argument 'catkin_cmake_args' from command line to 'None'
[0.250s] Level 5:colcon.colcon_core.verb:set package 'test_rclcpp' build argument 'catkin_skip_building_tests' from command line to 'False'
[0.250s] DEBUG:colcon.colcon_core.verb:Building package 'test_rclcpp' with the following arguments: {'ament_cmake_args': None, 'build_base': '/home/stoair/ros2CV/cv_ws/build/test_rclcpp', 'catkin_cmake_args': None, 'catkin_skip_building_tests': False, 'cmake_args': None, 'cmake_clean_cache': False, 'cmake_clean_first': False, 'cmake_force_configure': False, 'cmake_target': None, 'cmake_target_skip_unavailable': False, 'install_base': '/home/stoair/ros2CV/cv_ws/install/test_rclcpp', 'merge_install': False, 'path': '/home/stoair/ros2CV/cv_ws/src/test_rclcpp', 'symlink_install': False, 'test_result_base': None}
[0.250s] INFO:colcon.colcon_core.executor:Executing jobs using 'parallel' executor
[0.251s] DEBUG:colcon.colcon_parallel_executor.executor.parallel:run_until_complete
[0.251s] INFO:colcon.colcon_ros.task.ament_cmake.build:Building ROS package in '/home/stoair/ros2CV/cv_ws/src/test_rclcpp' with build type 'ament_cmake'
[0.252s] INFO:colcon.colcon_cmake.task.cmake.build:Building CMake package in '/home/stoair/ros2CV/cv_ws/src/test_rclcpp'
[0.254s] INFO:colcon.colcon_core.plugin_system:Skipping extension 'colcon_core.shell.bat': Not used on non-Windows systems
[0.255s] INFO:colcon.colcon_core.shell:Skip shell extension 'powershell' for command environment: Not usable outside of PowerShell
[0.255s] DEBUG:colcon.colcon_core.shell:Skip shell extension 'dsv' for command environment
[0.266s] DEBUG:colcon.colcon_core.event_handler.log_command:Invoking command in '/home/stoair/ros2CV/cv_ws/build/test_rclcpp': CMAKE_PREFIX_PATH=${CMAKE_PREFIX_PATH}:/home/stoair/dev_ws/install/learning_urdf:/home/stoair/dev_ws/install/learning_topic:/home/stoair/dev_ws/install/learning_tf:/home/stoair/dev_ws/install/learning_service:/home/stoair/dev_ws/install/learning_qos:/home/stoair/dev_ws/install/learning_pkg_python:/home/stoair/dev_ws/install/learning_parameter:/home/stoair/dev_ws/install/learning_node:/home/stoair/dev_ws/install/learning_launch:/home/stoair/dev_ws/install/learning_action:/home/stoair/dev_ws/install/learning_gazebo_fortress:/home/stoair/dev_ws/install/learning_gazebo:/home/stoair/dev_ws/install/learning_cv:/opt/ros/humble CONDA_PROMPT_MODIFIER=(base) /usr/bin/cmake --build /home/stoair/ros2CV/cv_ws/build/test_rclcpp -- -j16 -l16
[4.092s] DEBUG:colcon.colcon_core.event_handler.log_command:Invoked command in '/home/stoair/ros2CV/cv_ws/build/test_rclcpp' returned '0': CMAKE_PREFIX_PATH=${CMAKE_PREFIX_PATH}:/home/stoair/dev_ws/install/learning_urdf:/home/stoair/dev_ws/install/learning_topic:/home/stoair/dev_ws/install/learning_tf:/home/stoair/dev_ws/install/learning_service:/home/stoair/dev_ws/install/learning_qos:/home/stoair/dev_ws/install/learning_pkg_python:/home/stoair/dev_ws/install/learning_parameter:/home/stoair/dev_ws/install/learning_node:/home/stoair/dev_ws/install/learning_launch:/home/stoair/dev_ws/install/learning_action:/home/stoair/dev_ws/install/learning_gazebo_fortress:/home/stoair/dev_ws/install/learning_gazebo:/home/stoair/dev_ws/install/learning_cv:/opt/ros/humble CONDA_PROMPT_MODIFIER=(base) /usr/bin/cmake --build /home/stoair/ros2CV/cv_ws/build/test_rclcpp -- -j16 -l16
[4.120s] DEBUG:colcon.colcon_core.event_handler.log_command:Invoking command in '/home/stoair/ros2CV/cv_ws/build/test_rclcpp': CMAKE_PREFIX_PATH=${CMAKE_PREFIX_PATH}:/home/stoair/dev_ws/install/learning_urdf:/home/stoair/dev_ws/install/learning_topic:/home/stoair/dev_ws/install/learning_tf:/home/stoair/dev_ws/install/learning_service:/home/stoair/dev_ws/install/learning_qos:/home/stoair/dev_ws/install/learning_pkg_python:/home/stoair/dev_ws/install/learning_parameter:/home/stoair/dev_ws/install/learning_node:/home/stoair/dev_ws/install/learning_launch:/home/stoair/dev_ws/install/learning_action:/home/stoair/dev_ws/install/learning_gazebo_fortress:/home/stoair/dev_ws/install/learning_gazebo:/home/stoair/dev_ws/install/learning_cv:/opt/ros/humble CONDA_PROMPT_MODIFIER=(base) /usr/bin/cmake --install /home/stoair/ros2CV/cv_ws/build/test_rclcpp
[4.144s] Level 1:colcon.colcon_core.environment:create_environment_scripts_only(test_rclcpp)
[4.145s] DEBUG:colcon.colcon_core.event_handler.log_command:Invoked command in '/home/stoair/ros2CV/cv_ws/build/test_rclcpp' returned '0': CMAKE_PREFIX_PATH=${CMAKE_PREFIX_PATH}:/home/stoair/dev_ws/install/learning_urdf:/home/stoair/dev_ws/install/learning_topic:/home/stoair/dev_ws/install/learning_tf:/home/stoair/dev_ws/install/learning_service:/home/stoair/dev_ws/install/learning_qos:/home/stoair/dev_ws/install/learning_pkg_python:/home/stoair/dev_ws/install/learning_parameter:/home/stoair/dev_ws/install/learning_node:/home/stoair/dev_ws/install/learning_launch:/home/stoair/dev_ws/install/learning_action:/home/stoair/dev_ws/install/learning_gazebo_fortress:/home/stoair/dev_ws/install/learning_gazebo:/home/stoair/dev_ws/install/learning_cv:/opt/ros/humble CONDA_PROMPT_MODIFIER=(base) /usr/bin/cmake --install /home/stoair/ros2CV/cv_ws/build/test_rclcpp
[4.147s] Level 1:colcon.colcon_core.environment:checking '/home/stoair/ros2CV/cv_ws/install/test_rclcpp' for CMake module files
[4.148s] Level 1:colcon.colcon_core.environment:checking '/home/stoair/ros2CV/cv_ws/install/test_rclcpp' for CMake config files
[4.148s] Level 1:colcon.colcon_core.shell:create_environment_hook('test_rclcpp', 'cmake_prefix_path')
[4.149s] INFO:colcon.colcon_core.shell:Creating environment hook '/home/stoair/ros2CV/cv_ws/install/test_rclcpp/share/test_rclcpp/hook/cmake_prefix_path.ps1'
[4.149s] INFO:colcon.colcon_core.shell:Creating environment descriptor '/home/stoair/ros2CV/cv_ws/install/test_rclcpp/share/test_rclcpp/hook/cmake_prefix_path.dsv'
[4.150s] INFO:colcon.colcon_core.shell:Creating environment hook '/home/stoair/ros2CV/cv_ws/install/test_rclcpp/share/test_rclcpp/hook/cmake_prefix_path.sh'
[4.151s] Level 1:colcon.colcon_core.environment:checking '/home/stoair/ros2CV/cv_ws/install/test_rclcpp/lib'
[4.151s] Level 1:colcon.colcon_core.environment:checking '/home/stoair/ros2CV/cv_ws/install/test_rclcpp/bin'
[4.151s] Level 1:colcon.colcon_core.environment:checking '/home/stoair/ros2CV/cv_ws/install/test_rclcpp/lib/pkgconfig/test_rclcpp.pc'
[4.152s] Level 1:colcon.colcon_core.environment:checking '/home/stoair/ros2CV/cv_ws/install/test_rclcpp/lib/python3.10/site-packages'
[4.152s] Level 1:colcon.colcon_core.environment:checking '/home/stoair/ros2CV/cv_ws/install/test_rclcpp/bin'
[4.152s] INFO:colcon.colcon_core.shell:Creating package script '/home/stoair/ros2CV/cv_ws/install/test_rclcpp/share/test_rclcpp/package.ps1'
[4.153s] INFO:colcon.colcon_core.shell:Creating package descriptor '/home/stoair/ros2CV/cv_ws/install/test_rclcpp/share/test_rclcpp/package.dsv'
[4.154s] INFO:colcon.colcon_core.shell:Creating package script '/home/stoair/ros2CV/cv_ws/install/test_rclcpp/share/test_rclcpp/package.sh'
[4.155s] INFO:colcon.colcon_core.shell:Creating package script '/home/stoair/ros2CV/cv_ws/install/test_rclcpp/share/test_rclcpp/package.bash'
[4.155s] INFO:colcon.colcon_core.shell:Creating package script '/home/stoair/ros2CV/cv_ws/install/test_rclcpp/share/test_rclcpp/package.zsh'
[4.156s] Level 1:colcon.colcon_core.environment:create_file_with_runtime_dependencies(/home/stoair/ros2CV/cv_ws/install/test_rclcpp/share/colcon-core/packages/test_rclcpp)
[4.200s] Level 1:colcon.colcon_core.environment:create_environment_scripts_only(test_rclcpp)
[4.201s] Level 1:colcon.colcon_core.environment:checking '/home/stoair/ros2CV/cv_ws/install/test_rclcpp' for CMake module files
[4.201s] Level 1:colcon.colcon_core.environment:checking '/home/stoair/ros2CV/cv_ws/install/test_rclcpp' for CMake config files
[4.202s] Level 1:colcon.colcon_core.shell:create_environment_hook('test_rclcpp', 'cmake_prefix_path')
[4.202s] INFO:colcon.colcon_core.shell:Creating environment hook '/home/stoair/ros2CV/cv_ws/install/test_rclcpp/share/test_rclcpp/hook/cmake_prefix_path.ps1'
[4.202s] INFO:colcon.colcon_core.shell:Creating environment descriptor '/home/stoair/ros2CV/cv_ws/install/test_rclcpp/share/test_rclcpp/hook/cmake_prefix_path.dsv'
[4.203s] INFO:colcon.colcon_core.shell:Creating environment hook '/home/stoair/ros2CV/cv_ws/install/test_rclcpp/share/test_rclcpp/hook/cmake_prefix_path.sh'
[4.203s] Level 1:colcon.colcon_core.environment:checking '/home/stoair/ros2CV/cv_ws/install/test_rclcpp/lib'
[4.203s] Level 1:colcon.colcon_core.environment:checking '/home/stoair/ros2CV/cv_ws/install/test_rclcpp/bin'
[4.204s] Level 1:colcon.colcon_core.environment:checking '/home/stoair/ros2CV/cv_ws/install/test_rclcpp/lib/pkgconfig/test_rclcpp.pc'
[4.204s] Level 1:colcon.colcon_core.environment:checking '/home/stoair/ros2CV/cv_ws/install/test_rclcpp/lib/python3.10/site-packages'
[4.204s] Level 1:colcon.colcon_core.environment:checking '/home/stoair/ros2CV/cv_ws/install/test_rclcpp/bin'
[4.205s] INFO:colcon.colcon_core.shell:Creating package script '/home/stoair/ros2CV/cv_ws/install/test_rclcpp/share/test_rclcpp/package.ps1'
[4.205s] INFO:colcon.colcon_core.shell:Creating package descriptor '/home/stoair/ros2CV/cv_ws/install/test_rclcpp/share/test_rclcpp/package.dsv'
[4.206s] INFO:colcon.colcon_core.shell:Creating package script '/home/stoair/ros2CV/cv_ws/install/test_rclcpp/share/test_rclcpp/package.sh'
[4.206s] INFO:colcon.colcon_core.shell:Creating package script '/home/stoair/ros2CV/cv_ws/install/test_rclcpp/share/test_rclcpp/package.bash'
[4.206s] INFO:colcon.colcon_core.shell:Creating package script '/home/stoair/ros2CV/cv_ws/install/test_rclcpp/share/test_rclcpp/package.zsh'
[4.207s] Level 1:colcon.colcon_core.environment:create_file_with_runtime_dependencies(/home/stoair/ros2CV/cv_ws/install/test_rclcpp/share/colcon-core/packages/test_rclcpp)
[4.207s] DEBUG:colcon.colcon_parallel_executor.executor.parallel:closing loop
[4.208s] DEBUG:colcon.colcon_parallel_executor.executor.parallel:loop closed
[4.208s] DEBUG:colcon.colcon_parallel_executor.executor.parallel:run_until_complete finished with '0'
[4.208s] DEBUG:colcon.colcon_core.event_reactor:joining thread
[4.216s] INFO:colcon.colcon_core.plugin_system:Skipping extension 'colcon_notification.desktop_notification.terminal_notifier': Not used on non-Darwin systems
[4.216s] INFO:colcon.colcon_core.plugin_system:Skipping extension 'colcon_notification.desktop_notification.win32': Not used on non-Windows systems
[4.216s] INFO:colcon.colcon_notification.desktop_notification:Sending desktop notification using 'notify2'
[4.235s] DEBUG:colcon.colcon_core.event_reactor:joined thread
[4.236s] INFO:colcon.colcon_core.shell:Creating prefix script '/home/stoair/ros2CV/cv_ws/install/local_setup.ps1'
[4.237s] INFO:colcon.colcon_core.shell:Creating prefix util module '/home/stoair/ros2CV/cv_ws/install/_local_setup_util_ps1.py'
[4.237s] INFO:colcon.colcon_core.shell:Creating prefix chain script '/home/stoair/ros2CV/cv_ws/install/setup.ps1'
[4.239s] INFO:colcon.colcon_core.shell:Creating prefix script '/home/stoair/ros2CV/cv_ws/install/local_setup.sh'
[4.239s] INFO:colcon.colcon_core.shell:Creating prefix util module '/home/stoair/ros2CV/cv_ws/install/_local_setup_util_sh.py'
[4.239s] INFO:colcon.colcon_core.shell:Creating prefix chain script '/home/stoair/ros2CV/cv_ws/install/setup.sh'
[4.241s] INFO:colcon.colcon_core.shell:Creating prefix script '/home/stoair/ros2CV/cv_ws/install/local_setup.bash'
[4.241s] INFO:colcon.colcon_core.shell:Creating prefix chain script '/home/stoair/ros2CV/cv_ws/install/setup.bash'
[4.243s] INFO:colcon.colcon_core.shell:Creating prefix script '/home/stoair/ros2CV/cv_ws/install/local_setup.zsh'
[4.243s] INFO:colcon.colcon_core.shell:Creating prefix chain script '/home/stoair/ros2CV/cv_ws/install/setup.zsh'
