[0.009s] Invoking command in '/home/stoair/ros2CV/cv_ws/build/topic': CMAKE_PREFIX_PATH=${CMAKE_PREFIX_PATH}:/home/stoair/dev_ws/install/learning_urdf:/home/stoair/dev_ws/install/learning_topic:/home/stoair/dev_ws/install/learning_tf:/home/stoair/dev_ws/install/learning_service:/home/stoair/dev_ws/install/learning_qos:/home/stoair/dev_ws/install/learning_pkg_python:/home/stoair/dev_ws/install/learning_parameter:/home/stoair/dev_ws/install/learning_node:/home/stoair/dev_ws/install/learning_launch:/home/stoair/dev_ws/install/learning_action:/home/stoair/dev_ws/install/learning_gazebo_fortress:/home/stoair/dev_ws/install/learning_gazebo:/home/stoair/dev_ws/install/learning_cv:/opt/ros/humble CONDA_PROMPT_MODIFIER=(base) /usr/bin/cmake --build /home/stoair/ros2CV/cv_ws/build/topic -- -j16 -l16
[0.027s] -- Found ament_cmake: 1.3.8 (/opt/ros/humble/share/ament_cmake/cmake)
[0.151s] -- Found rclcpp: 16.0.8 (/opt/ros/humble/share/rclcpp/cmake)
[0.171s] -- Found rosidl_generator_c: 3.1.5 (/opt/ros/humble/share/rosidl_generator_c/cmake)
[0.173s] -- Found rosidl_adapter: 3.1.5 (/opt/ros/humble/share/rosidl_adapter/cmake)
[0.177s] -- Found rosidl_generator_cpp: 3.1.5 (/opt/ros/humble/share/rosidl_generator_cpp/cmake)
[0.185s] -- Using all available rosidl_typesupport_c: rosidl_typesupport_fastrtps_c;rosidl_typesupport_introspection_c
[0.195s] -- Using all available rosidl_typesupport_cpp: rosidl_typesupport_fastrtps_cpp;rosidl_typesupport_introspection_cpp
[0.238s] -- Found rmw_implementation_cmake: 6.1.1 (/opt/ros/humble/share/rmw_implementation_cmake/cmake)
[0.240s] -- Found rmw_fastrtps_cpp: 6.2.6 (/opt/ros/humble/share/rmw_fastrtps_cpp/cmake)
[0.337s] -- Using RMW implementation 'rmw_fastrtps_cpp' as default
[0.473s] -- Found cv_bridge: 3.2.1 (/opt/ros/humble/share/cv_bridge/cmake)
[0.572s] [31mCMake Error at CMakeLists.txt:23 (find_package):
[0.572s]   By not providing "Findtopic_interfaces.cmake" in CMAKE_MODULE_PATH this
[0.572s]   project has asked CMake to find a package configuration file provided by
[0.572s]   "topic_interfaces", but CMake did not find one.
[0.572s] 
[0.573s]   Could not find a package configuration file provided by "topic_interfaces"
[0.573s]   with any of the following names:
[0.573s] 
[0.573s]     topic_interfacesConfig.cmake
[0.573s]     topic_interfaces-config.cmake
[0.573s] 
[0.573s]   Add the installation prefix of "topic_interfaces" to CMAKE_PREFIX_PATH or
[0.573s]   set "topic_interfaces_DIR" to a directory containing one of the above
[0.573s]   files.  If "topic_interfaces" provides a separate development package or
[0.573s]   SDK, be sure it has been installed.
[0.573s] Call Stack (most recent call first):
[0.573s]   CMakeLists.txt:37 (set_up_dependencies)
[0.574s] 
[0.574s] [0m
[0.574s] -- Configuring incomplete, errors occurred!
[0.574s] See also "/home/stoair/ros2CV/cv_ws/build/topic/CMakeFiles/CMakeOutput.log".
[0.577s] gmake: *** [Makefile:308：cmake_check_build_system] 错误 1
[0.578s] Invoked command in '/home/stoair/ros2CV/cv_ws/build/topic' returned '2': CMAKE_PREFIX_PATH=${CMAKE_PREFIX_PATH}:/home/stoair/dev_ws/install/learning_urdf:/home/stoair/dev_ws/install/learning_topic:/home/stoair/dev_ws/install/learning_tf:/home/stoair/dev_ws/install/learning_service:/home/stoair/dev_ws/install/learning_qos:/home/stoair/dev_ws/install/learning_pkg_python:/home/stoair/dev_ws/install/learning_parameter:/home/stoair/dev_ws/install/learning_node:/home/stoair/dev_ws/install/learning_launch:/home/stoair/dev_ws/install/learning_action:/home/stoair/dev_ws/install/learning_gazebo_fortress:/home/stoair/dev_ws/install/learning_gazebo:/home/stoair/dev_ws/install/learning_cv:/opt/ros/humble CONDA_PROMPT_MODIFIER=(base) /usr/bin/cmake --build /home/stoair/ros2CV/cv_ws/build/topic -- -j16 -l16
