[0.037s] Invoking command in '/home/stoair/ros2CV/cv_ws/build/webcam_topic': CMAKE_PREFIX_PATH=${CMAKE_PREFIX_PATH}:/home/stoair/dev_ws/install/learning_urdf:/home/stoair/dev_ws/install/learning_topic:/home/stoair/dev_ws/install/learning_tf:/home/stoair/dev_ws/install/learning_service:/home/stoair/dev_ws/install/learning_qos:/home/stoair/dev_ws/install/learning_pkg_python:/home/stoair/dev_ws/install/learning_parameter:/home/stoair/dev_ws/install/learning_node:/home/stoair/dev_ws/install/learning_launch:/home/stoair/dev_ws/install/learning_action:/home/stoair/dev_ws/install/learning_gazebo_fortress:/home/stoair/dev_ws/install/learning_gazebo:/home/stoair/dev_ws/install/learning_cv:/opt/ros/humble CONDA_PROMPT_MODIFIER=(base) /usr/bin/cmake --build /home/stoair/ros2CV/cv_ws/build/webcam_topic -- -j16 -l16
[0.064s] -- Found ament_cmake: 1.3.8 (/opt/ros/humble/share/ament_cmake/cmake)
[0.174s] -- Found rclcpp: 16.0.8 (/opt/ros/humble/share/rclcpp/cmake)
[0.193s] -- Found rosidl_generator_c: 3.1.5 (/opt/ros/humble/share/rosidl_generator_c/cmake)
[0.195s] -- Found rosidl_adapter: 3.1.5 (/opt/ros/humble/share/rosidl_adapter/cmake)
[0.199s] -- Found rosidl_generator_cpp: 3.1.5 (/opt/ros/humble/share/rosidl_generator_cpp/cmake)
[0.206s] -- Using all available rosidl_typesupport_c: rosidl_typesupport_fastrtps_c;rosidl_typesupport_introspection_c
[0.222s] -- Using all available rosidl_typesupport_cpp: rosidl_typesupport_fastrtps_cpp;rosidl_typesupport_introspection_cpp
[0.261s] -- Found rmw_implementation_cmake: 6.1.1 (/opt/ros/humble/share/rmw_implementation_cmake/cmake)
[0.263s] -- Found rmw_fastrtps_cpp: 6.2.6 (/opt/ros/humble/share/rmw_fastrtps_cpp/cmake)
[0.352s] -- Using RMW implementation 'rmw_fastrtps_cpp' as default
[0.480s] -- Found cv_bridge: 3.2.1 (/opt/ros/humble/share/cv_bridge/cmake)
[0.576s] -- Found ament_lint_auto: 0.12.10 (/opt/ros/humble/share/ament_lint_auto/cmake)
[0.650s] -- Added test 'cppcheck' to perform static code analysis on C / C++ code
[0.650s] -- Configured cppcheck include dirs: 
[0.650s] -- Configured cppcheck exclude dirs and/or files: 
[0.650s] -- Added test 'lint_cmake' to check CMake code style
[0.651s] -- Added test 'uncrustify' to check C / C++ code style
[0.651s] -- Configured uncrustify additional arguments: 
[0.651s] -- Added test 'xmllint' to check XML markup files
[0.651s] -- Configuring done
[0.666s] -- Generating done
[0.667s] -- Build files have been written to: /home/stoair/ros2CV/cv_ws/build/webcam_topic
[0.686s] [35m[1mConsolidate compiler generated dependencies of target webcam_sub[0m
[0.686s] [35m[1mConsolidate compiler generated dependencies of target webcam_pub[0m
[0.701s] [ 50%] [32mBuilding CXX object CMakeFiles/webcam_pub.dir/src/webcam_pub.cpp.o[0m
[0.701s] [ 75%] Built target webcam_sub
[4.362s] [100%] [32m[1mLinking CXX executable webcam_pub[0m
[4.532s] /usr/bin/ld: warning: libopencv_core.so.4.5d, needed by /opt/ros/humble/lib/libcv_bridge.so, may conflict with libopencv_core.so.409
[4.880s] [100%] Built target webcam_pub
[4.890s] Invoked command in '/home/stoair/ros2CV/cv_ws/build/webcam_topic' returned '0': CMAKE_PREFIX_PATH=${CMAKE_PREFIX_PATH}:/home/stoair/dev_ws/install/learning_urdf:/home/stoair/dev_ws/install/learning_topic:/home/stoair/dev_ws/install/learning_tf:/home/stoair/dev_ws/install/learning_service:/home/stoair/dev_ws/install/learning_qos:/home/stoair/dev_ws/install/learning_pkg_python:/home/stoair/dev_ws/install/learning_parameter:/home/stoair/dev_ws/install/learning_node:/home/stoair/dev_ws/install/learning_launch:/home/stoair/dev_ws/install/learning_action:/home/stoair/dev_ws/install/learning_gazebo_fortress:/home/stoair/dev_ws/install/learning_gazebo:/home/stoair/dev_ws/install/learning_cv:/opt/ros/humble CONDA_PROMPT_MODIFIER=(base) /usr/bin/cmake --build /home/stoair/ros2CV/cv_ws/build/webcam_topic -- -j16 -l16
[4.932s] Invoking command in '/home/stoair/ros2CV/cv_ws/build/webcam_topic': CMAKE_PREFIX_PATH=${CMAKE_PREFIX_PATH}:/home/stoair/dev_ws/install/learning_urdf:/home/stoair/dev_ws/install/learning_topic:/home/stoair/dev_ws/install/learning_tf:/home/stoair/dev_ws/install/learning_service:/home/stoair/dev_ws/install/learning_qos:/home/stoair/dev_ws/install/learning_pkg_python:/home/stoair/dev_ws/install/learning_parameter:/home/stoair/dev_ws/install/learning_node:/home/stoair/dev_ws/install/learning_launch:/home/stoair/dev_ws/install/learning_action:/home/stoair/dev_ws/install/learning_gazebo_fortress:/home/stoair/dev_ws/install/learning_gazebo:/home/stoair/dev_ws/install/learning_cv:/opt/ros/humble CONDA_PROMPT_MODIFIER=(base) /usr/bin/cmake --install /home/stoair/ros2CV/cv_ws/build/webcam_topic
[4.941s] -- Install configuration: ""
[4.950s] -- Installing: /home/stoair/ros2CV/cv_ws/install/webcam_topic/lib/webcam_topic/webcam_pub
[4.951s] -- Set runtime path of "/home/stoair/ros2CV/cv_ws/install/webcam_topic/lib/webcam_topic/webcam_pub" to ""
[4.953s] -- Up-to-date: /home/stoair/ros2CV/cv_ws/install/webcam_topic/lib/webcam_topic/webcam_sub
[4.953s] -- Up-to-date: /home/stoair/ros2CV/cv_ws/install/webcam_topic/share/ament_index/resource_index/package_run_dependencies/webcam_topic
[4.953s] -- Installing: /home/stoair/ros2CV/cv_ws/install/webcam_topic/share/ament_index/resource_index/parent_prefix_path/webcam_topic
[4.954s] -- Up-to-date: /home/stoair/ros2CV/cv_ws/install/webcam_topic/share/webcam_topic/environment/ament_prefix_path.sh
[4.954s] -- Installing: /home/stoair/ros2CV/cv_ws/install/webcam_topic/share/webcam_topic/environment/ament_prefix_path.dsv
[4.954s] -- Up-to-date: /home/stoair/ros2CV/cv_ws/install/webcam_topic/share/webcam_topic/environment/path.sh
[4.954s] -- Installing: /home/stoair/ros2CV/cv_ws/install/webcam_topic/share/webcam_topic/environment/path.dsv
[4.954s] -- Up-to-date: /home/stoair/ros2CV/cv_ws/install/webcam_topic/share/webcam_topic/local_setup.bash
[4.954s] -- Up-to-date: /home/stoair/ros2CV/cv_ws/install/webcam_topic/share/webcam_topic/local_setup.sh
[4.954s] -- Up-to-date: /home/stoair/ros2CV/cv_ws/install/webcam_topic/share/webcam_topic/local_setup.zsh
[4.954s] -- Installing: /home/stoair/ros2CV/cv_ws/install/webcam_topic/share/webcam_topic/local_setup.dsv
[4.955s] -- Installing: /home/stoair/ros2CV/cv_ws/install/webcam_topic/share/webcam_topic/package.dsv
[4.955s] -- Up-to-date: /home/stoair/ros2CV/cv_ws/install/webcam_topic/share/ament_index/resource_index/packages/webcam_topic
[4.955s] -- Up-to-date: /home/stoair/ros2CV/cv_ws/install/webcam_topic/share/webcam_topic/cmake/webcam_topicConfig.cmake
[4.955s] -- Up-to-date: /home/stoair/ros2CV/cv_ws/install/webcam_topic/share/webcam_topic/cmake/webcam_topicConfig-version.cmake
[4.955s] -- Up-to-date: /home/stoair/ros2CV/cv_ws/install/webcam_topic/share/webcam_topic/package.xml
[4.956s] Invoked command in '/home/stoair/ros2CV/cv_ws/build/webcam_topic' returned '0': CMAKE_PREFIX_PATH=${CMAKE_PREFIX_PATH}:/home/stoair/dev_ws/install/learning_urdf:/home/stoair/dev_ws/install/learning_topic:/home/stoair/dev_ws/install/learning_tf:/home/stoair/dev_ws/install/learning_service:/home/stoair/dev_ws/install/learning_qos:/home/stoair/dev_ws/install/learning_pkg_python:/home/stoair/dev_ws/install/learning_parameter:/home/stoair/dev_ws/install/learning_node:/home/stoair/dev_ws/install/learning_launch:/home/stoair/dev_ws/install/learning_action:/home/stoair/dev_ws/install/learning_gazebo_fortress:/home/stoair/dev_ws/install/learning_gazebo:/home/stoair/dev_ws/install/learning_cv:/opt/ros/humble CONDA_PROMPT_MODIFIER=(base) /usr/bin/cmake --install /home/stoair/ros2CV/cv_ws/build/webcam_topic
