[0.010s] Invoking command in '/home/stoair/ros2CV/cv_ws/build/topic': AMENT_PREFIX_PATH=/home/stoair/ros2CV/cv_ws/install/topic_interfaces:${AMENT_PREFIX_PATH} CMAKE_PREFIX_PATH=/home/stoair/ros2CV/cv_ws/install/topic_interfaces:/home/stoair/ros2CV/cv_ws/install/webcam_topic:/home/stoair/learn_ws/install/service:/home/stoair/learn_ws/install/own_service:/home/stoair/learn_ws/install/ros_interfaces:/home/stoair/learn_ws/install/helloworld:/home/stoair/learn_ws/install/hellotopic:/home/stoair/dev_ws/install/learning_topic_cpp:/home/stoair/dev_ws/install/learning_tf_cpp:/home/stoair/dev_ws/install/learning_service_cpp:/home/stoair/dev_ws/install/learning_pkg_c:/home/stoair/dev_ws/install/learning_parameter_cpp:/home/stoair/dev_ws/install/learning_node_cpp:/home/stoair/dev_ws/install/learning_action_cpp:/home/stoair/dev_ws/install/learning_interface:/home/stoair/dev_ws/install/learning_urdf:/home/stoair/dev_ws/install/learning_topic:/home/stoair/dev_ws/install/learning_tf:/home/stoair/dev_ws/install/learning_service:/home/stoair/dev_ws/install/learning_qos:/home/stoair/dev_ws/install/learning_pkg_python:/home/stoair/dev_ws/install/learning_parameter:/home/stoair/dev_ws/install/learning_node:/home/stoair/dev_ws/install/learning_launch:/home/stoair/dev_ws/install/learning_action:/home/stoair/dev_ws/install/learning_gazebo_fortress:/home/stoair/dev_ws/install/learning_gazebo:/home/stoair/dev_ws/install/learning_cv:/opt/ros/humble CONDA_PROMPT_MODIFIER=(base) LD_LIBRARY_PATH=/home/stoair/ros2CV/cv_ws/install/topic_interfaces/lib:/usr/local/cuda-12.1/lib64:/home/stoair/learn_ws/install/ros_interfaces/lib:/home/stoair/dev_ws/install/learning_interface/lib:/opt/ros/humble/opt/rviz_ogre_vendor/lib:/opt/ros/humble/lib/x86_64-linux-gnu:/opt/ros/humble/lib:/usr/local/cuda-12.1/lib64:/usr/local/lib:/usr/local/lib PYTHONPATH=/home/stoair/ros2CV/cv_ws/install/topic_interfaces/lib/python3.11/site-packages:${PYTHONPATH} /usr/bin/cmake --build /home/stoair/ros2CV/cv_ws/build/topic -- -j16 -l16
[0.030s] -- Found rclcpp: 16.0.8 (/opt/ros/humble/share/rclcpp/cmake)
[0.165s] -- Found rosidl_generator_c: 3.1.5 (/opt/ros/humble/share/rosidl_generator_c/cmake)
[0.167s] -- Found rosidl_adapter: 3.1.5 (/opt/ros/humble/share/rosidl_adapter/cmake)
[0.171s] -- Found rosidl_generator_cpp: 3.1.5 (/opt/ros/humble/share/rosidl_generator_cpp/cmake)
[0.179s] -- Using all available rosidl_typesupport_c: rosidl_typesupport_fastrtps_c;rosidl_typesupport_introspection_c
[0.189s] -- Using all available rosidl_typesupport_cpp: rosidl_typesupport_fastrtps_cpp;rosidl_typesupport_introspection_cpp
[0.229s] -- Found rmw_implementation_cmake: 6.1.1 (/opt/ros/humble/share/rmw_implementation_cmake/cmake)
[0.231s] -- Found rmw_fastrtps_cpp: 6.2.6 (/opt/ros/humble/share/rmw_fastrtps_cpp/cmake)
[0.328s] -- Using RMW implementation 'rmw_fastrtps_cpp' as default
[0.449s] -- Found cv_bridge: 3.2.1 (/opt/ros/humble/share/cv_bridge/cmake)
[0.539s] -- Found topic_interfaces: 0.0.0 (/home/stoair/ros2CV/cv_ws/install/topic_interfaces/share/topic_interfaces/cmake)
[0.552s] -- Found rclcpp: 16.0.8 (/opt/ros/humble/share/rclcpp/cmake)
[0.620s] -- Found rosidl_generator_c: 3.1.5 (/opt/ros/humble/share/rosidl_generator_c/cmake)
[0.622s] -- Found rosidl_adapter: 3.1.5 (/opt/ros/humble/share/rosidl_adapter/cmake)
[0.626s] -- Found rosidl_generator_cpp: 3.1.5 (/opt/ros/humble/share/rosidl_generator_cpp/cmake)
[0.634s] -- Using all available rosidl_typesupport_c: rosidl_typesupport_fastrtps_c;rosidl_typesupport_introspection_c
[0.644s] -- Using all available rosidl_typesupport_cpp: rosidl_typesupport_fastrtps_cpp;rosidl_typesupport_introspection_cpp
[0.682s] -- Found rmw_implementation_cmake: 6.1.1 (/opt/ros/humble/share/rmw_implementation_cmake/cmake)
[0.683s] -- Found rmw_fastrtps_cpp: 6.2.6 (/opt/ros/humble/share/rmw_fastrtps_cpp/cmake)
[0.773s] -- Using RMW implementation 'rmw_fastrtps_cpp' as default
[0.886s] -- Found cv_bridge: 3.2.1 (/opt/ros/humble/share/cv_bridge/cmake)
[0.973s] -- Found topic_interfaces: 0.0.0 (/home/stoair/ros2CV/cv_ws/install/topic_interfaces/share/topic_interfaces/cmake)
[0.985s] -- Found ament_lint_auto: 0.12.10 (/opt/ros/humble/share/ament_lint_auto/cmake)
[1.101s] -- Added test 'cppcheck' to perform static code analysis on C / C++ code
[1.101s] -- Configured cppcheck include dirs: /home/stoair/ros2CV/cv_ws/src/topic/include
[1.101s] -- Configured cppcheck exclude dirs and/or files: 
[1.101s] -- Added test 'lint_cmake' to check CMake code style
[1.102s] -- Added test 'uncrustify' to check C / C++ code style
[1.102s] -- Configured uncrustify additional arguments: 
[1.102s] -- Added test 'xmllint' to check XML markup files
[1.103s] -- Configuring done
[1.105s] [31mCMake Error at CMakeLists.txt:36 (add_library):
[1.105s]   Cannot find source file:
[1.105s] 
[1.105s]     yolo.cpp
[1.105s] 
[1.105s]   Tried extensions .c .C .c++ .cc .cpp .cxx .cu .mpp .m .M .mm .ixx .cppm .h
[1.105s]   .hh .h++ .hm .hpp .hxx .in .txx .f .F .for .f77 .f90 .f95 .f03 .hip .ispc
[1.105s] 
[1.105s] [0m
[1.105s] [31mCMake Error at CMakeLists.txt:39 (add_executable):
[1.105s]   Cannot find source file:
[1.105s] 
[1.105s]     image_pub.cpp
[1.105s] 
[1.105s]   Tried extensions .c .C .c++ .cc .cpp .cxx .cu .mpp .m .M .mm .ixx .cppm .h
[1.105s]   .hh .h++ .hm .hpp .hxx .in .txx .f .F .for .f77 .f90 .f95 .f03 .hip .ispc
[1.105s] 
[1.106s] [0m
[1.106s] [31mCMake Error at CMakeLists.txt:43 (add_executable):
[1.106s]   Cannot find source file:
[1.106s] 
[1.106s]     image_sub.cpp
[1.106s] 
[1.107s]   Tried extensions .c .C .c++ .cc .cpp .cxx .cu .mpp .m .M .mm .ixx .cppm .h
[1.107s]   .hh .h++ .hm .hpp .hxx .in .txx .f .F .for .f77 .f90 .f95 .f03 .hip .ispc
[1.107s] 
[1.107s] [0m
[1.107s] [31mCMake Error at CMakeLists.txt:36 (add_library):
[1.107s]   No SOURCES given to target: yolo_lib
[1.107s] 
[1.107s] [0m
[1.107s] [31mCMake Error at CMakeLists.txt:39 (add_executable):
[1.107s]   No SOURCES given to target: image_pub
[1.107s] 
[1.107s] [0m
[1.107s] [31mCMake Error at CMakeLists.txt:43 (add_executable):
[1.107s]   No SOURCES given to target: image_sub
[1.107s] 
[1.107s] [0m
[1.108s] [0mCMake Generate step failed.  Build files cannot be regenerated correctly.[0m
[1.114s] gmake: *** [Makefile:349：cmake_check_build_system] 错误 1
[1.115s] Invoked command in '/home/stoair/ros2CV/cv_ws/build/topic' returned '2': AMENT_PREFIX_PATH=/home/stoair/ros2CV/cv_ws/install/topic_interfaces:${AMENT_PREFIX_PATH} CMAKE_PREFIX_PATH=/home/stoair/ros2CV/cv_ws/install/topic_interfaces:/home/stoair/ros2CV/cv_ws/install/webcam_topic:/home/stoair/learn_ws/install/service:/home/stoair/learn_ws/install/own_service:/home/stoair/learn_ws/install/ros_interfaces:/home/stoair/learn_ws/install/helloworld:/home/stoair/learn_ws/install/hellotopic:/home/stoair/dev_ws/install/learning_topic_cpp:/home/stoair/dev_ws/install/learning_tf_cpp:/home/stoair/dev_ws/install/learning_service_cpp:/home/stoair/dev_ws/install/learning_pkg_c:/home/stoair/dev_ws/install/learning_parameter_cpp:/home/stoair/dev_ws/install/learning_node_cpp:/home/stoair/dev_ws/install/learning_action_cpp:/home/stoair/dev_ws/install/learning_interface:/home/stoair/dev_ws/install/learning_urdf:/home/stoair/dev_ws/install/learning_topic:/home/stoair/dev_ws/install/learning_tf:/home/stoair/dev_ws/install/learning_service:/home/stoair/dev_ws/install/learning_qos:/home/stoair/dev_ws/install/learning_pkg_python:/home/stoair/dev_ws/install/learning_parameter:/home/stoair/dev_ws/install/learning_node:/home/stoair/dev_ws/install/learning_launch:/home/stoair/dev_ws/install/learning_action:/home/stoair/dev_ws/install/learning_gazebo_fortress:/home/stoair/dev_ws/install/learning_gazebo:/home/stoair/dev_ws/install/learning_cv:/opt/ros/humble CONDA_PROMPT_MODIFIER=(base) LD_LIBRARY_PATH=/home/stoair/ros2CV/cv_ws/install/topic_interfaces/lib:/usr/local/cuda-12.1/lib64:/home/stoair/learn_ws/install/ros_interfaces/lib:/home/stoair/dev_ws/install/learning_interface/lib:/opt/ros/humble/opt/rviz_ogre_vendor/lib:/opt/ros/humble/lib/x86_64-linux-gnu:/opt/ros/humble/lib:/usr/local/cuda-12.1/lib64:/usr/local/lib:/usr/local/lib PYTHONPATH=/home/stoair/ros2CV/cv_ws/install/topic_interfaces/lib/python3.11/site-packages:${PYTHONPATH} /usr/bin/cmake --build /home/stoair/ros2CV/cv_ws/build/topic -- -j16 -l16
