In file included from [01m[K/home/stoair/ros2CV/cv_ws/src/topic2/src/image_pub.cpp:1[m[K:
[01m[K/home/stoair/ros2CV/cv_ws/src/topic2/src/global.hpp:15:10:[m[K [01;31m[Kfatal error: [m[Krclcpp/rclcpp.hpp: æ²¡æœ‰é‚£ä¸ªæ–‡ä»¶æˆ–ç›®å½•
   15 | #include [01;31m[K<rclcpp/rclcpp.hpp>[m[K
      |          [01;31m[K^~~~~~~~~~~~~~~~~~~[m[K
compilation terminated.
gmake[2]: *** [CMakeFiles/image_pub.dir/build.make:76ï¼šCMakeFiles/image_pub.dir/src/image_pub.cpp.o] é”™è¯¯ 1
gmake[2]: *** æ­£åœ¨ç­‰å¾…æœªå®Œæˆçš„ä»»åŠ¡....
In file included from [01m[K/home/stoair/ros2CV/cv_ws/src/topic2/src/yolo.cpp:1[m[K:
[01m[K/home/stoair/ros2CV/cv_ws/src/topic2/src/global.hpp:15:10:[m[K [01;31m[Kfatal error: [m[Krclcpp/rclcpp.hpp: æ²¡æœ‰é‚£ä¸ªæ–‡ä»¶æˆ–ç›®å½•
   15 | #include [01;31m[K<rclcpp/rclcpp.hpp>[m[K
      |          [01;31m[K^~~~~~~~~~~~~~~~~~~[m[K
compilation terminated.
gmake[2]: *** [CMakeFiles/image_sub.dir/build.make:90ï¼šCMakeFiles/image_sub.dir/src/yolo.cpp.o] é”™è¯¯ 1
gmake[2]: *** æ­£åœ¨ç­‰å¾…æœªå®Œæˆçš„ä»»åŠ¡....
In file included from [01m[K/home/stoair/ros2CV/cv_ws/src/topic2/src/image_sub.cpp:1[m[K:
[01m[K/home/stoair/ros2CV/cv_ws/src/topic2/src/global.hpp:15:10:[m[K [01;31m[Kfatal error: [m[Krclcpp/rclcpp.hpp: æ²¡æœ‰é‚£ä¸ªæ–‡ä»¶æˆ–ç›®å½•
   15 | #include [01;31m[K<rclcpp/rclcpp.hpp>[m[K
      |          [01;31m[K^~~~~~~~~~~~~~~~~~~[m[K
compilation terminated.
gmake[2]: *** [CMakeFiles/image_sub.dir/build.make:76ï¼šCMakeFiles/image_sub.dir/src/image_sub.cpp.o] é”™è¯¯ 1
gmake[1]: *** [CMakeFiles/Makefile2:165ï¼šCMakeFiles/image_sub.dir/all] é”™è¯¯ 2
gmake[1]: *** æ­£åœ¨ç­‰å¾…æœªå®Œæˆçš„ä»»åŠ¡....
In file included from [01m[K/home/stoair/ros2CV/cv_ws/src/topic2/src/yolo.cpp:1[m[K:
[01m[K/home/stoair/ros2CV/cv_ws/src/topic2/src/global.hpp:15:10:[m[K [01;31m[Kfatal error: [m[Krclcpp/rclcpp.hpp: æ²¡æœ‰é‚£ä¸ªæ–‡ä»¶æˆ–ç›®å½•
   15 | #include [01;31m[K<rclcpp/rclcpp.hpp>[m[K
      |          [01;31m[K^~~~~~~~~~~~~~~~~~~[m[K
compilation terminated.
gmake[2]: *** [CMakeFiles/image_pub.dir/build.make:90ï¼šCMakeFiles/image_pub.dir/src/yolo.cpp.o] é”™è¯¯ 1
gmake[1]: *** [CMakeFiles/Makefile2:139ï¼šCMakeFiles/image_pub.dir/all] é”™è¯¯ 2
gmake: *** [Makefile:146ï¼šall] é”™è¯¯ 2
