[35m[1mConsolidate compiler generated dependencies of target topic_interfaces__rosidl_generator_c[0m
[  3%] Built target topic_interfaces__cpp
[ 12%] Built target topic_interfaces__rosidl_generator_c
[ 12%] Built target ament_cmake_python_copy_topic_interfaces
[35m[1mConsolidate compiler generated dependencies of target topic_interfaces__rosidl_typesupport_cpp[0m
[35m[1mConsolidate compiler generated dependencies of target topic_interfaces__rosidl_typesupport_introspection_cpp[0m
[35m[1mConsolidate compiler generated dependencies of target topic_interfaces__rosidl_typesupport_introspection_c[0m
[35m[1mConsolidate compiler generated dependencies of target topic_interfaces__rosidl_typesupport_fastrtps_cpp[0m
[35m[1mConsolidate compiler generated dependencies of target topic_interfaces__rosidl_typesupport_c[0m
[35m[1mConsolidate compiler generated dependencies of target topic_interfaces__rosidl_typesupport_fastrtps_c[0m
[ 32%] Built target topic_interfaces__rosidl_typesupport_introspection_c
[ 32%] Built target topic_interfaces__rosidl_typesupport_cpp
[ 41%] Built target topic_interfaces__rosidl_typesupport_fastrtps_cpp
[ 51%] Built target topic_interfaces__rosidl_typesupport_introspection_cpp
[ 61%] Built target topic_interfaces__rosidl_typesupport_c
[ 70%] Built target topic_interfaces__rosidl_typesupport_fastrtps_c
[ 70%] Built target topic_interfaces
[ 74%] Built target topic_interfaces__py
[35m[1mConsolidate compiler generated dependencies of target topic_interfaces__rosidl_generator_py[0m
[ 80%] Built target topic_interfaces__rosidl_generator_py
[35m[1mConsolidate compiler generated dependencies of target topic_interfaces__rosidl_typesupport_introspection_c__pyext[0m
[35m[1mConsolidate compiler generated dependencies of target topic_interfaces__rosidl_typesupport_fastrtps_c__pyext[0m
[35m[1mConsolidate compiler generated dependencies of target topic_interfaces__rosidl_typesupport_c__pyext[0m
[ 93%] Built target topic_interfaces__rosidl_typesupport_fastrtps_c__pyext
[ 93%] Built target topic_interfaces__rosidl_typesupport_introspection_c__pyext
[100%] Built target topic_interfaces__rosidl_typesupport_c__pyext
running egg_info
writing topic_interfaces.egg-info/PKG-INFO
writing dependency_links to topic_interfaces.egg-info/dependency_links.txt
writing top-level names to topic_interfaces.egg-info/top_level.txt
reading manifest file 'topic_interfaces.egg-info/SOURCES.txt'
writing manifest file 'topic_interfaces.egg-info/SOURCES.txt'
[100%] Built target ament_cmake_python_build_topic_interfaces_egg
-- Install configuration: ""
-- Up-to-date: /home/stoair/ros2CV/cv_ws/install/topic_interfaces/share/ament_index/resource_index/rosidl_interfaces/topic_interfaces
-- Up-to-date: /home/stoair/ros2CV/cv_ws/install/topic_interfaces/include/topic_interfaces/topic_interfaces
-- Up-to-date: /home/stoair/ros2CV/cv_ws/install/topic_interfaces/include/topic_interfaces/topic_interfaces/msg
-- Up-to-date: /home/stoair/ros2CV/cv_ws/install/topic_interfaces/include/topic_interfaces/topic_interfaces/msg/rosidl_generator_c__visibility_control.h
-- Up-to-date: /home/stoair/ros2CV/cv_ws/install/topic_interfaces/include/topic_interfaces/topic_interfaces/msg/coord.h
-- Up-to-date: /home/stoair/ros2CV/cv_ws/install/topic_interfaces/include/topic_interfaces/topic_interfaces/msg/detail
-- Up-to-date: /home/stoair/ros2CV/cv_ws/install/topic_interfaces/include/topic_interfaces/topic_interfaces/msg/detail/coord__functions.c
-- Up-to-date: /home/stoair/ros2CV/cv_ws/install/topic_interfaces/include/topic_interfaces/topic_interfaces/msg/detail/coord__functions.h
-- Up-to-date: /home/stoair/ros2CV/cv_ws/install/topic_interfaces/include/topic_interfaces/topic_interfaces/msg/detail/coord__struct.h
-- Up-to-date: /home/stoair/ros2CV/cv_ws/install/topic_interfaces/include/topic_interfaces/topic_interfaces/msg/detail/coord__type_support.h
-- Up-to-date: /home/stoair/ros2CV/cv_ws/install/topic_interfaces/share/topic_interfaces/environment/library_path.sh
-- Up-to-date: /home/stoair/ros2CV/cv_ws/install/topic_interfaces/share/topic_interfaces/environment/library_path.dsv
-- Up-to-date: /home/stoair/ros2CV/cv_ws/install/topic_interfaces/lib/libtopic_interfaces__rosidl_generator_c.so
-- Up-to-date: /home/stoair/ros2CV/cv_ws/install/topic_interfaces/include/topic_interfaces/topic_interfaces
-- Up-to-date: /home/stoair/ros2CV/cv_ws/install/topic_interfaces/include/topic_interfaces/topic_interfaces/msg
-- Up-to-date: /home/stoair/ros2CV/cv_ws/install/topic_interfaces/include/topic_interfaces/topic_interfaces/msg/rosidl_typesupport_fastrtps_c__visibility_control.h
-- Up-to-date: /home/stoair/ros2CV/cv_ws/install/topic_interfaces/include/topic_interfaces/topic_interfaces/msg/detail
-- Up-to-date: /home/stoair/ros2CV/cv_ws/install/topic_interfaces/include/topic_interfaces/topic_interfaces/msg/detail/coord__rosidl_typesupport_fastrtps_c.h
-- Up-to-date: /home/stoair/ros2CV/cv_ws/install/topic_interfaces/lib/libtopic_interfaces__rosidl_typesupport_fastrtps_c.so
-- Up-to-date: /home/stoair/ros2CV/cv_ws/install/topic_interfaces/include/topic_interfaces/topic_interfaces
-- Up-to-date: /home/stoair/ros2CV/cv_ws/install/topic_interfaces/include/topic_interfaces/topic_interfaces/msg
-- Up-to-date: /home/stoair/ros2CV/cv_ws/install/topic_interfaces/include/topic_interfaces/topic_interfaces/msg/rosidl_typesupport_introspection_c__visibility_control.h
-- Up-to-date: /home/stoair/ros2CV/cv_ws/install/topic_interfaces/include/topic_interfaces/topic_interfaces/msg/detail
-- Up-to-date: /home/stoair/ros2CV/cv_ws/install/topic_interfaces/include/topic_interfaces/topic_interfaces/msg/detail/coord__rosidl_typesupport_introspection_c.h
-- Up-to-date: /home/stoair/ros2CV/cv_ws/install/topic_interfaces/include/topic_interfaces/topic_interfaces/msg/detail/coord__type_support.c
-- Up-to-date: /home/stoair/ros2CV/cv_ws/install/topic_interfaces/lib/libtopic_interfaces__rosidl_typesupport_introspection_c.so
-- Up-to-date: /home/stoair/ros2CV/cv_ws/install/topic_interfaces/lib/libtopic_interfaces__rosidl_typesupport_c.so
-- Up-to-date: /home/stoair/ros2CV/cv_ws/install/topic_interfaces/include/topic_interfaces/topic_interfaces
-- Up-to-date: /home/stoair/ros2CV/cv_ws/install/topic_interfaces/include/topic_interfaces/topic_interfaces/msg
-- Up-to-date: /home/stoair/ros2CV/cv_ws/install/topic_interfaces/include/topic_interfaces/topic_interfaces/msg/coord.hpp
-- Up-to-date: /home/stoair/ros2CV/cv_ws/install/topic_interfaces/include/topic_interfaces/topic_interfaces/msg/detail
-- Up-to-date: /home/stoair/ros2CV/cv_ws/install/topic_interfaces/include/topic_interfaces/topic_interfaces/msg/detail/coord__builder.hpp
-- Up-to-date: /home/stoair/ros2CV/cv_ws/install/topic_interfaces/include/topic_interfaces/topic_interfaces/msg/detail/coord__struct.hpp
-- Up-to-date: /home/stoair/ros2CV/cv_ws/install/topic_interfaces/include/topic_interfaces/topic_interfaces/msg/detail/coord__traits.hpp
-- Up-to-date: /home/stoair/ros2CV/cv_ws/install/topic_interfaces/include/topic_interfaces/topic_interfaces
-- Up-to-date: /home/stoair/ros2CV/cv_ws/install/topic_interfaces/include/topic_interfaces/topic_interfaces/msg
-- Up-to-date: /home/stoair/ros2CV/cv_ws/install/topic_interfaces/include/topic_interfaces/topic_interfaces/msg/rosidl_typesupport_fastrtps_cpp__visibility_control.h
-- Up-to-date: /home/stoair/ros2CV/cv_ws/install/topic_interfaces/include/topic_interfaces/topic_interfaces/msg/detail
-- Up-to-date: /home/stoair/ros2CV/cv_ws/install/topic_interfaces/include/topic_interfaces/topic_interfaces/msg/detail/coord__rosidl_typesupport_fastrtps_cpp.hpp
-- Up-to-date: /home/stoair/ros2CV/cv_ws/install/topic_interfaces/include/topic_interfaces/topic_interfaces/msg/detail/dds_fastrtps
-- Up-to-date: /home/stoair/ros2CV/cv_ws/install/topic_interfaces/lib/libtopic_interfaces__rosidl_typesupport_fastrtps_cpp.so
-- Up-to-date: /home/stoair/ros2CV/cv_ws/install/topic_interfaces/include/topic_interfaces/topic_interfaces
-- Up-to-date: /home/stoair/ros2CV/cv_ws/install/topic_interfaces/include/topic_interfaces/topic_interfaces/msg
-- Up-to-date: /home/stoair/ros2CV/cv_ws/install/topic_interfaces/include/topic_interfaces/topic_interfaces/msg/detail
-- Up-to-date: /home/stoair/ros2CV/cv_ws/install/topic_interfaces/include/topic_interfaces/topic_interfaces/msg/detail/coord__rosidl_typesupport_introspection_cpp.hpp
-- Up-to-date: /home/stoair/ros2CV/cv_ws/install/topic_interfaces/include/topic_interfaces/topic_interfaces/msg/detail/coord__type_support.cpp
-- Up-to-date: /home/stoair/ros2CV/cv_ws/install/topic_interfaces/lib/libtopic_interfaces__rosidl_typesupport_introspection_cpp.so
-- Up-to-date: /home/stoair/ros2CV/cv_ws/install/topic_interfaces/lib/libtopic_interfaces__rosidl_typesupport_cpp.so
-- Up-to-date: /home/stoair/ros2CV/cv_ws/install/topic_interfaces/share/topic_interfaces/environment/pythonpath.sh
-- Up-to-date: /home/stoair/ros2CV/cv_ws/install/topic_interfaces/share/topic_interfaces/environment/pythonpath.dsv
-- Up-to-date: /home/stoair/ros2CV/cv_ws/install/topic_interfaces/lib/python3.11/site-packages/topic_interfaces-0.0.0-py3.11.egg-info
-- Installing: /home/stoair/ros2CV/cv_ws/install/topic_interfaces/lib/python3.11/site-packages/topic_interfaces-0.0.0-py3.11.egg-info/PKG-INFO
-- Installing: /home/stoair/ros2CV/cv_ws/install/topic_interfaces/lib/python3.11/site-packages/topic_interfaces-0.0.0-py3.11.egg-info/dependency_links.txt
-- Installing: /home/stoair/ros2CV/cv_ws/install/topic_interfaces/lib/python3.11/site-packages/topic_interfaces-0.0.0-py3.11.egg-info/top_level.txt
-- Installing: /home/stoair/ros2CV/cv_ws/install/topic_interfaces/lib/python3.11/site-packages/topic_interfaces-0.0.0-py3.11.egg-info/SOURCES.txt
-- Up-to-date: /home/stoair/ros2CV/cv_ws/install/topic_interfaces/lib/python3.11/site-packages/topic_interfaces
-- Up-to-date: /home/stoair/ros2CV/cv_ws/install/topic_interfaces/lib/python3.11/site-packages/topic_interfaces/__init__.py
-- Up-to-date: /home/stoair/ros2CV/cv_ws/install/topic_interfaces/lib/python3.11/site-packages/topic_interfaces/msg
-- Up-to-date: /home/stoair/ros2CV/cv_ws/install/topic_interfaces/lib/python3.11/site-packages/topic_interfaces/msg/_coord.py
-- Up-to-date: /home/stoair/ros2CV/cv_ws/install/topic_interfaces/lib/python3.11/site-packages/topic_interfaces/msg/_coord_s.c
-- Up-to-date: /home/stoair/ros2CV/cv_ws/install/topic_interfaces/lib/python3.11/site-packages/topic_interfaces/msg/__init__.py
-- Up-to-date: /home/stoair/ros2CV/cv_ws/install/topic_interfaces/lib/python3.11/site-packages/topic_interfaces/_topic_interfaces_s.ep.rosidl_typesupport_fastrtps_c.c
-- Up-to-date: /home/stoair/ros2CV/cv_ws/install/topic_interfaces/lib/python3.11/site-packages/topic_interfaces/_topic_interfaces_s.ep.rosidl_typesupport_introspection_c.c
-- Up-to-date: /home/stoair/ros2CV/cv_ws/install/topic_interfaces/lib/python3.11/site-packages/topic_interfaces/_topic_interfaces_s.ep.rosidl_typesupport_c.c
-- Up-to-date: /home/stoair/ros2CV/cv_ws/install/topic_interfaces/lib/python3.11/site-packages/topic_interfaces/libtopic_interfaces__rosidl_generator_py.so
-- Up-to-date: /home/stoair/ros2CV/cv_ws/install/topic_interfaces/lib/python3.11/site-packages/topic_interfaces/topic_interfaces_s__rosidl_typesupport_c.cpython-311-x86_64-linux-gnu.so
-- Up-to-date: /home/stoair/ros2CV/cv_ws/install/topic_interfaces/lib/python3.11/site-packages/topic_interfaces/topic_interfaces_s__rosidl_typesupport_fastrtps_c.cpython-311-x86_64-linux-gnu.so
-- Up-to-date: /home/stoair/ros2CV/cv_ws/install/topic_interfaces/lib/python3.11/site-packages/topic_interfaces/topic_interfaces_s__rosidl_typesupport_introspection_c.cpython-311-x86_64-linux-gnu.so
Listing '/home/stoair/ros2CV/cv_ws/install/topic_interfaces/lib/python3.11/site-packages/topic_interfaces'...
Listing '/home/stoair/ros2CV/cv_ws/install/topic_interfaces/lib/python3.11/site-packages/topic_interfaces/msg'...
-- Up-to-date: /home/stoair/ros2CV/cv_ws/install/topic_interfaces/lib/python3.11/site-packages/topic_interfaces/topic_interfaces_s__rosidl_typesupport_fastrtps_c.cpython-311-x86_64-linux-gnu.so
-- Up-to-date: /home/stoair/ros2CV/cv_ws/install/topic_interfaces/lib/python3.11/site-packages/topic_interfaces/topic_interfaces_s__rosidl_typesupport_introspection_c.cpython-311-x86_64-linux-gnu.so
-- Up-to-date: /home/stoair/ros2CV/cv_ws/install/topic_interfaces/lib/python3.11/site-packages/topic_interfaces/topic_interfaces_s__rosidl_typesupport_c.cpython-311-x86_64-linux-gnu.so
-- Up-to-date: /home/stoair/ros2CV/cv_ws/install/topic_interfaces/lib/libtopic_interfaces__rosidl_generator_py.so
-- Up-to-date: /home/stoair/ros2CV/cv_ws/install/topic_interfaces/share/topic_interfaces/msg/Coord.idl
-- Up-to-date: /home/stoair/ros2CV/cv_ws/install/topic_interfaces/share/topic_interfaces/msg/Coord.msg
-- Up-to-date: /home/stoair/ros2CV/cv_ws/install/topic_interfaces/share/ament_index/resource_index/package_run_dependencies/topic_interfaces
-- Up-to-date: /home/stoair/ros2CV/cv_ws/install/topic_interfaces/share/ament_index/resource_index/parent_prefix_path/topic_interfaces
-- Up-to-date: /home/stoair/ros2CV/cv_ws/install/topic_interfaces/share/topic_interfaces/environment/ament_prefix_path.sh
-- Up-to-date: /home/stoair/ros2CV/cv_ws/install/topic_interfaces/share/topic_interfaces/environment/ament_prefix_path.dsv
-- Up-to-date: /home/stoair/ros2CV/cv_ws/install/topic_interfaces/share/topic_interfaces/environment/path.sh
-- Up-to-date: /home/stoair/ros2CV/cv_ws/install/topic_interfaces/share/topic_interfaces/environment/path.dsv
-- Up-to-date: /home/stoair/ros2CV/cv_ws/install/topic_interfaces/share/topic_interfaces/local_setup.bash
-- Up-to-date: /home/stoair/ros2CV/cv_ws/install/topic_interfaces/share/topic_interfaces/local_setup.sh
-- Up-to-date: /home/stoair/ros2CV/cv_ws/install/topic_interfaces/share/topic_interfaces/local_setup.zsh
-- Up-to-date: /home/stoair/ros2CV/cv_ws/install/topic_interfaces/share/topic_interfaces/local_setup.dsv
-- Installing: /home/stoair/ros2CV/cv_ws/install/topic_interfaces/share/topic_interfaces/package.dsv
-- Up-to-date: /home/stoair/ros2CV/cv_ws/install/topic_interfaces/share/ament_index/resource_index/packages/topic_interfaces
-- Up-to-date: /home/stoair/ros2CV/cv_ws/install/topic_interfaces/share/topic_interfaces/cmake/export_topic_interfaces__rosidl_generator_cExport.cmake
-- Up-to-date: /home/stoair/ros2CV/cv_ws/install/topic_interfaces/share/topic_interfaces/cmake/export_topic_interfaces__rosidl_generator_cExport-noconfig.cmake
-- Up-to-date: /home/stoair/ros2CV/cv_ws/install/topic_interfaces/share/topic_interfaces/cmake/export_topic_interfaces__rosidl_typesupport_fastrtps_cExport.cmake
-- Up-to-date: /home/stoair/ros2CV/cv_ws/install/topic_interfaces/share/topic_interfaces/cmake/export_topic_interfaces__rosidl_typesupport_fastrtps_cExport-noconfig.cmake
-- Up-to-date: /home/stoair/ros2CV/cv_ws/install/topic_interfaces/share/topic_interfaces/cmake/topic_interfaces__rosidl_typesupport_introspection_cExport.cmake
-- Up-to-date: /home/stoair/ros2CV/cv_ws/install/topic_interfaces/share/topic_interfaces/cmake/topic_interfaces__rosidl_typesupport_introspection_cExport-noconfig.cmake
-- Up-to-date: /home/stoair/ros2CV/cv_ws/install/topic_interfaces/share/topic_interfaces/cmake/topic_interfaces__rosidl_typesupport_cExport.cmake
-- Up-to-date: /home/stoair/ros2CV/cv_ws/install/topic_interfaces/share/topic_interfaces/cmake/topic_interfaces__rosidl_typesupport_cExport-noconfig.cmake
-- Up-to-date: /home/stoair/ros2CV/cv_ws/install/topic_interfaces/share/topic_interfaces/cmake/export_topic_interfaces__rosidl_generator_cppExport.cmake
-- Up-to-date: /home/stoair/ros2CV/cv_ws/install/topic_interfaces/share/topic_interfaces/cmake/export_topic_interfaces__rosidl_typesupport_fastrtps_cppExport.cmake
-- Up-to-date: /home/stoair/ros2CV/cv_ws/install/topic_interfaces/share/topic_interfaces/cmake/export_topic_interfaces__rosidl_typesupport_fastrtps_cppExport-noconfig.cmake
-- Up-to-date: /home/stoair/ros2CV/cv_ws/install/topic_interfaces/share/topic_interfaces/cmake/topic_interfaces__rosidl_typesupport_introspection_cppExport.cmake
-- Up-to-date: /home/stoair/ros2CV/cv_ws/install/topic_interfaces/share/topic_interfaces/cmake/topic_interfaces__rosidl_typesupport_introspection_cppExport-noconfig.cmake
-- Up-to-date: /home/stoair/ros2CV/cv_ws/install/topic_interfaces/share/topic_interfaces/cmake/topic_interfaces__rosidl_typesupport_cppExport.cmake
-- Up-to-date: /home/stoair/ros2CV/cv_ws/install/topic_interfaces/share/topic_interfaces/cmake/topic_interfaces__rosidl_typesupport_cppExport-noconfig.cmake
-- Up-to-date: /home/stoair/ros2CV/cv_ws/install/topic_interfaces/share/topic_interfaces/cmake/export_topic_interfaces__rosidl_generator_pyExport.cmake
-- Up-to-date: /home/stoair/ros2CV/cv_ws/install/topic_interfaces/share/topic_interfaces/cmake/export_topic_interfaces__rosidl_generator_pyExport-noconfig.cmake
-- Up-to-date: /home/stoair/ros2CV/cv_ws/install/topic_interfaces/share/topic_interfaces/cmake/rosidl_cmake-extras.cmake
-- Up-to-date: /home/stoair/ros2CV/cv_ws/install/topic_interfaces/share/topic_interfaces/cmake/ament_cmake_export_include_directories-extras.cmake
-- Up-to-date: /home/stoair/ros2CV/cv_ws/install/topic_interfaces/share/topic_interfaces/cmake/ament_cmake_export_libraries-extras.cmake
-- Up-to-date: /home/stoair/ros2CV/cv_ws/install/topic_interfaces/share/topic_interfaces/cmake/ament_cmake_export_targets-extras.cmake
-- Up-to-date: /home/stoair/ros2CV/cv_ws/install/topic_interfaces/share/topic_interfaces/cmake/rosidl_cmake_export_typesupport_targets-extras.cmake
-- Up-to-date: /home/stoair/ros2CV/cv_ws/install/topic_interfaces/share/topic_interfaces/cmake/ament_cmake_export_dependencies-extras.cmake
-- Up-to-date: /home/stoair/ros2CV/cv_ws/install/topic_interfaces/share/topic_interfaces/cmake/rosidl_cmake_export_typesupport_libraries-extras.cmake
-- Up-to-date: /home/stoair/ros2CV/cv_ws/install/topic_interfaces/share/topic_interfaces/cmake/topic_interfacesConfig.cmake
-- Up-to-date: /home/stoair/ros2CV/cv_ws/install/topic_interfaces/share/topic_interfaces/cmake/topic_interfacesConfig-version.cmake
-- Up-to-date: /home/stoair/ros2CV/cv_ws/install/topic_interfaces/share/topic_interfaces/package.xml
