[0.008s] Invoking command in '/home/stoair/ros2CV/cv_ws/build/topic2': CMAKE_PREFIX_PATH=${CMAKE_PREFIX_PATH}:/home/stoair/dev_ws/install/learning_urdf:/home/stoair/dev_ws/install/learning_topic:/home/stoair/dev_ws/install/learning_tf:/home/stoair/dev_ws/install/learning_service:/home/stoair/dev_ws/install/learning_qos:/home/stoair/dev_ws/install/learning_pkg_python:/home/stoair/dev_ws/install/learning_parameter:/home/stoair/dev_ws/install/learning_node:/home/stoair/dev_ws/install/learning_launch:/home/stoair/dev_ws/install/learning_action:/home/stoair/dev_ws/install/learning_gazebo_fortress:/home/stoair/dev_ws/install/learning_gazebo:/home/stoair/dev_ws/install/learning_cv:/opt/ros/humble CONDA_PROMPT_MODIFIER=(base) /usr/bin/cmake --build /home/stoair/ros2CV/cv_ws/build/topic2 -- -j16 -l16
[0.047s] [35m[1mConsolidate compiler generated dependencies of target image_pub[0m
[0.057s] [ 57%] Built target image_sub
[0.064s] [ 71%] [32mBuilding CXX object CMakeFiles/image_pub.dir/src/image_pub.cpp.o[0m
[2.595s] [01m[K/home/stoair/ros2CV/cv_ws/src/topic2/src/image_pub.cpp:[m[K In member function ‘[01m[Kvoid imagePub::timer_callback()[m[K’:
[2.596s] [01m[K/home/stoair/ros2CV/cv_ws/src/topic2/src/image_pub.cpp:51:29:[m[K [01;31m[Kerror: [m[Kno match for ‘[01m[Koperator=[m[K’ (operand types are ‘[01m[Ksensor_msgs::msg::Image_<std::allocator<void> >::_data_type[m[K’ {aka ‘[01m[Kstd::vector<unsigned char>[m[K’} and ‘[01m[Kstd::string[m[K’ {aka ‘[01m[Kstd::__cxx11::basic_string<char>[m[K’})
[2.596s]    51 |             img_msg->data = [01;31m[Kbase64[m[K;
[2.596s]       |                             [01;31m[K^~~~~~[m[K
[2.596s] In file included from [01m[K/usr/include/c++/11/vector:72[m[K,
[2.596s]                  from [01m[K/usr/include/c++/11/functional:62[m[K,
[2.596s]                  from [01m[K/usr/include/eigen3/Eigen/Core:85[m[K,
[2.596s]                  from [01m[K/home/stoair/ros2CV/cv_ws/src/topic2/src/global.hpp:4[m[K,
[2.596s]                  from [01m[K/home/stoair/ros2CV/cv_ws/src/topic2/src/image_pub.cpp:1[m[K:
[2.596s] [01m[K/usr/include/c++/11/bits/vector.tcc:198:5:[m[K [01;36m[Knote: [m[Kcandidate: ‘[01m[Kstd::vector<_Tp, _Alloc>& std::vector<_Tp, _Alloc>::operator=(const std::vector<_Tp, _Alloc>&) [with _Tp = unsigned char; _Alloc = std::allocator<unsigned char>][m[K’
[2.596s]   198 |     [01;36m[Kvector<_Tp, _Alloc>[m[K::
[2.596s]       |     [01;36m[K^~~~~~~~~~~~~~~~~~~[m[K
[2.596s] [01m[K/usr/include/c++/11/bits/vector.tcc:199:42:[m[K [01;36m[Knote: [m[K  no known conversion for argument 1 from ‘[01m[Kstd::string[m[K’ {aka ‘[01m[Kstd::__cxx11::basic_string<char>[m[K’} to ‘[01m[Kconst std::vector<unsigned char>&[m[K’
[2.596s]   199 |     operator=([01;36m[Kconst vector<_Tp, _Alloc>& __x[m[K)
[2.596s]       |               [01;36m[K~~~~~~~~~~~~~~~~~~~~~~~~~~~^~~[m[K
[2.596s] In file included from [01m[K/usr/include/c++/11/vector:67[m[K,
[2.596s]                  from [01m[K/usr/include/c++/11/functional:62[m[K,
[2.596s]                  from [01m[K/usr/include/eigen3/Eigen/Core:85[m[K,
[2.596s]                  from [01m[K/home/stoair/ros2CV/cv_ws/src/topic2/src/global.hpp:4[m[K,
[2.596s]                  from [01m[K/home/stoair/ros2CV/cv_ws/src/topic2/src/image_pub.cpp:1[m[K:
[2.596s] [01m[K/usr/include/c++/11/bits/stl_vector.h:709:7:[m[K [01;36m[Knote: [m[Kcandidate: ‘[01m[Kstd::vector<_Tp, _Alloc>& std::vector<_Tp, _Alloc>::operator=(std::vector<_Tp, _Alloc>&&) [with _Tp = unsigned char; _Alloc = std::allocator<unsigned char>][m[K’
[2.596s]   709 |       [01;36m[Koperator[m[K=(vector&& __x) noexcept(_Alloc_traits::_S_nothrow_move())
[2.596s]       |       [01;36m[K^~~~~~~~[m[K
[2.596s] [01m[K/usr/include/c++/11/bits/stl_vector.h:709:26:[m[K [01;36m[Knote: [m[K  no known conversion for argument 1 from ‘[01m[Kstd::string[m[K’ {aka ‘[01m[Kstd::__cxx11::basic_string<char>[m[K’} to ‘[01m[Kstd::vector<unsigned char>&&[m[K’
[2.596s]   709 |       operator=([01;36m[Kvector&& __x[m[K) noexcept(_Alloc_traits::_S_nothrow_move())
[2.596s]       |                 [01;36m[K~~~~~~~~~^~~[m[K
[2.596s] [01m[K/usr/include/c++/11/bits/stl_vector.h:730:7:[m[K [01;36m[Knote: [m[Kcandidate: ‘[01m[Kstd::vector<_Tp, _Alloc>& std::vector<_Tp, _Alloc>::operator=(std::initializer_list<_Tp>) [with _Tp = unsigned char; _Alloc = std::allocator<unsigned char>][m[K’
[2.596s]   730 |       [01;36m[Koperator[m[K=(initializer_list<value_type> __l)
[2.596s]       |       [01;36m[K^~~~~~~~[m[K
[2.596s] [01m[K/usr/include/c++/11/bits/stl_vector.h:730:46:[m[K [01;36m[Knote: [m[K  no known conversion for argument 1 from ‘[01m[Kstd::string[m[K’ {aka ‘[01m[Kstd::__cxx11::basic_string<char>[m[K’} to ‘[01m[Kstd::initializer_list<unsigned char>[m[K’
[2.596s]   730 |       operator=([01;36m[Kinitializer_list<value_type> __l[m[K)
[2.596s]       |                 [01;36m[K~~~~~~~~~~~~~~~~~~~~~~~~~~~~~^~~[m[K
[4.196s] gmake[2]: *** [CMakeFiles/image_pub.dir/build.make:76：CMakeFiles/image_pub.dir/src/image_pub.cpp.o] 错误 1
[4.196s] gmake[1]: *** [CMakeFiles/Makefile2:139：CMakeFiles/image_pub.dir/all] 错误 2
[4.196s] gmake: *** [Makefile:146：all] 错误 2
[4.198s] Invoked command in '/home/stoair/ros2CV/cv_ws/build/topic2' returned '2': CMAKE_PREFIX_PATH=${CMAKE_PREFIX_PATH}:/home/stoair/dev_ws/install/learning_urdf:/home/stoair/dev_ws/install/learning_topic:/home/stoair/dev_ws/install/learning_tf:/home/stoair/dev_ws/install/learning_service:/home/stoair/dev_ws/install/learning_qos:/home/stoair/dev_ws/install/learning_pkg_python:/home/stoair/dev_ws/install/learning_parameter:/home/stoair/dev_ws/install/learning_node:/home/stoair/dev_ws/install/learning_launch:/home/stoair/dev_ws/install/learning_action:/home/stoair/dev_ws/install/learning_gazebo_fortress:/home/stoair/dev_ws/install/learning_gazebo:/home/stoair/dev_ws/install/learning_cv:/opt/ros/humble CONDA_PROMPT_MODIFIER=(base) /usr/bin/cmake --build /home/stoair/ros2CV/cv_ws/build/topic2 -- -j16 -l16
