[0.047s] DEBUG:colcon:Command line arguments: ['/usr/bin/colcon', 'build']
[0.047s] DEBUG:colcon:Parsed command line arguments: Namespace(log_base=None, log_level=None, verb_name='build', build_base='build', install_base='install', merge_install=False, symlink_install=False, test_result_base=None, continue_on_error=False, executor='sequential', event_handlers=None, base_paths=['.'], paths=None, cmake_args=None, cmake_target=None, cmake_target_skip_unavailable=False, cmake_clean_cache=False, cmake_clean_first=False, cmake_force_configure=False, ament_cmake_args=None, catkin_cmake_args=None, catkin_skip_building_tests=False, verb_parser=CustomArgumentParser(prog='colcon build', usage=None, description='Build a set of packages.', formatter_class=<class 'colcon_core.command.CustomFormatter'>, conflict_handler='error', add_help=True), verb_extension=<colcon_core.verb.build.BuildVerb object at 0x73a23c57c130>, main=<bound method BuildVerb.main of <colcon_core.verb.build.BuildVerb object at 0x73a23c57c130>>)
[0.157s] Level 1:colcon.colcon_core.package_discovery:discover_packages(recursive) check parameters
[0.157s] Level 1:colcon.colcon_core.package_discovery:discover_packages(path) check parameters
[0.157s] Level 1:colcon.colcon_core.package_discovery:discover_packages(recursive) discover
[0.157s] INFO:colcon.colcon_core.package_discovery:Crawling recursively for packages in '/home/stoair/ros2CV/cv_ws'
[0.157s] Level 1:colcon.colcon_core.package_identification:_identify(.) by extensions ['ignore', 'ignore_ament_install']
[0.157s] Level 1:colcon.colcon_core.package_identification:_identify(.) by extension 'ignore'
[0.158s] Level 1:colcon.colcon_core.package_identification:_identify(.) by extension 'ignore_ament_install'
[0.158s] Level 1:colcon.colcon_core.package_identification:_identify(.) by extensions ['ros']
[0.158s] Level 1:colcon.colcon_core.package_identification:_identify(.) by extension 'ros'
[0.174s] Level 1:colcon.colcon_core.package_identification:_identify(.) by extensions ['cmake', 'python']
[0.174s] Level 1:colcon.colcon_core.package_identification:_identify(.) by extension 'cmake'
[0.174s] Level 1:colcon.colcon_core.package_identification:_identify(.) by extension 'python'
[0.174s] Level 1:colcon.colcon_core.package_identification:_identify(.) by extensions ['python_setup_py']
[0.174s] Level 1:colcon.colcon_core.package_identification:_identify(.) by extension 'python_setup_py'
[0.174s] Level 1:colcon.colcon_core.package_identification:_identify(build) by extensions ['ignore', 'ignore_ament_install']
[0.174s] Level 1:colcon.colcon_core.package_identification:_identify(build) by extension 'ignore'
[0.174s] Level 1:colcon.colcon_core.package_identification:_identify(build) ignored
[0.174s] Level 1:colcon.colcon_core.package_identification:_identify(install) by extensions ['ignore', 'ignore_ament_install']
[0.174s] Level 1:colcon.colcon_core.package_identification:_identify(install) by extension 'ignore'
[0.174s] Level 1:colcon.colcon_core.package_identification:_identify(install) ignored
[0.174s] Level 1:colcon.colcon_core.package_identification:_identify(log) by extensions ['ignore', 'ignore_ament_install']
[0.174s] Level 1:colcon.colcon_core.package_identification:_identify(log) by extension 'ignore'
[0.174s] Level 1:colcon.colcon_core.package_identification:_identify(log) ignored
[0.174s] Level 1:colcon.colcon_core.package_identification:_identify(src) by extensions ['ignore', 'ignore_ament_install']
[0.175s] Level 1:colcon.colcon_core.package_identification:_identify(src) by extension 'ignore'
[0.175s] Level 1:colcon.colcon_core.package_identification:_identify(src) by extension 'ignore_ament_install'
[0.175s] Level 1:colcon.colcon_core.package_identification:_identify(src) by extensions ['ros']
[0.175s] Level 1:colcon.colcon_core.package_identification:_identify(src) by extension 'ros'
[0.175s] Level 1:colcon.colcon_core.package_identification:_identify(src) by extensions ['cmake', 'python']
[0.175s] Level 1:colcon.colcon_core.package_identification:_identify(src) by extension 'cmake'
[0.175s] Level 1:colcon.colcon_core.package_identification:_identify(src) by extension 'python'
[0.175s] Level 1:colcon.colcon_core.package_identification:_identify(src) by extensions ['python_setup_py']
[0.175s] Level 1:colcon.colcon_core.package_identification:_identify(src) by extension 'python_setup_py'
[0.175s] Level 1:colcon.colcon_core.package_identification:_identify(src/webcam_topic) by extensions ['ignore', 'ignore_ament_install']
[0.175s] Level 1:colcon.colcon_core.package_identification:_identify(src/webcam_topic) by extension 'ignore'
[0.175s] Level 1:colcon.colcon_core.package_identification:_identify(src/webcam_topic) by extension 'ignore_ament_install'
[0.175s] Level 1:colcon.colcon_core.package_identification:_identify(src/webcam_topic) by extensions ['ros']
[0.175s] Level 1:colcon.colcon_core.package_identification:_identify(src/webcam_topic) by extension 'ros'
[0.177s] DEBUG:colcon.colcon_core.package_identification:Package 'src/webcam_topic' with type 'ros.ament_cmake' and name 'webcam_topic'
[0.177s] Level 1:colcon.colcon_core.package_discovery:discover_packages(recursive) using defaults
[0.177s] Level 1:colcon.colcon_core.package_discovery:discover_packages(path) discover
[0.177s] Level 1:colcon.colcon_core.package_discovery:discover_packages(path) using defaults
[0.198s] Level 5:colcon.colcon_core.verb:set package 'webcam_topic' build argument 'cmake_args' from command line to 'None'
[0.198s] Level 5:colcon.colcon_core.verb:set package 'webcam_topic' build argument 'cmake_target' from command line to 'None'
[0.198s] Level 5:colcon.colcon_core.verb:set package 'webcam_topic' build argument 'cmake_target_skip_unavailable' from command line to 'False'
[0.198s] Level 5:colcon.colcon_core.verb:set package 'webcam_topic' build argument 'cmake_clean_cache' from command line to 'False'
[0.198s] Level 5:colcon.colcon_core.verb:set package 'webcam_topic' build argument 'cmake_clean_first' from command line to 'False'
[0.198s] Level 5:colcon.colcon_core.verb:set package 'webcam_topic' build argument 'cmake_force_configure' from command line to 'False'
[0.198s] Level 5:colcon.colcon_core.verb:set package 'webcam_topic' build argument 'ament_cmake_args' from command line to 'None'
[0.198s] Level 5:colcon.colcon_core.verb:set package 'webcam_topic' build argument 'catkin_cmake_args' from command line to 'None'
[0.198s] Level 5:colcon.colcon_core.verb:set package 'webcam_topic' build argument 'catkin_skip_building_tests' from command line to 'False'
[0.198s] DEBUG:colcon.colcon_core.verb:Building package 'webcam_topic' with the following arguments: {'ament_cmake_args': None, 'build_base': '/home/stoair/ros2CV/cv_ws/build/webcam_topic', 'catkin_cmake_args': None, 'catkin_skip_building_tests': False, 'cmake_args': None, 'cmake_clean_cache': False, 'cmake_clean_first': False, 'cmake_force_configure': False, 'cmake_target': None, 'cmake_target_skip_unavailable': False, 'install_base': '/home/stoair/ros2CV/cv_ws/install/webcam_topic', 'merge_install': False, 'path': '/home/stoair/ros2CV/cv_ws/src/webcam_topic', 'symlink_install': False, 'test_result_base': None}
[0.198s] INFO:colcon.colcon_core.executor:Executing jobs using 'sequential' executor
[0.199s] DEBUG:colcon.colcon_core.executor.sequential:run_until_complete 'webcam_topic'
[0.199s] INFO:colcon.colcon_ros.task.ament_cmake.build:Building ROS package in '/home/stoair/ros2CV/cv_ws/src/webcam_topic' with build type 'ament_cmake'
[0.199s] INFO:colcon.colcon_cmake.task.cmake.build:Building CMake package in '/home/stoair/ros2CV/cv_ws/src/webcam_topic'
[0.200s] INFO:colcon.colcon_core.plugin_system:Skipping extension 'colcon_core.shell.bat': Not used on non-Windows systems
[0.200s] DEBUG:colcon.colcon_core.shell:Skip shell extension 'dsv' for command environment
[0.206s] DEBUG:colcon.colcon_core.event_handler.log_command:Invoking command in '/home/stoair/ros2CV/cv_ws/build/webcam_topic': CMAKE_PREFIX_PATH=${CMAKE_PREFIX_PATH}:/home/stoair/dev_ws/install/learning_urdf:/home/stoair/dev_ws/install/learning_topic:/home/stoair/dev_ws/install/learning_tf:/home/stoair/dev_ws/install/learning_service:/home/stoair/dev_ws/install/learning_qos:/home/stoair/dev_ws/install/learning_pkg_python:/home/stoair/dev_ws/install/learning_parameter:/home/stoair/dev_ws/install/learning_node:/home/stoair/dev_ws/install/learning_launch:/home/stoair/dev_ws/install/learning_action:/home/stoair/dev_ws/install/learning_gazebo_fortress:/home/stoair/dev_ws/install/learning_gazebo:/home/stoair/dev_ws/install/learning_cv:/opt/ros/humble /usr/bin/cmake --build /home/stoair/ros2CV/cv_ws/build/webcam_topic -- -j16 -l16
[3.871s] DEBUG:colcon.colcon_core.event_handler.log_command:Invoked command in '/home/stoair/ros2CV/cv_ws/build/webcam_topic' returned '2': CMAKE_PREFIX_PATH=${CMAKE_PREFIX_PATH}:/home/stoair/dev_ws/install/learning_urdf:/home/stoair/dev_ws/install/learning_topic:/home/stoair/dev_ws/install/learning_tf:/home/stoair/dev_ws/install/learning_service:/home/stoair/dev_ws/install/learning_qos:/home/stoair/dev_ws/install/learning_pkg_python:/home/stoair/dev_ws/install/learning_parameter:/home/stoair/dev_ws/install/learning_node:/home/stoair/dev_ws/install/learning_launch:/home/stoair/dev_ws/install/learning_action:/home/stoair/dev_ws/install/learning_gazebo_fortress:/home/stoair/dev_ws/install/learning_gazebo:/home/stoair/dev_ws/install/learning_cv:/opt/ros/humble /usr/bin/cmake --build /home/stoair/ros2CV/cv_ws/build/webcam_topic -- -j16 -l16
[3.891s] Level 1:colcon.colcon_core.environment:create_environment_scripts_only(webcam_topic)
[3.893s] Level 1:colcon.colcon_core.environment:checking '/home/stoair/ros2CV/cv_ws/install/webcam_topic' for CMake module files
[3.893s] Level 1:colcon.colcon_core.environment:checking '/home/stoair/ros2CV/cv_ws/install/webcam_topic' for CMake config files
[3.893s] Level 1:colcon.colcon_core.shell:create_environment_hook('webcam_topic', 'cmake_prefix_path')
[3.893s] INFO:colcon.colcon_core.shell:Creating environment descriptor '/home/stoair/ros2CV/cv_ws/install/webcam_topic/share/webcam_topic/hook/cmake_prefix_path.dsv'
[3.894s] INFO:colcon.colcon_core.shell:Creating environment hook '/home/stoair/ros2CV/cv_ws/install/webcam_topic/share/webcam_topic/hook/cmake_prefix_path.sh'
[3.895s] Level 1:colcon.colcon_core.environment:checking '/home/stoair/ros2CV/cv_ws/install/webcam_topic/lib'
[3.895s] Level 1:colcon.colcon_core.environment:checking '/home/stoair/ros2CV/cv_ws/install/webcam_topic/bin'
[3.895s] Level 1:colcon.colcon_core.environment:checking '/home/stoair/ros2CV/cv_ws/install/webcam_topic/lib/pkgconfig/webcam_topic.pc'
[3.896s] Level 1:colcon.colcon_core.environment:checking '/home/stoair/ros2CV/cv_ws/install/webcam_topic/lib/python3.10/site-packages'
[3.896s] Level 1:colcon.colcon_core.environment:checking '/home/stoair/ros2CV/cv_ws/install/webcam_topic/bin'
[3.896s] INFO:colcon.colcon_core.shell:Creating package descriptor '/home/stoair/ros2CV/cv_ws/install/webcam_topic/share/webcam_topic/package.dsv'
[3.896s] INFO:colcon.colcon_core.shell:Creating package script '/home/stoair/ros2CV/cv_ws/install/webcam_topic/share/webcam_topic/package.sh'
[3.897s] Level 1:colcon.colcon_core.environment:create_file_with_runtime_dependencies(/home/stoair/ros2CV/cv_ws/install/webcam_topic/share/colcon-core/packages/webcam_topic)
[3.897s] DEBUG:colcon.colcon_core.executor.sequential:run_until_complete 'webcam_topic' finished with '2'
[3.897s] DEBUG:colcon.colcon_core.executor.sequential:closing loop
[3.897s] DEBUG:colcon.colcon_core.executor.sequential:loop closed
[3.897s] DEBUG:colcon.colcon_core.event_reactor:joining thread
[3.898s] DEBUG:colcon.colcon_core.event_reactor:joined thread
[3.898s] INFO:colcon.colcon_core.shell:Creating prefix script '/home/stoair/ros2CV/cv_ws/install/local_setup.sh'
[3.898s] INFO:colcon.colcon_core.shell:Creating prefix util module '/home/stoair/ros2CV/cv_ws/install/_local_setup_util_sh.py'
[3.899s] INFO:colcon.colcon_core.shell:Creating prefix chain script '/home/stoair/ros2CV/cv_ws/install/setup.sh'
