[01m[K/home/stoair/ros2CV/cv_ws/src/topic2/src/image_pub.cpp:[m[K In member function ‘[01m[Kvoid imagePub::timer_callback()[m[K’:
[01m[K/home/stoair/ros2CV/cv_ws/src/topic2/src/image_pub.cpp:52:96:[m[K [01;31m[Kerror: [m[Kno matching function for call to ‘[01m[Kcv_bridge::CvImage::toCompressedImageMsg(std::string)[m[K’
   52 |             sensor_msgs::msg::CompressedImage img_msg_compressed = [01;31m[Kimg_msg.toCompressedImageMsg(std::string("jpeg"))[m[K;
      |                                                                    [01;31m[K~~~~~~~~~~~~~~~~~~~~~~~~~~~~^~~~~~~~~~~~~~~~~~~~~[m[K
In file included from [01m[K/home/stoair/ros2CV/cv_ws/src/topic2/src/image_pub.cpp:7[m[K:
[01m[K/opt/ros/humble/include/cv_bridge/cv_bridge/cv_bridge.h:121:48:[m[K [01;36m[Knote: [m[Kcandidate: ‘[01m[Ksensor_msgs::msg::CompressedImage_<std::allocator<void> >::SharedPtr cv_bridge::CvImage::toCompressedImageMsg(cv_bridge::Format) const[m[K’
  121 |   sensor_msgs::msg::CompressedImage::SharedPtr [01;36m[KtoCompressedImageMsg[m[K(
      |                                                [01;36m[K^~~~~~~~~~~~~~~~~~~~[m[K
[01m[K/opt/ros/humble/include/cv_bridge/cv_bridge/cv_bridge.h:122:18:[m[K [01;36m[Knote: [m[K  no known conversion for argument 1 from ‘[01m[Kstd::string[m[K’ {aka ‘[01m[Kstd::__cxx11::basic_string<char>[m[K’} to ‘[01m[Kcv_bridge::Format[m[K’
  122 |     [01;36m[Kconst Format dst_format =[m[K
      |     [01;36m[K~~~~~~~~~~~~~^~~~~~~~~~~~[m[K
  123 | [01;36m[K    JPG[m[K) const;
      |     [01;36m[K~~~[m[K           
[01m[K/opt/ros/humble/include/cv_bridge/cv_bridge/cv_bridge.h:140:8:[m[K [01;36m[Knote: [m[Kcandidate: ‘[01m[Kvoid cv_bridge::CvImage::toCompressedImageMsg(sensor_msgs::msg::CompressedImage&, cv_bridge::Format) const[m[K’
  140 |   void [01;36m[KtoCompressedImageMsg[m[K(
      |        [01;36m[K^~~~~~~~~~~~~~~~~~~~[m[K
[01m[K/opt/ros/humble/include/cv_bridge/cv_bridge/cv_bridge.h:141:41:[m[K [01;36m[Knote: [m[K  no known conversion for argument 1 from ‘[01m[Kstd::string[m[K’ {aka ‘[01m[Kstd::__cxx11::basic_string<char>[m[K’} to ‘[01m[Ksensor_msgs::msg::CompressedImage&[m[K’ {aka ‘[01m[Ksensor_msgs::msg::CompressedImage_<std::allocator<void> >&[m[K’}
  141 |     [01;36m[Ksensor_msgs::msg::CompressedImage & ros_image[m[K,
      |     [01;36m[K~~~~~~~~~~~~~~~~~~~~~~~~~~~~~~~~~~~~^~~~~~~~~[m[K
gmake[2]: *** [CMakeFiles/image_pub.dir/build.make:76：CMakeFiles/image_pub.dir/src/image_pub.cpp.o] 错误 1
gmake[1]: *** [CMakeFiles/Makefile2:139：CMakeFiles/image_pub.dir/all] 错误 2
gmake: *** [Makefile:146：all] 错误 2
